--------------- Clean Started: 06/29/2016 08:06:43 Project: Dual-PSoC-DCO, Configuration: ARM GCC 4.9-2015-q1-update Debug ---------------
Deleting file ".\CortexM3\ARM_GCC_493\Debug\main.o"
Deleting file ".\CortexM3\ARM_GCC_493\Debug\cyfitter_cfg.o"
Deleting file ".\CortexM3\ARM_GCC_493\Debug\cymetadata.o"
Deleting file ".\CortexM3\ARM_GCC_493\Debug\Pin_1.o"
Deleting file ".\CortexM3\ARM_GCC_493\Debug\Cm3Start.o"
Deleting file ".\CortexM3\ARM_GCC_493\Debug\CyBootAsmGnu.o"
Deleting file ".\CortexM3\ARM_GCC_493\Debug\CyDmac.o"
Deleting file ".\CortexM3\ARM_GCC_493\Debug\CyFlash.o"
Deleting file ".\CortexM3\ARM_GCC_493\Debug\CyLib.o"
Deleting file ".\CortexM3\ARM_GCC_493\Debug\cyPm.o"
Deleting file ".\CortexM3\ARM_GCC_493\Debug\CySpc.o"
Deleting file ".\CortexM3\ARM_GCC_493\Debug\cyutils.o"
Deleting file ".\CortexM3\ARM_GCC_493\Debug\ADC_DelSig_1.o"
Deleting file ".\CortexM3\ARM_GCC_493\Debug\ADC_DelSig_1_PM.o"
Deleting file ".\CortexM3\ARM_GCC_493\Debug\ADC_DelSig_1_INT.o"
Deleting file ".\CortexM3\ARM_GCC_493\Debug\ADC_DelSig_1_Ext_CP_Clk.o"
Deleting file ".\CortexM3\ARM_GCC_493\Debug\ADC_DelSig_1_IRQ.o"
Deleting file ".\CortexM3\ARM_GCC_493\Debug\ADC_DelSig_1_theACLK.o"
Deleting file ".\CortexM3\ARM_GCC_493\Debug\Comp_2.o"
Deleting file ".\CortexM3\ARM_GCC_493\Debug\Comp_2_PM.o"
Deleting file ".\CortexM3\ARM_GCC_493\Debug\Comp_1.o"
Deleting file ".\CortexM3\ARM_GCC_493\Debug\Comp_1_PM.o"
Deleting file ".\CortexM3\ARM_GCC_493\Debug\OSC1_IDAC8.o"
Deleting file ".\CortexM3\ARM_GCC_493\Debug\OSC1_IDAC8_PM.o"
Deleting file ".\CortexM3\ARM_GCC_493\Debug\OSC1_Square_Out.o"
Deleting file ".\CortexM3\ARM_GCC_493\Debug\OSC1_Freq_Timer.o"
Deleting file ".\CortexM3\ARM_GCC_493\Debug\OSC1_Freq_Timer_PM.o"
Deleting file ".\CortexM3\ARM_GCC_493\Debug\OSC1_Tri_Out.o"
Deleting file ".\CortexM3\ARM_GCC_493\Debug\OSC1_PW_In.o"
Deleting file ".\CortexM3\ARM_GCC_493\Debug\OSC1_Pulse_Out.o"
Deleting file ".\CortexM3\ARM_GCC_493\Debug\OSC1_Comp.o"
Deleting file ".\CortexM3\ARM_GCC_493\Debug\OSC1_Comp_PM.o"
Deleting file ".\CortexM3\ARM_GCC_493\Debug\OSC1_Tri_Cap.o"
Deleting file ".\CortexM3\ARM_GCC_493\Debug\OSC1_Saw_Out.o"
Deleting file ".\CortexM3\ARM_GCC_493\Debug\USBMIDI_1.o"
Deleting file ".\CortexM3\ARM_GCC_493\Debug\USBMIDI_1_audio.o"
Deleting file ".\CortexM3\ARM_GCC_493\Debug\USBMIDI_1_boot.o"
Deleting file ".\CortexM3\ARM_GCC_493\Debug\USBMIDI_1_cdc.o"
Deleting file ".\CortexM3\ARM_GCC_493\Debug\USBMIDI_1_cls.o"
Deleting file ".\CortexM3\ARM_GCC_493\Debug\USBMIDI_1_descr.o"
Deleting file ".\CortexM3\ARM_GCC_493\Debug\USBMIDI_1_drv.o"
Deleting file ".\CortexM3\ARM_GCC_493\Debug\USBMIDI_1_episr.o"
Deleting file ".\CortexM3\ARM_GCC_493\Debug\USBMIDI_1_hid.o"
Deleting file ".\CortexM3\ARM_GCC_493\Debug\USBMIDI_1_pm.o"
Deleting file ".\CortexM3\ARM_GCC_493\Debug\USBMIDI_1_std.o"
Deleting file ".\CortexM3\ARM_GCC_493\Debug\USBMIDI_1_vnd.o"
Deleting file ".\CortexM3\ARM_GCC_493\Debug\USBMIDI_1_midi.o"
Deleting file ".\CortexM3\ARM_GCC_493\Debug\USBMIDI_1_msc.o"
Deleting file ".\CortexM3\ARM_GCC_493\Debug\USBMIDI_1_Dm.o"
Deleting file ".\CortexM3\ARM_GCC_493\Debug\USBMIDI_1_Dp.o"
Deleting file ".\CortexM3\ARM_GCC_493\Debug\OSC1_IDAC8_SAW.o"
Deleting file ".\CortexM3\ARM_GCC_493\Debug\OSC1_IDAC8_SAW_PM.o"
Deleting file ".\CortexM3\ARM_GCC_493\Debug\Clock_1.o"
Deleting file ".\CortexM3\ARM_GCC_493\Debug\OSC1_Saw_Out_Cap.o"
Deleting file ".\CortexM3\ARM_GCC_493\Debug\OSC1_Triangle_Follower.o"
Deleting file ".\CortexM3\ARM_GCC_493\Debug\OSC1_Triangle_Follower_PM.o"
Deleting file ".\CortexM3\ARM_GCC_493\Debug\OSC1_Saw_Follower.o"
Deleting file ".\CortexM3\ARM_GCC_493\Debug\OSC1_Saw_Follower_PM.o"
Deleting file ".\CortexM3\ARM_GCC_493\Debug\OSC1_Soft_Sync.o"
Deleting file ".\CortexM3\ARM_GCC_493\Debug\OSC1_Hard_Sync.o"
Deleting file ".\CortexM3\ARM_GCC_493\Debug\OSC1_Saw_Reset.o"
Deleting file ".\CortexM3\ARM_GCC_493\Debug\OSC1_Saw_Preset.o"
Deleting file ".\CortexM3\ARM_GCC_493\Debug\OSC1_FM_Input.o"
Deleting file ".\CortexM3\ARM_GCC_493\Debug\OSC2_FM_Input.o"
Deleting file ".\CortexM3\ARM_GCC_493\Debug\OSC2_IDAC8_1.o"
Deleting file ".\CortexM3\ARM_GCC_493\Debug\OSC2_IDAC8_1_PM.o"
Deleting file ".\CortexM3\ARM_GCC_493\Debug\OSC2_Freq_Timer_1.o"
Deleting file ".\CortexM3\ARM_GCC_493\Debug\OSC2_Freq_Timer_1_PM.o"
Deleting file ".\CortexM3\ARM_GCC_493\Debug\OSC2_Square_Out_1.o"
Deleting file ".\CortexM3\ARM_GCC_493\Debug\OSC2_Tri_Out_1.o"
Deleting file ".\CortexM3\ARM_GCC_493\Debug\OSC2_Triangle_Follower_1.o"
Deleting file ".\CortexM3\ARM_GCC_493\Debug\OSC2_Triangle_Follower_1_PM.o"
Deleting file ".\CortexM3\ARM_GCC_493\Debug\OSC2_Comp_1.o"
Deleting file ".\CortexM3\ARM_GCC_493\Debug\OSC2_Comp_1_PM.o"
Deleting file ".\CortexM3\ARM_GCC_493\Debug\OSC2_Pulse_Out_1.o"
Deleting file ".\CortexM3\ARM_GCC_493\Debug\OSC2_PW_In_1.o"
Deleting file ".\CortexM3\ARM_GCC_493\Debug\OSC2_Saw_Out_Cap_1.o"
Deleting file ".\CortexM3\ARM_GCC_493\Debug\OSC2_Tri_Cap_1.o"
Deleting file ".\CortexM3\ARM_GCC_493\Debug\OSC2_IDAC8_SAW_1.o"
Deleting file ".\CortexM3\ARM_GCC_493\Debug\OSC2_IDAC8_SAW_1_PM.o"
Deleting file ".\CortexM3\ARM_GCC_493\Debug\Clock_2.o"
Deleting file ".\CortexM3\ARM_GCC_493\Debug\OSC2_Saw_Reset_1.o"
Deleting file ".\CortexM3\ARM_GCC_493\Debug\OSC2_Saw_Follower_1.o"
Deleting file ".\CortexM3\ARM_GCC_493\Debug\OSC2_Saw_Follower_1_PM.o"
Deleting file ".\CortexM3\ARM_GCC_493\Debug\OSC2_Saw_Out_1.o"
Deleting file ".\CortexM3\ARM_GCC_493\Debug\OSC2_Hard_Sync_1.o"
Deleting file ".\CortexM3\ARM_GCC_493\Debug\OSC2_Soft_Sync_1.o"
Deleting file ".\CortexM3\ARM_GCC_493\Debug\OSC2_Saw_Preset_1.o"
Deleting file ".\CortexM3\ARM_GCC_493\Debug\OSC1_CV_IN.o"
Deleting file ".\CortexM3\ARM_GCC_493\Debug\Clock_3.o"
Deleting file ".\CortexM3\ARM_GCC_493\Debug\OSC1_Coarse.o"
Deleting file ".\CortexM3\ARM_GCC_493\Debug\OSC1_RANGE.o"
Deleting file ".\CortexM3\ARM_GCC_493\Debug\OSC1_Fine.o"
Deleting file ".\CortexM3\ARM_GCC_493\Debug\OSC1_ADC_SAR.o"
Deleting file ".\CortexM3\ARM_GCC_493\Debug\OSC1_ADC_SAR_PM.o"
Deleting file ".\CortexM3\ARM_GCC_493\Debug\OSC1_ADC_SAR_INT.o"
Deleting file ".\CortexM3\ARM_GCC_493\Debug\OSC1_ADC_SAR_SAR.o"
Deleting file ".\CortexM3\ARM_GCC_493\Debug\OSC1_ADC_SAR_SAR_INT.o"
Deleting file ".\CortexM3\ARM_GCC_493\Debug\OSC1_ADC_SAR_SAR_PM.o"
Deleting file ".\CortexM3\ARM_GCC_493\Debug\OSC1_ADC_SAR_IntClock.o"
Deleting file ".\CortexM3\ARM_GCC_493\Debug\OSC1_ADC_SAR_TempBuf_dma.o"
Deleting file ".\CortexM3\ARM_GCC_493\Debug\OSC1_ADC_SAR_FinalBuf_dma.o"
Deleting file ".\CortexM3\ARM_GCC_493\Debug\OSC1_ADC_SAR_IRQ.o"
Deleting file ".\CortexM3\ARM_GCC_493\Debug\OSC1_LFO_SW.o"
Deleting file ".\CortexM3\ARM_GCC_493\Debug\test_pin.o"
Deleting file ".\CortexM3\ARM_GCC_493\Debug\timer_clock.o"
Deleting file ".\CortexM3\ARM_GCC_493\Debug\OSC1_Tri_Reset.o"
Deleting file ".\CortexM3\ARM_GCC_493\Debug\OSC1_Tri_Preset.o"
Deleting file ".\CortexM3\ARM_GCC_493\Debug\OSC1_SIGNCHANGE_PositiveISR.o"
Deleting file ".\CortexM3\ARM_GCC_493\Debug\OSC1_SIGNCHANGE_NegativeISR.o"
Deleting file ".\CortexM3\ARM_GCC_493\Debug\Dual-PSoC-DCO.hex"
Deleting file ".\CortexM3\ARM_GCC_493\Debug\Dual-PSoC-DCO.elf"
Deleting file ".\CortexM3\ARM_GCC_493\Debug\Dual-PSoC-DCO.map"
Deleting file ".\Dual-PSoC-DCO.cycdx"
Deleting file ".\Dual-PSoC-DCO.svd"
Deleting file ".\Dual-PSoC-DCO.rpt"
Deleting file ".\Dual-PSoC-DCO_timing.html"
Deleting file ".\CortexM3\ARM_GCC_493\Debug\.deps\C_FILE.P"
Deleting file ".\CortexM3\ARM_GCC_493\Debug\.deps\ARM_C_FILE.P"
Deleting file ".\CortexM3\ARM_GCC_493\Debug\.deps\GNU_ARM_ASM_FILE.P"
--------------- Clean Succeeded: 06/29/2016 08:06:43 ---------------
