ARM GAS  C:\Users\214016~1\AppData\Local\Temp\ccQmW1Dn.s 			page 1


   1              		.syntax unified
   2              		.cpu cortex-m3
   3              		.fpu softvfp
   4              		.eabi_attribute 20, 1
   5              		.eabi_attribute 21, 1
   6              		.eabi_attribute 23, 3
   7              		.eabi_attribute 24, 1
   8              		.eabi_attribute 25, 1
   9              		.eabi_attribute 26, 1
  10              		.eabi_attribute 30, 1
  11              		.eabi_attribute 34, 1
  12              		.eabi_attribute 18, 4
  13              		.thumb
  14              		.file	"cymetadata.c"
  15              		.text
  16              	.Ltext0:
  17              		.cfi_sections	.debug_frame
  18              		.global	cy_metadata
  19              		.global	cy_meta_flashprotect
  20              		.global	cy_meta_wonvl
  21              		.global	cy_meta_custnvl
  22              		.global	cy_meta_configecc
  23              		.section	.cyconfigecc,"a",%progbits
  24              		.align	2
  25              		.type	cy_meta_configecc, %object
  26              		.size	cy_meta_configecc, 1784
  27              	cy_meta_configecc:
  28 0000 01       		.byte	1
  29 0001 45       		.byte	69
  30 0002 00       		.byte	0
  31 0003 40       		.byte	64
  32 0004 05       		.byte	5
  33 0005 52       		.byte	82
  34 0006 00       		.byte	0
  35 0007 40       		.byte	64
  36 0008 01       		.byte	1
  37 0009 5B       		.byte	91
  38 000a 00       		.byte	0
  39 000b 40       		.byte	64
  40 000c 02       		.byte	2
  41 000d 64       		.byte	100
  42 000e 00       		.byte	0
  43 000f 40       		.byte	64
  44 0010 02       		.byte	2
  45 0011 65       		.byte	101
  46 0012 00       		.byte	0
  47 0013 40       		.byte	64
  48 0014 01       		.byte	1
  49 0015 03       		.byte	3
  50 0016 01       		.byte	1
  51 0017 40       		.byte	64
  52 0018 6B       		.byte	107
  53 0019 04       		.byte	4
  54 001a 01       		.byte	1
  55 001b 40       		.byte	64
  56 001c 35       		.byte	53
  57 001d 05       		.byte	5
ARM GAS  C:\Users\214016~1\AppData\Local\Temp\ccQmW1Dn.s 			page 2


  58 001e 01       		.byte	1
  59 001f 40       		.byte	64
  60 0020 60       		.byte	96
  61 0021 06       		.byte	6
  62 0022 01       		.byte	1
  63 0023 40       		.byte	64
  64 0024 4A       		.byte	74
  65 0025 07       		.byte	7
  66 0026 01       		.byte	1
  67 0027 40       		.byte	64
  68 0028 02       		.byte	2
  69 0029 09       		.byte	9
  70 002a 01       		.byte	1
  71 002b 40       		.byte	64
  72 002c 02       		.byte	2
  73 002d 0B       		.byte	11
  74 002e 01       		.byte	1
  75 002f 40       		.byte	64
  76 0030 57       		.byte	87
  77 0031 14       		.byte	20
  78 0032 01       		.byte	1
  79 0033 40       		.byte	64
  80 0034 50       		.byte	80
  81 0035 15       		.byte	21
  82 0036 01       		.byte	1
  83 0037 40       		.byte	64
  84 0038 4F       		.byte	79
  85 0039 16       		.byte	22
  86 003a 01       		.byte	1
  87 003b 40       		.byte	64
  88 003c 4C       		.byte	76
  89 003d 17       		.byte	23
  90 003e 01       		.byte	1
  91 003f 40       		.byte	64
  92 0040 04       		.byte	4
  93 0041 18       		.byte	24
  94 0042 01       		.byte	1
  95 0043 40       		.byte	64
  96 0044 03       		.byte	3
  97 0045 19       		.byte	25
  98 0046 01       		.byte	1
  99 0047 40       		.byte	64
 100 0048 02       		.byte	2
 101 0049 1B       		.byte	27
 102 004a 01       		.byte	1
 103 004b 40       		.byte	64
 104 004c 07       		.byte	7
 105 004d 40       		.byte	64
 106 004e 01       		.byte	1
 107 004f 40       		.byte	64
 108 0050 09       		.byte	9
 109 0051 41       		.byte	65
 110 0052 01       		.byte	1
 111 0053 40       		.byte	64
 112 0054 04       		.byte	4
 113 0055 42       		.byte	66
 114 0056 01       		.byte	1
ARM GAS  C:\Users\214016~1\AppData\Local\Temp\ccQmW1Dn.s 			page 3


 115 0057 40       		.byte	64
 116 0058 09       		.byte	9
 117 0059 43       		.byte	67
 118 005a 01       		.byte	1
 119 005b 40       		.byte	64
 120 005c 07       		.byte	7
 121 005d 44       		.byte	68
 122 005e 01       		.byte	1
 123 005f 40       		.byte	64
 124 0060 05       		.byte	5
 125 0061 45       		.byte	69
 126 0062 01       		.byte	1
 127 0063 40       		.byte	64
 128 0064 0E       		.byte	14
 129 0065 46       		.byte	70
 130 0066 01       		.byte	1
 131 0067 40       		.byte	64
 132 0068 0C       		.byte	12
 133 0069 47       		.byte	71
 134 006a 01       		.byte	1
 135 006b 40       		.byte	64
 136 006c 10       		.byte	16
 137 006d 48       		.byte	72
 138 006e 01       		.byte	1
 139 006f 40       		.byte	64
 140 0070 10       		.byte	16
 141 0071 49       		.byte	73
 142 0072 01       		.byte	1
 143 0073 40       		.byte	64
 144 0074 0B       		.byte	11
 145 0075 4C       		.byte	76
 146 0076 01       		.byte	1
 147 0077 40       		.byte	64
 148 0078 04       		.byte	4
 149 0079 4D       		.byte	77
 150 007a 01       		.byte	1
 151 007b 40       		.byte	64
 152 007c 08       		.byte	8
 153 007d 50       		.byte	80
 154 007e 01       		.byte	1
 155 007f 40       		.byte	64
 156 0080 02       		.byte	2
 157 0081 51       		.byte	81
 158 0082 01       		.byte	1
 159 0083 40       		.byte	64
 160 0084 7E       		.byte	126
 161 0085 02       		.byte	2
 162 0086 09       		.byte	9
 163 0087 40       		.byte	64
 164 0088 18       		.byte	24
 165 0089 28       		.byte	40
 166 008a 19       		.byte	25
 167 008b 20       		.byte	32
 168 008c 78       		.byte	120
 169 008d 08       		.byte	8
 170 008e 7C       		.byte	124
 171 008f 41       		.byte	65
ARM GAS  C:\Users\214016~1\AppData\Local\Temp\ccQmW1Dn.s 			page 4


 172 0090 27       		.byte	39
 173 0091 84       		.byte	-124
 174 0092 85       		.byte	-123
 175 0093 0F       		.byte	15
 176 0094 86       		.byte	-122
 177 0095 72       		.byte	114
 178 0096 84       		.byte	-124
 179 0097 0F       		.byte	15
 180 0098 86       		.byte	-122
 181 0099 38       		.byte	56
 182 009a 84       		.byte	-124
 183 009b 80       		.byte	-128
 184 009c 00       		.byte	0
 185 009d 08       		.byte	8
 186 009e 02       		.byte	2
 187 009f 02       		.byte	2
 188 00a0 03       		.byte	3
 189 00a1 54       		.byte	84
 190 00a2 05       		.byte	5
 191 00a3 A8       		.byte	-88
 192 00a4 07       		.byte	7
 193 00a5 02       		.byte	2
 194 00a6 0C       		.byte	12
 195 00a7 06       		.byte	6
 196 00a8 0D       		.byte	13
 197 00a9 30       		.byte	48
 198 00aa 0E       		.byte	14
 199 00ab 01       		.byte	1
 200 00ac 0F       		.byte	15
 201 00ad CC       		.byte	-52
 202 00ae 12       		.byte	18
 203 00af 07       		.byte	7
 204 00b0 14       		.byte	20
 205 00b1 30       		.byte	48
 206 00b2 15       		.byte	21
 207 00b3 01       		.byte	1
 208 00b4 16       		.byte	22
 209 00b5 C0       		.byte	-64
 210 00b6 18       		.byte	24
 211 00b7 30       		.byte	48
 212 00b8 19       		.byte	25
 213 00b9 C0       		.byte	-64
 214 00ba 1A       		.byte	26
 215 00bb C9       		.byte	-55
 216 00bc 1B       		.byte	27
 217 00bd 30       		.byte	48
 218 00be 21       		.byte	33
 219 00bf C0       		.byte	-64
 220 00c0 23       		.byte	35
 221 00c1 0C       		.byte	12
 222 00c2 24       		.byte	36
 223 00c3 50       		.byte	80
 224 00c4 26       		.byte	38
 225 00c5 A6       		.byte	-90
 226 00c6 28       		.byte	40
 227 00c7 04       		.byte	4
 228 00c8 2A       		.byte	42
ARM GAS  C:\Users\214016~1\AppData\Local\Temp\ccQmW1Dn.s 			page 5


 229 00c9 08       		.byte	8
 230 00ca 2C       		.byte	44
 231 00cb 50       		.byte	80
 232 00cc 2E       		.byte	46
 233 00cd A0       		.byte	-96
 234 00ce 30       		.byte	48
 235 00cf F0       		.byte	-16
 236 00d0 31       		.byte	49
 237 00d1 0C       		.byte	12
 238 00d2 33       		.byte	51
 239 00d3 01       		.byte	1
 240 00d4 34       		.byte	52
 241 00d5 0F       		.byte	15
 242 00d6 35       		.byte	53
 243 00d7 F0       		.byte	-16
 244 00d8 37       		.byte	55
 245 00d9 02       		.byte	2
 246 00da 3A       		.byte	58
 247 00db 20       		.byte	32
 248 00dc 3E       		.byte	62
 249 00dd 01       		.byte	1
 250 00de 3F       		.byte	63
 251 00df 04       		.byte	4
 252 00e0 40       		.byte	64
 253 00e1 43       		.byte	67
 254 00e2 41       		.byte	65
 255 00e3 02       		.byte	2
 256 00e4 42       		.byte	66
 257 00e5 05       		.byte	5
 258 00e6 49       		.byte	73
 259 00e7 FF       		.byte	-1
 260 00e8 4A       		.byte	74
 261 00e9 FF       		.byte	-1
 262 00ea 4B       		.byte	75
 263 00eb FF       		.byte	-1
 264 00ec 4F       		.byte	79
 265 00ed 01       		.byte	1
 266 00ee 50       		.byte	80
 267 00ef 18       		.byte	24
 268 00f0 58       		.byte	88
 269 00f1 04       		.byte	4
 270 00f2 59       		.byte	89
 271 00f3 04       		.byte	4
 272 00f4 5A       		.byte	90
 273 00f5 04       		.byte	4
 274 00f6 5C       		.byte	92
 275 00f7 99       		.byte	-103
 276 00f8 5D       		.byte	93
 277 00f9 09       		.byte	9
 278 00fa 5F       		.byte	95
 279 00fb 01       		.byte	1
 280 00fc 60       		.byte	96
 281 00fd 40       		.byte	64
 282 00fe 62       		.byte	98
 283 00ff 40       		.byte	64
 284 0100 64       		.byte	100
 285 0101 40       		.byte	64
ARM GAS  C:\Users\214016~1\AppData\Local\Temp\ccQmW1Dn.s 			page 6


 286 0102 65       		.byte	101
 287 0103 40       		.byte	64
 288 0104 66       		.byte	102
 289 0105 80       		.byte	-128
 290 0106 68       		.byte	104
 291 0107 80       		.byte	-128
 292 0108 6A       		.byte	106
 293 0109 80       		.byte	-128
 294 010a 6C       		.byte	108
 295 010b 80       		.byte	-128
 296 010c 6E       		.byte	110
 297 010d 80       		.byte	-128
 298 010e 81       		.byte	-127
 299 010f 10       		.byte	16
 300 0110 85       		.byte	-123
 301 0111 59       		.byte	89
 302 0112 87       		.byte	-121
 303 0113 02       		.byte	2
 304 0114 89       		.byte	-119
 305 0115 18       		.byte	24
 306 0116 8D       		.byte	-115
 307 0117 59       		.byte	89
 308 0118 8F       		.byte	-113
 309 0119 04       		.byte	4
 310 011a 91       		.byte	-111
 311 011b 5F       		.byte	95
 312 011c 95       		.byte	-107
 313 011d 01       		.byte	1
 314 011e 96       		.byte	-106
 315 011f 01       		.byte	1
 316 0120 97       		.byte	-105
 317 0121 20       		.byte	32
 318 0122 9B       		.byte	-101
 319 0123 01       		.byte	1
 320 0124 A1       		.byte	-95
 321 0125 47       		.byte	71
 322 0126 A3       		.byte	-93
 323 0127 18       		.byte	24
 324 0128 A5       		.byte	-91
 325 0129 08       		.byte	8
 326 012a AB       		.byte	-85
 327 012b 06       		.byte	6
 328 012c B3       		.byte	-77
 329 012d 20       		.byte	32
 330 012e B5       		.byte	-75
 331 012f 40       		.byte	64
 332 0130 B6       		.byte	-74
 333 0131 01       		.byte	1
 334 0132 B7       		.byte	-73
 335 0133 1F       		.byte	31
 336 0134 BA       		.byte	-70
 337 0135 80       		.byte	-128
 338 0136 BB       		.byte	-69
 339 0137 80       		.byte	-128
 340 0138 BC       		.byte	-68
 341 0139 80       		.byte	-128
 342 013a BF       		.byte	-65
ARM GAS  C:\Users\214016~1\AppData\Local\Temp\ccQmW1Dn.s 			page 7


 343 013b 10       		.byte	16
 344 013c C0       		.byte	-64
 345 013d 43       		.byte	67
 346 013e C1       		.byte	-63
 347 013f 05       		.byte	5
 348 0140 C2       		.byte	-62
 349 0141 01       		.byte	1
 350 0142 C9       		.byte	-55
 351 0143 FF       		.byte	-1
 352 0144 CA       		.byte	-54
 353 0145 FF       		.byte	-1
 354 0146 CB       		.byte	-53
 355 0147 FF       		.byte	-1
 356 0148 CD       		.byte	-51
 357 0149 83       		.byte	-125
 358 014a CE       		.byte	-50
 359 014b 03       		.byte	3
 360 014c CF       		.byte	-49
 361 014d 01       		.byte	1
 362 014e D0       		.byte	-48
 363 014f 18       		.byte	24
 364 0150 D4       		.byte	-44
 365 0151 03       		.byte	3
 366 0152 D8       		.byte	-40
 367 0153 04       		.byte	4
 368 0154 D9       		.byte	-39
 369 0155 04       		.byte	4
 370 0156 DA       		.byte	-38
 371 0157 04       		.byte	4
 372 0158 DB       		.byte	-37
 373 0159 04       		.byte	4
 374 015a DC       		.byte	-36
 375 015b 29       		.byte	41
 376 015c DD       		.byte	-35
 377 015d 99       		.byte	-103
 378 015e DF       		.byte	-33
 379 015f 05       		.byte	5
 380 0160 E0       		.byte	-32
 381 0161 40       		.byte	64
 382 0162 E2       		.byte	-30
 383 0163 40       		.byte	64
 384 0164 E4       		.byte	-28
 385 0165 40       		.byte	64
 386 0166 E5       		.byte	-27
 387 0167 40       		.byte	64
 388 0168 E6       		.byte	-26
 389 0169 80       		.byte	-128
 390 016a E8       		.byte	-24
 391 016b 80       		.byte	-128
 392 016c EA       		.byte	-22
 393 016d 80       		.byte	-128
 394 016e EC       		.byte	-20
 395 016f 80       		.byte	-128
 396 0170 EE       		.byte	-18
 397 0171 80       		.byte	-128
 398 0172 00       		.byte	0
 399 0173 41       		.byte	65
ARM GAS  C:\Users\214016~1\AppData\Local\Temp\ccQmW1Dn.s 			page 8


 400 0174 08       		.byte	8
 401 0175 01       		.byte	1
 402 0176 0A       		.byte	10
 403 0177 24       		.byte	36
 404 0178 0B       		.byte	11
 405 0179 80       		.byte	-128
 406 017a 0E       		.byte	14
 407 017b 20       		.byte	32
 408 017c 11       		.byte	17
 409 017d 40       		.byte	64
 410 017e 12       		.byte	18
 411 017f 24       		.byte	36
 412 0180 18       		.byte	24
 413 0181 40       		.byte	64
 414 0182 19       		.byte	25
 415 0183 01       		.byte	1
 416 0184 1A       		.byte	26
 417 0185 04       		.byte	4
 418 0186 1E       		.byte	30
 419 0187 01       		.byte	1
 420 0188 20       		.byte	32
 421 0189 01       		.byte	1
 422 018a 21       		.byte	33
 423 018b 01       		.byte	1
 424 018c 22       		.byte	34
 425 018d 24       		.byte	36
 426 018e 25       		.byte	37
 427 018f 40       		.byte	64
 428 0190 27       		.byte	39
 429 0191 18       		.byte	24
 430 0192 29       		.byte	41
 431 0193 01       		.byte	1
 432 0194 2C       		.byte	44
 433 0195 88       		.byte	-120
 434 0196 2E       		.byte	46
 435 0197 08       		.byte	8
 436 0198 31       		.byte	49
 437 0199 08       		.byte	8
 438 019a 32       		.byte	50
 439 019b 20       		.byte	32
 440 019c 35       		.byte	53
 441 019d 0A       		.byte	10
 442 019e 37       		.byte	55
 443 019f 10       		.byte	16
 444 01a0 38       		.byte	56
 445 01a1 01       		.byte	1
 446 01a2 3A       		.byte	58
 447 01a3 04       		.byte	4
 448 01a4 3B       		.byte	59
 449 01a5 80       		.byte	-128
 450 01a6 3D       		.byte	61
 451 01a7 88       		.byte	-120
 452 01a8 3E       		.byte	62
 453 01a9 22       		.byte	34
 454 01aa 40       		.byte	64
 455 01ab 04       		.byte	4
 456 01ac 42       		.byte	66
ARM GAS  C:\Users\214016~1\AppData\Local\Temp\ccQmW1Dn.s 			page 9


 457 01ad 80       		.byte	-128
 458 01ae 43       		.byte	67
 459 01af 08       		.byte	8
 460 01b0 44       		.byte	68
 461 01b1 01       		.byte	1
 462 01b2 46       		.byte	70
 463 01b3 90       		.byte	-112
 464 01b4 4B       		.byte	75
 465 01b5 80       		.byte	-128
 466 01b6 4E       		.byte	78
 467 01b7 02       		.byte	2
 468 01b8 5D       		.byte	93
 469 01b9 21       		.byte	33
 470 01ba 5E       		.byte	94
 471 01bb 40       		.byte	64
 472 01bc 5F       		.byte	95
 473 01bd 04       		.byte	4
 474 01be 7C       		.byte	124
 475 01bf 04       		.byte	4
 476 01c0 80       		.byte	-128
 477 01c1 08       		.byte	8
 478 01c2 8A       		.byte	-118
 479 01c3 10       		.byte	16
 480 01c4 9C       		.byte	-100
 481 01c5 80       		.byte	-128
 482 01c6 C0       		.byte	-64
 483 01c7 09       		.byte	9
 484 01c8 C2       		.byte	-62
 485 01c9 2E       		.byte	46
 486 01ca C4       		.byte	-60
 487 01cb 07       		.byte	7
 488 01cc CA       		.byte	-54
 489 01cd E1       		.byte	-31
 490 01ce CC       		.byte	-52
 491 01cf E6       		.byte	-26
 492 01d0 CE       		.byte	-50
 493 01d1 FB       		.byte	-5
 494 01d2 D0       		.byte	-48
 495 01d3 D7       		.byte	-41
 496 01d4 D2       		.byte	-46
 497 01d5 18       		.byte	24
 498 01d6 D6       		.byte	-42
 499 01d7 F0       		.byte	-16
 500 01d8 DE       		.byte	-34
 501 01d9 40       		.byte	64
 502 01da E6       		.byte	-26
 503 01db 04       		.byte	4
 504 01dc 02       		.byte	2
 505 01dd 01       		.byte	1
 506 01de 03       		.byte	3
 507 01df 05       		.byte	5
 508 01e0 04       		.byte	4
 509 01e1 04       		.byte	4
 510 01e2 0E       		.byte	14
 511 01e3 04       		.byte	4
 512 01e4 15       		.byte	21
 513 01e5 0E       		.byte	14
ARM GAS  C:\Users\214016~1\AppData\Local\Temp\ccQmW1Dn.s 			page 10


 514 01e6 16       		.byte	22
 515 01e7 02       		.byte	2
 516 01e8 1B       		.byte	27
 517 01e9 05       		.byte	5
 518 01ea 1C       		.byte	28
 519 01eb 08       		.byte	8
 520 01ec 1D       		.byte	29
 521 01ed 02       		.byte	2
 522 01ee 1E       		.byte	30
 523 01ef 12       		.byte	18
 524 01f0 1F       		.byte	31
 525 01f1 10       		.byte	16
 526 01f2 22       		.byte	34
 527 01f3 20       		.byte	32
 528 01f4 23       		.byte	35
 529 01f5 0A       		.byte	10
 530 01f6 26       		.byte	38
 531 01f7 01       		.byte	1
 532 01f8 28       		.byte	40
 533 01f9 30       		.byte	48
 534 01fa 2A       		.byte	42
 535 01fb 08       		.byte	8
 536 01fc 2B       		.byte	43
 537 01fd 10       		.byte	16
 538 01fe 30       		.byte	48
 539 01ff 18       		.byte	24
 540 0200 32       		.byte	50
 541 0201 01       		.byte	1
 542 0202 33       		.byte	51
 543 0203 03       		.byte	3
 544 0204 34       		.byte	52
 545 0205 20       		.byte	32
 546 0206 35       		.byte	53
 547 0207 10       		.byte	16
 548 0208 36       		.byte	54
 549 0209 06       		.byte	6
 550 020a 37       		.byte	55
 551 020b 0C       		.byte	12
 552 020c 3E       		.byte	62
 553 020d 11       		.byte	17
 554 020e 3F       		.byte	63
 555 020f 10       		.byte	16
 556 0210 40       		.byte	64
 557 0211 53       		.byte	83
 558 0212 41       		.byte	65
 559 0213 04       		.byte	4
 560 0214 42       		.byte	66
 561 0215 01       		.byte	1
 562 0216 45       		.byte	69
 563 0217 EC       		.byte	-20
 564 0218 46       		.byte	70
 565 0219 20       		.byte	32
 566 021a 47       		.byte	71
 567 021b 02       		.byte	2
 568 021c 48       		.byte	72
 569 021d 1B       		.byte	27
 570 021e 49       		.byte	73
ARM GAS  C:\Users\214016~1\AppData\Local\Temp\ccQmW1Dn.s 			page 11


 571 021f FF       		.byte	-1
 572 0220 4A       		.byte	74
 573 0221 FF       		.byte	-1
 574 0222 4B       		.byte	75
 575 0223 FF       		.byte	-1
 576 0224 4D       		.byte	77
 577 0225 83       		.byte	-125
 578 0226 4E       		.byte	78
 579 0227 03       		.byte	3
 580 0228 4F       		.byte	79
 581 0229 01       		.byte	1
 582 022a 50       		.byte	80
 583 022b 18       		.byte	24
 584 022c 56       		.byte	86
 585 022d 02       		.byte	2
 586 022e 57       		.byte	87
 587 022f 12       		.byte	18
 588 0230 58       		.byte	88
 589 0231 04       		.byte	4
 590 0232 59       		.byte	89
 591 0233 04       		.byte	4
 592 0234 5A       		.byte	90
 593 0235 04       		.byte	4
 594 0236 5B       		.byte	91
 595 0237 04       		.byte	4
 596 0238 5C       		.byte	92
 597 0239 39       		.byte	57
 598 023a 5D       		.byte	93
 599 023b 29       		.byte	41
 600 023c 5F       		.byte	95
 601 023d 01       		.byte	1
 602 023e 60       		.byte	96
 603 023f 40       		.byte	64
 604 0240 62       		.byte	98
 605 0241 40       		.byte	64
 606 0242 64       		.byte	100
 607 0243 40       		.byte	64
 608 0244 65       		.byte	101
 609 0245 40       		.byte	64
 610 0246 66       		.byte	102
 611 0247 80       		.byte	-128
 612 0248 68       		.byte	104
 613 0249 80       		.byte	-128
 614 024a 6A       		.byte	106
 615 024b 80       		.byte	-128
 616 024c 6C       		.byte	108
 617 024d 80       		.byte	-128
 618 024e 6E       		.byte	110
 619 024f 80       		.byte	-128
 620 0250 81       		.byte	-127
 621 0251 01       		.byte	1
 622 0252 86       		.byte	-122
 623 0253 01       		.byte	1
 624 0254 87       		.byte	-121
 625 0255 01       		.byte	1
 626 0256 8A       		.byte	-118
 627 0257 01       		.byte	1
ARM GAS  C:\Users\214016~1\AppData\Local\Temp\ccQmW1Dn.s 			page 12


 628 0258 8E       		.byte	-114
 629 0259 02       		.byte	2
 630 025a B1       		.byte	-79
 631 025b 01       		.byte	1
 632 025c B2       		.byte	-78
 633 025d 03       		.byte	3
 634 025e B5       		.byte	-75
 635 025f 01       		.byte	1
 636 0260 BE       		.byte	-66
 637 0261 04       		.byte	4
 638 0262 BF       		.byte	-65
 639 0263 11       		.byte	17
 640 0264 C0       		.byte	-64
 641 0265 16       		.byte	22
 642 0266 C1       		.byte	-63
 643 0267 04       		.byte	4
 644 0268 C2       		.byte	-62
 645 0269 05       		.byte	5
 646 026a C4       		.byte	-60
 647 026b 03       		.byte	3
 648 026c C6       		.byte	-58
 649 026d 0C       		.byte	12
 650 026e C7       		.byte	-57
 651 026f E0       		.byte	-32
 652 0270 C8       		.byte	-56
 653 0271 24       		.byte	36
 654 0272 C9       		.byte	-55
 655 0273 FF       		.byte	-1
 656 0274 CA       		.byte	-54
 657 0275 FF       		.byte	-1
 658 0276 CB       		.byte	-53
 659 0277 FF       		.byte	-1
 660 0278 CC       		.byte	-52
 661 0279 62       		.byte	98
 662 027a CD       		.byte	-51
 663 027b A0       		.byte	-96
 664 027c CE       		.byte	-50
 665 027d F0       		.byte	-16
 666 027e CF       		.byte	-49
 667 027f 41       		.byte	65
 668 0280 D0       		.byte	-48
 669 0281 0C       		.byte	12
 670 0282 D8       		.byte	-40
 671 0283 04       		.byte	4
 672 0284 D9       		.byte	-39
 673 0285 04       		.byte	4
 674 0286 DA       		.byte	-38
 675 0287 04       		.byte	4
 676 0288 DD       		.byte	-35
 677 0289 02       		.byte	2
 678 028a DF       		.byte	-33
 679 028b 01       		.byte	1
 680 028c E6       		.byte	-26
 681 028d 40       		.byte	64
 682 028e E7       		.byte	-25
 683 028f 02       		.byte	2
 684 0290 E9       		.byte	-23
ARM GAS  C:\Users\214016~1\AppData\Local\Temp\ccQmW1Dn.s 			page 13


 685 0291 10       		.byte	16
 686 0292 EA       		.byte	-22
 687 0293 30       		.byte	48
 688 0294 EB       		.byte	-21
 689 0295 10       		.byte	16
 690 0296 ED       		.byte	-19
 691 0297 10       		.byte	16
 692 0298 EE       		.byte	-18
 693 0299 10       		.byte	16
 694 029a EF       		.byte	-17
 695 029b 12       		.byte	18
 696 029c 01       		.byte	1
 697 029d 08       		.byte	8
 698 029e 03       		.byte	3
 699 029f 05       		.byte	5
 700 02a0 05       		.byte	5
 701 02a1 40       		.byte	64
 702 02a2 06       		.byte	6
 703 02a3 80       		.byte	-128
 704 02a4 07       		.byte	7
 705 02a5 20       		.byte	32
 706 02a6 0E       		.byte	14
 707 02a7 21       		.byte	33
 708 02a8 14       		.byte	20
 709 02a9 4C       		.byte	76
 710 02aa 16       		.byte	22
 711 02ab 10       		.byte	16
 712 02ac 18       		.byte	24
 713 02ad 10       		.byte	16
 714 02ae 1D       		.byte	29
 715 02af 40       		.byte	64
 716 02b0 1E       		.byte	30
 717 02b1 20       		.byte	32
 718 02b2 1F       		.byte	31
 719 02b3 A2       		.byte	-94
 720 02b4 20       		.byte	32
 721 02b5 04       		.byte	4
 722 02b6 21       		.byte	33
 723 02b7 02       		.byte	2
 724 02b8 22       		.byte	34
 725 02b9 02       		.byte	2
 726 02ba 24       		.byte	36
 727 02bb 08       		.byte	8
 728 02bc 26       		.byte	38
 729 02bd 88       		.byte	-120
 730 02be 27       		.byte	39
 731 02bf 20       		.byte	32
 732 02c0 2C       		.byte	44
 733 02c1 04       		.byte	4
 734 02c2 2F       		.byte	47
 735 02c3 80       		.byte	-128
 736 02c4 30       		.byte	48
 737 02c5 80       		.byte	-128
 738 02c6 33       		.byte	51
 739 02c7 40       		.byte	64
 740 02c8 34       		.byte	52
 741 02c9 40       		.byte	64
ARM GAS  C:\Users\214016~1\AppData\Local\Temp\ccQmW1Dn.s 			page 14


 742 02ca 36       		.byte	54
 743 02cb 98       		.byte	-104
 744 02cc 38       		.byte	56
 745 02cd 01       		.byte	1
 746 02ce 3A       		.byte	58
 747 02cf 04       		.byte	4
 748 02d0 3E       		.byte	62
 749 02d1 01       		.byte	1
 750 02d2 40       		.byte	64
 751 02d3 50       		.byte	80
 752 02d4 43       		.byte	67
 753 02d5 40       		.byte	64
 754 02d6 45       		.byte	69
 755 02d7 82       		.byte	-126
 756 02d8 46       		.byte	70
 757 02d9 10       		.byte	16
 758 02da 48       		.byte	72
 759 02db 0C       		.byte	12
 760 02dc 4A       		.byte	74
 761 02dd 01       		.byte	1
 762 02de 4D       		.byte	77
 763 02df 01       		.byte	1
 764 02e0 4F       		.byte	79
 765 02e1 44       		.byte	68
 766 02e2 50       		.byte	80
 767 02e3 02       		.byte	2
 768 02e4 51       		.byte	81
 769 02e5 40       		.byte	64
 770 02e6 56       		.byte	86
 771 02e7 10       		.byte	16
 772 02e8 57       		.byte	87
 773 02e9 08       		.byte	8
 774 02ea 5F       		.byte	95
 775 02eb 08       		.byte	8
 776 02ec 6C       		.byte	108
 777 02ed 01       		.byte	1
 778 02ee 6E       		.byte	110
 779 02ef 10       		.byte	16
 780 02f0 6F       		.byte	111
 781 02f1 10       		.byte	16
 782 02f2 76       		.byte	118
 783 02f3 2A       		.byte	42
 784 02f4 82       		.byte	-126
 785 02f5 04       		.byte	4
 786 02f6 86       		.byte	-122
 787 02f7 01       		.byte	1
 788 02f8 90       		.byte	-112
 789 02f9 01       		.byte	1
 790 02fa 92       		.byte	-110
 791 02fb 09       		.byte	9
 792 02fc 94       		.byte	-108
 793 02fd 04       		.byte	4
 794 02fe 95       		.byte	-107
 795 02ff 41       		.byte	65
 796 0300 96       		.byte	-106
 797 0301 60       		.byte	96
 798 0302 97       		.byte	-105
ARM GAS  C:\Users\214016~1\AppData\Local\Temp\ccQmW1Dn.s 			page 15


 799 0303 84       		.byte	-124
 800 0304 98       		.byte	-104
 801 0305 08       		.byte	8
 802 0306 9B       		.byte	-101
 803 0307 08       		.byte	8
 804 0308 9C       		.byte	-100
 805 0309 80       		.byte	-128
 806 030a 9D       		.byte	-99
 807 030b 0A       		.byte	10
 808 030c 9E       		.byte	-98
 809 030d BE       		.byte	-66
 810 030e A1       		.byte	-95
 811 030f 40       		.byte	64
 812 0310 A4       		.byte	-92
 813 0311 88       		.byte	-120
 814 0312 A5       		.byte	-91
 815 0313 0C       		.byte	12
 816 0314 A6       		.byte	-90
 817 0315 12       		.byte	18
 818 0316 A7       		.byte	-89
 819 0317 08       		.byte	8
 820 0318 AD       		.byte	-83
 821 0319 21       		.byte	33
 822 031a C0       		.byte	-64
 823 031b B7       		.byte	-73
 824 031c C2       		.byte	-62
 825 031d A0       		.byte	-96
 826 031e C4       		.byte	-60
 827 031f 70       		.byte	112
 828 0320 CA       		.byte	-54
 829 0321 A0       		.byte	-96
 830 0322 CC       		.byte	-52
 831 0323 70       		.byte	112
 832 0324 CE       		.byte	-50
 833 0325 83       		.byte	-125
 834 0326 D0       		.byte	-48
 835 0327 DB       		.byte	-37
 836 0328 D2       		.byte	-46
 837 0329 1C       		.byte	28
 838 032a D6       		.byte	-42
 839 032b 40       		.byte	64
 840 032c E2       		.byte	-30
 841 032d 05       		.byte	5
 842 032e EE       		.byte	-18
 843 032f 01       		.byte	1
 844 0330 E2       		.byte	-30
 845 0331 05       		.byte	5
 846 0332 EE       		.byte	-18
 847 0333 01       		.byte	1
 848 0334 E0       		.byte	-32
 849 0335 80       		.byte	-128
 850 0336 E6       		.byte	-26
 851 0337 04       		.byte	4
 852 0338 00       		.byte	0
 853 0339 04       		.byte	4
 854 033a 02       		.byte	2
 855 033b A3       		.byte	-93
ARM GAS  C:\Users\214016~1\AppData\Local\Temp\ccQmW1Dn.s 			page 16


 856 033c 04       		.byte	4
 857 033d 0A       		.byte	10
 858 033e 05       		.byte	5
 859 033f 80       		.byte	-128
 860 0340 06       		.byte	6
 861 0341 C4       		.byte	-60
 862 0342 07       		.byte	7
 863 0343 15       		.byte	21
 864 0344 08       		.byte	8
 865 0345 04       		.byte	4
 866 0346 0A       		.byte	10
 867 0347 40       		.byte	64
 868 0348 0B       		.byte	11
 869 0349 08       		.byte	8
 870 034a 0C       		.byte	12
 871 034b 03       		.byte	3
 872 034c 0D       		.byte	13
 873 034d 03       		.byte	3
 874 034e 0E       		.byte	14
 875 034f 6C       		.byte	108
 876 0350 0F       		.byte	15
 877 0351 04       		.byte	4
 878 0352 12       		.byte	18
 879 0353 18       		.byte	24
 880 0354 15       		.byte	21
 881 0355 2A       		.byte	42
 882 0356 16       		.byte	22
 883 0357 20       		.byte	32
 884 0358 17       		.byte	23
 885 0359 44       		.byte	68
 886 035a 1D       		.byte	29
 887 035b 73       		.byte	115
 888 035c 1F       		.byte	31
 889 035d 0C       		.byte	12
 890 035e 24       		.byte	36
 891 035f 05       		.byte	5
 892 0360 28       		.byte	40
 893 0361 C7       		.byte	-57
 894 0362 2A       		.byte	42
 895 0363 30       		.byte	48
 896 0364 2D       		.byte	45
 897 0365 73       		.byte	115
 898 0366 2F       		.byte	47
 899 0367 04       		.byte	4
 900 0368 30       		.byte	48
 901 0369 1F       		.byte	31
 902 036a 33       		.byte	51
 903 036b 30       		.byte	48
 904 036c 35       		.byte	53
 905 036d C0       		.byte	-64
 906 036e 36       		.byte	54
 907 036f E0       		.byte	-32
 908 0370 37       		.byte	55
 909 0371 0F       		.byte	15
 910 0372 39       		.byte	57
 911 0373 28       		.byte	40
 912 0374 3A       		.byte	58
ARM GAS  C:\Users\214016~1\AppData\Local\Temp\ccQmW1Dn.s 			page 17


 913 0375 80       		.byte	-128
 914 0376 3B       		.byte	59
 915 0377 80       		.byte	-128
 916 0378 3F       		.byte	63
 917 0379 04       		.byte	4
 918 037a 40       		.byte	64
 919 037b 03       		.byte	3
 920 037c 45       		.byte	69
 921 037d 04       		.byte	4
 922 037e 49       		.byte	73
 923 037f FF       		.byte	-1
 924 0380 4A       		.byte	74
 925 0381 07       		.byte	7
 926 0382 4B       		.byte	75
 927 0383 FF       		.byte	-1
 928 0384 4C       		.byte	76
 929 0385 40       		.byte	64
 930 0386 4D       		.byte	77
 931 0387 20       		.byte	32
 932 0388 4E       		.byte	78
 933 0389 F0       		.byte	-16
 934 038a 4F       		.byte	79
 935 038b 05       		.byte	5
 936 038c 50       		.byte	80
 937 038d 08       		.byte	8
 938 038e 54       		.byte	84
 939 038f 01       		.byte	1
 940 0390 56       		.byte	86
 941 0391 04       		.byte	4
 942 0392 58       		.byte	88
 943 0393 04       		.byte	4
 944 0394 59       		.byte	89
 945 0395 04       		.byte	4
 946 0396 5A       		.byte	90
 947 0397 04       		.byte	4
 948 0398 5B       		.byte	91
 949 0399 04       		.byte	4
 950 039a 5C       		.byte	92
 951 039b 22       		.byte	34
 952 039c 5D       		.byte	93
 953 039d 22       		.byte	34
 954 039e 5F       		.byte	95
 955 039f 01       		.byte	1
 956 03a0 60       		.byte	96
 957 03a1 40       		.byte	64
 958 03a2 61       		.byte	97
 959 03a3 A8       		.byte	-88
 960 03a4 62       		.byte	98
 961 03a5 40       		.byte	64
 962 03a6 63       		.byte	99
 963 03a7 20       		.byte	32
 964 03a8 81       		.byte	-127
 965 03a9 08       		.byte	8
 966 03aa 82       		.byte	-126
 967 03ab 05       		.byte	5
 968 03ac 85       		.byte	-123
 969 03ad 04       		.byte	4
ARM GAS  C:\Users\214016~1\AppData\Local\Temp\ccQmW1Dn.s 			page 18


 970 03ae 8B       		.byte	-117
 971 03af F3       		.byte	-13
 972 03b0 8D       		.byte	-115
 973 03b1 8C       		.byte	-116
 974 03b2 8F       		.byte	-113
 975 03b3 73       		.byte	115
 976 03b4 91       		.byte	-111
 977 03b5 33       		.byte	51
 978 03b6 94       		.byte	-108
 979 03b7 01       		.byte	1
 980 03b8 95       		.byte	-107
 981 03b9 22       		.byte	34
 982 03ba 99       		.byte	-103
 983 03bb 0F       		.byte	15
 984 03bc 9B       		.byte	-101
 985 03bd F0       		.byte	-16
 986 03be A1       		.byte	-95
 987 03bf FF       		.byte	-1
 988 03c0 A5       		.byte	-91
 989 03c1 11       		.byte	17
 990 03c2 A6       		.byte	-90
 991 03c3 04       		.byte	4
 992 03c4 A9       		.byte	-87
 993 03c5 0C       		.byte	12
 994 03c6 AD       		.byte	-83
 995 03c7 F3       		.byte	-13
 996 03c8 AE       		.byte	-82
 997 03c9 03       		.byte	3
 998 03ca AF       		.byte	-81
 999 03cb 0C       		.byte	12
 1000 03cc B0       		.byte	-80
 1001 03cd 04       		.byte	4
 1002 03ce B1       		.byte	-79
 1003 03cf 8C       		.byte	-116
 1004 03d0 B2       		.byte	-78
 1005 03d1 02       		.byte	2
 1006 03d2 B3       		.byte	-77
 1007 03d3 4C       		.byte	76
 1008 03d4 B5       		.byte	-75
 1009 03d5 0F       		.byte	15
 1010 03d6 B6       		.byte	-74
 1011 03d7 01       		.byte	1
 1012 03d8 B7       		.byte	-73
 1013 03d9 30       		.byte	48
 1014 03da BB       		.byte	-69
 1015 03db 28       		.byte	40
 1016 03dc BE       		.byte	-66
 1017 03dd 41       		.byte	65
 1018 03de D8       		.byte	-40
 1019 03df 04       		.byte	4
 1020 03e0 D9       		.byte	-39
 1021 03e1 04       		.byte	4
 1022 03e2 DC       		.byte	-36
 1023 03e3 29       		.byte	41
 1024 03e4 DF       		.byte	-33
 1025 03e5 01       		.byte	1
 1026 03e6 00       		.byte	0
ARM GAS  C:\Users\214016~1\AppData\Local\Temp\ccQmW1Dn.s 			page 19


 1027 03e7 24       		.byte	36
 1028 03e8 01       		.byte	1
 1029 03e9 80       		.byte	-128
 1030 03ea 02       		.byte	2
 1031 03eb 80       		.byte	-128
 1032 03ec 06       		.byte	6
 1033 03ed 80       		.byte	-128
 1034 03ee 09       		.byte	9
 1035 03ef 08       		.byte	8
 1036 03f0 0A       		.byte	10
 1037 03f1 80       		.byte	-128
 1038 03f2 0E       		.byte	14
 1039 03f3 20       		.byte	32
 1040 03f4 10       		.byte	16
 1041 03f5 20       		.byte	32
 1042 03f6 12       		.byte	18
 1043 03f7 08       		.byte	8
 1044 03f8 14       		.byte	20
 1045 03f9 02       		.byte	2
 1046 03fa 16       		.byte	22
 1047 03fb 10       		.byte	16
 1048 03fc 19       		.byte	25
 1049 03fd 80       		.byte	-128
 1050 03fe 1A       		.byte	26
 1051 03ff 80       		.byte	-128
 1052 0400 1D       		.byte	29
 1053 0401 80       		.byte	-128
 1054 0402 1E       		.byte	30
 1055 0403 60       		.byte	96
 1056 0404 1F       		.byte	31
 1057 0405 40       		.byte	64
 1058 0406 20       		.byte	32
 1059 0407 04       		.byte	4
 1060 0408 21       		.byte	33
 1061 0409 14       		.byte	20
 1062 040a 22       		.byte	34
 1063 040b 80       		.byte	-128
 1064 040c 25       		.byte	37
 1065 040d 34       		.byte	52
 1066 040e 26       		.byte	38
 1067 040f 01       		.byte	1
 1068 0410 27       		.byte	39
 1069 0411 12       		.byte	18
 1070 0412 29       		.byte	41
 1071 0413 80       		.byte	-128
 1072 0414 2D       		.byte	45
 1073 0415 0A       		.byte	10
 1074 0416 2E       		.byte	46
 1075 0417 20       		.byte	32
 1076 0418 2F       		.byte	47
 1077 0419 02       		.byte	2
 1078 041a 32       		.byte	50
 1079 041b 88       		.byte	-120
 1080 041c 37       		.byte	55
 1081 041d 15       		.byte	21
 1082 041e 38       		.byte	56
 1083 041f 88       		.byte	-120
ARM GAS  C:\Users\214016~1\AppData\Local\Temp\ccQmW1Dn.s 			page 20


 1084 0420 39       		.byte	57
 1085 0421 20       		.byte	32
 1086 0422 3D       		.byte	61
 1087 0423 80       		.byte	-128
 1088 0424 3E       		.byte	62
 1089 0425 0A       		.byte	10
 1090 0426 3F       		.byte	63
 1091 0427 10       		.byte	16
 1092 0428 41       		.byte	65
 1093 0429 04       		.byte	4
 1094 042a 48       		.byte	72
 1095 042b 10       		.byte	16
 1096 042c 49       		.byte	73
 1097 042d 04       		.byte	4
 1098 042e 50       		.byte	80
 1099 042f 04       		.byte	4
 1100 0430 51       		.byte	81
 1101 0431 08       		.byte	8
 1102 0432 53       		.byte	83
 1103 0433 08       		.byte	8
 1104 0434 58       		.byte	88
 1105 0435 41       		.byte	65
 1106 0436 5A       		.byte	90
 1107 0437 08       		.byte	8
 1108 0438 5B       		.byte	91
 1109 0439 20       		.byte	32
 1110 043a 63       		.byte	99
 1111 043b 80       		.byte	-128
 1112 043c 80       		.byte	-128
 1113 043d 40       		.byte	64
 1114 043e 82       		.byte	-126
 1115 043f 40       		.byte	64
 1116 0440 83       		.byte	-125
 1117 0441 60       		.byte	96
 1118 0442 88       		.byte	-120
 1119 0443 80       		.byte	-128
 1120 0444 89       		.byte	-119
 1121 0445 20       		.byte	32
 1122 0446 8B       		.byte	-117
 1123 0447 02       		.byte	2
 1124 0448 90       		.byte	-112
 1125 0449 80       		.byte	-128
 1126 044a 92       		.byte	-110
 1127 044b 08       		.byte	8
 1128 044c 93       		.byte	-109
 1129 044d 10       		.byte	16
 1130 044e 94       		.byte	-108
 1131 044f 04       		.byte	4
 1132 0450 96       		.byte	-106
 1133 0451 40       		.byte	64
 1134 0452 97       		.byte	-105
 1135 0453 80       		.byte	-128
 1136 0454 98       		.byte	-104
 1137 0455 43       		.byte	67
 1138 0456 99       		.byte	-103
 1139 0457 0A       		.byte	10
 1140 0458 9A       		.byte	-102
ARM GAS  C:\Users\214016~1\AppData\Local\Temp\ccQmW1Dn.s 			page 21


 1141 0459 BA       		.byte	-70
 1142 045a 9B       		.byte	-101
 1143 045b 05       		.byte	5
 1144 045c 9D       		.byte	-99
 1145 045d 84       		.byte	-124
 1146 045e 9F       		.byte	-97
 1147 045f 02       		.byte	2
 1148 0460 A0       		.byte	-96
 1149 0461 20       		.byte	32
 1150 0462 A1       		.byte	-95
 1151 0463 40       		.byte	64
 1152 0464 A2       		.byte	-94
 1153 0465 08       		.byte	8
 1154 0466 A4       		.byte	-92
 1155 0467 80       		.byte	-128
 1156 0468 A5       		.byte	-91
 1157 0469 94       		.byte	-108
 1158 046a A6       		.byte	-90
 1159 046b 81       		.byte	-127
 1160 046c A7       		.byte	-89
 1161 046d 08       		.byte	8
 1162 046e A9       		.byte	-87
 1163 046f 08       		.byte	8
 1164 0470 AC       		.byte	-84
 1165 0471 10       		.byte	16
 1166 0472 C0       		.byte	-64
 1167 0473 1F       		.byte	31
 1168 0474 C2       		.byte	-62
 1169 0475 2C       		.byte	44
 1170 0476 C4       		.byte	-60
 1171 0477 A6       		.byte	-90
 1172 0478 CA       		.byte	-54
 1173 0479 F8       		.byte	-8
 1174 047a CC       		.byte	-52
 1175 047b EA       		.byte	-22
 1176 047c CE       		.byte	-50
 1177 047d FE       		.byte	-2
 1178 047e D0       		.byte	-48
 1179 047f 02       		.byte	2
 1180 0480 D6       		.byte	-42
 1181 0481 0F       		.byte	15
 1182 0482 D8       		.byte	-40
 1183 0483 01       		.byte	1
 1184 0484 EC       		.byte	-20
 1185 0485 A0       		.byte	-96
 1186 0486 03       		.byte	3
 1187 0487 02       		.byte	2
 1188 0488 07       		.byte	7
 1189 0489 01       		.byte	1
 1190 048a 09       		.byte	9
 1191 048b 01       		.byte	1
 1192 048c 0C       		.byte	12
 1193 048d 02       		.byte	2
 1194 048e 0E       		.byte	14
 1195 048f 04       		.byte	4
 1196 0490 0F       		.byte	15
 1197 0491 01       		.byte	1
ARM GAS  C:\Users\214016~1\AppData\Local\Temp\ccQmW1Dn.s 			page 22


 1198 0492 11       		.byte	17
 1199 0493 20       		.byte	32
 1200 0494 13       		.byte	19
 1201 0495 50       		.byte	80
 1202 0496 15       		.byte	21
 1203 0497 48       		.byte	72
 1204 0498 17       		.byte	23
 1205 0499 24       		.byte	36
 1206 049a 19       		.byte	25
 1207 049b 7C       		.byte	124
 1208 049c 1E       		.byte	30
 1209 049d 01       		.byte	1
 1210 049e 21       		.byte	33
 1211 049f 01       		.byte	1
 1212 04a0 25       		.byte	37
 1213 04a1 14       		.byte	20
 1214 04a2 27       		.byte	39
 1215 04a3 28       		.byte	40
 1216 04a4 28       		.byte	40
 1217 04a5 04       		.byte	4
 1218 04a6 29       		.byte	41
 1219 04a7 7C       		.byte	124
 1220 04a8 2A       		.byte	42
 1221 04a9 0A       		.byte	10
 1222 04aa 2E       		.byte	46
 1223 04ab 01       		.byte	1
 1224 04ac 2F       		.byte	47
 1225 04ad 02       		.byte	2
 1226 04ae 30       		.byte	48
 1227 04af 01       		.byte	1
 1228 04b0 31       		.byte	49
 1229 04b1 01       		.byte	1
 1230 04b2 32       		.byte	50
 1231 04b3 06       		.byte	6
 1232 04b4 33       		.byte	51
 1233 04b5 02       		.byte	2
 1234 04b6 35       		.byte	53
 1235 04b7 0C       		.byte	12
 1236 04b8 36       		.byte	54
 1237 04b9 08       		.byte	8
 1238 04ba 37       		.byte	55
 1239 04bb 70       		.byte	112
 1240 04bc 39       		.byte	57
 1241 04bd 02       		.byte	2
 1242 04be 3E       		.byte	62
 1243 04bf 05       		.byte	5
 1244 04c0 3F       		.byte	63
 1245 04c1 04       		.byte	4
 1246 04c2 54       		.byte	84
 1247 04c3 18       		.byte	24
 1248 04c4 56       		.byte	86
 1249 04c5 04       		.byte	4
 1250 04c6 58       		.byte	88
 1251 04c7 04       		.byte	4
 1252 04c8 59       		.byte	89
 1253 04c9 04       		.byte	4
 1254 04ca 5B       		.byte	91
ARM GAS  C:\Users\214016~1\AppData\Local\Temp\ccQmW1Dn.s 			page 23


 1255 04cb 04       		.byte	4
 1256 04cc 5C       		.byte	92
 1257 04cd 29       		.byte	41
 1258 04ce 5D       		.byte	93
 1259 04cf 20       		.byte	32
 1260 04d0 5F       		.byte	95
 1261 04d1 01       		.byte	1
 1262 04d2 81       		.byte	-127
 1263 04d3 20       		.byte	32
 1264 04d4 87       		.byte	-121
 1265 04d5 0C       		.byte	12
 1266 04d6 89       		.byte	-119
 1267 04d7 20       		.byte	32
 1268 04d8 8F       		.byte	-113
 1269 04d9 10       		.byte	16
 1270 04da 95       		.byte	-107
 1271 04db 0C       		.byte	12
 1272 04dc 97       		.byte	-105
 1273 04dd 13       		.byte	19
 1274 04de 99       		.byte	-103
 1275 04df 20       		.byte	32
 1276 04e0 9D       		.byte	-99
 1277 04e1 11       		.byte	17
 1278 04e2 9F       		.byte	-97
 1279 04e3 06       		.byte	6
 1280 04e4 A7       		.byte	-89
 1281 04e5 08       		.byte	8
 1282 04e6 AB       		.byte	-85
 1283 04e7 13       		.byte	19
 1284 04e8 AD       		.byte	-83
 1285 04e9 11       		.byte	17
 1286 04ea AF       		.byte	-81
 1287 04eb 0E       		.byte	14
 1288 04ec B1       		.byte	-79
 1289 04ed 10       		.byte	16
 1290 04ee B3       		.byte	-77
 1291 04ef 0F       		.byte	15
 1292 04f0 B5       		.byte	-75
 1293 04f1 20       		.byte	32
 1294 04f2 BA       		.byte	-70
 1295 04f3 02       		.byte	2
 1296 04f4 BB       		.byte	-69
 1297 04f5 08       		.byte	8
 1298 04f6 BF       		.byte	-65
 1299 04f7 01       		.byte	1
 1300 04f8 C0       		.byte	-64
 1301 04f9 13       		.byte	19
 1302 04fa C1       		.byte	-63
 1303 04fb 05       		.byte	5
 1304 04fc C6       		.byte	-58
 1305 04fd BC       		.byte	-68
 1306 04fe C7       		.byte	-57
 1307 04ff 0E       		.byte	14
 1308 0500 C8       		.byte	-56
 1309 0501 1C       		.byte	28
 1310 0502 C9       		.byte	-55
 1311 0503 FF       		.byte	-1
ARM GAS  C:\Users\214016~1\AppData\Local\Temp\ccQmW1Dn.s 			page 24


 1312 0504 CA       		.byte	-54
 1313 0505 FF       		.byte	-1
 1314 0506 CB       		.byte	-53
 1315 0507 FF       		.byte	-1
 1316 0508 CE       		.byte	-50
 1317 0509 F0       		.byte	-16
 1318 050a CF       		.byte	-49
 1319 050b 44       		.byte	68
 1320 050c D0       		.byte	-48
 1321 050d 0C       		.byte	12
 1322 050e D2       		.byte	-46
 1323 050f 83       		.byte	-125
 1324 0510 D8       		.byte	-40
 1325 0511 04       		.byte	4
 1326 0512 D9       		.byte	-39
 1327 0513 04       		.byte	4
 1328 0514 DA       		.byte	-38
 1329 0515 04       		.byte	4
 1330 0516 DB       		.byte	-37
 1331 0517 04       		.byte	4
 1332 0518 DC       		.byte	-36
 1333 0519 22       		.byte	34
 1334 051a DD       		.byte	-35
 1335 051b 92       		.byte	-110
 1336 051c DF       		.byte	-33
 1337 051d 01       		.byte	1
 1338 051e E6       		.byte	-26
 1339 051f C0       		.byte	-64
 1340 0520 EA       		.byte	-22
 1341 0521 40       		.byte	64
 1342 0522 EB       		.byte	-21
 1343 0523 02       		.byte	2
 1344 0524 05       		.byte	5
 1345 0525 40       		.byte	64
 1346 0526 0E       		.byte	14
 1347 0527 02       		.byte	2
 1348 0528 10       		.byte	16
 1349 0529 04       		.byte	4
 1350 052a 13       		.byte	19
 1351 052b 20       		.byte	32
 1352 052c 14       		.byte	20
 1353 052d 48       		.byte	72
 1354 052e 15       		.byte	21
 1355 052f 82       		.byte	-126
 1356 0530 19       		.byte	25
 1357 0531 02       		.byte	2
 1358 0532 1C       		.byte	28
 1359 0533 20       		.byte	32
 1360 0534 1D       		.byte	29
 1361 0535 40       		.byte	64
 1362 0536 1F       		.byte	31
 1363 0537 01       		.byte	1
 1364 0538 20       		.byte	32
 1365 0539 08       		.byte	8
 1366 053a 21       		.byte	33
 1367 053b 01       		.byte	1
 1368 053c 22       		.byte	34
ARM GAS  C:\Users\214016~1\AppData\Local\Temp\ccQmW1Dn.s 			page 25


 1369 053d 08       		.byte	8
 1370 053e 25       		.byte	37
 1371 053f 01       		.byte	1
 1372 0540 27       		.byte	39
 1373 0541 25       		.byte	37
 1374 0542 29       		.byte	41
 1375 0543 84       		.byte	-124
 1376 0544 2B       		.byte	43
 1377 0545 08       		.byte	8
 1378 0546 2C       		.byte	44
 1379 0547 02       		.byte	2
 1380 0548 2D       		.byte	45
 1381 0549 1A       		.byte	26
 1382 054a 2E       		.byte	46
 1383 054b 10       		.byte	16
 1384 054c 32       		.byte	50
 1385 054d 88       		.byte	-120
 1386 054e 33       		.byte	51
 1387 054f 50       		.byte	80
 1388 0550 37       		.byte	55
 1389 0551 15       		.byte	21
 1390 0552 38       		.byte	56
 1391 0553 86       		.byte	-122
 1392 0554 39       		.byte	57
 1393 0555 10       		.byte	16
 1394 0556 3D       		.byte	61
 1395 0557 AA       		.byte	-86
 1396 0558 43       		.byte	67
 1397 0559 48       		.byte	72
 1398 055a 48       		.byte	72
 1399 055b 04       		.byte	4
 1400 055c 49       		.byte	73
 1401 055d 80       		.byte	-128
 1402 055e 4B       		.byte	75
 1403 055f 10       		.byte	16
 1404 0560 50       		.byte	80
 1405 0561 60       		.byte	96
 1406 0562 51       		.byte	81
 1407 0563 08       		.byte	8
 1408 0564 5F       		.byte	95
 1409 0565 02       		.byte	2
 1410 0566 64       		.byte	100
 1411 0567 84       		.byte	-124
 1412 0568 67       		.byte	103
 1413 0569 02       		.byte	2
 1414 056a 69       		.byte	105
 1415 056b 40       		.byte	64
 1416 056c 6A       		.byte	106
 1417 056d 20       		.byte	32
 1418 056e 72       		.byte	114
 1419 056f 80       		.byte	-128
 1420 0570 73       		.byte	115
 1421 0571 40       		.byte	64
 1422 0572 84       		.byte	-124
 1423 0573 01       		.byte	1
 1424 0574 85       		.byte	-123
 1425 0575 08       		.byte	8
ARM GAS  C:\Users\214016~1\AppData\Local\Temp\ccQmW1Dn.s 			page 26


 1426 0576 90       		.byte	-112
 1427 0577 02       		.byte	2
 1428 0578 91       		.byte	-111
 1429 0579 80       		.byte	-128
 1430 057a 92       		.byte	-110
 1431 057b 18       		.byte	24
 1432 057c 95       		.byte	-107
 1433 057d 40       		.byte	64
 1434 057e 96       		.byte	-106
 1435 057f 60       		.byte	96
 1436 0580 97       		.byte	-105
 1437 0581 C0       		.byte	-64
 1438 0582 98       		.byte	-104
 1439 0583 0A       		.byte	10
 1440 0584 9A       		.byte	-102
 1441 0585 3A       		.byte	58
 1442 0586 9B       		.byte	-101
 1443 0587 10       		.byte	16
 1444 0588 9C       		.byte	-100
 1445 0589 80       		.byte	-128
 1446 058a 9D       		.byte	-99
 1447 058b 0A       		.byte	10
 1448 058c 9E       		.byte	-98
 1449 058d 80       		.byte	-128
 1450 058e 9F       		.byte	-97
 1451 058f 05       		.byte	5
 1452 0590 A0       		.byte	-96
 1453 0591 02       		.byte	2
 1454 0592 A1       		.byte	-95
 1455 0593 40       		.byte	64
 1456 0594 A4       		.byte	-92
 1457 0595 84       		.byte	-124
 1458 0596 A5       		.byte	-91
 1459 0597 8C       		.byte	-116
 1460 0598 A6       		.byte	-90
 1461 0599 01       		.byte	1
 1462 059a A8       		.byte	-88
 1463 059b 42       		.byte	66
 1464 059c A9       		.byte	-87
 1465 059d 02       		.byte	2
 1466 059e AF       		.byte	-81
 1467 059f 22       		.byte	34
 1468 05a0 B4       		.byte	-76
 1469 05a1 04       		.byte	4
 1470 05a2 C0       		.byte	-64
 1471 05a3 80       		.byte	-128
 1472 05a4 C2       		.byte	-62
 1473 05a5 80       		.byte	-128
 1474 05a6 C4       		.byte	-60
 1475 05a7 C0       		.byte	-64
 1476 05a8 CA       		.byte	-54
 1477 05a9 FE       		.byte	-2
 1478 05aa CC       		.byte	-52
 1479 05ab EE       		.byte	-18
 1480 05ac CE       		.byte	-50
 1481 05ad FF       		.byte	-1
 1482 05ae D0       		.byte	-48
ARM GAS  C:\Users\214016~1\AppData\Local\Temp\ccQmW1Dn.s 			page 27


 1483 05af 0A       		.byte	10
 1484 05b0 D2       		.byte	-46
 1485 05b1 08       		.byte	8
 1486 05b2 D6       		.byte	-42
 1487 05b3 80       		.byte	-128
 1488 05b4 D8       		.byte	-40
 1489 05b5 B0       		.byte	-80
 1490 05b6 E8       		.byte	-24
 1491 05b7 08       		.byte	8
 1492 05b8 EA       		.byte	-22
 1493 05b9 10       		.byte	16
 1494 05ba EE       		.byte	-18
 1495 05bb 03       		.byte	3
 1496 05bc B9       		.byte	-71
 1497 05bd 80       		.byte	-128
 1498 05be BF       		.byte	-65
 1499 05bf 40       		.byte	64
 1500 05c0 D9       		.byte	-39
 1501 05c1 04       		.byte	4
 1502 05c2 DF       		.byte	-33
 1503 05c3 01       		.byte	1
 1504 05c4 20       		.byte	32
 1505 05c5 02       		.byte	2
 1506 05c6 E8       		.byte	-24
 1507 05c7 08       		.byte	8
 1508 05c8 EE       		.byte	-18
 1509 05c9 03       		.byte	3
 1510 05ca B0       		.byte	-80
 1511 05cb 01       		.byte	1
 1512 05cc EC       		.byte	-20
 1513 05cd A0       		.byte	-96
 1514 05ce 30       		.byte	48
 1515 05cf 80       		.byte	-128
 1516 05d0 33       		.byte	51
 1517 05d1 08       		.byte	8
 1518 05d2 36       		.byte	54
 1519 05d3 08       		.byte	8
 1520 05d4 37       		.byte	55
 1521 05d5 40       		.byte	64
 1522 05d6 3B       		.byte	59
 1523 05d7 20       		.byte	32
 1524 05d8 CC       		.byte	-52
 1525 05d9 F0       		.byte	-16
 1526 05da CE       		.byte	-50
 1527 05db 10       		.byte	16
 1528 05dc 33       		.byte	51
 1529 05dd 10       		.byte	16
 1530 05de 87       		.byte	-121
 1531 05df 08       		.byte	8
 1532 05e0 97       		.byte	-105
 1533 05e1 20       		.byte	32
 1534 05e2 9F       		.byte	-97
 1535 05e3 40       		.byte	64
 1536 05e4 A4       		.byte	-92
 1537 05e5 80       		.byte	-128
 1538 05e6 A6       		.byte	-90
 1539 05e7 08       		.byte	8
ARM GAS  C:\Users\214016~1\AppData\Local\Temp\ccQmW1Dn.s 			page 28


 1540 05e8 A7       		.byte	-89
 1541 05e9 08       		.byte	8
 1542 05ea CC       		.byte	-52
 1543 05eb 10       		.byte	16
 1544 05ec E6       		.byte	-26
 1545 05ed 40       		.byte	64
 1546 05ee 97       		.byte	-105
 1547 05ef 20       		.byte	32
 1548 05f0 9F       		.byte	-97
 1549 05f1 50       		.byte	80
 1550 05f2 A4       		.byte	-92
 1551 05f3 80       		.byte	-128
 1552 05f4 A6       		.byte	-90
 1553 05f5 08       		.byte	8
 1554 05f6 83       		.byte	-125
 1555 05f7 10       		.byte	16
 1556 05f8 86       		.byte	-122
 1557 05f9 40       		.byte	64
 1558 05fa 97       		.byte	-105
 1559 05fb 20       		.byte	32
 1560 05fc 9F       		.byte	-97
 1561 05fd 10       		.byte	16
 1562 05fe A4       		.byte	-92
 1563 05ff 80       		.byte	-128
 1564 0600 A6       		.byte	-90
 1565 0601 08       		.byte	8
 1566 0602 AB       		.byte	-85
 1567 0603 40       		.byte	64
 1568 0604 E2       		.byte	-30
 1569 0605 30       		.byte	48
 1570 0606 EE       		.byte	-18
 1571 0607 80       		.byte	-128
 1572 0608 28       		.byte	40
 1573 0609 01       		.byte	1
 1574 060a 29       		.byte	41
 1575 060b 10       		.byte	16
 1576 060c 34       		.byte	52
 1577 060d 04       		.byte	4
 1578 060e 7C       		.byte	124
 1579 060f 08       		.byte	8
 1580 0610 CA       		.byte	-54
 1581 0611 08       		.byte	8
 1582 0612 CC       		.byte	-52
 1583 0613 01       		.byte	1
 1584 0614 DE       		.byte	-34
 1585 0615 01       		.byte	1
 1586 0616 34       		.byte	52
 1587 0617 01       		.byte	1
 1588 0618 98       		.byte	-104
 1589 0619 01       		.byte	1
 1590 061a 99       		.byte	-103
 1591 061b 10       		.byte	16
 1592 061c 9C       		.byte	-100
 1593 061d 0C       		.byte	12
 1594 061e CC       		.byte	-52
 1595 061f 01       		.byte	1
 1596 0620 00       		.byte	0
ARM GAS  C:\Users\214016~1\AppData\Local\Temp\ccQmW1Dn.s 			page 29


 1597 0621 10       		.byte	16
 1598 0622 07       		.byte	7
 1599 0623 40       		.byte	64
 1600 0624 1A       		.byte	26
 1601 0625 80       		.byte	-128
 1602 0626 46       		.byte	70
 1603 0627 40       		.byte	64
 1604 0628 53       		.byte	83
 1605 0629 80       		.byte	-128
 1606 062a 81       		.byte	-127
 1607 062b 10       		.byte	16
 1608 062c 8B       		.byte	-117
 1609 062d 80       		.byte	-128
 1610 062e 99       		.byte	-103
 1611 062f 10       		.byte	16
 1612 0630 9C       		.byte	-100
 1613 0631 0C       		.byte	12
 1614 0632 C0       		.byte	-64
 1615 0633 06       		.byte	6
 1616 0634 C6       		.byte	-58
 1617 0635 08       		.byte	8
 1618 0636 D0       		.byte	-48
 1619 0637 01       		.byte	1
 1620 0638 D4       		.byte	-44
 1621 0639 04       		.byte	4
 1622 063a E0       		.byte	-32
 1623 063b 01       		.byte	1
 1624 063c 0B       		.byte	11
 1625 063d 40       		.byte	64
 1626 063e 0F       		.byte	15
 1627 063f 80       		.byte	-128
 1628 0640 44       		.byte	68
 1629 0641 01       		.byte	1
 1630 0642 80       		.byte	-128
 1631 0643 08       		.byte	8
 1632 0644 83       		.byte	-125
 1633 0645 40       		.byte	64
 1634 0646 90       		.byte	-112
 1635 0647 10       		.byte	16
 1636 0648 9B       		.byte	-101
 1637 0649 40       		.byte	64
 1638 064a 9C       		.byte	-100
 1639 064b 0C       		.byte	12
 1640 064c 9E       		.byte	-98
 1641 064d 40       		.byte	64
 1642 064e AA       		.byte	-86
 1643 064f 40       		.byte	64
 1644 0650 C2       		.byte	-62
 1645 0651 0C       		.byte	12
 1646 0652 D0       		.byte	-48
 1647 0653 04       		.byte	4
 1648 0654 02       		.byte	2
 1649 0655 80       		.byte	-128
 1650 0656 20       		.byte	32
 1651 0657 80       		.byte	-128
 1652 0658 27       		.byte	39
 1653 0659 08       		.byte	8
ARM GAS  C:\Users\214016~1\AppData\Local\Temp\ccQmW1Dn.s 			page 30


 1654 065a 51       		.byte	81
 1655 065b 80       		.byte	-128
 1656 065c 56       		.byte	86
 1657 065d 40       		.byte	64
 1658 065e 93       		.byte	-109
 1659 065f 08       		.byte	8
 1660 0660 9A       		.byte	-102
 1661 0661 40       		.byte	64
 1662 0662 A1       		.byte	-95
 1663 0663 80       		.byte	-128
 1664 0664 A4       		.byte	-92
 1665 0665 80       		.byte	-128
 1666 0666 A6       		.byte	-90
 1667 0667 08       		.byte	8
 1668 0668 AF       		.byte	-81
 1669 0669 14       		.byte	20
 1670 066a B5       		.byte	-75
 1671 066b 80       		.byte	-128
 1672 066c C0       		.byte	-64
 1673 066d 10       		.byte	16
 1674 066e C8       		.byte	-56
 1675 066f 60       		.byte	96
 1676 0670 D4       		.byte	-44
 1677 0671 60       		.byte	96
 1678 0672 EE       		.byte	-18
 1679 0673 50       		.byte	80
 1680 0674 57       		.byte	87
 1681 0675 08       		.byte	8
 1682 0676 67       		.byte	103
 1683 0677 08       		.byte	8
 1684 0678 82       		.byte	-126
 1685 0679 08       		.byte	8
 1686 067a 83       		.byte	-125
 1687 067b 08       		.byte	8
 1688 067c 93       		.byte	-109
 1689 067d 08       		.byte	8
 1690 067e A6       		.byte	-90
 1691 067f 08       		.byte	8
 1692 0680 AA       		.byte	-86
 1693 0681 80       		.byte	-128
 1694 0682 AC       		.byte	-84
 1695 0683 80       		.byte	-128
 1696 0684 B0       		.byte	-80
 1697 0685 40       		.byte	64
 1698 0686 B3       		.byte	-77
 1699 0687 08       		.byte	8
 1700 0688 D4       		.byte	-44
 1701 0689 40       		.byte	64
 1702 068a D8       		.byte	-40
 1703 068b 80       		.byte	-128
 1704 068c E2       		.byte	-30
 1705 068d 20       		.byte	32
 1706 068e E6       		.byte	-26
 1707 068f 80       		.byte	-128
 1708 0690 EA       		.byte	-22
 1709 0691 10       		.byte	16
 1710 0692 EC       		.byte	-20
ARM GAS  C:\Users\214016~1\AppData\Local\Temp\ccQmW1Dn.s 			page 31


 1711 0693 20       		.byte	32
 1712 0694 0C       		.byte	12
 1713 0695 08       		.byte	8
 1714 0696 60       		.byte	96
 1715 0697 10       		.byte	16
 1716 0698 90       		.byte	-112
 1717 0699 10       		.byte	16
 1718 069a 9C       		.byte	-100
 1719 069b 09       		.byte	9
 1720 069c 9E       		.byte	-98
 1721 069d 40       		.byte	64
 1722 069e A4       		.byte	-92
 1723 069f 08       		.byte	8
 1724 06a0 AB       		.byte	-85
 1725 06a1 40       		.byte	64
 1726 06a2 AC       		.byte	-84
 1727 06a3 04       		.byte	4
 1728 06a4 AF       		.byte	-81
 1729 06a5 40       		.byte	64
 1730 06a6 C2       		.byte	-62
 1731 06a7 04       		.byte	4
 1732 06a8 D8       		.byte	-40
 1733 06a9 02       		.byte	2
 1734 06aa B0       		.byte	-80
 1735 06ab 09       		.byte	9
 1736 06ac B2       		.byte	-78
 1737 06ad 40       		.byte	64
 1738 06ae E8       		.byte	-24
 1739 06af 01       		.byte	1
 1740 06b0 EC       		.byte	-20
 1741 06b1 05       		.byte	5
 1742 06b2 00       		.byte	0
 1743 06b3 0C       		.byte	12
 1744 06b4 01       		.byte	1
 1745 06b5 01       		.byte	1
 1746 06b6 0A       		.byte	10
 1747 06b7 0C       		.byte	12
 1748 06b8 0B       		.byte	11
 1749 06b9 01       		.byte	1
 1750 06ba 10       		.byte	16
 1751 06bb 04       		.byte	4
 1752 06bc 11       		.byte	17
 1753 06bd 01       		.byte	1
 1754 06be 1A       		.byte	26
 1755 06bf 04       		.byte	4
 1756 06c0 1B       		.byte	27
 1757 06c1 01       		.byte	1
 1758 06c2 00       		.byte	0
 1759 06c3 FF       		.byte	-1
 1760 06c4 01       		.byte	1
 1761 06c5 0A       		.byte	10
 1762 06c6 00       		.byte	0
 1763 06c7 00       		.byte	0
 1764 06c8 00       		.byte	0
 1765 06c9 00       		.byte	0
 1766 06ca 00       		.byte	0
 1767 06cb 00       		.byte	0
ARM GAS  C:\Users\214016~1\AppData\Local\Temp\ccQmW1Dn.s 			page 32


 1768 06cc 00       		.byte	0
 1769 06cd 00       		.byte	0
 1770 06ce 5A       		.byte	90
 1771 06cf 00       		.byte	0
 1772 06d0 40       		.byte	64
 1773 06d1 00       		.byte	0
 1774 06d2 21       		.byte	33
 1775 06d3 3C       		.byte	60
 1776 06d4 1C       		.byte	28
 1777 06d5 00       		.byte	0
 1778 06d6 1C       		.byte	28
 1779 06d7 00       		.byte	0
 1780 06d8 C0       		.byte	-64
 1781 06d9 00       		.byte	0
 1782 06da 00       		.byte	0
 1783 06db 00       		.byte	0
 1784 06dc 20       		.byte	32
 1785 06dd 60       		.byte	96
 1786 06de 40       		.byte	64
 1787 06df 00       		.byte	0
 1788 06e0 40       		.byte	64
 1789 06e1 00       		.byte	0
 1790 06e2 80       		.byte	-128
 1791 06e3 00       		.byte	0
 1792 06e4 40       		.byte	64
 1793 06e5 40       		.byte	64
 1794 06e6 00       		.byte	0
 1795 06e7 00       		.byte	0
 1796 06e8 00       		.byte	0
 1797 06e9 00       		.byte	0
 1798 06ea 50       		.byte	80
 1799 06eb 00       		.byte	0
 1800 06ec 00       		.byte	0
 1801 06ed 28       		.byte	40
 1802 06ee 28       		.byte	40
 1803 06ef 00       		.byte	0
 1804 06f0 28       		.byte	40
 1805 06f1 00       		.byte	0
 1806 06f2 40       		.byte	64
 1807 06f3 00       		.byte	0
 1808 06f4 07       		.byte	7
 1809 06f5 00       		.byte	0
 1810 06f6 18       		.byte	24
 1811 06f7 01       		.byte	1
 1812              		.section	.cywolatch,"a",%progbits
 1813              		.align	2
 1814              		.type	cy_meta_wonvl, %object
 1815              		.size	cy_meta_wonvl, 4
 1816              	cy_meta_wonvl:
 1817 0000 BC       		.byte	-68
 1818 0001 90       		.byte	-112
 1819 0002 AC       		.byte	-84
 1820 0003 AF       		.byte	-81
 1821              		.section	.cycustnvl,"a",%progbits
 1822              		.align	2
 1823              		.type	cy_meta_custnvl, %object
 1824              		.size	cy_meta_custnvl, 4
ARM GAS  C:\Users\214016~1\AppData\Local\Temp\ccQmW1Dn.s 			page 33


 1825              	cy_meta_custnvl:
 1826 0000 00       		.byte	0
 1827 0001 00       		.byte	0
 1828 0002 40       		.byte	64
 1829 0003 05       		.byte	5
 1830              		.section	.cymeta,"a",%progbits
 1831              		.align	2
 1832              		.type	cy_metadata, %object
 1833              		.size	cy_metadata, 12
 1834              	cy_metadata:
 1835 0000 00       		.byte	0
 1836 0001 01       		.byte	1
 1837 0002 2E       		.byte	46
 1838 0003 16       		.byte	22
 1839 0004 10       		.byte	16
 1840 0005 69       		.byte	105
 1841 0006 00       		.byte	0
 1842 0007 01       		.byte	1
 1843 0008 00       		.byte	0
 1844 0009 00       		.byte	0
 1845 000a 00       		.byte	0
 1846 000b 00       		.byte	0
 1847              		.section	.cyflashprotect,"a",%progbits
 1848              		.align	2
 1849              		.type	cy_meta_flashprotect, %object
 1850              		.size	cy_meta_flashprotect, 256
 1851              	cy_meta_flashprotect:
 1852 0000 00000000 		.space	256
 1852      00000000 
 1852      00000000 
 1852      00000000 
 1852      00000000 
 1853              		.text
 1854              	.Letext0:
 1855              		.file 1 ".\\Generated_Source\\PSoC5\\cymetadata.c"
 1856              		.file 2 ".\\Generated_Source\\PSoC5\\cytypes.h"
 1857              		.section	.debug_info,"",%progbits
 1858              	.Ldebug_info0:
 1859 0000 3B010000 		.4byte	0x13b
 1860 0004 0400     		.2byte	0x4
 1861 0006 00000000 		.4byte	.Ldebug_abbrev0
 1862 000a 04       		.byte	0x4
 1863 000b 01       		.uleb128 0x1
 1864 000c 94000000 		.4byte	.LASF18
 1865 0010 01       		.byte	0x1
 1866 0011 00000000 		.4byte	.LASF19
 1867 0015 22010000 		.4byte	.LASF20
 1868 0019 00000000 		.4byte	.Ldebug_line0
 1869 001d 02       		.uleb128 0x2
 1870 001e 01       		.byte	0x1
 1871 001f 06       		.byte	0x6
 1872 0020 EA010000 		.4byte	.LASF0
 1873 0024 02       		.uleb128 0x2
 1874 0025 01       		.byte	0x1
 1875 0026 08       		.byte	0x8
 1876 0027 38000000 		.4byte	.LASF1
 1877 002b 02       		.uleb128 0x2
ARM GAS  C:\Users\214016~1\AppData\Local\Temp\ccQmW1Dn.s 			page 34


 1878 002c 02       		.byte	0x2
 1879 002d 05       		.byte	0x5
 1880 002e D1010000 		.4byte	.LASF2
 1881 0032 02       		.uleb128 0x2
 1882 0033 02       		.byte	0x2
 1883 0034 07       		.byte	0x7
 1884 0035 58000000 		.4byte	.LASF3
 1885 0039 02       		.uleb128 0x2
 1886 003a 04       		.byte	0x4
 1887 003b 05       		.byte	0x5
 1888 003c E1010000 		.4byte	.LASF4
 1889 0040 02       		.uleb128 0x2
 1890 0041 04       		.byte	0x4
 1891 0042 07       		.byte	0x7
 1892 0043 46000000 		.4byte	.LASF5
 1893 0047 02       		.uleb128 0x2
 1894 0048 08       		.byte	0x8
 1895 0049 05       		.byte	0x5
 1896 004a BE010000 		.4byte	.LASF6
 1897 004e 02       		.uleb128 0x2
 1898 004f 08       		.byte	0x8
 1899 0050 07       		.byte	0x7
 1900 0051 7B010000 		.4byte	.LASF7
 1901 0055 03       		.uleb128 0x3
 1902 0056 04       		.byte	0x4
 1903 0057 05       		.byte	0x5
 1904 0058 696E7400 		.ascii	"int\000"
 1905 005c 02       		.uleb128 0x2
 1906 005d 04       		.byte	0x4
 1907 005e 07       		.byte	0x7
 1908 005f 6E010000 		.4byte	.LASF8
 1909 0063 04       		.uleb128 0x4
 1910 0064 DB010000 		.4byte	.LASF21
 1911 0068 02       		.byte	0x2
 1912 0069 3801     		.2byte	0x138
 1913 006b 24000000 		.4byte	0x24
 1914 006f 02       		.uleb128 0x2
 1915 0070 04       		.byte	0x4
 1916 0071 04       		.byte	0x4
 1917 0072 32000000 		.4byte	.LASF9
 1918 0076 02       		.uleb128 0x2
 1919 0077 08       		.byte	0x8
 1920 0078 04       		.byte	0x4
 1921 0079 6B000000 		.4byte	.LASF10
 1922 007d 02       		.uleb128 0x2
 1923 007e 01       		.byte	0x1
 1924 007f 08       		.byte	0x8
 1925 0080 CC010000 		.4byte	.LASF11
 1926 0084 05       		.uleb128 0x5
 1927 0085 63000000 		.4byte	0x63
 1928 0089 95000000 		.4byte	0x95
 1929 008d 06       		.uleb128 0x6
 1930 008e 95000000 		.4byte	0x95
 1931 0092 F706     		.2byte	0x6f7
 1932 0094 00       		.byte	0
 1933 0095 02       		.uleb128 0x2
 1934 0096 04       		.byte	0x4
ARM GAS  C:\Users\214016~1\AppData\Local\Temp\ccQmW1Dn.s 			page 35


 1935 0097 07       		.byte	0x7
 1936 0098 B5010000 		.4byte	.LASF12
 1937 009c 07       		.uleb128 0x7
 1938 009d 82000000 		.4byte	.LASF13
 1939 00a1 01       		.byte	0x1
 1940 00a2 1F       		.byte	0x1f
 1941 00a3 AD000000 		.4byte	0xad
 1942 00a7 05       		.uleb128 0x5
 1943 00a8 03       		.byte	0x3
 1944 00a9 00000000 		.4byte	cy_meta_configecc
 1945 00ad 08       		.uleb128 0x8
 1946 00ae 84000000 		.4byte	0x84
 1947 00b2 05       		.uleb128 0x5
 1948 00b3 63000000 		.4byte	0x63
 1949 00b7 C2000000 		.4byte	0xc2
 1950 00bb 09       		.uleb128 0x9
 1951 00bc 95000000 		.4byte	0x95
 1952 00c0 03       		.byte	0x3
 1953 00c1 00       		.byte	0
 1954 00c2 0A       		.uleb128 0xa
 1955 00c3 72000000 		.4byte	.LASF14
 1956 00c7 01       		.byte	0x1
 1957 00c8 0B01     		.2byte	0x10b
 1958 00ca D4000000 		.4byte	0xd4
 1959 00ce 05       		.uleb128 0x5
 1960 00cf 03       		.byte	0x3
 1961 00d0 00000000 		.4byte	cy_meta_custnvl
 1962 00d4 08       		.uleb128 0x8
 1963 00d5 B2000000 		.4byte	0xb2
 1964 00d9 0A       		.uleb128 0xa
 1965 00da A7010000 		.4byte	.LASF15
 1966 00de 01       		.byte	0x1
 1967 00df 1901     		.2byte	0x119
 1968 00e1 EB000000 		.4byte	0xeb
 1969 00e5 05       		.uleb128 0x5
 1970 00e6 03       		.byte	0x3
 1971 00e7 00000000 		.4byte	cy_meta_wonvl
 1972 00eb 08       		.uleb128 0x8
 1973 00ec B2000000 		.4byte	0xb2
 1974 00f0 05       		.uleb128 0x5
 1975 00f1 63000000 		.4byte	0x63
 1976 00f5 00010000 		.4byte	0x100
 1977 00f9 09       		.uleb128 0x9
 1978 00fa 95000000 		.4byte	0x95
 1979 00fe FF       		.byte	0xff
 1980 00ff 00       		.byte	0
 1981 0100 0A       		.uleb128 0xa
 1982 0101 92010000 		.4byte	.LASF16
 1983 0105 01       		.byte	0x1
 1984 0106 2701     		.2byte	0x127
 1985 0108 12010000 		.4byte	0x112
 1986 010c 05       		.uleb128 0x5
 1987 010d 03       		.byte	0x3
 1988 010e 00000000 		.4byte	cy_meta_flashprotect
 1989 0112 08       		.uleb128 0x8
 1990 0113 F0000000 		.4byte	0xf0
 1991 0117 05       		.uleb128 0x5
ARM GAS  C:\Users\214016~1\AppData\Local\Temp\ccQmW1Dn.s 			page 36


 1992 0118 63000000 		.4byte	0x63
 1993 011c 27010000 		.4byte	0x127
 1994 0120 09       		.uleb128 0x9
 1995 0121 95000000 		.4byte	0x95
 1996 0125 0B       		.byte	0xb
 1997 0126 00       		.byte	0
 1998 0127 0A       		.uleb128 0xa
 1999 0128 26000000 		.4byte	.LASF17
 2000 012c 01       		.byte	0x1
 2001 012d 5401     		.2byte	0x154
 2002 012f 39010000 		.4byte	0x139
 2003 0133 05       		.uleb128 0x5
 2004 0134 03       		.byte	0x3
 2005 0135 00000000 		.4byte	cy_metadata
 2006 0139 08       		.uleb128 0x8
 2007 013a 17010000 		.4byte	0x117
 2008 013e 00       		.byte	0
 2009              		.section	.debug_abbrev,"",%progbits
 2010              	.Ldebug_abbrev0:
 2011 0000 01       		.uleb128 0x1
 2012 0001 11       		.uleb128 0x11
 2013 0002 01       		.byte	0x1
 2014 0003 25       		.uleb128 0x25
 2015 0004 0E       		.uleb128 0xe
 2016 0005 13       		.uleb128 0x13
 2017 0006 0B       		.uleb128 0xb
 2018 0007 03       		.uleb128 0x3
 2019 0008 0E       		.uleb128 0xe
 2020 0009 1B       		.uleb128 0x1b
 2021 000a 0E       		.uleb128 0xe
 2022 000b 10       		.uleb128 0x10
 2023 000c 17       		.uleb128 0x17
 2024 000d 00       		.byte	0
 2025 000e 00       		.byte	0
 2026 000f 02       		.uleb128 0x2
 2027 0010 24       		.uleb128 0x24
 2028 0011 00       		.byte	0
 2029 0012 0B       		.uleb128 0xb
 2030 0013 0B       		.uleb128 0xb
 2031 0014 3E       		.uleb128 0x3e
 2032 0015 0B       		.uleb128 0xb
 2033 0016 03       		.uleb128 0x3
 2034 0017 0E       		.uleb128 0xe
 2035 0018 00       		.byte	0
 2036 0019 00       		.byte	0
 2037 001a 03       		.uleb128 0x3
 2038 001b 24       		.uleb128 0x24
 2039 001c 00       		.byte	0
 2040 001d 0B       		.uleb128 0xb
 2041 001e 0B       		.uleb128 0xb
 2042 001f 3E       		.uleb128 0x3e
 2043 0020 0B       		.uleb128 0xb
 2044 0021 03       		.uleb128 0x3
 2045 0022 08       		.uleb128 0x8
 2046 0023 00       		.byte	0
 2047 0024 00       		.byte	0
 2048 0025 04       		.uleb128 0x4
ARM GAS  C:\Users\214016~1\AppData\Local\Temp\ccQmW1Dn.s 			page 37


 2049 0026 16       		.uleb128 0x16
 2050 0027 00       		.byte	0
 2051 0028 03       		.uleb128 0x3
 2052 0029 0E       		.uleb128 0xe
 2053 002a 3A       		.uleb128 0x3a
 2054 002b 0B       		.uleb128 0xb
 2055 002c 3B       		.uleb128 0x3b
 2056 002d 05       		.uleb128 0x5
 2057 002e 49       		.uleb128 0x49
 2058 002f 13       		.uleb128 0x13
 2059 0030 00       		.byte	0
 2060 0031 00       		.byte	0
 2061 0032 05       		.uleb128 0x5
 2062 0033 01       		.uleb128 0x1
 2063 0034 01       		.byte	0x1
 2064 0035 49       		.uleb128 0x49
 2065 0036 13       		.uleb128 0x13
 2066 0037 01       		.uleb128 0x1
 2067 0038 13       		.uleb128 0x13
 2068 0039 00       		.byte	0
 2069 003a 00       		.byte	0
 2070 003b 06       		.uleb128 0x6
 2071 003c 21       		.uleb128 0x21
 2072 003d 00       		.byte	0
 2073 003e 49       		.uleb128 0x49
 2074 003f 13       		.uleb128 0x13
 2075 0040 2F       		.uleb128 0x2f
 2076 0041 05       		.uleb128 0x5
 2077 0042 00       		.byte	0
 2078 0043 00       		.byte	0
 2079 0044 07       		.uleb128 0x7
 2080 0045 34       		.uleb128 0x34
 2081 0046 00       		.byte	0
 2082 0047 03       		.uleb128 0x3
 2083 0048 0E       		.uleb128 0xe
 2084 0049 3A       		.uleb128 0x3a
 2085 004a 0B       		.uleb128 0xb
 2086 004b 3B       		.uleb128 0x3b
 2087 004c 0B       		.uleb128 0xb
 2088 004d 49       		.uleb128 0x49
 2089 004e 13       		.uleb128 0x13
 2090 004f 3F       		.uleb128 0x3f
 2091 0050 19       		.uleb128 0x19
 2092 0051 02       		.uleb128 0x2
 2093 0052 18       		.uleb128 0x18
 2094 0053 00       		.byte	0
 2095 0054 00       		.byte	0
 2096 0055 08       		.uleb128 0x8
 2097 0056 26       		.uleb128 0x26
 2098 0057 00       		.byte	0
 2099 0058 49       		.uleb128 0x49
 2100 0059 13       		.uleb128 0x13
 2101 005a 00       		.byte	0
 2102 005b 00       		.byte	0
 2103 005c 09       		.uleb128 0x9
 2104 005d 21       		.uleb128 0x21
 2105 005e 00       		.byte	0
ARM GAS  C:\Users\214016~1\AppData\Local\Temp\ccQmW1Dn.s 			page 38


 2106 005f 49       		.uleb128 0x49
 2107 0060 13       		.uleb128 0x13
 2108 0061 2F       		.uleb128 0x2f
 2109 0062 0B       		.uleb128 0xb
 2110 0063 00       		.byte	0
 2111 0064 00       		.byte	0
 2112 0065 0A       		.uleb128 0xa
 2113 0066 34       		.uleb128 0x34
 2114 0067 00       		.byte	0
 2115 0068 03       		.uleb128 0x3
 2116 0069 0E       		.uleb128 0xe
 2117 006a 3A       		.uleb128 0x3a
 2118 006b 0B       		.uleb128 0xb
 2119 006c 3B       		.uleb128 0x3b
 2120 006d 05       		.uleb128 0x5
 2121 006e 49       		.uleb128 0x49
 2122 006f 13       		.uleb128 0x13
 2123 0070 3F       		.uleb128 0x3f
 2124 0071 19       		.uleb128 0x19
 2125 0072 02       		.uleb128 0x2
 2126 0073 18       		.uleb128 0x18
 2127 0074 00       		.byte	0
 2128 0075 00       		.byte	0
 2129 0076 00       		.byte	0
 2130              		.section	.debug_aranges,"",%progbits
 2131 0000 14000000 		.4byte	0x14
 2132 0004 0200     		.2byte	0x2
 2133 0006 00000000 		.4byte	.Ldebug_info0
 2134 000a 04       		.byte	0x4
 2135 000b 00       		.byte	0
 2136 000c 0000     		.2byte	0
 2137 000e 0000     		.2byte	0
 2138 0010 00000000 		.4byte	0
 2139 0014 00000000 		.4byte	0
 2140              		.section	.debug_line,"",%progbits
 2141              	.Ldebug_line0:
 2142 0000 4F000000 		.section	.debug_str,"MS",%progbits,1
 2142      02004900 
 2142      00000201 
 2142      FB0E0D00 
 2142      01010101 
 2143              	.LASF19:
 2144 0000 2E5C4765 		.ascii	".\\Generated_Source\\PSoC5\\cymetadata.c\000"
 2144      6E657261 
 2144      7465645F 
 2144      536F7572 
 2144      63655C50 
 2145              	.LASF17:
 2146 0026 63795F6D 		.ascii	"cy_metadata\000"
 2146      65746164 
 2146      61746100 
 2147              	.LASF9:
 2148 0032 666C6F61 		.ascii	"float\000"
 2148      7400
 2149              	.LASF1:
 2150 0038 756E7369 		.ascii	"unsigned char\000"
 2150      676E6564 
ARM GAS  C:\Users\214016~1\AppData\Local\Temp\ccQmW1Dn.s 			page 39


 2150      20636861 
 2150      7200
 2151              	.LASF5:
 2152 0046 6C6F6E67 		.ascii	"long unsigned int\000"
 2152      20756E73 
 2152      69676E65 
 2152      6420696E 
 2152      7400
 2153              	.LASF3:
 2154 0058 73686F72 		.ascii	"short unsigned int\000"
 2154      7420756E 
 2154      7369676E 
 2154      65642069 
 2154      6E7400
 2155              	.LASF10:
 2156 006b 646F7562 		.ascii	"double\000"
 2156      6C6500
 2157              	.LASF14:
 2158 0072 63795F6D 		.ascii	"cy_meta_custnvl\000"
 2158      6574615F 
 2158      63757374 
 2158      6E766C00 
 2159              	.LASF13:
 2160 0082 63795F6D 		.ascii	"cy_meta_configecc\000"
 2160      6574615F 
 2160      636F6E66 
 2160      69676563 
 2160      6300
 2161              	.LASF18:
 2162 0094 474E5520 		.ascii	"GNU C 4.9.3 20150303 (release) [ARM/embedded-4_9-br"
 2162      4320342E 
 2162      392E3320 
 2162      32303135 
 2162      30333033 
 2163 00c7 616E6368 		.ascii	"anch revision 221220] -mcpu=cortex-m3 -mthumb -g -O"
 2163      20726576 
 2163      6973696F 
 2163      6E203232 
 2163      31323230 
 2164 00fa 67202D66 		.ascii	"g -ffunction-sections -ffat-lto-objects\000"
 2164      66756E63 
 2164      74696F6E 
 2164      2D736563 
 2164      74696F6E 
 2165              	.LASF20:
 2166 0122 433A5C55 		.ascii	"C:\\Users\\214016586\\Documents\\PSoC Creator\\Dual"
 2166      73657273 
 2166      5C323134 
 2166      30313635 
 2166      38365C44 
 2167 0150 2D50536F 		.ascii	"-PSoC-DCO\\Dual-PSoC-DCO.cydsn\000"
 2167      432D4443 
 2167      4F5C4475 
 2167      616C2D50 
 2167      536F432D 
 2168              	.LASF8:
 2169 016e 756E7369 		.ascii	"unsigned int\000"
ARM GAS  C:\Users\214016~1\AppData\Local\Temp\ccQmW1Dn.s 			page 40


 2169      676E6564 
 2169      20696E74 
 2169      00
 2170              	.LASF7:
 2171 017b 6C6F6E67 		.ascii	"long long unsigned int\000"
 2171      206C6F6E 
 2171      6720756E 
 2171      7369676E 
 2171      65642069 
 2172              	.LASF16:
 2173 0192 63795F6D 		.ascii	"cy_meta_flashprotect\000"
 2173      6574615F 
 2173      666C6173 
 2173      6870726F 
 2173      74656374 
 2174              	.LASF15:
 2175 01a7 63795F6D 		.ascii	"cy_meta_wonvl\000"
 2175      6574615F 
 2175      776F6E76 
 2175      6C00
 2176              	.LASF12:
 2177 01b5 73697A65 		.ascii	"sizetype\000"
 2177      74797065 
 2177      00
 2178              	.LASF6:
 2179 01be 6C6F6E67 		.ascii	"long long int\000"
 2179      206C6F6E 
 2179      6720696E 
 2179      7400
 2180              	.LASF11:
 2181 01cc 63686172 		.ascii	"char\000"
 2181      00
 2182              	.LASF2:
 2183 01d1 73686F72 		.ascii	"short int\000"
 2183      7420696E 
 2183      7400
 2184              	.LASF21:
 2185 01db 75696E74 		.ascii	"uint8\000"
 2185      3800
 2186              	.LASF4:
 2187 01e1 6C6F6E67 		.ascii	"long int\000"
 2187      20696E74 
 2187      00
 2188              	.LASF0:
 2189 01ea 7369676E 		.ascii	"signed char\000"
 2189      65642063 
 2189      68617200 
 2190              		.ident	"GCC: (GNU Tools for ARM Embedded Processors) 4.9.3 20150303 (release) [ARM/embedded-4_9-br
