ARM GAS  C:\Users\214016~1\AppData\Local\Temp\ccAmzuab.s 			page 1


   1              		.syntax unified
   2              		.cpu cortex-m3
   3              		.fpu softvfp
   4              		.eabi_attribute 20, 1
   5              		.eabi_attribute 21, 1
   6              		.eabi_attribute 23, 3
   7              		.eabi_attribute 24, 1
   8              		.eabi_attribute 25, 1
   9              		.eabi_attribute 26, 1
  10              		.eabi_attribute 30, 1
  11              		.eabi_attribute 34, 1
  12              		.eabi_attribute 18, 4
  13              		.thumb
  14              		.file	"main.c"
  15              		.text
  16              	.Ltext0:
  17              		.cfi_sections	.debug_frame
  18              		.global	__aeabi_i2d
  19              		.global	__aeabi_dmul
  20              		.global	__aeabi_d2iz
  21              		.section	.text.main,"ax",%progbits
  22              		.align	2
  23              		.global	main
  24              		.thumb
  25              		.thumb_func
  26              		.type	main, %function
  27              	main:
  28              	.LFB63:
  29              		.file 1 ".\\main.c"
   1:.\main.c      **** /* ========================================
   2:.\main.c      ****  *
   3:.\main.c      ****  * Copyright YOUR COMPANY, THE YEAR
   4:.\main.c      ****  * All Rights Reserved
   5:.\main.c      ****  * UNPUBLISHED, LICENSED SOFTWARE.
   6:.\main.c      ****  *
   7:.\main.c      ****  * CONFIDENTIAL AND PROPRIETARY INFORMATION
   8:.\main.c      ****  * WHICH IS THE PROPERTY OF your company.
   9:.\main.c      ****  *
  10:.\main.c      ****  * ========================================
  11:.\main.c      **** */
  12:.\main.c      **** #include <project.h>
  13:.\main.c      **** #include <math.h>
  14:.\main.c      **** 
  15:.\main.c      **** #define CAP_VALUE 0.027;
  16:.\main.c      **** #define VPP_VALUE 2.5;
  17:.\main.c      **** 
  18:.\main.c      **** int dac_value;
  19:.\main.c      **** 
  20:.\main.c      **** int main()
  21:.\main.c      **** {
  30              		.loc 1 21 0
  31              		.cfi_startproc
  32              		@ args = 0, pretend = 0, frame = 8
  33              		@ frame_needed = 0, uses_anonymous_args = 0
  34 0000 30B5     		push	{r4, r5, lr}
  35              		.cfi_def_cfa_offset 12
  36              		.cfi_offset 4, -12
ARM GAS  C:\Users\214016~1\AppData\Local\Temp\ccAmzuab.s 			page 2


  37              		.cfi_offset 5, -8
  38              		.cfi_offset 14, -4
  39 0002 83B0     		sub	sp, sp, #12
  40              		.cfi_def_cfa_offset 24
  41              	.LVL0:
  22:.\main.c      ****     int pinState = 0;
  23:.\main.c      ****     CyGlobalIntEnable; /* Enable global interrupts. */
  42              		.loc 1 23 0
  43              	@ 23 ".\main.c" 1
  44 0004 62B6     		CPSIE   i
  45              	@ 0 "" 2
  24:.\main.c      ****     volatile int myFixedValue = 1;
  46              		.loc 1 24 0
  47              		.thumb
  48 0006 0123     		movs	r3, #1
  49 0008 0193     		str	r3, [sp, #4]
  25:.\main.c      **** 
  26:.\main.c      ****     /* Place your initialization/startup code here (e.g. MyInst_Start()) */
  27:.\main.c      ****     OSC1_Freq_Timer_Start();
  50              		.loc 1 27 0
  51 000a FFF7FEFF 		bl	OSC1_Freq_Timer_Start
  52              	.LVL1:
  28:.\main.c      **** //    OSC1_Freq_Timer_1_Start();
  29:.\main.c      ****     OSC1_IDAC8_Start();
  53              		.loc 1 29 0
  54 000e FFF7FEFF 		bl	OSC1_IDAC8_Start
  55              	.LVL2:
  30:.\main.c      ****     Clock_1_Start();
  56              		.loc 1 30 0
  57 0012 FFF7FEFF 		bl	Clock_1_Start
  58              	.LVL3:
  31:.\main.c      ****     OSC1_IDAC8_SetValue(255);
  59              		.loc 1 31 0
  60 0016 FF20     		movs	r0, #255
  61 0018 FFF7FEFF 		bl	OSC1_IDAC8_SetValue
  62              	.LVL4:
  32:.\main.c      ****     OSC1_IDAC8_SAW_Start();
  63              		.loc 1 32 0
  64 001c FFF7FEFF 		bl	OSC1_IDAC8_SAW_Start
  65              	.LVL5:
  33:.\main.c      ****     OSC1_IDAC8_SAW_SetValue(255);
  66              		.loc 1 33 0
  67 0020 FF20     		movs	r0, #255
  68 0022 FFF7FEFF 		bl	OSC1_IDAC8_SAW_SetValue
  69              	.LVL6:
  34:.\main.c      ****     ADC_DelSig_1_Start();
  70              		.loc 1 34 0
  71 0026 FFF7FEFF 		bl	ADC_DelSig_1_Start
  72              	.LVL7:
  35:.\main.c      ****     ADC_DelSig_1_StartConvert();
  73              		.loc 1 35 0
  74 002a FFF7FEFF 		bl	ADC_DelSig_1_StartConvert
  75              	.LVL8:
  36:.\main.c      ****     OSC1_Freq_Timer_WritePeriod(36000);
  76              		.loc 1 36 0
  77 002e 48F6A040 		movw	r0, #36000
  78 0032 FFF7FEFF 		bl	OSC1_Freq_Timer_WritePeriod
ARM GAS  C:\Users\214016~1\AppData\Local\Temp\ccAmzuab.s 			page 3


  79              	.LVL9:
  37:.\main.c      **** //    OSC1_Freq_Timer_1_WritePeriod(36000);
  38:.\main.c      ****     OSC1_Triangle_Follower_Start();
  80              		.loc 1 38 0
  81 0036 FFF7FEFF 		bl	OSC1_Triangle_Follower_Start
  82              	.LVL10:
  39:.\main.c      ****     OSC1_Triangle_Follower_Enable();
  83              		.loc 1 39 0
  84 003a FFF7FEFF 		bl	OSC1_Triangle_Follower_Enable
  85              	.LVL11:
  40:.\main.c      ****     OSC1_Saw_Follower_Start();
  86              		.loc 1 40 0
  87 003e FFF7FEFF 		bl	OSC1_Saw_Follower_Start
  88              	.LVL12:
  41:.\main.c      ****     OSC1_Saw_Follower_Enable();
  89              		.loc 1 41 0
  90 0042 FFF7FEFF 		bl	OSC1_Saw_Follower_Enable
  91              	.LVL13:
  42:.\main.c      ****     OSC1_Comp_Start();
  92              		.loc 1 42 0
  93 0046 FFF7FEFF 		bl	OSC1_Comp_Start
  94              	.LVL14:
  43:.\main.c      ****     OSC1_Comp_Enable();
  95              		.loc 1 43 0
  96 004a FFF7FEFF 		bl	OSC1_Comp_Enable
  97              	.LVL15:
  22:.\main.c      ****     CyGlobalIntEnable; /* Enable global interrupts. */
  98              		.loc 1 22 0
  99 004e 0025     		movs	r5, #0
 100              	.LVL16:
 101              	.L11:
 102              	.LBB2:
  44:.\main.c      **** //    OSC1_Mux_Init();
  45:.\main.c      **** //    OSC1_Mux_Start();
  46:.\main.c      **** //    OSC1_Mux_Next();
  47:.\main.c      **** //    OSC1_ISR_Start();
  48:.\main.c      **** //    OSC1_Inverter_Start();
  49:.\main.c      **** //    OSC1_Inverter_Enable();
  50:.\main.c      ****     
  51:.\main.c      ****     for(;;)
  52:.\main.c      ****     {
  53:.\main.c      ****         if (pinState == 0)
 103              		.loc 1 53 0
 104 0050 25B9     		cbnz	r5, .L2
 105              	.LVL17:
  54:.\main.c      ****         {
  55:.\main.c      ****             pinState = 1;
  56:.\main.c      ****             test_pin_Write(00);
 106              		.loc 1 56 0
 107 0052 0020     		movs	r0, #0
 108 0054 FFF7FEFF 		bl	test_pin_Write
 109              	.LVL18:
  55:.\main.c      ****             test_pin_Write(00);
 110              		.loc 1 55 0
 111 0058 0125     		movs	r5, #1
 112 005a 03E0     		b	.L3
 113              	.LVL19:
ARM GAS  C:\Users\214016~1\AppData\Local\Temp\ccAmzuab.s 			page 4


 114              	.L2:
  57:.\main.c      ****         }
  58:.\main.c      ****         else
  59:.\main.c      ****         {
  60:.\main.c      ****             pinState = 0;
  61:.\main.c      ****             test_pin_Write(0xff);
 115              		.loc 1 61 0
 116 005c FF20     		movs	r0, #255
 117 005e FFF7FEFF 		bl	test_pin_Write
 118              	.LVL20:
  60:.\main.c      ****             test_pin_Write(0xff);
 119              		.loc 1 60 0
 120 0062 0025     		movs	r5, #0
 121              	.LVL21:
 122              	.L3:
  62:.\main.c      ****         }
  63:.\main.c      ****         int result = ADC_DelSig_1_GetResult32();
 123              		.loc 1 63 0
 124 0064 FFF7FEFF 		bl	ADC_DelSig_1_GetResult32
 125              	.LVL22:
  64:.\main.c      **** //        int frequency = (220*(pow(1.059463094,(12*ADC_DelSig_1_CountsTo_Volts(result)))));
  65:.\main.c      **** //        int frequency = (220*(pow(1.059463094,(12*myFixedValue))));
  66:.\main.c      ****         int frequency = (110*(pow(2, 5*result/65535)));
 126              		.loc 1 66 0
 127 0068 00EB8000 		add	r0, r0, r0, lsl #2
 128              	.LVL23:
 129 006c 2D4B     		ldr	r3, .L13
 130 006e 83FB0023 		smull	r2, r3, r3, r0
 131 0072 0344     		add	r3, r3, r0
 132 0074 C017     		asrs	r0, r0, #31
 133 0076 C0EBE330 		rsb	r0, r0, r3, asr #15
 134 007a FFF7FEFF 		bl	__aeabi_i2d
 135              	.LVL24:
 136 007e 0246     		mov	r2, r0
 137 0080 0B46     		mov	r3, r1
 138 0082 0020     		movs	r0, #0
 139 0084 4FF08041 		mov	r1, #1073741824
 140 0088 FFF7FEFF 		bl	pow
 141              	.LVL25:
 142 008c 0022     		movs	r2, #0
 143 008e 264B     		ldr	r3, .L13+4
 144 0090 FFF7FEFF 		bl	__aeabi_dmul
 145              	.LVL26:
 146 0094 FFF7FEFF 		bl	__aeabi_d2iz
 147              	.LVL27:
 148 0098 0446     		mov	r4, r0
 149              	.LVL28:
  67:.\main.c      ****         int count = 12000000/frequency;
  68:.\main.c      ****        OSC1_Freq_Timer_WritePeriod(count);
 150              		.loc 1 68 0
 151 009a 2448     		ldr	r0, .L13+8
 152              	.LVL29:
 153 009c 90FBF4F0 		sdiv	r0, r0, r4
 154              	.LVL30:
 155 00a0 FFF7FEFF 		bl	OSC1_Freq_Timer_WritePeriod
 156              	.LVL31:
  69:.\main.c      **** //       OSC1_Freq_Timer_1_WritePeriod(count*2);
ARM GAS  C:\Users\214016~1\AppData\Local\Temp\ccAmzuab.s 			page 5


  70:.\main.c      ****     if (frequency > 3950){
 157              		.loc 1 70 0
 158 00a4 40F66E73 		movw	r3, #3950
 159 00a8 9C42     		cmp	r4, r3
 160 00aa 0EDD     		ble	.L4
  71:.\main.c      ****         OSC1_IDAC8_SetRange(OSC1_IDAC8_RANGE_2mA);
 161              		.loc 1 71 0
 162 00ac 0820     		movs	r0, #8
 163 00ae FFF7FEFF 		bl	OSC1_IDAC8_SetRange
 164              	.LVL32:
  72:.\main.c      ****         OSC1_IDAC8_SAW_SetRange(OSC1_IDAC8_SAW_RANGE_2mA);
 165              		.loc 1 72 0
 166 00b2 0820     		movs	r0, #8
 167 00b4 FFF7FEFF 		bl	OSC1_IDAC8_SAW_SetRange
 168              	.LVL33:
  73:.\main.c      ****         dac_value = frequency / 32 ;
 169              		.loc 1 73 0
 170 00b8 2346     		mov	r3, r4
 171 00ba 002C     		cmp	r4, #0
 172 00bc 01DA     		bge	.L5
 173 00be 04F11F03 		add	r3, r4, #31
 174              	.L5:
 175 00c2 5B11     		asrs	r3, r3, #5
 176 00c4 1A4A     		ldr	r2, .L13+12
 177 00c6 1360     		str	r3, [r2]
 178 00c8 19E0     		b	.L6
 179              	.L4:
  74:.\main.c      ****     }
  75:.\main.c      ****     else if (frequency > 493){
 180              		.loc 1 75 0
 181 00ca B4F5F77F 		cmp	r4, #494
 182 00ce 0DDB     		blt	.L7
  76:.\main.c      ****         OSC1_IDAC8_SetRange(OSC1_IDAC8_RANGE_255uA);
 183              		.loc 1 76 0
 184 00d0 0420     		movs	r0, #4
 185 00d2 FFF7FEFF 		bl	OSC1_IDAC8_SetRange
 186              	.LVL34:
  77:.\main.c      ****         OSC1_IDAC8_SAW_SetRange(OSC1_IDAC8_SAW_RANGE_255uA);
 187              		.loc 1 77 0
 188 00d6 0420     		movs	r0, #4
 189 00d8 FFF7FEFF 		bl	OSC1_IDAC8_SAW_SetRange
 190              	.LVL35:
  78:.\main.c      ****         dac_value = frequency /4 ;}
 191              		.loc 1 78 0
 192 00dc 2346     		mov	r3, r4
 193 00de 002C     		cmp	r4, #0
 194 00e0 00DA     		bge	.L8
 195              	.LVL36:
 196 00e2 E31C     		adds	r3, r4, #3
 197              	.LVL37:
 198              	.L8:
 199 00e4 9B10     		asrs	r3, r3, #2
 200 00e6 124A     		ldr	r2, .L13+12
 201 00e8 1360     		str	r3, [r2]
 202 00ea 08E0     		b	.L6
 203              	.L7:
  79:.\main.c      ****     else {
ARM GAS  C:\Users\214016~1\AppData\Local\Temp\ccAmzuab.s 			page 6


  80:.\main.c      ****         OSC1_IDAC8_SetRange(OSC1_IDAC8_RANGE_32uA);
 204              		.loc 1 80 0
 205 00ec 0020     		movs	r0, #0
 206 00ee FFF7FEFF 		bl	OSC1_IDAC8_SetRange
 207              	.LVL38:
  81:.\main.c      ****         OSC1_IDAC8_SAW_SetRange(OSC1_IDAC8_SAW_RANGE_32uA);
 208              		.loc 1 81 0
 209 00f2 0020     		movs	r0, #0
 210 00f4 FFF7FEFF 		bl	OSC1_IDAC8_SAW_SetRange
 211              	.LVL39:
  82:.\main.c      ****         dac_value = frequency * 2;
 212              		.loc 1 82 0
 213 00f8 6400     		lsls	r4, r4, #1
 214              	.LVL40:
 215 00fa 0D4B     		ldr	r3, .L13+12
 216 00fc 1C60     		str	r4, [r3]
 217              	.L6:
  83:.\main.c      ****      }   
  84:.\main.c      ****         
  85:.\main.c      ****    //    dac_value=(frequency/8);
  86:.\main.c      ****     OSC1_IDAC8_SetValue(dac_value/4);
 218              		.loc 1 86 0
 219 00fe 0C4B     		ldr	r3, .L13+12
 220 0100 1868     		ldr	r0, [r3]
 221 0102 0028     		cmp	r0, #0
 222 0104 00DA     		bge	.L9
 223 0106 0330     		adds	r0, r0, #3
 224              	.L9:
 225 0108 C0F38700 		ubfx	r0, r0, #2, #8
 226 010c FFF7FEFF 		bl	OSC1_IDAC8_SetValue
 227              	.LVL41:
  87:.\main.c      ****     OSC1_IDAC8_SAW_SetValue(dac_value/4);
 228              		.loc 1 87 0
 229 0110 074B     		ldr	r3, .L13+12
 230 0112 1868     		ldr	r0, [r3]
 231 0114 0028     		cmp	r0, #0
 232 0116 00DA     		bge	.L10
 233 0118 0330     		adds	r0, r0, #3
 234              	.L10:
 235 011a C0F38700 		ubfx	r0, r0, #2, #8
 236 011e FFF7FEFF 		bl	OSC1_IDAC8_SAW_SetValue
 237              	.LVL42:
 238              	.LBE2:
  88:.\main.c      ****   //      CyDelay(1000); /* Place your application code here. */
  89:.\main.c      ****     //   Freq_Timer_WritePeriod(36000);
  90:.\main.c      ****    //    IDAC8_1_SetValue(127);
  91:.\main.c      **** //       CyDelay(5000);
  92:.\main.c      **** //       Freq_Timer_WritePeriod(18000);
  93:.\main.c      ****    //    IDAC8_1_SetValue(255);
  94:.\main.c      ****     }
 239              		.loc 1 94 0
 240 0122 95E7     		b	.L11
 241              	.L14:
 242              		.align	2
 243              	.L13:
 244 0124 01800080 		.word	-2147450879
 245 0128 00805B40 		.word	1079738368
ARM GAS  C:\Users\214016~1\AppData\Local\Temp\ccAmzuab.s 			page 7


 246 012c 001BB700 		.word	12000000
 247 0130 00000000 		.word	dac_value
 248              		.cfi_endproc
 249              	.LFE63:
 250              		.size	main, .-main
 251              		.comm	dac_value,4,4
 252              		.text
 253              	.Letext0:
 254              		.file 2 "c:\\program files (x86)\\cypress\\psoc creator\\3.3\\psoc creator\\import\\gnu\\arm\\4.9.
 255              		.file 3 "c:\\program files (x86)\\cypress\\psoc creator\\3.3\\psoc creator\\import\\gnu\\arm\\4.9.
 256              		.file 4 "Generated_Source\\PSoC5/cytypes.h"
 257              		.file 5 "Generated_Source\\PSoC5/core_cm3.h"
 258              		.file 6 "Generated_Source\\PSoC5/test_pin.h"
 259              		.file 7 "Generated_Source\\PSoC5/OSC1_Freq_Timer.h"
 260              		.file 8 "Generated_Source\\PSoC5/OSC1_IDAC8.h"
 261              		.file 9 "Generated_Source\\PSoC5/OSC1_IDAC8_SAW.h"
 262              		.file 10 "Generated_Source\\PSoC5/Clock_1.h"
 263              		.file 11 "Generated_Source\\PSoC5/ADC_DelSig_1.h"
 264              		.file 12 "Generated_Source\\PSoC5/OSC1_Triangle_Follower.h"
 265              		.file 13 "Generated_Source\\PSoC5/OSC1_Saw_Follower.h"
 266              		.file 14 "Generated_Source\\PSoC5/OSC1_Comp.h"
 267              		.file 15 "c:\\program files (x86)\\cypress\\psoc creator\\3.3\\psoc creator\\import\\gnu\\arm\\4.9
 268              		.section	.debug_info,"",%progbits
 269              	.Ldebug_info0:
 270 0000 BD030000 		.4byte	0x3bd
 271 0004 0400     		.2byte	0x4
 272 0006 00000000 		.4byte	.Ldebug_abbrev0
 273 000a 04       		.byte	0x4
 274 000b 01       		.uleb128 0x1
 275 000c 93010000 		.4byte	.LASF44
 276 0010 01       		.byte	0x1
 277 0011 05010000 		.4byte	.LASF45
 278 0015 00000000 		.4byte	.LASF46
 279 0019 00000000 		.4byte	.Ldebug_ranges0+0
 280 001d 00000000 		.4byte	0
 281 0021 00000000 		.4byte	.Ldebug_line0
 282 0025 02       		.uleb128 0x2
 283 0026 01       		.byte	0x1
 284 0027 06       		.byte	0x6
 285 0028 5F030000 		.4byte	.LASF0
 286 002c 02       		.uleb128 0x2
 287 002d 01       		.byte	0x1
 288 002e 08       		.byte	0x8
 289 002f E9000000 		.4byte	.LASF1
 290 0033 02       		.uleb128 0x2
 291 0034 02       		.byte	0x2
 292 0035 05       		.byte	0x5
 293 0036 17030000 		.4byte	.LASF2
 294 003a 02       		.uleb128 0x2
 295 003b 02       		.byte	0x2
 296 003c 07       		.byte	0x7
 297 003d 6B030000 		.4byte	.LASF3
 298 0041 03       		.uleb128 0x3
 299 0042 81000000 		.4byte	.LASF9
 300 0046 02       		.byte	0x2
 301 0047 3F       		.byte	0x3f
 302 0048 4C000000 		.4byte	0x4c
ARM GAS  C:\Users\214016~1\AppData\Local\Temp\ccAmzuab.s 			page 8


 303 004c 02       		.uleb128 0x2
 304 004d 04       		.byte	0x4
 305 004e 05       		.byte	0x5
 306 004f 30030000 		.4byte	.LASF4
 307 0053 02       		.uleb128 0x2
 308 0054 04       		.byte	0x4
 309 0055 07       		.byte	0x7
 310 0056 75010000 		.4byte	.LASF5
 311 005a 02       		.uleb128 0x2
 312 005b 08       		.byte	0x8
 313 005c 05       		.byte	0x5
 314 005d CB020000 		.4byte	.LASF6
 315 0061 02       		.uleb128 0x2
 316 0062 08       		.byte	0x8
 317 0063 07       		.byte	0x7
 318 0064 56020000 		.4byte	.LASF7
 319 0068 04       		.uleb128 0x4
 320 0069 04       		.byte	0x4
 321 006a 05       		.byte	0x5
 322 006b 696E7400 		.ascii	"int\000"
 323 006f 02       		.uleb128 0x2
 324 0070 04       		.byte	0x4
 325 0071 07       		.byte	0x7
 326 0072 34020000 		.4byte	.LASF8
 327 0076 03       		.uleb128 0x3
 328 0077 D1000000 		.4byte	.LASF10
 329 007b 03       		.byte	0x3
 330 007c 2C       		.byte	0x2c
 331 007d 41000000 		.4byte	0x41
 332 0081 05       		.uleb128 0x5
 333 0082 21030000 		.4byte	.LASF11
 334 0086 04       		.byte	0x4
 335 0087 3801     		.2byte	0x138
 336 0089 2C000000 		.4byte	0x2c
 337 008d 05       		.uleb128 0x5
 338 008e 8C010000 		.4byte	.LASF12
 339 0092 04       		.byte	0x4
 340 0093 3A01     		.2byte	0x13a
 341 0095 53000000 		.4byte	0x53
 342 0099 05       		.uleb128 0x5
 343 009a A4020000 		.4byte	.LASF13
 344 009e 04       		.byte	0x4
 345 009f 3D01     		.2byte	0x13d
 346 00a1 4C000000 		.4byte	0x4c
 347 00a5 02       		.uleb128 0x2
 348 00a6 04       		.byte	0x4
 349 00a7 04       		.byte	0x4
 350 00a8 D9000000 		.4byte	.LASF14
 351 00ac 02       		.uleb128 0x2
 352 00ad 08       		.byte	0x8
 353 00ae 04       		.byte	0x4
 354 00af B2000000 		.4byte	.LASF15
 355 00b3 02       		.uleb128 0x2
 356 00b4 01       		.byte	0x1
 357 00b5 08       		.byte	0x8
 358 00b6 E9020000 		.4byte	.LASF16
 359 00ba 02       		.uleb128 0x2
ARM GAS  C:\Users\214016~1\AppData\Local\Temp\ccAmzuab.s 			page 9


 360 00bb 04       		.byte	0x4
 361 00bc 07       		.byte	0x7
 362 00bd AA020000 		.4byte	.LASF17
 363 00c1 02       		.uleb128 0x2
 364 00c2 08       		.byte	0x8
 365 00c3 04       		.byte	0x4
 366 00c4 53030000 		.4byte	.LASF18
 367 00c8 06       		.uleb128 0x6
 368 00c9 87010000 		.4byte	.LASF47
 369 00cd 01       		.byte	0x1
 370 00ce 14       		.byte	0x14
 371 00cf 68000000 		.4byte	0x68
 372 00d3 00000000 		.4byte	.LFB63
 373 00d7 34010000 		.4byte	.LFE63-.LFB63
 374 00db 01       		.uleb128 0x1
 375 00dc 9C       		.byte	0x9c
 376 00dd BA020000 		.4byte	0x2ba
 377 00e1 07       		.uleb128 0x7
 378 00e2 27030000 		.4byte	.LASF19
 379 00e6 01       		.byte	0x1
 380 00e7 16       		.byte	0x16
 381 00e8 68000000 		.4byte	0x68
 382 00ec 00000000 		.4byte	.LLST0
 383 00f0 08       		.uleb128 0x8
 384 00f1 97020000 		.4byte	.LASF20
 385 00f5 01       		.byte	0x1
 386 00f6 18       		.byte	0x18
 387 00f7 BA020000 		.4byte	0x2ba
 388 00fb 02       		.uleb128 0x2
 389 00fc 91       		.byte	0x91
 390 00fd 6C       		.sleb128 -20
 391 00fe 09       		.uleb128 0x9
 392 00ff 50000000 		.4byte	.LBB2
 393 0103 D2000000 		.4byte	.LBE2-.LBB2
 394 0107 10020000 		.4byte	0x210
 395 010b 07       		.uleb128 0x7
 396 010c 86020000 		.4byte	.LASF21
 397 0110 01       		.byte	0x1
 398 0111 3F       		.byte	0x3f
 399 0112 68000000 		.4byte	0x68
 400 0116 42000000 		.4byte	.LLST1
 401 011a 07       		.uleb128 0x7
 402 011b 8D020000 		.4byte	.LASF22
 403 011f 01       		.byte	0x1
 404 0120 42       		.byte	0x42
 405 0121 68000000 		.4byte	0x68
 406 0125 55000000 		.4byte	.LLST2
 407 0129 07       		.uleb128 0x7
 408 012a 11030000 		.4byte	.LASF23
 409 012e 01       		.byte	0x1
 410 012f 43       		.byte	0x43
 411 0130 68000000 		.4byte	0x68
 412 0134 89000000 		.4byte	.LLST3
 413 0138 0A       		.uleb128 0xa
 414 0139 58000000 		.4byte	.LVL18
 415 013d E1020000 		.4byte	0x2e1
 416 0141 4B010000 		.4byte	0x14b
ARM GAS  C:\Users\214016~1\AppData\Local\Temp\ccAmzuab.s 			page 10


 417 0145 0B       		.uleb128 0xb
 418 0146 01       		.uleb128 0x1
 419 0147 50       		.byte	0x50
 420 0148 01       		.uleb128 0x1
 421 0149 30       		.byte	0x30
 422 014a 00       		.byte	0
 423 014b 0A       		.uleb128 0xa
 424 014c 62000000 		.4byte	.LVL20
 425 0150 E1020000 		.4byte	0x2e1
 426 0154 5F010000 		.4byte	0x15f
 427 0158 0B       		.uleb128 0xb
 428 0159 01       		.uleb128 0x1
 429 015a 50       		.byte	0x50
 430 015b 02       		.uleb128 0x2
 431 015c 09       		.byte	0x9
 432 015d FF       		.byte	0xff
 433 015e 00       		.byte	0
 434 015f 0C       		.uleb128 0xc
 435 0160 68000000 		.4byte	.LVL22
 436 0164 F2020000 		.4byte	0x2f2
 437 0168 0C       		.uleb128 0xc
 438 0169 8C000000 		.4byte	.LVL25
 439 016d FD020000 		.4byte	0x2fd
 440 0171 0A       		.uleb128 0xa
 441 0172 A4000000 		.4byte	.LVL31
 442 0176 17030000 		.4byte	0x317
 443 017a 8B010000 		.4byte	0x18b
 444 017e 0B       		.uleb128 0xb
 445 017f 01       		.uleb128 0x1
 446 0180 50       		.byte	0x50
 447 0181 08       		.uleb128 0x8
 448 0182 0C       		.byte	0xc
 449 0183 001BB700 		.4byte	0xb71b00
 450 0187 74       		.byte	0x74
 451 0188 00       		.sleb128 0
 452 0189 1B       		.byte	0x1b
 453 018a 00       		.byte	0
 454 018b 0A       		.uleb128 0xa
 455 018c B2000000 		.4byte	.LVL32
 456 0190 28030000 		.4byte	0x328
 457 0194 9E010000 		.4byte	0x19e
 458 0198 0B       		.uleb128 0xb
 459 0199 01       		.uleb128 0x1
 460 019a 50       		.byte	0x50
 461 019b 01       		.uleb128 0x1
 462 019c 38       		.byte	0x38
 463 019d 00       		.byte	0
 464 019e 0A       		.uleb128 0xa
 465 019f B8000000 		.4byte	.LVL33
 466 01a3 39030000 		.4byte	0x339
 467 01a7 B1010000 		.4byte	0x1b1
 468 01ab 0B       		.uleb128 0xb
 469 01ac 01       		.uleb128 0x1
 470 01ad 50       		.byte	0x50
 471 01ae 01       		.uleb128 0x1
 472 01af 38       		.byte	0x38
 473 01b0 00       		.byte	0
ARM GAS  C:\Users\214016~1\AppData\Local\Temp\ccAmzuab.s 			page 11


 474 01b1 0A       		.uleb128 0xa
 475 01b2 D6000000 		.4byte	.LVL34
 476 01b6 28030000 		.4byte	0x328
 477 01ba C4010000 		.4byte	0x1c4
 478 01be 0B       		.uleb128 0xb
 479 01bf 01       		.uleb128 0x1
 480 01c0 50       		.byte	0x50
 481 01c1 01       		.uleb128 0x1
 482 01c2 34       		.byte	0x34
 483 01c3 00       		.byte	0
 484 01c4 0A       		.uleb128 0xa
 485 01c5 DC000000 		.4byte	.LVL35
 486 01c9 39030000 		.4byte	0x339
 487 01cd D7010000 		.4byte	0x1d7
 488 01d1 0B       		.uleb128 0xb
 489 01d2 01       		.uleb128 0x1
 490 01d3 50       		.byte	0x50
 491 01d4 01       		.uleb128 0x1
 492 01d5 34       		.byte	0x34
 493 01d6 00       		.byte	0
 494 01d7 0A       		.uleb128 0xa
 495 01d8 F2000000 		.4byte	.LVL38
 496 01dc 28030000 		.4byte	0x328
 497 01e0 EA010000 		.4byte	0x1ea
 498 01e4 0B       		.uleb128 0xb
 499 01e5 01       		.uleb128 0x1
 500 01e6 50       		.byte	0x50
 501 01e7 01       		.uleb128 0x1
 502 01e8 30       		.byte	0x30
 503 01e9 00       		.byte	0
 504 01ea 0A       		.uleb128 0xa
 505 01eb F8000000 		.4byte	.LVL39
 506 01ef 39030000 		.4byte	0x339
 507 01f3 FD010000 		.4byte	0x1fd
 508 01f7 0B       		.uleb128 0xb
 509 01f8 01       		.uleb128 0x1
 510 01f9 50       		.byte	0x50
 511 01fa 01       		.uleb128 0x1
 512 01fb 30       		.byte	0x30
 513 01fc 00       		.byte	0
 514 01fd 0C       		.uleb128 0xc
 515 01fe 10010000 		.4byte	.LVL41
 516 0202 4A030000 		.4byte	0x34a
 517 0206 0C       		.uleb128 0xc
 518 0207 22010000 		.4byte	.LVL42
 519 020b 5B030000 		.4byte	0x35b
 520 020f 00       		.byte	0
 521 0210 0C       		.uleb128 0xc
 522 0211 0E000000 		.4byte	.LVL1
 523 0215 6C030000 		.4byte	0x36c
 524 0219 0C       		.uleb128 0xc
 525 021a 12000000 		.4byte	.LVL2
 526 021e 73030000 		.4byte	0x373
 527 0222 0C       		.uleb128 0xc
 528 0223 16000000 		.4byte	.LVL3
 529 0227 7A030000 		.4byte	0x37a
 530 022b 0A       		.uleb128 0xa
ARM GAS  C:\Users\214016~1\AppData\Local\Temp\ccAmzuab.s 			page 12


 531 022c 1C000000 		.4byte	.LVL4
 532 0230 4A030000 		.4byte	0x34a
 533 0234 3F020000 		.4byte	0x23f
 534 0238 0B       		.uleb128 0xb
 535 0239 01       		.uleb128 0x1
 536 023a 50       		.byte	0x50
 537 023b 02       		.uleb128 0x2
 538 023c 09       		.byte	0x9
 539 023d FF       		.byte	0xff
 540 023e 00       		.byte	0
 541 023f 0C       		.uleb128 0xc
 542 0240 20000000 		.4byte	.LVL5
 543 0244 81030000 		.4byte	0x381
 544 0248 0A       		.uleb128 0xa
 545 0249 26000000 		.4byte	.LVL6
 546 024d 5B030000 		.4byte	0x35b
 547 0251 5C020000 		.4byte	0x25c
 548 0255 0B       		.uleb128 0xb
 549 0256 01       		.uleb128 0x1
 550 0257 50       		.byte	0x50
 551 0258 02       		.uleb128 0x2
 552 0259 09       		.byte	0x9
 553 025a FF       		.byte	0xff
 554 025b 00       		.byte	0
 555 025c 0C       		.uleb128 0xc
 556 025d 2A000000 		.4byte	.LVL7
 557 0261 88030000 		.4byte	0x388
 558 0265 0C       		.uleb128 0xc
 559 0266 2E000000 		.4byte	.LVL8
 560 026a 8F030000 		.4byte	0x38f
 561 026e 0A       		.uleb128 0xa
 562 026f 36000000 		.4byte	.LVL9
 563 0273 17030000 		.4byte	0x317
 564 0277 83020000 		.4byte	0x283
 565 027b 0B       		.uleb128 0xb
 566 027c 01       		.uleb128 0x1
 567 027d 50       		.byte	0x50
 568 027e 03       		.uleb128 0x3
 569 027f 0A       		.byte	0xa
 570 0280 A08C     		.2byte	0x8ca0
 571 0282 00       		.byte	0
 572 0283 0C       		.uleb128 0xc
 573 0284 3A000000 		.4byte	.LVL10
 574 0288 96030000 		.4byte	0x396
 575 028c 0C       		.uleb128 0xc
 576 028d 3E000000 		.4byte	.LVL11
 577 0291 9D030000 		.4byte	0x39d
 578 0295 0C       		.uleb128 0xc
 579 0296 42000000 		.4byte	.LVL12
 580 029a A4030000 		.4byte	0x3a4
 581 029e 0C       		.uleb128 0xc
 582 029f 46000000 		.4byte	.LVL13
 583 02a3 AB030000 		.4byte	0x3ab
 584 02a7 0C       		.uleb128 0xc
 585 02a8 4A000000 		.4byte	.LVL14
 586 02ac B2030000 		.4byte	0x3b2
 587 02b0 0C       		.uleb128 0xc
ARM GAS  C:\Users\214016~1\AppData\Local\Temp\ccAmzuab.s 			page 13


 588 02b1 4E000000 		.4byte	.LVL15
 589 02b5 B9030000 		.4byte	0x3b9
 590 02b9 00       		.byte	0
 591 02ba 0D       		.uleb128 0xd
 592 02bb 68000000 		.4byte	0x68
 593 02bf 0E       		.uleb128 0xe
 594 02c0 4B010000 		.4byte	.LASF24
 595 02c4 05       		.byte	0x5
 596 02c5 5506     		.2byte	0x655
 597 02c7 CB020000 		.4byte	0x2cb
 598 02cb 0D       		.uleb128 0xd
 599 02cc 76000000 		.4byte	0x76
 600 02d0 0F       		.uleb128 0xf
 601 02d1 DF000000 		.4byte	.LASF25
 602 02d5 01       		.byte	0x1
 603 02d6 12       		.byte	0x12
 604 02d7 68000000 		.4byte	0x68
 605 02db 05       		.uleb128 0x5
 606 02dc 03       		.byte	0x3
 607 02dd 00000000 		.4byte	dac_value
 608 02e1 10       		.uleb128 0x10
 609 02e2 EE020000 		.4byte	.LASF26
 610 02e6 06       		.byte	0x6
 611 02e7 26       		.byte	0x26
 612 02e8 F2020000 		.4byte	0x2f2
 613 02ec 11       		.uleb128 0x11
 614 02ed 81000000 		.4byte	0x81
 615 02f1 00       		.byte	0
 616 02f2 12       		.uleb128 0x12
 617 02f3 6D020000 		.4byte	.LASF48
 618 02f7 0B       		.byte	0xb
 619 02f8 42       		.byte	0x42
 620 02f9 99000000 		.4byte	0x99
 621 02fd 13       		.uleb128 0x13
 622 02fe 706F7700 		.ascii	"pow\000"
 623 0302 0F       		.byte	0xf
 624 0303 85       		.byte	0x85
 625 0304 AC000000 		.4byte	0xac
 626 0308 17030000 		.4byte	0x317
 627 030c 11       		.uleb128 0x11
 628 030d AC000000 		.4byte	0xac
 629 0311 11       		.uleb128 0x11
 630 0312 AC000000 		.4byte	0xac
 631 0316 00       		.byte	0
 632 0317 10       		.uleb128 0x10
 633 0318 4C000000 		.4byte	.LASF27
 634 031c 07       		.byte	0x7
 635 031d 68       		.byte	0x68
 636 031e 28030000 		.4byte	0x328
 637 0322 11       		.uleb128 0x11
 638 0323 8D000000 		.4byte	0x8d
 639 0327 00       		.byte	0
 640 0328 10       		.uleb128 0x10
 641 0329 FD020000 		.4byte	.LASF28
 642 032d 08       		.byte	0x8
 643 032e 40       		.byte	0x40
 644 032f 39030000 		.4byte	0x339
ARM GAS  C:\Users\214016~1\AppData\Local\Temp\ccAmzuab.s 			page 14


 645 0333 11       		.uleb128 0x11
 646 0334 81000000 		.4byte	0x81
 647 0338 00       		.byte	0
 648 0339 10       		.uleb128 0x10
 649 033a B3020000 		.4byte	.LASF29
 650 033e 09       		.byte	0x9
 651 033f 40       		.byte	0x40
 652 0340 4A030000 		.4byte	0x34a
 653 0344 11       		.uleb128 0x11
 654 0345 81000000 		.4byte	0x81
 655 0349 00       		.byte	0
 656 034a 10       		.uleb128 0x10
 657 034b 37010000 		.4byte	.LASF30
 658 034f 08       		.byte	0x8
 659 0350 41       		.byte	0x41
 660 0351 5B030000 		.4byte	0x35b
 661 0355 11       		.uleb128 0x11
 662 0356 81000000 		.4byte	0x81
 663 035a 00       		.byte	0
 664 035b 10       		.uleb128 0x10
 665 035c 1F010000 		.4byte	.LASF31
 666 0360 09       		.byte	0x9
 667 0361 41       		.byte	0x41
 668 0362 6C030000 		.4byte	0x36c
 669 0366 11       		.uleb128 0x11
 670 0367 81000000 		.4byte	0x81
 671 036b 00       		.byte	0
 672 036c 14       		.uleb128 0x14
 673 036d 8B000000 		.4byte	.LASF32
 674 0371 07       		.byte	0x7
 675 0372 5A       		.byte	0x5a
 676 0373 14       		.uleb128 0x14
 677 0374 A1000000 		.4byte	.LASF33
 678 0378 08       		.byte	0x8
 679 0379 3C       		.byte	0x3c
 680 037a 14       		.uleb128 0x14
 681 037b F7000000 		.4byte	.LASF34
 682 037f 0A       		.byte	0xa
 683 0380 27       		.byte	0x27
 684 0381 14       		.uleb128 0x14
 685 0382 41020000 		.4byte	.LASF35
 686 0386 09       		.byte	0x9
 687 0387 3C       		.byte	0x3c
 688 0388 14       		.uleb128 0x14
 689 0389 21020000 		.4byte	.LASF36
 690 038d 0B       		.byte	0xb
 691 038e 3A       		.byte	0x3a
 692 038f 14       		.uleb128 0x14
 693 0390 39030000 		.4byte	.LASF37
 694 0394 0B       		.byte	0xb
 695 0395 3D       		.byte	0x3d
 696 0396 14       		.uleb128 0x14
 697 0397 58010000 		.4byte	.LASF38
 698 039b 0C       		.byte	0xc
 699 039c 33       		.byte	0x33
 700 039d 14       		.uleb128 0x14
 701 039e 7E030000 		.4byte	.LASF39
ARM GAS  C:\Users\214016~1\AppData\Local\Temp\ccAmzuab.s 			page 15


 702 03a2 0C       		.byte	0xc
 703 03a3 3B       		.byte	0x3b
 704 03a4 14       		.uleb128 0x14
 705 03a5 B9000000 		.4byte	.LASF40
 706 03a9 0D       		.byte	0xd
 707 03aa 33       		.byte	0x33
 708 03ab 14       		.uleb128 0x14
 709 03ac 68000000 		.4byte	.LASF41
 710 03b0 0D       		.byte	0xd
 711 03b1 3B       		.byte	0x3b
 712 03b2 14       		.uleb128 0x14
 713 03b3 D9020000 		.4byte	.LASF42
 714 03b7 0E       		.byte	0xe
 715 03b8 3F       		.byte	0x3f
 716 03b9 14       		.uleb128 0x14
 717 03ba 0E010000 		.4byte	.LASF43
 718 03be 0E       		.byte	0xe
 719 03bf 46       		.byte	0x46
 720 03c0 00       		.byte	0
 721              		.section	.debug_abbrev,"",%progbits
 722              	.Ldebug_abbrev0:
 723 0000 01       		.uleb128 0x1
 724 0001 11       		.uleb128 0x11
 725 0002 01       		.byte	0x1
 726 0003 25       		.uleb128 0x25
 727 0004 0E       		.uleb128 0xe
 728 0005 13       		.uleb128 0x13
 729 0006 0B       		.uleb128 0xb
 730 0007 03       		.uleb128 0x3
 731 0008 0E       		.uleb128 0xe
 732 0009 1B       		.uleb128 0x1b
 733 000a 0E       		.uleb128 0xe
 734 000b 55       		.uleb128 0x55
 735 000c 17       		.uleb128 0x17
 736 000d 11       		.uleb128 0x11
 737 000e 01       		.uleb128 0x1
 738 000f 10       		.uleb128 0x10
 739 0010 17       		.uleb128 0x17
 740 0011 00       		.byte	0
 741 0012 00       		.byte	0
 742 0013 02       		.uleb128 0x2
 743 0014 24       		.uleb128 0x24
 744 0015 00       		.byte	0
 745 0016 0B       		.uleb128 0xb
 746 0017 0B       		.uleb128 0xb
 747 0018 3E       		.uleb128 0x3e
 748 0019 0B       		.uleb128 0xb
 749 001a 03       		.uleb128 0x3
 750 001b 0E       		.uleb128 0xe
 751 001c 00       		.byte	0
 752 001d 00       		.byte	0
 753 001e 03       		.uleb128 0x3
 754 001f 16       		.uleb128 0x16
 755 0020 00       		.byte	0
 756 0021 03       		.uleb128 0x3
 757 0022 0E       		.uleb128 0xe
 758 0023 3A       		.uleb128 0x3a
ARM GAS  C:\Users\214016~1\AppData\Local\Temp\ccAmzuab.s 			page 16


 759 0024 0B       		.uleb128 0xb
 760 0025 3B       		.uleb128 0x3b
 761 0026 0B       		.uleb128 0xb
 762 0027 49       		.uleb128 0x49
 763 0028 13       		.uleb128 0x13
 764 0029 00       		.byte	0
 765 002a 00       		.byte	0
 766 002b 04       		.uleb128 0x4
 767 002c 24       		.uleb128 0x24
 768 002d 00       		.byte	0
 769 002e 0B       		.uleb128 0xb
 770 002f 0B       		.uleb128 0xb
 771 0030 3E       		.uleb128 0x3e
 772 0031 0B       		.uleb128 0xb
 773 0032 03       		.uleb128 0x3
 774 0033 08       		.uleb128 0x8
 775 0034 00       		.byte	0
 776 0035 00       		.byte	0
 777 0036 05       		.uleb128 0x5
 778 0037 16       		.uleb128 0x16
 779 0038 00       		.byte	0
 780 0039 03       		.uleb128 0x3
 781 003a 0E       		.uleb128 0xe
 782 003b 3A       		.uleb128 0x3a
 783 003c 0B       		.uleb128 0xb
 784 003d 3B       		.uleb128 0x3b
 785 003e 05       		.uleb128 0x5
 786 003f 49       		.uleb128 0x49
 787 0040 13       		.uleb128 0x13
 788 0041 00       		.byte	0
 789 0042 00       		.byte	0
 790 0043 06       		.uleb128 0x6
 791 0044 2E       		.uleb128 0x2e
 792 0045 01       		.byte	0x1
 793 0046 3F       		.uleb128 0x3f
 794 0047 19       		.uleb128 0x19
 795 0048 03       		.uleb128 0x3
 796 0049 0E       		.uleb128 0xe
 797 004a 3A       		.uleb128 0x3a
 798 004b 0B       		.uleb128 0xb
 799 004c 3B       		.uleb128 0x3b
 800 004d 0B       		.uleb128 0xb
 801 004e 49       		.uleb128 0x49
 802 004f 13       		.uleb128 0x13
 803 0050 11       		.uleb128 0x11
 804 0051 01       		.uleb128 0x1
 805 0052 12       		.uleb128 0x12
 806 0053 06       		.uleb128 0x6
 807 0054 40       		.uleb128 0x40
 808 0055 18       		.uleb128 0x18
 809 0056 9642     		.uleb128 0x2116
 810 0058 19       		.uleb128 0x19
 811 0059 01       		.uleb128 0x1
 812 005a 13       		.uleb128 0x13
 813 005b 00       		.byte	0
 814 005c 00       		.byte	0
 815 005d 07       		.uleb128 0x7
ARM GAS  C:\Users\214016~1\AppData\Local\Temp\ccAmzuab.s 			page 17


 816 005e 34       		.uleb128 0x34
 817 005f 00       		.byte	0
 818 0060 03       		.uleb128 0x3
 819 0061 0E       		.uleb128 0xe
 820 0062 3A       		.uleb128 0x3a
 821 0063 0B       		.uleb128 0xb
 822 0064 3B       		.uleb128 0x3b
 823 0065 0B       		.uleb128 0xb
 824 0066 49       		.uleb128 0x49
 825 0067 13       		.uleb128 0x13
 826 0068 02       		.uleb128 0x2
 827 0069 17       		.uleb128 0x17
 828 006a 00       		.byte	0
 829 006b 00       		.byte	0
 830 006c 08       		.uleb128 0x8
 831 006d 34       		.uleb128 0x34
 832 006e 00       		.byte	0
 833 006f 03       		.uleb128 0x3
 834 0070 0E       		.uleb128 0xe
 835 0071 3A       		.uleb128 0x3a
 836 0072 0B       		.uleb128 0xb
 837 0073 3B       		.uleb128 0x3b
 838 0074 0B       		.uleb128 0xb
 839 0075 49       		.uleb128 0x49
 840 0076 13       		.uleb128 0x13
 841 0077 02       		.uleb128 0x2
 842 0078 18       		.uleb128 0x18
 843 0079 00       		.byte	0
 844 007a 00       		.byte	0
 845 007b 09       		.uleb128 0x9
 846 007c 0B       		.uleb128 0xb
 847 007d 01       		.byte	0x1
 848 007e 11       		.uleb128 0x11
 849 007f 01       		.uleb128 0x1
 850 0080 12       		.uleb128 0x12
 851 0081 06       		.uleb128 0x6
 852 0082 01       		.uleb128 0x1
 853 0083 13       		.uleb128 0x13
 854 0084 00       		.byte	0
 855 0085 00       		.byte	0
 856 0086 0A       		.uleb128 0xa
 857 0087 898201   		.uleb128 0x4109
 858 008a 01       		.byte	0x1
 859 008b 11       		.uleb128 0x11
 860 008c 01       		.uleb128 0x1
 861 008d 31       		.uleb128 0x31
 862 008e 13       		.uleb128 0x13
 863 008f 01       		.uleb128 0x1
 864 0090 13       		.uleb128 0x13
 865 0091 00       		.byte	0
 866 0092 00       		.byte	0
 867 0093 0B       		.uleb128 0xb
 868 0094 8A8201   		.uleb128 0x410a
 869 0097 00       		.byte	0
 870 0098 02       		.uleb128 0x2
 871 0099 18       		.uleb128 0x18
 872 009a 9142     		.uleb128 0x2111
ARM GAS  C:\Users\214016~1\AppData\Local\Temp\ccAmzuab.s 			page 18


 873 009c 18       		.uleb128 0x18
 874 009d 00       		.byte	0
 875 009e 00       		.byte	0
 876 009f 0C       		.uleb128 0xc
 877 00a0 898201   		.uleb128 0x4109
 878 00a3 00       		.byte	0
 879 00a4 11       		.uleb128 0x11
 880 00a5 01       		.uleb128 0x1
 881 00a6 31       		.uleb128 0x31
 882 00a7 13       		.uleb128 0x13
 883 00a8 00       		.byte	0
 884 00a9 00       		.byte	0
 885 00aa 0D       		.uleb128 0xd
 886 00ab 35       		.uleb128 0x35
 887 00ac 00       		.byte	0
 888 00ad 49       		.uleb128 0x49
 889 00ae 13       		.uleb128 0x13
 890 00af 00       		.byte	0
 891 00b0 00       		.byte	0
 892 00b1 0E       		.uleb128 0xe
 893 00b2 34       		.uleb128 0x34
 894 00b3 00       		.byte	0
 895 00b4 03       		.uleb128 0x3
 896 00b5 0E       		.uleb128 0xe
 897 00b6 3A       		.uleb128 0x3a
 898 00b7 0B       		.uleb128 0xb
 899 00b8 3B       		.uleb128 0x3b
 900 00b9 05       		.uleb128 0x5
 901 00ba 49       		.uleb128 0x49
 902 00bb 13       		.uleb128 0x13
 903 00bc 3F       		.uleb128 0x3f
 904 00bd 19       		.uleb128 0x19
 905 00be 3C       		.uleb128 0x3c
 906 00bf 19       		.uleb128 0x19
 907 00c0 00       		.byte	0
 908 00c1 00       		.byte	0
 909 00c2 0F       		.uleb128 0xf
 910 00c3 34       		.uleb128 0x34
 911 00c4 00       		.byte	0
 912 00c5 03       		.uleb128 0x3
 913 00c6 0E       		.uleb128 0xe
 914 00c7 3A       		.uleb128 0x3a
 915 00c8 0B       		.uleb128 0xb
 916 00c9 3B       		.uleb128 0x3b
 917 00ca 0B       		.uleb128 0xb
 918 00cb 49       		.uleb128 0x49
 919 00cc 13       		.uleb128 0x13
 920 00cd 3F       		.uleb128 0x3f
 921 00ce 19       		.uleb128 0x19
 922 00cf 02       		.uleb128 0x2
 923 00d0 18       		.uleb128 0x18
 924 00d1 00       		.byte	0
 925 00d2 00       		.byte	0
 926 00d3 10       		.uleb128 0x10
 927 00d4 2E       		.uleb128 0x2e
 928 00d5 01       		.byte	0x1
 929 00d6 3F       		.uleb128 0x3f
ARM GAS  C:\Users\214016~1\AppData\Local\Temp\ccAmzuab.s 			page 19


 930 00d7 19       		.uleb128 0x19
 931 00d8 03       		.uleb128 0x3
 932 00d9 0E       		.uleb128 0xe
 933 00da 3A       		.uleb128 0x3a
 934 00db 0B       		.uleb128 0xb
 935 00dc 3B       		.uleb128 0x3b
 936 00dd 0B       		.uleb128 0xb
 937 00de 27       		.uleb128 0x27
 938 00df 19       		.uleb128 0x19
 939 00e0 3C       		.uleb128 0x3c
 940 00e1 19       		.uleb128 0x19
 941 00e2 01       		.uleb128 0x1
 942 00e3 13       		.uleb128 0x13
 943 00e4 00       		.byte	0
 944 00e5 00       		.byte	0
 945 00e6 11       		.uleb128 0x11
 946 00e7 05       		.uleb128 0x5
 947 00e8 00       		.byte	0
 948 00e9 49       		.uleb128 0x49
 949 00ea 13       		.uleb128 0x13
 950 00eb 00       		.byte	0
 951 00ec 00       		.byte	0
 952 00ed 12       		.uleb128 0x12
 953 00ee 2E       		.uleb128 0x2e
 954 00ef 00       		.byte	0
 955 00f0 3F       		.uleb128 0x3f
 956 00f1 19       		.uleb128 0x19
 957 00f2 03       		.uleb128 0x3
 958 00f3 0E       		.uleb128 0xe
 959 00f4 3A       		.uleb128 0x3a
 960 00f5 0B       		.uleb128 0xb
 961 00f6 3B       		.uleb128 0x3b
 962 00f7 0B       		.uleb128 0xb
 963 00f8 27       		.uleb128 0x27
 964 00f9 19       		.uleb128 0x19
 965 00fa 49       		.uleb128 0x49
 966 00fb 13       		.uleb128 0x13
 967 00fc 3C       		.uleb128 0x3c
 968 00fd 19       		.uleb128 0x19
 969 00fe 00       		.byte	0
 970 00ff 00       		.byte	0
 971 0100 13       		.uleb128 0x13
 972 0101 2E       		.uleb128 0x2e
 973 0102 01       		.byte	0x1
 974 0103 3F       		.uleb128 0x3f
 975 0104 19       		.uleb128 0x19
 976 0105 03       		.uleb128 0x3
 977 0106 08       		.uleb128 0x8
 978 0107 3A       		.uleb128 0x3a
 979 0108 0B       		.uleb128 0xb
 980 0109 3B       		.uleb128 0x3b
 981 010a 0B       		.uleb128 0xb
 982 010b 27       		.uleb128 0x27
 983 010c 19       		.uleb128 0x19
 984 010d 49       		.uleb128 0x49
 985 010e 13       		.uleb128 0x13
 986 010f 3C       		.uleb128 0x3c
ARM GAS  C:\Users\214016~1\AppData\Local\Temp\ccAmzuab.s 			page 20


 987 0110 19       		.uleb128 0x19
 988 0111 01       		.uleb128 0x1
 989 0112 13       		.uleb128 0x13
 990 0113 00       		.byte	0
 991 0114 00       		.byte	0
 992 0115 14       		.uleb128 0x14
 993 0116 2E       		.uleb128 0x2e
 994 0117 00       		.byte	0
 995 0118 3F       		.uleb128 0x3f
 996 0119 19       		.uleb128 0x19
 997 011a 03       		.uleb128 0x3
 998 011b 0E       		.uleb128 0xe
 999 011c 3A       		.uleb128 0x3a
 1000 011d 0B       		.uleb128 0xb
 1001 011e 3B       		.uleb128 0x3b
 1002 011f 0B       		.uleb128 0xb
 1003 0120 27       		.uleb128 0x27
 1004 0121 19       		.uleb128 0x19
 1005 0122 3C       		.uleb128 0x3c
 1006 0123 19       		.uleb128 0x19
 1007 0124 00       		.byte	0
 1008 0125 00       		.byte	0
 1009 0126 00       		.byte	0
 1010              		.section	.debug_loc,"",%progbits
 1011              	.Ldebug_loc0:
 1012              	.LLST0:
 1013 0000 04000000 		.4byte	.LVL0
 1014 0004 50000000 		.4byte	.LVL16
 1015 0008 0200     		.2byte	0x2
 1016 000a 30       		.byte	0x30
 1017 000b 9F       		.byte	0x9f
 1018 000c 50000000 		.4byte	.LVL16
 1019 0010 52000000 		.4byte	.LVL17
 1020 0014 0100     		.2byte	0x1
 1021 0016 55       		.byte	0x55
 1022 0017 52000000 		.4byte	.LVL17
 1023 001b 5C000000 		.4byte	.LVL19
 1024 001f 0200     		.2byte	0x2
 1025 0021 31       		.byte	0x31
 1026 0022 9F       		.byte	0x9f
 1027 0023 5C000000 		.4byte	.LVL19
 1028 0027 64000000 		.4byte	.LVL21
 1029 002b 0200     		.2byte	0x2
 1030 002d 30       		.byte	0x30
 1031 002e 9F       		.byte	0x9f
 1032 002f 64000000 		.4byte	.LVL21
 1033 0033 34010000 		.4byte	.LFE63
 1034 0037 0100     		.2byte	0x1
 1035 0039 55       		.byte	0x55
 1036 003a 00000000 		.4byte	0
 1037 003e 00000000 		.4byte	0
 1038              	.LLST1:
 1039 0042 68000000 		.4byte	.LVL22
 1040 0046 6C000000 		.4byte	.LVL23
 1041 004a 0100     		.2byte	0x1
 1042 004c 50       		.byte	0x50
 1043 004d 00000000 		.4byte	0
ARM GAS  C:\Users\214016~1\AppData\Local\Temp\ccAmzuab.s 			page 21


 1044 0051 00000000 		.4byte	0
 1045              	.LLST2:
 1046 0055 9A000000 		.4byte	.LVL28
 1047 0059 9C000000 		.4byte	.LVL29
 1048 005d 0100     		.2byte	0x1
 1049 005f 50       		.byte	0x50
 1050 0060 9C000000 		.4byte	.LVL29
 1051 0064 E2000000 		.4byte	.LVL36
 1052 0068 0100     		.2byte	0x1
 1053 006a 54       		.byte	0x54
 1054 006b E2000000 		.4byte	.LVL36
 1055 006f E4000000 		.4byte	.LVL37
 1056 0073 0100     		.2byte	0x1
 1057 0075 53       		.byte	0x53
 1058 0076 E4000000 		.4byte	.LVL37
 1059 007a FA000000 		.4byte	.LVL40
 1060 007e 0100     		.2byte	0x1
 1061 0080 54       		.byte	0x54
 1062 0081 00000000 		.4byte	0
 1063 0085 00000000 		.4byte	0
 1064              	.LLST3:
 1065 0089 9A000000 		.4byte	.LVL28
 1066 008d 9C000000 		.4byte	.LVL29
 1067 0091 0900     		.2byte	0x9
 1068 0093 0C       		.byte	0xc
 1069 0094 001BB700 		.4byte	0xb71b00
 1070 0098 70       		.byte	0x70
 1071 0099 00       		.sleb128 0
 1072 009a 1B       		.byte	0x1b
 1073 009b 9F       		.byte	0x9f
 1074 009c 9C000000 		.4byte	.LVL29
 1075 00a0 A0000000 		.4byte	.LVL30
 1076 00a4 0900     		.2byte	0x9
 1077 00a6 0C       		.byte	0xc
 1078 00a7 001BB700 		.4byte	0xb71b00
 1079 00ab 74       		.byte	0x74
 1080 00ac 00       		.sleb128 0
 1081 00ad 1B       		.byte	0x1b
 1082 00ae 9F       		.byte	0x9f
 1083 00af A0000000 		.4byte	.LVL30
 1084 00b3 A3000000 		.4byte	.LVL31-1
 1085 00b7 0100     		.2byte	0x1
 1086 00b9 50       		.byte	0x50
 1087 00ba A3000000 		.4byte	.LVL31-1
 1088 00be E2000000 		.4byte	.LVL36
 1089 00c2 0900     		.2byte	0x9
 1090 00c4 0C       		.byte	0xc
 1091 00c5 001BB700 		.4byte	0xb71b00
 1092 00c9 74       		.byte	0x74
 1093 00ca 00       		.sleb128 0
 1094 00cb 1B       		.byte	0x1b
 1095 00cc 9F       		.byte	0x9f
 1096 00cd E2000000 		.4byte	.LVL36
 1097 00d1 E4000000 		.4byte	.LVL37
 1098 00d5 0900     		.2byte	0x9
 1099 00d7 0C       		.byte	0xc
 1100 00d8 001BB700 		.4byte	0xb71b00
ARM GAS  C:\Users\214016~1\AppData\Local\Temp\ccAmzuab.s 			page 22


 1101 00dc 73       		.byte	0x73
 1102 00dd 00       		.sleb128 0
 1103 00de 1B       		.byte	0x1b
 1104 00df 9F       		.byte	0x9f
 1105 00e0 E4000000 		.4byte	.LVL37
 1106 00e4 FA000000 		.4byte	.LVL40
 1107 00e8 0900     		.2byte	0x9
 1108 00ea 0C       		.byte	0xc
 1109 00eb 001BB700 		.4byte	0xb71b00
 1110 00ef 74       		.byte	0x74
 1111 00f0 00       		.sleb128 0
 1112 00f1 1B       		.byte	0x1b
 1113 00f2 9F       		.byte	0x9f
 1114 00f3 00000000 		.4byte	0
 1115 00f7 00000000 		.4byte	0
 1116              		.section	.debug_aranges,"",%progbits
 1117 0000 1C000000 		.4byte	0x1c
 1118 0004 0200     		.2byte	0x2
 1119 0006 00000000 		.4byte	.Ldebug_info0
 1120 000a 04       		.byte	0x4
 1121 000b 00       		.byte	0
 1122 000c 0000     		.2byte	0
 1123 000e 0000     		.2byte	0
 1124 0010 00000000 		.4byte	.LFB63
 1125 0014 34010000 		.4byte	.LFE63-.LFB63
 1126 0018 00000000 		.4byte	0
 1127 001c 00000000 		.4byte	0
 1128              		.section	.debug_ranges,"",%progbits
 1129              	.Ldebug_ranges0:
 1130 0000 00000000 		.4byte	.LFB63
 1131 0004 34010000 		.4byte	.LFE63
 1132 0008 00000000 		.4byte	0
 1133 000c 00000000 		.4byte	0
 1134              		.section	.debug_line,"",%progbits
 1135              	.Ldebug_line0:
 1136 0000 3D020000 		.section	.debug_str,"MS",%progbits,1
 1136      0200FB01 
 1136      00000201 
 1136      FB0E0D00 
 1136      01010101 
 1137              	.LASF46:
 1138 0000 433A5C55 		.ascii	"C:\\Users\\214016586\\Documents\\PSoC Creator\\Dual"
 1138      73657273 
 1138      5C323134 
 1138      30313635 
 1138      38365C44 
 1139 002e 2D50536F 		.ascii	"-PSoC-DCO\\Dual-PSoC-DCO.cydsn\000"
 1139      432D4443 
 1139      4F5C4475 
 1139      616C2D50 
 1139      536F432D 
 1140              	.LASF27:
 1141 004c 4F534331 		.ascii	"OSC1_Freq_Timer_WritePeriod\000"
 1141      5F467265 
 1141      715F5469 
 1141      6D65725F 
 1141      57726974 
ARM GAS  C:\Users\214016~1\AppData\Local\Temp\ccAmzuab.s 			page 23


 1142              	.LASF41:
 1143 0068 4F534331 		.ascii	"OSC1_Saw_Follower_Enable\000"
 1143      5F536177 
 1143      5F466F6C 
 1143      6C6F7765 
 1143      725F456E 
 1144              	.LASF9:
 1145 0081 5F5F696E 		.ascii	"__int32_t\000"
 1145      7433325F 
 1145      7400
 1146              	.LASF32:
 1147 008b 4F534331 		.ascii	"OSC1_Freq_Timer_Start\000"
 1147      5F467265 
 1147      715F5469 
 1147      6D65725F 
 1147      53746172 
 1148              	.LASF33:
 1149 00a1 4F534331 		.ascii	"OSC1_IDAC8_Start\000"
 1149      5F494441 
 1149      43385F53 
 1149      74617274 
 1149      00
 1150              	.LASF15:
 1151 00b2 646F7562 		.ascii	"double\000"
 1151      6C6500
 1152              	.LASF40:
 1153 00b9 4F534331 		.ascii	"OSC1_Saw_Follower_Start\000"
 1153      5F536177 
 1153      5F466F6C 
 1153      6C6F7765 
 1153      725F5374 
 1154              	.LASF10:
 1155 00d1 696E7433 		.ascii	"int32_t\000"
 1155      325F7400 
 1156              	.LASF14:
 1157 00d9 666C6F61 		.ascii	"float\000"
 1157      7400
 1158              	.LASF25:
 1159 00df 6461635F 		.ascii	"dac_value\000"
 1159      76616C75 
 1159      6500
 1160              	.LASF1:
 1161 00e9 756E7369 		.ascii	"unsigned char\000"
 1161      676E6564 
 1161      20636861 
 1161      7200
 1162              	.LASF34:
 1163 00f7 436C6F63 		.ascii	"Clock_1_Start\000"
 1163      6B5F315F 
 1163      53746172 
 1163      7400
 1164              	.LASF45:
 1165 0105 2E5C6D61 		.ascii	".\\main.c\000"
 1165      696E2E63 
 1165      00
 1166              	.LASF43:
 1167 010e 4F534331 		.ascii	"OSC1_Comp_Enable\000"
ARM GAS  C:\Users\214016~1\AppData\Local\Temp\ccAmzuab.s 			page 24


 1167      5F436F6D 
 1167      705F456E 
 1167      61626C65 
 1167      00
 1168              	.LASF31:
 1169 011f 4F534331 		.ascii	"OSC1_IDAC8_SAW_SetValue\000"
 1169      5F494441 
 1169      43385F53 
 1169      41575F53 
 1169      65745661 
 1170              	.LASF30:
 1171 0137 4F534331 		.ascii	"OSC1_IDAC8_SetValue\000"
 1171      5F494441 
 1171      43385F53 
 1171      65745661 
 1171      6C756500 
 1172              	.LASF24:
 1173 014b 49544D5F 		.ascii	"ITM_RxBuffer\000"
 1173      52784275 
 1173      66666572 
 1173      00
 1174              	.LASF38:
 1175 0158 4F534331 		.ascii	"OSC1_Triangle_Follower_Start\000"
 1175      5F547269 
 1175      616E676C 
 1175      655F466F 
 1175      6C6C6F77 
 1176              	.LASF5:
 1177 0175 6C6F6E67 		.ascii	"long unsigned int\000"
 1177      20756E73 
 1177      69676E65 
 1177      6420696E 
 1177      7400
 1178              	.LASF47:
 1179 0187 6D61696E 		.ascii	"main\000"
 1179      00
 1180              	.LASF12:
 1181 018c 75696E74 		.ascii	"uint32\000"
 1181      333200
 1182              	.LASF44:
 1183 0193 474E5520 		.ascii	"GNU C 4.9.3 20150303 (release) [ARM/embedded-4_9-br"
 1183      4320342E 
 1183      392E3320 
 1183      32303135 
 1183      30333033 
 1184 01c6 616E6368 		.ascii	"anch revision 221220] -mcpu=cortex-m3 -mthumb -g -O"
 1184      20726576 
 1184      6973696F 
 1184      6E203232 
 1184      31323230 
 1185 01f9 67202D66 		.ascii	"g -ffunction-sections -ffat-lto-objects\000"
 1185      66756E63 
 1185      74696F6E 
 1185      2D736563 
 1185      74696F6E 
 1186              	.LASF36:
 1187 0221 4144435F 		.ascii	"ADC_DelSig_1_Start\000"
ARM GAS  C:\Users\214016~1\AppData\Local\Temp\ccAmzuab.s 			page 25


 1187      44656C53 
 1187      69675F31 
 1187      5F537461 
 1187      727400
 1188              	.LASF8:
 1189 0234 756E7369 		.ascii	"unsigned int\000"
 1189      676E6564 
 1189      20696E74 
 1189      00
 1190              	.LASF35:
 1191 0241 4F534331 		.ascii	"OSC1_IDAC8_SAW_Start\000"
 1191      5F494441 
 1191      43385F53 
 1191      41575F53 
 1191      74617274 
 1192              	.LASF7:
 1193 0256 6C6F6E67 		.ascii	"long long unsigned int\000"
 1193      206C6F6E 
 1193      6720756E 
 1193      7369676E 
 1193      65642069 
 1194              	.LASF48:
 1195 026d 4144435F 		.ascii	"ADC_DelSig_1_GetResult32\000"
 1195      44656C53 
 1195      69675F31 
 1195      5F476574 
 1195      52657375 
 1196              	.LASF21:
 1197 0286 72657375 		.ascii	"result\000"
 1197      6C7400
 1198              	.LASF22:
 1199 028d 66726571 		.ascii	"frequency\000"
 1199      75656E63 
 1199      7900
 1200              	.LASF20:
 1201 0297 6D794669 		.ascii	"myFixedValue\000"
 1201      78656456 
 1201      616C7565 
 1201      00
 1202              	.LASF13:
 1203 02a4 696E7433 		.ascii	"int32\000"
 1203      3200
 1204              	.LASF17:
 1205 02aa 73697A65 		.ascii	"sizetype\000"
 1205      74797065 
 1205      00
 1206              	.LASF29:
 1207 02b3 4F534331 		.ascii	"OSC1_IDAC8_SAW_SetRange\000"
 1207      5F494441 
 1207      43385F53 
 1207      41575F53 
 1207      65745261 
 1208              	.LASF6:
 1209 02cb 6C6F6E67 		.ascii	"long long int\000"
 1209      206C6F6E 
 1209      6720696E 
 1209      7400
ARM GAS  C:\Users\214016~1\AppData\Local\Temp\ccAmzuab.s 			page 26


 1210              	.LASF42:
 1211 02d9 4F534331 		.ascii	"OSC1_Comp_Start\000"
 1211      5F436F6D 
 1211      705F5374 
 1211      61727400 
 1212              	.LASF16:
 1213 02e9 63686172 		.ascii	"char\000"
 1213      00
 1214              	.LASF26:
 1215 02ee 74657374 		.ascii	"test_pin_Write\000"
 1215      5F70696E 
 1215      5F577269 
 1215      746500
 1216              	.LASF28:
 1217 02fd 4F534331 		.ascii	"OSC1_IDAC8_SetRange\000"
 1217      5F494441 
 1217      43385F53 
 1217      65745261 
 1217      6E676500 
 1218              	.LASF23:
 1219 0311 636F756E 		.ascii	"count\000"
 1219      7400
 1220              	.LASF2:
 1221 0317 73686F72 		.ascii	"short int\000"
 1221      7420696E 
 1221      7400
 1222              	.LASF11:
 1223 0321 75696E74 		.ascii	"uint8\000"
 1223      3800
 1224              	.LASF19:
 1225 0327 70696E53 		.ascii	"pinState\000"
 1225      74617465 
 1225      00
 1226              	.LASF4:
 1227 0330 6C6F6E67 		.ascii	"long int\000"
 1227      20696E74 
 1227      00
 1228              	.LASF37:
 1229 0339 4144435F 		.ascii	"ADC_DelSig_1_StartConvert\000"
 1229      44656C53 
 1229      69675F31 
 1229      5F537461 
 1229      7274436F 
 1230              	.LASF18:
 1231 0353 6C6F6E67 		.ascii	"long double\000"
 1231      20646F75 
 1231      626C6500 
 1232              	.LASF0:
 1233 035f 7369676E 		.ascii	"signed char\000"
 1233      65642063 
 1233      68617200 
 1234              	.LASF3:
 1235 036b 73686F72 		.ascii	"short unsigned int\000"
 1235      7420756E 
 1235      7369676E 
 1235      65642069 
 1235      6E7400
ARM GAS  C:\Users\214016~1\AppData\Local\Temp\ccAmzuab.s 			page 27


 1236              	.LASF39:
 1237 037e 4F534331 		.ascii	"OSC1_Triangle_Follower_Enable\000"
 1237      5F547269 
 1237      616E676C 
 1237      655F466F 
 1237      6C6C6F77 
 1238              		.ident	"GCC: (GNU Tools for ARM Embedded Processors) 4.9.3 20150303 (release) [ARM/embedded-4_9-br
