ARM GAS  C:\Users\214016~1\AppData\Local\Temp\ccenL1Ln.s 			page 1


   1              		.syntax unified
   2              		.cpu cortex-m3
   3              		.fpu softvfp
   4              		.eabi_attribute 20, 1
   5              		.eabi_attribute 21, 1
   6              		.eabi_attribute 23, 3
   7              		.eabi_attribute 24, 1
   8              		.eabi_attribute 25, 1
   9              		.eabi_attribute 26, 1
  10              		.eabi_attribute 30, 1
  11              		.eabi_attribute 34, 1
  12              		.eabi_attribute 18, 4
  13              		.thumb
  14              		.file	"OSC1_IDAC8_2.c"
  15              		.text
  16              	.Ltext0:
  17              		.cfi_sections	.debug_frame
  18              		.section	.text.OSC1_IDAC8_2_Enable,"ax",%progbits
  19              		.align	2
  20              		.global	OSC1_IDAC8_2_Enable
  21              		.thumb
  22              		.thumb_func
  23              		.type	OSC1_IDAC8_2_Enable, %function
  24              	OSC1_IDAC8_2_Enable:
  25              	.LFB1:
  26              		.file 1 ".\\Generated_Source\\PSoC5\\OSC1_IDAC8_2.c"
   1:.\Generated_Source\PSoC5/OSC1_IDAC8_2.c **** /*******************************************************************************
   2:.\Generated_Source\PSoC5/OSC1_IDAC8_2.c **** * File Name: OSC1_IDAC8_2.c
   3:.\Generated_Source\PSoC5/OSC1_IDAC8_2.c **** * Version 2.0
   4:.\Generated_Source\PSoC5/OSC1_IDAC8_2.c **** *
   5:.\Generated_Source\PSoC5/OSC1_IDAC8_2.c **** * Description:
   6:.\Generated_Source\PSoC5/OSC1_IDAC8_2.c **** *  This file provides the source code to the API for the 8-bit Current 
   7:.\Generated_Source\PSoC5/OSC1_IDAC8_2.c **** *  DAC (IDAC8) User Module.
   8:.\Generated_Source\PSoC5/OSC1_IDAC8_2.c **** *
   9:.\Generated_Source\PSoC5/OSC1_IDAC8_2.c **** * Note:
  10:.\Generated_Source\PSoC5/OSC1_IDAC8_2.c **** *  None
  11:.\Generated_Source\PSoC5/OSC1_IDAC8_2.c **** *
  12:.\Generated_Source\PSoC5/OSC1_IDAC8_2.c **** ********************************************************************************
  13:.\Generated_Source\PSoC5/OSC1_IDAC8_2.c **** * Copyright 2008-2012, Cypress Semiconductor Corporation.  All rights reserved.
  14:.\Generated_Source\PSoC5/OSC1_IDAC8_2.c **** * You may use this file only in accordance with the license, terms, conditions, 
  15:.\Generated_Source\PSoC5/OSC1_IDAC8_2.c **** * disclaimers, and limitations in the end user license agreement accompanying 
  16:.\Generated_Source\PSoC5/OSC1_IDAC8_2.c **** * the software package with which this file was provided.
  17:.\Generated_Source\PSoC5/OSC1_IDAC8_2.c **** *******************************************************************************/
  18:.\Generated_Source\PSoC5/OSC1_IDAC8_2.c **** 
  19:.\Generated_Source\PSoC5/OSC1_IDAC8_2.c **** #include "cytypes.h"
  20:.\Generated_Source\PSoC5/OSC1_IDAC8_2.c **** #include "OSC1_IDAC8_2.h"   
  21:.\Generated_Source\PSoC5/OSC1_IDAC8_2.c **** 
  22:.\Generated_Source\PSoC5/OSC1_IDAC8_2.c **** #if (CY_PSOC5A)
  23:.\Generated_Source\PSoC5/OSC1_IDAC8_2.c ****     #include <CyLib.h>
  24:.\Generated_Source\PSoC5/OSC1_IDAC8_2.c **** #endif /* CY_PSOC5A */
  25:.\Generated_Source\PSoC5/OSC1_IDAC8_2.c **** 
  26:.\Generated_Source\PSoC5/OSC1_IDAC8_2.c **** 
  27:.\Generated_Source\PSoC5/OSC1_IDAC8_2.c **** uint8 OSC1_IDAC8_2_initVar = 0u;
  28:.\Generated_Source\PSoC5/OSC1_IDAC8_2.c **** 
  29:.\Generated_Source\PSoC5/OSC1_IDAC8_2.c **** 
  30:.\Generated_Source\PSoC5/OSC1_IDAC8_2.c **** #if (CY_PSOC5A)
  31:.\Generated_Source\PSoC5/OSC1_IDAC8_2.c ****     static OSC1_IDAC8_2_LOWPOWER_BACKUP_STRUCT  OSC1_IDAC8_2_lowPowerBackup;
ARM GAS  C:\Users\214016~1\AppData\Local\Temp\ccenL1Ln.s 			page 2


  32:.\Generated_Source\PSoC5/OSC1_IDAC8_2.c **** #endif /* CY_PSOC5A */
  33:.\Generated_Source\PSoC5/OSC1_IDAC8_2.c **** 
  34:.\Generated_Source\PSoC5/OSC1_IDAC8_2.c **** /* Variable to decide whether or not to restore control register in Enable()
  35:.\Generated_Source\PSoC5/OSC1_IDAC8_2.c ****    API. This valid only for PSoC5A */
  36:.\Generated_Source\PSoC5/OSC1_IDAC8_2.c **** #if (CY_PSOC5A)
  37:.\Generated_Source\PSoC5/OSC1_IDAC8_2.c ****     static uint8 OSC1_IDAC8_2_restoreReg = 0u;
  38:.\Generated_Source\PSoC5/OSC1_IDAC8_2.c **** #endif /* CY_PSOC5A */
  39:.\Generated_Source\PSoC5/OSC1_IDAC8_2.c **** 
  40:.\Generated_Source\PSoC5/OSC1_IDAC8_2.c **** 
  41:.\Generated_Source\PSoC5/OSC1_IDAC8_2.c **** /*******************************************************************************
  42:.\Generated_Source\PSoC5/OSC1_IDAC8_2.c **** * Function Name: OSC1_IDAC8_2_Init
  43:.\Generated_Source\PSoC5/OSC1_IDAC8_2.c **** ********************************************************************************
  44:.\Generated_Source\PSoC5/OSC1_IDAC8_2.c **** * Summary:
  45:.\Generated_Source\PSoC5/OSC1_IDAC8_2.c **** *  Initialize to the schematic state.
  46:.\Generated_Source\PSoC5/OSC1_IDAC8_2.c **** * 
  47:.\Generated_Source\PSoC5/OSC1_IDAC8_2.c **** * Parameters:
  48:.\Generated_Source\PSoC5/OSC1_IDAC8_2.c **** *  void:
  49:.\Generated_Source\PSoC5/OSC1_IDAC8_2.c **** *
  50:.\Generated_Source\PSoC5/OSC1_IDAC8_2.c **** * Return:
  51:.\Generated_Source\PSoC5/OSC1_IDAC8_2.c **** *  (void)
  52:.\Generated_Source\PSoC5/OSC1_IDAC8_2.c **** *
  53:.\Generated_Source\PSoC5/OSC1_IDAC8_2.c **** * Theory:
  54:.\Generated_Source\PSoC5/OSC1_IDAC8_2.c **** *
  55:.\Generated_Source\PSoC5/OSC1_IDAC8_2.c **** * Side Effects:
  56:.\Generated_Source\PSoC5/OSC1_IDAC8_2.c **** *
  57:.\Generated_Source\PSoC5/OSC1_IDAC8_2.c **** *******************************************************************************/
  58:.\Generated_Source\PSoC5/OSC1_IDAC8_2.c **** void OSC1_IDAC8_2_Init(void) 
  59:.\Generated_Source\PSoC5/OSC1_IDAC8_2.c **** {
  60:.\Generated_Source\PSoC5/OSC1_IDAC8_2.c ****     OSC1_IDAC8_2_CR0 = (OSC1_IDAC8_2_MODE_I | OSC1_IDAC8_2_DEFAULT_RANGE );
  61:.\Generated_Source\PSoC5/OSC1_IDAC8_2.c **** 
  62:.\Generated_Source\PSoC5/OSC1_IDAC8_2.c ****     /* Set default data source */
  63:.\Generated_Source\PSoC5/OSC1_IDAC8_2.c ****     #if(OSC1_IDAC8_2_DEFAULT_DATA_SRC != 0u )    
  64:.\Generated_Source\PSoC5/OSC1_IDAC8_2.c ****         OSC1_IDAC8_2_CR1 = (OSC1_IDAC8_2_DEFAULT_CNTL | OSC1_IDAC8_2_DACBUS_ENABLE);
  65:.\Generated_Source\PSoC5/OSC1_IDAC8_2.c ****     #else
  66:.\Generated_Source\PSoC5/OSC1_IDAC8_2.c ****         OSC1_IDAC8_2_CR1 = (OSC1_IDAC8_2_DEFAULT_CNTL | OSC1_IDAC8_2_DACBUS_DISABLE);
  67:.\Generated_Source\PSoC5/OSC1_IDAC8_2.c ****     #endif /* (OSC1_IDAC8_2_DEFAULT_DATA_SRC != 0u ) */
  68:.\Generated_Source\PSoC5/OSC1_IDAC8_2.c ****     
  69:.\Generated_Source\PSoC5/OSC1_IDAC8_2.c ****     /*Controls polarity from UDB Control*/
  70:.\Generated_Source\PSoC5/OSC1_IDAC8_2.c ****     #if(OSC1_IDAC8_2_DEFAULT_POLARITY == OSC1_IDAC8_2_HARDWARE_CONTROLLED)
  71:.\Generated_Source\PSoC5/OSC1_IDAC8_2.c ****         OSC1_IDAC8_2_CR1 |= OSC1_IDAC8_2_IDIR_SRC_UDB;
  72:.\Generated_Source\PSoC5/OSC1_IDAC8_2.c ****     #else
  73:.\Generated_Source\PSoC5/OSC1_IDAC8_2.c ****         OSC1_IDAC8_2_CR1 |= OSC1_IDAC8_2_DEFAULT_POLARITY;
  74:.\Generated_Source\PSoC5/OSC1_IDAC8_2.c ****     #endif/* (OSC1_IDAC8_2_DEFAULT_POLARITY == OSC1_IDAC8_2_HARDWARE_CONTROLLED) */
  75:.\Generated_Source\PSoC5/OSC1_IDAC8_2.c ****     /*Controls Current Source from UDB Control*/
  76:.\Generated_Source\PSoC5/OSC1_IDAC8_2.c ****     #if(OSC1_IDAC8_2_HARDWARE_ENABLE != 0u ) 
  77:.\Generated_Source\PSoC5/OSC1_IDAC8_2.c ****         OSC1_IDAC8_2_CR1 |= OSC1_IDAC8_2_IDIR_CTL_UDB;
  78:.\Generated_Source\PSoC5/OSC1_IDAC8_2.c ****     #endif /* (OSC1_IDAC8_2_HARDWARE_ENABLE != 0u ) */ 
  79:.\Generated_Source\PSoC5/OSC1_IDAC8_2.c ****     
  80:.\Generated_Source\PSoC5/OSC1_IDAC8_2.c ****     /* Set default strobe mode */
  81:.\Generated_Source\PSoC5/OSC1_IDAC8_2.c ****     #if(OSC1_IDAC8_2_DEFAULT_STRB != 0u)
  82:.\Generated_Source\PSoC5/OSC1_IDAC8_2.c ****         OSC1_IDAC8_2_Strobe |= OSC1_IDAC8_2_STRB_EN;
  83:.\Generated_Source\PSoC5/OSC1_IDAC8_2.c ****     #endif /* (OSC1_IDAC8_2_DEFAULT_STRB != 0u) */
  84:.\Generated_Source\PSoC5/OSC1_IDAC8_2.c ****     
  85:.\Generated_Source\PSoC5/OSC1_IDAC8_2.c ****     /* Set default speed */
  86:.\Generated_Source\PSoC5/OSC1_IDAC8_2.c ****     OSC1_IDAC8_2_SetSpeed(OSC1_IDAC8_2_DEFAULT_SPEED);
  87:.\Generated_Source\PSoC5/OSC1_IDAC8_2.c ****     
  88:.\Generated_Source\PSoC5/OSC1_IDAC8_2.c ****     /* Set proper DAC trim */
ARM GAS  C:\Users\214016~1\AppData\Local\Temp\ccenL1Ln.s 			page 3


  89:.\Generated_Source\PSoC5/OSC1_IDAC8_2.c ****     OSC1_IDAC8_2_DacTrim();
  90:.\Generated_Source\PSoC5/OSC1_IDAC8_2.c ****     
  91:.\Generated_Source\PSoC5/OSC1_IDAC8_2.c **** }
  92:.\Generated_Source\PSoC5/OSC1_IDAC8_2.c **** 
  93:.\Generated_Source\PSoC5/OSC1_IDAC8_2.c **** 
  94:.\Generated_Source\PSoC5/OSC1_IDAC8_2.c **** /*******************************************************************************
  95:.\Generated_Source\PSoC5/OSC1_IDAC8_2.c **** * Function Name: OSC1_IDAC8_2_Enable
  96:.\Generated_Source\PSoC5/OSC1_IDAC8_2.c **** ********************************************************************************
  97:.\Generated_Source\PSoC5/OSC1_IDAC8_2.c **** * Summary:
  98:.\Generated_Source\PSoC5/OSC1_IDAC8_2.c **** *  Enable the IDAC8
  99:.\Generated_Source\PSoC5/OSC1_IDAC8_2.c **** * 
 100:.\Generated_Source\PSoC5/OSC1_IDAC8_2.c **** * Parameters:
 101:.\Generated_Source\PSoC5/OSC1_IDAC8_2.c **** *  void:
 102:.\Generated_Source\PSoC5/OSC1_IDAC8_2.c **** *
 103:.\Generated_Source\PSoC5/OSC1_IDAC8_2.c **** * Return:
 104:.\Generated_Source\PSoC5/OSC1_IDAC8_2.c **** *  (void)
 105:.\Generated_Source\PSoC5/OSC1_IDAC8_2.c **** *
 106:.\Generated_Source\PSoC5/OSC1_IDAC8_2.c **** * Theory:
 107:.\Generated_Source\PSoC5/OSC1_IDAC8_2.c **** *
 108:.\Generated_Source\PSoC5/OSC1_IDAC8_2.c **** * Side Effects:
 109:.\Generated_Source\PSoC5/OSC1_IDAC8_2.c **** *
 110:.\Generated_Source\PSoC5/OSC1_IDAC8_2.c **** *******************************************************************************/
 111:.\Generated_Source\PSoC5/OSC1_IDAC8_2.c **** void OSC1_IDAC8_2_Enable(void) 
 112:.\Generated_Source\PSoC5/OSC1_IDAC8_2.c **** {
  27              		.loc 1 112 0
  28              		.cfi_startproc
  29              		@ args = 0, pretend = 0, frame = 0
  30              		@ frame_needed = 0, uses_anonymous_args = 0
  31              		@ link register save eliminated.
 113:.\Generated_Source\PSoC5/OSC1_IDAC8_2.c ****     OSC1_IDAC8_2_PWRMGR |= OSC1_IDAC8_2_ACT_PWR_EN;
  32              		.loc 1 113 0
  33 0000 054A     		ldr	r2, .L2
  34 0002 1378     		ldrb	r3, [r2]	@ zero_extendqisi2
  35 0004 43F00403 		orr	r3, r3, #4
  36 0008 1370     		strb	r3, [r2]
 114:.\Generated_Source\PSoC5/OSC1_IDAC8_2.c ****     OSC1_IDAC8_2_STBY_PWRMGR |= OSC1_IDAC8_2_STBY_PWR_EN;
  37              		.loc 1 114 0
  38 000a 1032     		adds	r2, r2, #16
  39 000c 1378     		ldrb	r3, [r2]	@ zero_extendqisi2
  40 000e 43F00403 		orr	r3, r3, #4
  41 0012 1370     		strb	r3, [r2]
  42 0014 7047     		bx	lr
  43              	.L3:
  44 0016 00BF     		.align	2
  45              	.L2:
  46 0018 A8430040 		.word	1073759144
  47              		.cfi_endproc
  48              	.LFE1:
  49              		.size	OSC1_IDAC8_2_Enable, .-OSC1_IDAC8_2_Enable
  50              		.section	.text.OSC1_IDAC8_2_Stop,"ax",%progbits
  51              		.align	2
  52              		.global	OSC1_IDAC8_2_Stop
  53              		.thumb
  54              		.thumb_func
  55              		.type	OSC1_IDAC8_2_Stop, %function
  56              	OSC1_IDAC8_2_Stop:
  57              	.LFB3:
ARM GAS  C:\Users\214016~1\AppData\Local\Temp\ccenL1Ln.s 			page 4


 115:.\Generated_Source\PSoC5/OSC1_IDAC8_2.c **** 
 116:.\Generated_Source\PSoC5/OSC1_IDAC8_2.c ****     /* This is to restore the value of register CR0 which is saved 
 117:.\Generated_Source\PSoC5/OSC1_IDAC8_2.c ****       in prior to the modification in stop() API */
 118:.\Generated_Source\PSoC5/OSC1_IDAC8_2.c ****     #if (CY_PSOC5A)
 119:.\Generated_Source\PSoC5/OSC1_IDAC8_2.c ****         if(OSC1_IDAC8_2_restoreReg == 1u)
 120:.\Generated_Source\PSoC5/OSC1_IDAC8_2.c ****         {
 121:.\Generated_Source\PSoC5/OSC1_IDAC8_2.c ****             OSC1_IDAC8_2_CR0 = OSC1_IDAC8_2_lowPowerBackup.DACCR0Reg;
 122:.\Generated_Source\PSoC5/OSC1_IDAC8_2.c **** 
 123:.\Generated_Source\PSoC5/OSC1_IDAC8_2.c ****             /* Clear the flag */
 124:.\Generated_Source\PSoC5/OSC1_IDAC8_2.c ****             OSC1_IDAC8_2_restoreReg = 0u;
 125:.\Generated_Source\PSoC5/OSC1_IDAC8_2.c ****         }
 126:.\Generated_Source\PSoC5/OSC1_IDAC8_2.c ****     #endif /* CY_PSOC5A */
 127:.\Generated_Source\PSoC5/OSC1_IDAC8_2.c **** }
 128:.\Generated_Source\PSoC5/OSC1_IDAC8_2.c **** 
 129:.\Generated_Source\PSoC5/OSC1_IDAC8_2.c **** 
 130:.\Generated_Source\PSoC5/OSC1_IDAC8_2.c **** /*******************************************************************************
 131:.\Generated_Source\PSoC5/OSC1_IDAC8_2.c **** * Function Name: OSC1_IDAC8_2_Start
 132:.\Generated_Source\PSoC5/OSC1_IDAC8_2.c **** ********************************************************************************
 133:.\Generated_Source\PSoC5/OSC1_IDAC8_2.c **** * Summary:
 134:.\Generated_Source\PSoC5/OSC1_IDAC8_2.c **** *  Set power level then turn on IDAC8.
 135:.\Generated_Source\PSoC5/OSC1_IDAC8_2.c **** *
 136:.\Generated_Source\PSoC5/OSC1_IDAC8_2.c **** * Parameters:  
 137:.\Generated_Source\PSoC5/OSC1_IDAC8_2.c **** *  power: Sets power level between off (0) and (3) high power
 138:.\Generated_Source\PSoC5/OSC1_IDAC8_2.c **** *
 139:.\Generated_Source\PSoC5/OSC1_IDAC8_2.c **** * Return:
 140:.\Generated_Source\PSoC5/OSC1_IDAC8_2.c **** *  (void)
 141:.\Generated_Source\PSoC5/OSC1_IDAC8_2.c **** *
 142:.\Generated_Source\PSoC5/OSC1_IDAC8_2.c **** * Global variables:
 143:.\Generated_Source\PSoC5/OSC1_IDAC8_2.c **** *  OSC1_IDAC8_2_initVar: Is modified when this function is called for 
 144:.\Generated_Source\PSoC5/OSC1_IDAC8_2.c **** *   the first time. Is used to ensure that initialization happens only once.
 145:.\Generated_Source\PSoC5/OSC1_IDAC8_2.c **** *
 146:.\Generated_Source\PSoC5/OSC1_IDAC8_2.c **** *******************************************************************************/
 147:.\Generated_Source\PSoC5/OSC1_IDAC8_2.c **** void OSC1_IDAC8_2_Start(void) 
 148:.\Generated_Source\PSoC5/OSC1_IDAC8_2.c **** {
 149:.\Generated_Source\PSoC5/OSC1_IDAC8_2.c ****     /* Hardware initiazation only needs to occur the first time */
 150:.\Generated_Source\PSoC5/OSC1_IDAC8_2.c ****     if ( OSC1_IDAC8_2_initVar == 0u)  
 151:.\Generated_Source\PSoC5/OSC1_IDAC8_2.c ****     {
 152:.\Generated_Source\PSoC5/OSC1_IDAC8_2.c ****         OSC1_IDAC8_2_Init();
 153:.\Generated_Source\PSoC5/OSC1_IDAC8_2.c ****         
 154:.\Generated_Source\PSoC5/OSC1_IDAC8_2.c ****         OSC1_IDAC8_2_initVar = 1u;
 155:.\Generated_Source\PSoC5/OSC1_IDAC8_2.c ****     }
 156:.\Generated_Source\PSoC5/OSC1_IDAC8_2.c ****    
 157:.\Generated_Source\PSoC5/OSC1_IDAC8_2.c ****     /* Enable power to DAC */
 158:.\Generated_Source\PSoC5/OSC1_IDAC8_2.c ****     OSC1_IDAC8_2_Enable();
 159:.\Generated_Source\PSoC5/OSC1_IDAC8_2.c **** 
 160:.\Generated_Source\PSoC5/OSC1_IDAC8_2.c ****     /* Set default value */
 161:.\Generated_Source\PSoC5/OSC1_IDAC8_2.c ****     OSC1_IDAC8_2_SetValue(OSC1_IDAC8_2_DEFAULT_DATA);
 162:.\Generated_Source\PSoC5/OSC1_IDAC8_2.c **** 
 163:.\Generated_Source\PSoC5/OSC1_IDAC8_2.c **** }
 164:.\Generated_Source\PSoC5/OSC1_IDAC8_2.c **** 
 165:.\Generated_Source\PSoC5/OSC1_IDAC8_2.c **** 
 166:.\Generated_Source\PSoC5/OSC1_IDAC8_2.c **** /*******************************************************************************
 167:.\Generated_Source\PSoC5/OSC1_IDAC8_2.c **** * Function Name: OSC1_IDAC8_2_Stop
 168:.\Generated_Source\PSoC5/OSC1_IDAC8_2.c **** ********************************************************************************
 169:.\Generated_Source\PSoC5/OSC1_IDAC8_2.c **** * Summary:
 170:.\Generated_Source\PSoC5/OSC1_IDAC8_2.c **** *  Powers down IDAC8 to lowest power state.
 171:.\Generated_Source\PSoC5/OSC1_IDAC8_2.c **** *
ARM GAS  C:\Users\214016~1\AppData\Local\Temp\ccenL1Ln.s 			page 5


 172:.\Generated_Source\PSoC5/OSC1_IDAC8_2.c **** * Parameters:
 173:.\Generated_Source\PSoC5/OSC1_IDAC8_2.c **** *  (void)
 174:.\Generated_Source\PSoC5/OSC1_IDAC8_2.c **** *
 175:.\Generated_Source\PSoC5/OSC1_IDAC8_2.c **** * Return:
 176:.\Generated_Source\PSoC5/OSC1_IDAC8_2.c **** *  (void)
 177:.\Generated_Source\PSoC5/OSC1_IDAC8_2.c **** *
 178:.\Generated_Source\PSoC5/OSC1_IDAC8_2.c **** * Theory:
 179:.\Generated_Source\PSoC5/OSC1_IDAC8_2.c **** *
 180:.\Generated_Source\PSoC5/OSC1_IDAC8_2.c **** * Side Effects:
 181:.\Generated_Source\PSoC5/OSC1_IDAC8_2.c **** *
 182:.\Generated_Source\PSoC5/OSC1_IDAC8_2.c **** *******************************************************************************/
 183:.\Generated_Source\PSoC5/OSC1_IDAC8_2.c **** void OSC1_IDAC8_2_Stop(void) 
 184:.\Generated_Source\PSoC5/OSC1_IDAC8_2.c **** {
  58              		.loc 1 184 0
  59              		.cfi_startproc
  60              		@ args = 0, pretend = 0, frame = 0
  61              		@ frame_needed = 0, uses_anonymous_args = 0
  62              		@ link register save eliminated.
 185:.\Generated_Source\PSoC5/OSC1_IDAC8_2.c ****     /* Disble power to DAC */
 186:.\Generated_Source\PSoC5/OSC1_IDAC8_2.c ****     OSC1_IDAC8_2_PWRMGR &= (uint8)(~OSC1_IDAC8_2_ACT_PWR_EN);
  63              		.loc 1 186 0
  64 0000 054A     		ldr	r2, .L5
  65 0002 1378     		ldrb	r3, [r2]	@ zero_extendqisi2
  66 0004 03F0FB03 		and	r3, r3, #251
  67 0008 1370     		strb	r3, [r2]
 187:.\Generated_Source\PSoC5/OSC1_IDAC8_2.c ****     OSC1_IDAC8_2_STBY_PWRMGR &= (uint8)(~OSC1_IDAC8_2_STBY_PWR_EN);
  68              		.loc 1 187 0
  69 000a 1032     		adds	r2, r2, #16
  70 000c 1378     		ldrb	r3, [r2]	@ zero_extendqisi2
  71 000e 03F0FB03 		and	r3, r3, #251
  72 0012 1370     		strb	r3, [r2]
  73 0014 7047     		bx	lr
  74              	.L6:
  75 0016 00BF     		.align	2
  76              	.L5:
  77 0018 A8430040 		.word	1073759144
  78              		.cfi_endproc
  79              	.LFE3:
  80              		.size	OSC1_IDAC8_2_Stop, .-OSC1_IDAC8_2_Stop
  81              		.section	.text.OSC1_IDAC8_2_SetSpeed,"ax",%progbits
  82              		.align	2
  83              		.global	OSC1_IDAC8_2_SetSpeed
  84              		.thumb
  85              		.thumb_func
  86              		.type	OSC1_IDAC8_2_SetSpeed, %function
  87              	OSC1_IDAC8_2_SetSpeed:
  88              	.LFB4:
 188:.\Generated_Source\PSoC5/OSC1_IDAC8_2.c ****     
 189:.\Generated_Source\PSoC5/OSC1_IDAC8_2.c ****     #if (CY_PSOC5A)
 190:.\Generated_Source\PSoC5/OSC1_IDAC8_2.c ****     
 191:.\Generated_Source\PSoC5/OSC1_IDAC8_2.c ****         /* Set the global variable  */
 192:.\Generated_Source\PSoC5/OSC1_IDAC8_2.c ****         OSC1_IDAC8_2_restoreReg = 1u;
 193:.\Generated_Source\PSoC5/OSC1_IDAC8_2.c **** 
 194:.\Generated_Source\PSoC5/OSC1_IDAC8_2.c ****         /* Save the control register and then Clear it. */
 195:.\Generated_Source\PSoC5/OSC1_IDAC8_2.c ****         OSC1_IDAC8_2_lowPowerBackup.DACCR0Reg = OSC1_IDAC8_2_CR0;
 196:.\Generated_Source\PSoC5/OSC1_IDAC8_2.c ****         OSC1_IDAC8_2_CR0 = (OSC1_IDAC8_2_MODE_I | OSC1_IDAC8_2_RANGE_3 | OSC1_IDAC8_2_HS_HIGHSPEED)
 197:.\Generated_Source\PSoC5/OSC1_IDAC8_2.c ****     #endif /* CY_PSOC5A */
ARM GAS  C:\Users\214016~1\AppData\Local\Temp\ccenL1Ln.s 			page 6


 198:.\Generated_Source\PSoC5/OSC1_IDAC8_2.c **** }
 199:.\Generated_Source\PSoC5/OSC1_IDAC8_2.c **** 
 200:.\Generated_Source\PSoC5/OSC1_IDAC8_2.c **** 
 201:.\Generated_Source\PSoC5/OSC1_IDAC8_2.c **** /*******************************************************************************
 202:.\Generated_Source\PSoC5/OSC1_IDAC8_2.c **** * Function Name: OSC1_IDAC8_2_SetSpeed
 203:.\Generated_Source\PSoC5/OSC1_IDAC8_2.c **** ********************************************************************************
 204:.\Generated_Source\PSoC5/OSC1_IDAC8_2.c **** * Summary:
 205:.\Generated_Source\PSoC5/OSC1_IDAC8_2.c **** *  Set DAC speed
 206:.\Generated_Source\PSoC5/OSC1_IDAC8_2.c **** *
 207:.\Generated_Source\PSoC5/OSC1_IDAC8_2.c **** * Parameters:
 208:.\Generated_Source\PSoC5/OSC1_IDAC8_2.c **** *  power: Sets speed value
 209:.\Generated_Source\PSoC5/OSC1_IDAC8_2.c **** *
 210:.\Generated_Source\PSoC5/OSC1_IDAC8_2.c **** * Return:
 211:.\Generated_Source\PSoC5/OSC1_IDAC8_2.c **** *  (void)
 212:.\Generated_Source\PSoC5/OSC1_IDAC8_2.c **** *
 213:.\Generated_Source\PSoC5/OSC1_IDAC8_2.c **** * Theory:
 214:.\Generated_Source\PSoC5/OSC1_IDAC8_2.c **** *
 215:.\Generated_Source\PSoC5/OSC1_IDAC8_2.c **** * Side Effects:
 216:.\Generated_Source\PSoC5/OSC1_IDAC8_2.c **** *
 217:.\Generated_Source\PSoC5/OSC1_IDAC8_2.c **** *******************************************************************************/
 218:.\Generated_Source\PSoC5/OSC1_IDAC8_2.c **** void OSC1_IDAC8_2_SetSpeed(uint8 speed) 
 219:.\Generated_Source\PSoC5/OSC1_IDAC8_2.c **** {
  89              		.loc 1 219 0
  90              		.cfi_startproc
  91              		@ args = 0, pretend = 0, frame = 0
  92              		@ frame_needed = 0, uses_anonymous_args = 0
  93              		@ link register save eliminated.
  94              	.LVL0:
 220:.\Generated_Source\PSoC5/OSC1_IDAC8_2.c ****     /* Clear power mask then write in new value */
 221:.\Generated_Source\PSoC5/OSC1_IDAC8_2.c ****     OSC1_IDAC8_2_CR0 &= (uint8)(~OSC1_IDAC8_2_HS_MASK);
  95              		.loc 1 221 0
  96 0000 054B     		ldr	r3, .L8
  97 0002 1A78     		ldrb	r2, [r3]	@ zero_extendqisi2
  98 0004 02F0FD02 		and	r2, r2, #253
  99 0008 1A70     		strb	r2, [r3]
 222:.\Generated_Source\PSoC5/OSC1_IDAC8_2.c ****     OSC1_IDAC8_2_CR0 |=  ( speed & OSC1_IDAC8_2_HS_MASK);
 100              		.loc 1 222 0
 101 000a 1A78     		ldrb	r2, [r3]	@ zero_extendqisi2
 102 000c 00F00200 		and	r0, r0, #2
 103              	.LVL1:
 104 0010 1043     		orrs	r0, r0, r2
 105 0012 1870     		strb	r0, [r3]
 106 0014 7047     		bx	lr
 107              	.L9:
 108 0016 00BF     		.align	2
 109              	.L8:
 110 0018 28580040 		.word	1073764392
 111              		.cfi_endproc
 112              	.LFE4:
 113              		.size	OSC1_IDAC8_2_SetSpeed, .-OSC1_IDAC8_2_SetSpeed
 114              		.section	.text.OSC1_IDAC8_2_SetValue,"ax",%progbits
 115              		.align	2
 116              		.global	OSC1_IDAC8_2_SetValue
 117              		.thumb
 118              		.thumb_func
 119              		.type	OSC1_IDAC8_2_SetValue, %function
 120              	OSC1_IDAC8_2_SetValue:
ARM GAS  C:\Users\214016~1\AppData\Local\Temp\ccenL1Ln.s 			page 7


 121              	.LFB6:
 223:.\Generated_Source\PSoC5/OSC1_IDAC8_2.c **** }
 224:.\Generated_Source\PSoC5/OSC1_IDAC8_2.c **** 
 225:.\Generated_Source\PSoC5/OSC1_IDAC8_2.c **** 
 226:.\Generated_Source\PSoC5/OSC1_IDAC8_2.c **** /*******************************************************************************
 227:.\Generated_Source\PSoC5/OSC1_IDAC8_2.c **** * Function Name: OSC1_IDAC8_2_SetPolarity
 228:.\Generated_Source\PSoC5/OSC1_IDAC8_2.c **** ********************************************************************************
 229:.\Generated_Source\PSoC5/OSC1_IDAC8_2.c **** * Summary:
 230:.\Generated_Source\PSoC5/OSC1_IDAC8_2.c **** *  Sets IDAC to Sink or Source current.
 231:.\Generated_Source\PSoC5/OSC1_IDAC8_2.c **** *  
 232:.\Generated_Source\PSoC5/OSC1_IDAC8_2.c **** * Parameters:
 233:.\Generated_Source\PSoC5/OSC1_IDAC8_2.c **** *  Polarity: Sets the IDAC to Sink or Source 
 234:.\Generated_Source\PSoC5/OSC1_IDAC8_2.c **** *  0x00 - Source
 235:.\Generated_Source\PSoC5/OSC1_IDAC8_2.c **** *  0x04 - Sink
 236:.\Generated_Source\PSoC5/OSC1_IDAC8_2.c **** *
 237:.\Generated_Source\PSoC5/OSC1_IDAC8_2.c **** * Return:
 238:.\Generated_Source\PSoC5/OSC1_IDAC8_2.c **** *  (void)
 239:.\Generated_Source\PSoC5/OSC1_IDAC8_2.c **** *
 240:.\Generated_Source\PSoC5/OSC1_IDAC8_2.c **** * Theory:
 241:.\Generated_Source\PSoC5/OSC1_IDAC8_2.c **** *
 242:.\Generated_Source\PSoC5/OSC1_IDAC8_2.c **** * Side Effects:
 243:.\Generated_Source\PSoC5/OSC1_IDAC8_2.c **** *
 244:.\Generated_Source\PSoC5/OSC1_IDAC8_2.c **** *******************************************************************************/
 245:.\Generated_Source\PSoC5/OSC1_IDAC8_2.c **** #if(OSC1_IDAC8_2_DEFAULT_POLARITY != OSC1_IDAC8_2_HARDWARE_CONTROLLED)
 246:.\Generated_Source\PSoC5/OSC1_IDAC8_2.c ****     void OSC1_IDAC8_2_SetPolarity(uint8 polarity) 
 247:.\Generated_Source\PSoC5/OSC1_IDAC8_2.c ****     {
 248:.\Generated_Source\PSoC5/OSC1_IDAC8_2.c ****         OSC1_IDAC8_2_CR1 &= (uint8)(~OSC1_IDAC8_2_IDIR_MASK);                /* clear polarity bit 
 249:.\Generated_Source\PSoC5/OSC1_IDAC8_2.c ****         OSC1_IDAC8_2_CR1 |= (polarity & OSC1_IDAC8_2_IDIR_MASK);             /* set new value */
 250:.\Generated_Source\PSoC5/OSC1_IDAC8_2.c ****     
 251:.\Generated_Source\PSoC5/OSC1_IDAC8_2.c ****         OSC1_IDAC8_2_DacTrim();
 252:.\Generated_Source\PSoC5/OSC1_IDAC8_2.c ****     }
 253:.\Generated_Source\PSoC5/OSC1_IDAC8_2.c **** #endif/*(OSC1_IDAC8_2_DEFAULT_POLARITY != OSC1_IDAC8_2_HARDWARE_CONTROLLED)*/
 254:.\Generated_Source\PSoC5/OSC1_IDAC8_2.c **** 
 255:.\Generated_Source\PSoC5/OSC1_IDAC8_2.c **** 
 256:.\Generated_Source\PSoC5/OSC1_IDAC8_2.c **** /*******************************************************************************
 257:.\Generated_Source\PSoC5/OSC1_IDAC8_2.c **** * Function Name: OSC1_IDAC8_2_SetRange
 258:.\Generated_Source\PSoC5/OSC1_IDAC8_2.c **** ********************************************************************************
 259:.\Generated_Source\PSoC5/OSC1_IDAC8_2.c **** * Summary:
 260:.\Generated_Source\PSoC5/OSC1_IDAC8_2.c **** *  Set current range
 261:.\Generated_Source\PSoC5/OSC1_IDAC8_2.c **** *
 262:.\Generated_Source\PSoC5/OSC1_IDAC8_2.c **** * Parameters:
 263:.\Generated_Source\PSoC5/OSC1_IDAC8_2.c **** *  Range: Sets on of four valid ranges.
 264:.\Generated_Source\PSoC5/OSC1_IDAC8_2.c **** *
 265:.\Generated_Source\PSoC5/OSC1_IDAC8_2.c **** * Return:
 266:.\Generated_Source\PSoC5/OSC1_IDAC8_2.c **** *  (void)
 267:.\Generated_Source\PSoC5/OSC1_IDAC8_2.c **** *
 268:.\Generated_Source\PSoC5/OSC1_IDAC8_2.c **** * Theory:
 269:.\Generated_Source\PSoC5/OSC1_IDAC8_2.c **** *
 270:.\Generated_Source\PSoC5/OSC1_IDAC8_2.c **** * Side Effects:
 271:.\Generated_Source\PSoC5/OSC1_IDAC8_2.c **** *
 272:.\Generated_Source\PSoC5/OSC1_IDAC8_2.c **** *******************************************************************************/
 273:.\Generated_Source\PSoC5/OSC1_IDAC8_2.c **** void OSC1_IDAC8_2_SetRange(uint8 range) 
 274:.\Generated_Source\PSoC5/OSC1_IDAC8_2.c **** {
 275:.\Generated_Source\PSoC5/OSC1_IDAC8_2.c ****     OSC1_IDAC8_2_CR0 &= (uint8)(~OSC1_IDAC8_2_RANGE_MASK);       /* Clear existing mode */
 276:.\Generated_Source\PSoC5/OSC1_IDAC8_2.c ****     OSC1_IDAC8_2_CR0 |= ( range & OSC1_IDAC8_2_RANGE_MASK );     /*  Set Range  */
 277:.\Generated_Source\PSoC5/OSC1_IDAC8_2.c ****     OSC1_IDAC8_2_DacTrim();
 278:.\Generated_Source\PSoC5/OSC1_IDAC8_2.c **** }
ARM GAS  C:\Users\214016~1\AppData\Local\Temp\ccenL1Ln.s 			page 8


 279:.\Generated_Source\PSoC5/OSC1_IDAC8_2.c **** 
 280:.\Generated_Source\PSoC5/OSC1_IDAC8_2.c **** 
 281:.\Generated_Source\PSoC5/OSC1_IDAC8_2.c **** /*******************************************************************************
 282:.\Generated_Source\PSoC5/OSC1_IDAC8_2.c **** * Function Name: OSC1_IDAC8_2_SetValue
 283:.\Generated_Source\PSoC5/OSC1_IDAC8_2.c **** ********************************************************************************
 284:.\Generated_Source\PSoC5/OSC1_IDAC8_2.c **** * Summary:
 285:.\Generated_Source\PSoC5/OSC1_IDAC8_2.c **** *  Set DAC value
 286:.\Generated_Source\PSoC5/OSC1_IDAC8_2.c **** *
 287:.\Generated_Source\PSoC5/OSC1_IDAC8_2.c **** * Parameters:
 288:.\Generated_Source\PSoC5/OSC1_IDAC8_2.c **** *  value: Sets DAC value between 0 and 255.
 289:.\Generated_Source\PSoC5/OSC1_IDAC8_2.c **** *
 290:.\Generated_Source\PSoC5/OSC1_IDAC8_2.c **** * Return:
 291:.\Generated_Source\PSoC5/OSC1_IDAC8_2.c **** *  (void)
 292:.\Generated_Source\PSoC5/OSC1_IDAC8_2.c **** *
 293:.\Generated_Source\PSoC5/OSC1_IDAC8_2.c **** * Theory:
 294:.\Generated_Source\PSoC5/OSC1_IDAC8_2.c **** *
 295:.\Generated_Source\PSoC5/OSC1_IDAC8_2.c **** * Side Effects:
 296:.\Generated_Source\PSoC5/OSC1_IDAC8_2.c **** *
 297:.\Generated_Source\PSoC5/OSC1_IDAC8_2.c **** *******************************************************************************/
 298:.\Generated_Source\PSoC5/OSC1_IDAC8_2.c **** void OSC1_IDAC8_2_SetValue(uint8 value) 
 299:.\Generated_Source\PSoC5/OSC1_IDAC8_2.c **** {
 122              		.loc 1 299 0
 123              		.cfi_startproc
 124              		@ args = 0, pretend = 0, frame = 0
 125              		@ frame_needed = 0, uses_anonymous_args = 0
 126              		@ link register save eliminated.
 127              	.LVL2:
 300:.\Generated_Source\PSoC5/OSC1_IDAC8_2.c **** 
 301:.\Generated_Source\PSoC5/OSC1_IDAC8_2.c ****     #if (CY_PSOC5A)
 302:.\Generated_Source\PSoC5/OSC1_IDAC8_2.c ****         uint8 OSC1_IDAC8_2_intrStatus = CyEnterCriticalSection();
 303:.\Generated_Source\PSoC5/OSC1_IDAC8_2.c ****     #endif /* CY_PSOC5A */
 304:.\Generated_Source\PSoC5/OSC1_IDAC8_2.c **** 
 305:.\Generated_Source\PSoC5/OSC1_IDAC8_2.c ****     OSC1_IDAC8_2_Data = value;         /*  Set Value  */
 128              		.loc 1 305 0
 129 0000 014B     		ldr	r3, .L11
 130 0002 1870     		strb	r0, [r3]
 131 0004 7047     		bx	lr
 132              	.L12:
 133 0006 00BF     		.align	2
 134              	.L11:
 135 0008 825B0040 		.word	1073765250
 136              		.cfi_endproc
 137              	.LFE6:
 138              		.size	OSC1_IDAC8_2_SetValue, .-OSC1_IDAC8_2_SetValue
 139              		.section	.text.OSC1_IDAC8_2_DacTrim,"ax",%progbits
 140              		.align	2
 141              		.global	OSC1_IDAC8_2_DacTrim
 142              		.thumb
 143              		.thumb_func
 144              		.type	OSC1_IDAC8_2_DacTrim, %function
 145              	OSC1_IDAC8_2_DacTrim:
 146              	.LFB7:
 306:.\Generated_Source\PSoC5/OSC1_IDAC8_2.c ****     
 307:.\Generated_Source\PSoC5/OSC1_IDAC8_2.c ****     /* PSOC5A silicons require a double write */
 308:.\Generated_Source\PSoC5/OSC1_IDAC8_2.c ****     #if (CY_PSOC5A)
 309:.\Generated_Source\PSoC5/OSC1_IDAC8_2.c ****         OSC1_IDAC8_2_Data = value;
 310:.\Generated_Source\PSoC5/OSC1_IDAC8_2.c ****         CyExitCriticalSection(OSC1_IDAC8_2_intrStatus);
ARM GAS  C:\Users\214016~1\AppData\Local\Temp\ccenL1Ln.s 			page 9


 311:.\Generated_Source\PSoC5/OSC1_IDAC8_2.c ****     #endif /* CY_PSOC5A */
 312:.\Generated_Source\PSoC5/OSC1_IDAC8_2.c **** }
 313:.\Generated_Source\PSoC5/OSC1_IDAC8_2.c **** 
 314:.\Generated_Source\PSoC5/OSC1_IDAC8_2.c **** 
 315:.\Generated_Source\PSoC5/OSC1_IDAC8_2.c **** /*******************************************************************************
 316:.\Generated_Source\PSoC5/OSC1_IDAC8_2.c **** * Function Name: OSC1_IDAC8_2_DacTrim
 317:.\Generated_Source\PSoC5/OSC1_IDAC8_2.c **** ********************************************************************************
 318:.\Generated_Source\PSoC5/OSC1_IDAC8_2.c **** * Summary:
 319:.\Generated_Source\PSoC5/OSC1_IDAC8_2.c **** *  Set the trim value for the given range.
 320:.\Generated_Source\PSoC5/OSC1_IDAC8_2.c **** *
 321:.\Generated_Source\PSoC5/OSC1_IDAC8_2.c **** * Parameters:
 322:.\Generated_Source\PSoC5/OSC1_IDAC8_2.c **** *  None
 323:.\Generated_Source\PSoC5/OSC1_IDAC8_2.c **** *
 324:.\Generated_Source\PSoC5/OSC1_IDAC8_2.c **** * Return:
 325:.\Generated_Source\PSoC5/OSC1_IDAC8_2.c **** *  (void) 
 326:.\Generated_Source\PSoC5/OSC1_IDAC8_2.c **** *
 327:.\Generated_Source\PSoC5/OSC1_IDAC8_2.c **** * Theory:
 328:.\Generated_Source\PSoC5/OSC1_IDAC8_2.c **** *  Trim values for the IDAC blocks are stored in the "Customer Table" area in 
 329:.\Generated_Source\PSoC5/OSC1_IDAC8_2.c **** *  Row 1 of the Hidden Flash.  There are 8 bytes of trim data for each 
 330:.\Generated_Source\PSoC5/OSC1_IDAC8_2.c **** *  IDAC block.
 331:.\Generated_Source\PSoC5/OSC1_IDAC8_2.c **** *  The values are:
 332:.\Generated_Source\PSoC5/OSC1_IDAC8_2.c **** *       I Gain offset, min range, Sourcing
 333:.\Generated_Source\PSoC5/OSC1_IDAC8_2.c **** *       I Gain offset, min range, Sinking
 334:.\Generated_Source\PSoC5/OSC1_IDAC8_2.c **** *       I Gain offset, med range, Sourcing
 335:.\Generated_Source\PSoC5/OSC1_IDAC8_2.c **** *       I Gain offset, med range, Sinking
 336:.\Generated_Source\PSoC5/OSC1_IDAC8_2.c **** *       I Gain offset, max range, Sourcing
 337:.\Generated_Source\PSoC5/OSC1_IDAC8_2.c **** *       I Gain offset, max range, Sinking
 338:.\Generated_Source\PSoC5/OSC1_IDAC8_2.c **** *       V Gain offset, 1V range
 339:.\Generated_Source\PSoC5/OSC1_IDAC8_2.c **** *       V Gain offset, 4V range
 340:.\Generated_Source\PSoC5/OSC1_IDAC8_2.c **** *
 341:.\Generated_Source\PSoC5/OSC1_IDAC8_2.c **** * Side Effects:
 342:.\Generated_Source\PSoC5/OSC1_IDAC8_2.c **** *
 343:.\Generated_Source\PSoC5/OSC1_IDAC8_2.c **** *******************************************************************************/
 344:.\Generated_Source\PSoC5/OSC1_IDAC8_2.c **** void OSC1_IDAC8_2_DacTrim(void) 
 345:.\Generated_Source\PSoC5/OSC1_IDAC8_2.c **** {
 147              		.loc 1 345 0
 148              		.cfi_startproc
 149              		@ args = 0, pretend = 0, frame = 0
 150              		@ frame_needed = 0, uses_anonymous_args = 0
 151              		@ link register save eliminated.
 346:.\Generated_Source\PSoC5/OSC1_IDAC8_2.c ****     uint8 mode;
 347:.\Generated_Source\PSoC5/OSC1_IDAC8_2.c **** 
 348:.\Generated_Source\PSoC5/OSC1_IDAC8_2.c ****     mode = ((OSC1_IDAC8_2_CR0 & OSC1_IDAC8_2_RANGE_MASK) >> 1u);
 152              		.loc 1 348 0
 153 0000 094B     		ldr	r3, .L15
 154 0002 1B78     		ldrb	r3, [r3]	@ zero_extendqisi2
 155 0004 03F00C03 		and	r3, r3, #12
 156 0008 5B08     		lsrs	r3, r3, #1
 157              	.LVL3:
 349:.\Generated_Source\PSoC5/OSC1_IDAC8_2.c ****     
 350:.\Generated_Source\PSoC5/OSC1_IDAC8_2.c ****     if((OSC1_IDAC8_2_IDIR_MASK & OSC1_IDAC8_2_CR1) == OSC1_IDAC8_2_IDIR_SINK)
 158              		.loc 1 350 0
 159 000a 084A     		ldr	r2, .L15+4
 160 000c 1278     		ldrb	r2, [r2]	@ zero_extendqisi2
 161 000e 12F0040F 		tst	r2, #4
 162 0012 00D0     		beq	.L14
 351:.\Generated_Source\PSoC5/OSC1_IDAC8_2.c ****     {
ARM GAS  C:\Users\214016~1\AppData\Local\Temp\ccenL1Ln.s 			page 10


 352:.\Generated_Source\PSoC5/OSC1_IDAC8_2.c ****         mode++;
 163              		.loc 1 352 0
 164 0014 0133     		adds	r3, r3, #1
 165              	.LVL4:
 166              	.L14:
 353:.\Generated_Source\PSoC5/OSC1_IDAC8_2.c ****     }
 354:.\Generated_Source\PSoC5/OSC1_IDAC8_2.c **** 
 355:.\Generated_Source\PSoC5/OSC1_IDAC8_2.c ****     OSC1_IDAC8_2_TR = CY_GET_XTND_REG8((uint8 *)(OSC1_IDAC8_2_DAC_TRIM_BASE + mode));
 167              		.loc 1 355 0
 168 0016 03F19243 		add	r3, r3, #1224736768
 169              	.LVL5:
 170 001a 93F82831 		ldrb	r3, [r3, #296]	@ zero_extendqisi2
 171 001e DBB2     		uxtb	r3, r3
 172 0020 034A     		ldr	r2, .L15+8
 173 0022 1370     		strb	r3, [r2]
 174 0024 7047     		bx	lr
 175              	.L16:
 176 0026 00BF     		.align	2
 177              	.L15:
 178 0028 28580040 		.word	1073764392
 179 002c 29580040 		.word	1073764393
 180 0030 0A460040 		.word	1073759754
 181              		.cfi_endproc
 182              	.LFE7:
 183              		.size	OSC1_IDAC8_2_DacTrim, .-OSC1_IDAC8_2_DacTrim
 184              		.section	.text.OSC1_IDAC8_2_Init,"ax",%progbits
 185              		.align	2
 186              		.global	OSC1_IDAC8_2_Init
 187              		.thumb
 188              		.thumb_func
 189              		.type	OSC1_IDAC8_2_Init, %function
 190              	OSC1_IDAC8_2_Init:
 191              	.LFB0:
  59:.\Generated_Source\PSoC5/OSC1_IDAC8_2.c ****     OSC1_IDAC8_2_CR0 = (OSC1_IDAC8_2_MODE_I | OSC1_IDAC8_2_DEFAULT_RANGE );
 192              		.loc 1 59 0
 193              		.cfi_startproc
 194              		@ args = 0, pretend = 0, frame = 0
 195              		@ frame_needed = 0, uses_anonymous_args = 0
 196 0000 08B5     		push	{r3, lr}
 197              		.cfi_def_cfa_offset 8
 198              		.cfi_offset 3, -8
 199              		.cfi_offset 14, -4
  60:.\Generated_Source\PSoC5/OSC1_IDAC8_2.c **** 
 200              		.loc 1 60 0
 201 0002 1822     		movs	r2, #24
 202 0004 084B     		ldr	r3, .L19
 203 0006 1A70     		strb	r2, [r3]
  66:.\Generated_Source\PSoC5/OSC1_IDAC8_2.c ****     #endif /* (OSC1_IDAC8_2_DEFAULT_DATA_SRC != 0u ) */
 204              		.loc 1 66 0
 205 0008 0133     		adds	r3, r3, #1
 206 000a 0020     		movs	r0, #0
 207 000c 1870     		strb	r0, [r3]
  71:.\Generated_Source\PSoC5/OSC1_IDAC8_2.c ****     #else
 208              		.loc 1 71 0
 209 000e 1A78     		ldrb	r2, [r3]	@ zero_extendqisi2
 210 0010 42F00802 		orr	r2, r2, #8
 211 0014 1A70     		strb	r2, [r3]
ARM GAS  C:\Users\214016~1\AppData\Local\Temp\ccenL1Ln.s 			page 11


  77:.\Generated_Source\PSoC5/OSC1_IDAC8_2.c ****     #endif /* (OSC1_IDAC8_2_HARDWARE_ENABLE != 0u ) */ 
 212              		.loc 1 77 0
 213 0016 1A78     		ldrb	r2, [r3]	@ zero_extendqisi2
 214 0018 42F00202 		orr	r2, r2, #2
 215 001c 1A70     		strb	r2, [r3]
  86:.\Generated_Source\PSoC5/OSC1_IDAC8_2.c ****     
 216              		.loc 1 86 0
 217 001e FFF7FEFF 		bl	OSC1_IDAC8_2_SetSpeed
 218              	.LVL6:
  89:.\Generated_Source\PSoC5/OSC1_IDAC8_2.c ****     
 219              		.loc 1 89 0
 220 0022 FFF7FEFF 		bl	OSC1_IDAC8_2_DacTrim
 221              	.LVL7:
 222 0026 08BD     		pop	{r3, pc}
 223              	.L20:
 224              		.align	2
 225              	.L19:
 226 0028 28580040 		.word	1073764392
 227              		.cfi_endproc
 228              	.LFE0:
 229              		.size	OSC1_IDAC8_2_Init, .-OSC1_IDAC8_2_Init
 230              		.section	.text.OSC1_IDAC8_2_Start,"ax",%progbits
 231              		.align	2
 232              		.global	OSC1_IDAC8_2_Start
 233              		.thumb
 234              		.thumb_func
 235              		.type	OSC1_IDAC8_2_Start, %function
 236              	OSC1_IDAC8_2_Start:
 237              	.LFB2:
 148:.\Generated_Source\PSoC5/OSC1_IDAC8_2.c ****     /* Hardware initiazation only needs to occur the first time */
 238              		.loc 1 148 0
 239              		.cfi_startproc
 240              		@ args = 0, pretend = 0, frame = 0
 241              		@ frame_needed = 0, uses_anonymous_args = 0
 242 0000 08B5     		push	{r3, lr}
 243              		.cfi_def_cfa_offset 8
 244              		.cfi_offset 3, -8
 245              		.cfi_offset 14, -4
 150:.\Generated_Source\PSoC5/OSC1_IDAC8_2.c ****     {
 246              		.loc 1 150 0
 247 0002 074B     		ldr	r3, .L24
 248 0004 1B78     		ldrb	r3, [r3]	@ zero_extendqisi2
 249 0006 23B9     		cbnz	r3, .L22
 152:.\Generated_Source\PSoC5/OSC1_IDAC8_2.c ****         
 250              		.loc 1 152 0
 251 0008 FFF7FEFF 		bl	OSC1_IDAC8_2_Init
 252              	.LVL8:
 154:.\Generated_Source\PSoC5/OSC1_IDAC8_2.c ****     }
 253              		.loc 1 154 0
 254 000c 0122     		movs	r2, #1
 255 000e 044B     		ldr	r3, .L24
 256 0010 1A70     		strb	r2, [r3]
 257              	.L22:
 158:.\Generated_Source\PSoC5/OSC1_IDAC8_2.c **** 
 258              		.loc 1 158 0
 259 0012 FFF7FEFF 		bl	OSC1_IDAC8_2_Enable
 260              	.LVL9:
ARM GAS  C:\Users\214016~1\AppData\Local\Temp\ccenL1Ln.s 			page 12


 161:.\Generated_Source\PSoC5/OSC1_IDAC8_2.c **** 
 261              		.loc 1 161 0
 262 0016 7820     		movs	r0, #120
 263 0018 FFF7FEFF 		bl	OSC1_IDAC8_2_SetValue
 264              	.LVL10:
 265 001c 08BD     		pop	{r3, pc}
 266              	.L25:
 267 001e 00BF     		.align	2
 268              	.L24:
 269 0020 00000000 		.word	.LANCHOR0
 270              		.cfi_endproc
 271              	.LFE2:
 272              		.size	OSC1_IDAC8_2_Start, .-OSC1_IDAC8_2_Start
 273              		.section	.text.OSC1_IDAC8_2_SetRange,"ax",%progbits
 274              		.align	2
 275              		.global	OSC1_IDAC8_2_SetRange
 276              		.thumb
 277              		.thumb_func
 278              		.type	OSC1_IDAC8_2_SetRange, %function
 279              	OSC1_IDAC8_2_SetRange:
 280              	.LFB5:
 274:.\Generated_Source\PSoC5/OSC1_IDAC8_2.c ****     OSC1_IDAC8_2_CR0 &= (uint8)(~OSC1_IDAC8_2_RANGE_MASK);       /* Clear existing mode */
 281              		.loc 1 274 0
 282              		.cfi_startproc
 283              		@ args = 0, pretend = 0, frame = 0
 284              		@ frame_needed = 0, uses_anonymous_args = 0
 285              	.LVL11:
 286 0000 08B5     		push	{r3, lr}
 287              		.cfi_def_cfa_offset 8
 288              		.cfi_offset 3, -8
 289              		.cfi_offset 14, -4
 275:.\Generated_Source\PSoC5/OSC1_IDAC8_2.c ****     OSC1_IDAC8_2_CR0 |= ( range & OSC1_IDAC8_2_RANGE_MASK );     /*  Set Range  */
 290              		.loc 1 275 0
 291 0002 064B     		ldr	r3, .L28
 292 0004 1A78     		ldrb	r2, [r3]	@ zero_extendqisi2
 293 0006 02F0F302 		and	r2, r2, #243
 294 000a 1A70     		strb	r2, [r3]
 276:.\Generated_Source\PSoC5/OSC1_IDAC8_2.c ****     OSC1_IDAC8_2_DacTrim();
 295              		.loc 1 276 0
 296 000c 1A78     		ldrb	r2, [r3]	@ zero_extendqisi2
 297 000e 00F00C00 		and	r0, r0, #12
 298              	.LVL12:
 299 0012 1043     		orrs	r0, r0, r2
 300 0014 1870     		strb	r0, [r3]
 277:.\Generated_Source\PSoC5/OSC1_IDAC8_2.c **** }
 301              		.loc 1 277 0
 302 0016 FFF7FEFF 		bl	OSC1_IDAC8_2_DacTrim
 303              	.LVL13:
 304 001a 08BD     		pop	{r3, pc}
 305              	.L29:
 306              		.align	2
 307              	.L28:
 308 001c 28580040 		.word	1073764392
 309              		.cfi_endproc
 310              	.LFE5:
 311              		.size	OSC1_IDAC8_2_SetRange, .-OSC1_IDAC8_2_SetRange
 312              		.global	OSC1_IDAC8_2_initVar
ARM GAS  C:\Users\214016~1\AppData\Local\Temp\ccenL1Ln.s 			page 13


 313              		.bss
 314              		.set	.LANCHOR0,. + 0
 315              		.type	OSC1_IDAC8_2_initVar, %object
 316              		.size	OSC1_IDAC8_2_initVar, 1
 317              	OSC1_IDAC8_2_initVar:
 318 0000 00       		.space	1
 319              		.text
 320              	.Letext0:
 321              		.file 2 ".\\Generated_Source\\PSoC5\\cytypes.h"
 322              		.section	.debug_info,"",%progbits
 323              	.Ldebug_info0:
 324 0000 D8010000 		.4byte	0x1d8
 325 0004 0400     		.2byte	0x4
 326 0006 00000000 		.4byte	.Ldebug_abbrev0
 327 000a 04       		.byte	0x4
 328 000b 01       		.uleb128 0x1
 329 000c DE000000 		.4byte	.LASF25
 330 0010 01       		.byte	0x1
 331 0011 31000000 		.4byte	.LASF26
 332 0015 6C010000 		.4byte	.LASF27
 333 0019 00000000 		.4byte	.Ldebug_ranges0+0
 334 001d 00000000 		.4byte	0
 335 0021 00000000 		.4byte	.Ldebug_line0
 336 0025 02       		.uleb128 0x2
 337 0026 01       		.byte	0x1
 338 0027 06       		.byte	0x6
 339 0028 51020000 		.4byte	.LASF0
 340 002c 02       		.uleb128 0x2
 341 002d 01       		.byte	0x1
 342 002e 08       		.byte	0x8
 343 002f 87000000 		.4byte	.LASF1
 344 0033 02       		.uleb128 0x2
 345 0034 02       		.byte	0x2
 346 0035 05       		.byte	0x5
 347 0036 25020000 		.4byte	.LASF2
 348 003a 02       		.uleb128 0x2
 349 003b 02       		.byte	0x2
 350 003c 07       		.byte	0x7
 351 003d AC000000 		.4byte	.LASF3
 352 0041 02       		.uleb128 0x2
 353 0042 04       		.byte	0x4
 354 0043 05       		.byte	0x5
 355 0044 35020000 		.4byte	.LASF4
 356 0048 02       		.uleb128 0x2
 357 0049 04       		.byte	0x4
 358 004a 07       		.byte	0x7
 359 004b 9A000000 		.4byte	.LASF5
 360 004f 02       		.uleb128 0x2
 361 0050 08       		.byte	0x8
 362 0051 05       		.byte	0x5
 363 0052 12020000 		.4byte	.LASF6
 364 0056 02       		.uleb128 0x2
 365 0057 08       		.byte	0x8
 366 0058 07       		.byte	0x7
 367 0059 DB010000 		.4byte	.LASF7
 368 005d 03       		.uleb128 0x3
 369 005e 04       		.byte	0x4
ARM GAS  C:\Users\214016~1\AppData\Local\Temp\ccenL1Ln.s 			page 14


 370 005f 05       		.byte	0x5
 371 0060 696E7400 		.ascii	"int\000"
 372 0064 02       		.uleb128 0x2
 373 0065 04       		.byte	0x4
 374 0066 07       		.byte	0x7
 375 0067 B8010000 		.4byte	.LASF8
 376 006b 04       		.uleb128 0x4
 377 006c 2F020000 		.4byte	.LASF12
 378 0070 02       		.byte	0x2
 379 0071 3801     		.2byte	0x138
 380 0073 2C000000 		.4byte	0x2c
 381 0077 02       		.uleb128 0x2
 382 0078 04       		.byte	0x4
 383 0079 04       		.byte	0x4
 384 007a 6F000000 		.4byte	.LASF9
 385 007e 02       		.uleb128 0x2
 386 007f 08       		.byte	0x8
 387 0080 04       		.byte	0x4
 388 0081 D7000000 		.4byte	.LASF10
 389 0085 02       		.uleb128 0x2
 390 0086 01       		.byte	0x1
 391 0087 08       		.byte	0x8
 392 0088 20020000 		.4byte	.LASF11
 393 008c 04       		.uleb128 0x4
 394 008d 95000000 		.4byte	.LASF13
 395 0091 02       		.byte	0x2
 396 0092 E201     		.2byte	0x1e2
 397 0094 98000000 		.4byte	0x98
 398 0098 05       		.uleb128 0x5
 399 0099 6B000000 		.4byte	0x6b
 400 009d 06       		.uleb128 0x6
 401 009e 5D020000 		.4byte	.LASF14
 402 00a2 01       		.byte	0x1
 403 00a3 6F       		.byte	0x6f
 404 00a4 00000000 		.4byte	.LFB1
 405 00a8 1C000000 		.4byte	.LFE1-.LFB1
 406 00ac 01       		.uleb128 0x1
 407 00ad 9C       		.byte	0x9c
 408 00ae 06       		.uleb128 0x6
 409 00af BF000000 		.4byte	.LASF15
 410 00b3 01       		.byte	0x1
 411 00b4 B7       		.byte	0xb7
 412 00b5 00000000 		.4byte	.LFB3
 413 00b9 1C000000 		.4byte	.LFE3-.LFB3
 414 00bd 01       		.uleb128 0x1
 415 00be 9C       		.byte	0x9c
 416 00bf 07       		.uleb128 0x7
 417 00c0 C5010000 		.4byte	.LASF16
 418 00c4 01       		.byte	0x1
 419 00c5 DA       		.byte	0xda
 420 00c6 00000000 		.4byte	.LFB4
 421 00ca 1C000000 		.4byte	.LFE4-.LFB4
 422 00ce 01       		.uleb128 0x1
 423 00cf 9C       		.byte	0x9c
 424 00d0 E4000000 		.4byte	0xe4
 425 00d4 08       		.uleb128 0x8
 426 00d5 0C020000 		.4byte	.LASF18
ARM GAS  C:\Users\214016~1\AppData\Local\Temp\ccenL1Ln.s 			page 15


 427 00d9 01       		.byte	0x1
 428 00da DA       		.byte	0xda
 429 00db 6B000000 		.4byte	0x6b
 430 00df 00000000 		.4byte	.LLST0
 431 00e3 00       		.byte	0
 432 00e4 09       		.uleb128 0x9
 433 00e5 00000000 		.4byte	.LASF17
 434 00e9 01       		.byte	0x1
 435 00ea 2A01     		.2byte	0x12a
 436 00ec 00000000 		.4byte	.LFB6
 437 00f0 0C000000 		.4byte	.LFE6-.LFB6
 438 00f4 01       		.uleb128 0x1
 439 00f5 9C       		.byte	0x9c
 440 00f6 09010000 		.4byte	0x109
 441 00fa 0A       		.uleb128 0xa
 442 00fb 2B000000 		.4byte	.LASF19
 443 00ff 01       		.byte	0x1
 444 0100 2A01     		.2byte	0x12a
 445 0102 6B000000 		.4byte	0x6b
 446 0106 01       		.uleb128 0x1
 447 0107 50       		.byte	0x50
 448 0108 00       		.byte	0
 449 0109 09       		.uleb128 0x9
 450 010a 16000000 		.4byte	.LASF20
 451 010e 01       		.byte	0x1
 452 010f 5801     		.2byte	0x158
 453 0111 00000000 		.4byte	.LFB7
 454 0115 34000000 		.4byte	.LFE7-.LFB7
 455 0119 01       		.uleb128 0x1
 456 011a 9C       		.byte	0x9c
 457 011b 30010000 		.4byte	0x130
 458 011f 0B       		.uleb128 0xb
 459 0120 F2010000 		.4byte	.LASF28
 460 0124 01       		.byte	0x1
 461 0125 5A01     		.2byte	0x15a
 462 0127 6B000000 		.4byte	0x6b
 463 012b 21000000 		.4byte	.LLST1
 464 012f 00       		.byte	0
 465 0130 07       		.uleb128 0x7
 466 0131 75000000 		.4byte	.LASF21
 467 0135 01       		.byte	0x1
 468 0136 3A       		.byte	0x3a
 469 0137 00000000 		.4byte	.LFB0
 470 013b 2C000000 		.4byte	.LFE0-.LFB0
 471 013f 01       		.uleb128 0x1
 472 0140 9C       		.byte	0x9c
 473 0141 62010000 		.4byte	0x162
 474 0145 0C       		.uleb128 0xc
 475 0146 22000000 		.4byte	.LVL6
 476 014a BF000000 		.4byte	0xbf
 477 014e 58010000 		.4byte	0x158
 478 0152 0D       		.uleb128 0xd
 479 0153 01       		.uleb128 0x1
 480 0154 50       		.byte	0x50
 481 0155 01       		.uleb128 0x1
 482 0156 30       		.byte	0x30
 483 0157 00       		.byte	0
ARM GAS  C:\Users\214016~1\AppData\Local\Temp\ccenL1Ln.s 			page 16


 484 0158 0E       		.uleb128 0xe
 485 0159 26000000 		.4byte	.LVL7
 486 015d 09010000 		.4byte	0x109
 487 0161 00       		.byte	0
 488 0162 07       		.uleb128 0x7
 489 0163 3E020000 		.4byte	.LASF22
 490 0167 01       		.byte	0x1
 491 0168 93       		.byte	0x93
 492 0169 00000000 		.4byte	.LFB2
 493 016d 24000000 		.4byte	.LFE2-.LFB2
 494 0171 01       		.uleb128 0x1
 495 0172 9C       		.byte	0x9c
 496 0173 9A010000 		.4byte	0x19a
 497 0177 0E       		.uleb128 0xe
 498 0178 0C000000 		.4byte	.LVL8
 499 017c 30010000 		.4byte	0x130
 500 0180 0E       		.uleb128 0xe
 501 0181 16000000 		.4byte	.LVL9
 502 0185 9D000000 		.4byte	0x9d
 503 0189 0F       		.uleb128 0xf
 504 018a 1C000000 		.4byte	.LVL10
 505 018e E4000000 		.4byte	0xe4
 506 0192 0D       		.uleb128 0xd
 507 0193 01       		.uleb128 0x1
 508 0194 50       		.byte	0x50
 509 0195 02       		.uleb128 0x2
 510 0196 08       		.byte	0x8
 511 0197 78       		.byte	0x78
 512 0198 00       		.byte	0
 513 0199 00       		.byte	0
 514 019a 09       		.uleb128 0x9
 515 019b 59000000 		.4byte	.LASF23
 516 019f 01       		.byte	0x1
 517 01a0 1101     		.2byte	0x111
 518 01a2 00000000 		.4byte	.LFB5
 519 01a6 20000000 		.4byte	.LFE5-.LFB5
 520 01aa 01       		.uleb128 0x1
 521 01ab 9C       		.byte	0x9c
 522 01ac CA010000 		.4byte	0x1ca
 523 01b0 10       		.uleb128 0x10
 524 01b1 D1000000 		.4byte	.LASF24
 525 01b5 01       		.byte	0x1
 526 01b6 1101     		.2byte	0x111
 527 01b8 6B000000 		.4byte	0x6b
 528 01bc 34000000 		.4byte	.LLST2
 529 01c0 0E       		.uleb128 0xe
 530 01c1 1A000000 		.4byte	.LVL13
 531 01c5 09010000 		.4byte	0x109
 532 01c9 00       		.byte	0
 533 01ca 11       		.uleb128 0x11
 534 01cb F7010000 		.4byte	.LASF29
 535 01cf 01       		.byte	0x1
 536 01d0 1B       		.byte	0x1b
 537 01d1 6B000000 		.4byte	0x6b
 538 01d5 05       		.uleb128 0x5
 539 01d6 03       		.byte	0x3
 540 01d7 00000000 		.4byte	OSC1_IDAC8_2_initVar
ARM GAS  C:\Users\214016~1\AppData\Local\Temp\ccenL1Ln.s 			page 17


 541 01db 00       		.byte	0
 542              		.section	.debug_abbrev,"",%progbits
 543              	.Ldebug_abbrev0:
 544 0000 01       		.uleb128 0x1
 545 0001 11       		.uleb128 0x11
 546 0002 01       		.byte	0x1
 547 0003 25       		.uleb128 0x25
 548 0004 0E       		.uleb128 0xe
 549 0005 13       		.uleb128 0x13
 550 0006 0B       		.uleb128 0xb
 551 0007 03       		.uleb128 0x3
 552 0008 0E       		.uleb128 0xe
 553 0009 1B       		.uleb128 0x1b
 554 000a 0E       		.uleb128 0xe
 555 000b 55       		.uleb128 0x55
 556 000c 17       		.uleb128 0x17
 557 000d 11       		.uleb128 0x11
 558 000e 01       		.uleb128 0x1
 559 000f 10       		.uleb128 0x10
 560 0010 17       		.uleb128 0x17
 561 0011 00       		.byte	0
 562 0012 00       		.byte	0
 563 0013 02       		.uleb128 0x2
 564 0014 24       		.uleb128 0x24
 565 0015 00       		.byte	0
 566 0016 0B       		.uleb128 0xb
 567 0017 0B       		.uleb128 0xb
 568 0018 3E       		.uleb128 0x3e
 569 0019 0B       		.uleb128 0xb
 570 001a 03       		.uleb128 0x3
 571 001b 0E       		.uleb128 0xe
 572 001c 00       		.byte	0
 573 001d 00       		.byte	0
 574 001e 03       		.uleb128 0x3
 575 001f 24       		.uleb128 0x24
 576 0020 00       		.byte	0
 577 0021 0B       		.uleb128 0xb
 578 0022 0B       		.uleb128 0xb
 579 0023 3E       		.uleb128 0x3e
 580 0024 0B       		.uleb128 0xb
 581 0025 03       		.uleb128 0x3
 582 0026 08       		.uleb128 0x8
 583 0027 00       		.byte	0
 584 0028 00       		.byte	0
 585 0029 04       		.uleb128 0x4
 586 002a 16       		.uleb128 0x16
 587 002b 00       		.byte	0
 588 002c 03       		.uleb128 0x3
 589 002d 0E       		.uleb128 0xe
 590 002e 3A       		.uleb128 0x3a
 591 002f 0B       		.uleb128 0xb
 592 0030 3B       		.uleb128 0x3b
 593 0031 05       		.uleb128 0x5
 594 0032 49       		.uleb128 0x49
 595 0033 13       		.uleb128 0x13
 596 0034 00       		.byte	0
 597 0035 00       		.byte	0
ARM GAS  C:\Users\214016~1\AppData\Local\Temp\ccenL1Ln.s 			page 18


 598 0036 05       		.uleb128 0x5
 599 0037 35       		.uleb128 0x35
 600 0038 00       		.byte	0
 601 0039 49       		.uleb128 0x49
 602 003a 13       		.uleb128 0x13
 603 003b 00       		.byte	0
 604 003c 00       		.byte	0
 605 003d 06       		.uleb128 0x6
 606 003e 2E       		.uleb128 0x2e
 607 003f 00       		.byte	0
 608 0040 3F       		.uleb128 0x3f
 609 0041 19       		.uleb128 0x19
 610 0042 03       		.uleb128 0x3
 611 0043 0E       		.uleb128 0xe
 612 0044 3A       		.uleb128 0x3a
 613 0045 0B       		.uleb128 0xb
 614 0046 3B       		.uleb128 0x3b
 615 0047 0B       		.uleb128 0xb
 616 0048 27       		.uleb128 0x27
 617 0049 19       		.uleb128 0x19
 618 004a 11       		.uleb128 0x11
 619 004b 01       		.uleb128 0x1
 620 004c 12       		.uleb128 0x12
 621 004d 06       		.uleb128 0x6
 622 004e 40       		.uleb128 0x40
 623 004f 18       		.uleb128 0x18
 624 0050 9742     		.uleb128 0x2117
 625 0052 19       		.uleb128 0x19
 626 0053 00       		.byte	0
 627 0054 00       		.byte	0
 628 0055 07       		.uleb128 0x7
 629 0056 2E       		.uleb128 0x2e
 630 0057 01       		.byte	0x1
 631 0058 3F       		.uleb128 0x3f
 632 0059 19       		.uleb128 0x19
 633 005a 03       		.uleb128 0x3
 634 005b 0E       		.uleb128 0xe
 635 005c 3A       		.uleb128 0x3a
 636 005d 0B       		.uleb128 0xb
 637 005e 3B       		.uleb128 0x3b
 638 005f 0B       		.uleb128 0xb
 639 0060 27       		.uleb128 0x27
 640 0061 19       		.uleb128 0x19
 641 0062 11       		.uleb128 0x11
 642 0063 01       		.uleb128 0x1
 643 0064 12       		.uleb128 0x12
 644 0065 06       		.uleb128 0x6
 645 0066 40       		.uleb128 0x40
 646 0067 18       		.uleb128 0x18
 647 0068 9742     		.uleb128 0x2117
 648 006a 19       		.uleb128 0x19
 649 006b 01       		.uleb128 0x1
 650 006c 13       		.uleb128 0x13
 651 006d 00       		.byte	0
 652 006e 00       		.byte	0
 653 006f 08       		.uleb128 0x8
 654 0070 05       		.uleb128 0x5
ARM GAS  C:\Users\214016~1\AppData\Local\Temp\ccenL1Ln.s 			page 19


 655 0071 00       		.byte	0
 656 0072 03       		.uleb128 0x3
 657 0073 0E       		.uleb128 0xe
 658 0074 3A       		.uleb128 0x3a
 659 0075 0B       		.uleb128 0xb
 660 0076 3B       		.uleb128 0x3b
 661 0077 0B       		.uleb128 0xb
 662 0078 49       		.uleb128 0x49
 663 0079 13       		.uleb128 0x13
 664 007a 02       		.uleb128 0x2
 665 007b 17       		.uleb128 0x17
 666 007c 00       		.byte	0
 667 007d 00       		.byte	0
 668 007e 09       		.uleb128 0x9
 669 007f 2E       		.uleb128 0x2e
 670 0080 01       		.byte	0x1
 671 0081 3F       		.uleb128 0x3f
 672 0082 19       		.uleb128 0x19
 673 0083 03       		.uleb128 0x3
 674 0084 0E       		.uleb128 0xe
 675 0085 3A       		.uleb128 0x3a
 676 0086 0B       		.uleb128 0xb
 677 0087 3B       		.uleb128 0x3b
 678 0088 05       		.uleb128 0x5
 679 0089 27       		.uleb128 0x27
 680 008a 19       		.uleb128 0x19
 681 008b 11       		.uleb128 0x11
 682 008c 01       		.uleb128 0x1
 683 008d 12       		.uleb128 0x12
 684 008e 06       		.uleb128 0x6
 685 008f 40       		.uleb128 0x40
 686 0090 18       		.uleb128 0x18
 687 0091 9742     		.uleb128 0x2117
 688 0093 19       		.uleb128 0x19
 689 0094 01       		.uleb128 0x1
 690 0095 13       		.uleb128 0x13
 691 0096 00       		.byte	0
 692 0097 00       		.byte	0
 693 0098 0A       		.uleb128 0xa
 694 0099 05       		.uleb128 0x5
 695 009a 00       		.byte	0
 696 009b 03       		.uleb128 0x3
 697 009c 0E       		.uleb128 0xe
 698 009d 3A       		.uleb128 0x3a
 699 009e 0B       		.uleb128 0xb
 700 009f 3B       		.uleb128 0x3b
 701 00a0 05       		.uleb128 0x5
 702 00a1 49       		.uleb128 0x49
 703 00a2 13       		.uleb128 0x13
 704 00a3 02       		.uleb128 0x2
 705 00a4 18       		.uleb128 0x18
 706 00a5 00       		.byte	0
 707 00a6 00       		.byte	0
 708 00a7 0B       		.uleb128 0xb
 709 00a8 34       		.uleb128 0x34
 710 00a9 00       		.byte	0
 711 00aa 03       		.uleb128 0x3
ARM GAS  C:\Users\214016~1\AppData\Local\Temp\ccenL1Ln.s 			page 20


 712 00ab 0E       		.uleb128 0xe
 713 00ac 3A       		.uleb128 0x3a
 714 00ad 0B       		.uleb128 0xb
 715 00ae 3B       		.uleb128 0x3b
 716 00af 05       		.uleb128 0x5
 717 00b0 49       		.uleb128 0x49
 718 00b1 13       		.uleb128 0x13
 719 00b2 02       		.uleb128 0x2
 720 00b3 17       		.uleb128 0x17
 721 00b4 00       		.byte	0
 722 00b5 00       		.byte	0
 723 00b6 0C       		.uleb128 0xc
 724 00b7 898201   		.uleb128 0x4109
 725 00ba 01       		.byte	0x1
 726 00bb 11       		.uleb128 0x11
 727 00bc 01       		.uleb128 0x1
 728 00bd 31       		.uleb128 0x31
 729 00be 13       		.uleb128 0x13
 730 00bf 01       		.uleb128 0x1
 731 00c0 13       		.uleb128 0x13
 732 00c1 00       		.byte	0
 733 00c2 00       		.byte	0
 734 00c3 0D       		.uleb128 0xd
 735 00c4 8A8201   		.uleb128 0x410a
 736 00c7 00       		.byte	0
 737 00c8 02       		.uleb128 0x2
 738 00c9 18       		.uleb128 0x18
 739 00ca 9142     		.uleb128 0x2111
 740 00cc 18       		.uleb128 0x18
 741 00cd 00       		.byte	0
 742 00ce 00       		.byte	0
 743 00cf 0E       		.uleb128 0xe
 744 00d0 898201   		.uleb128 0x4109
 745 00d3 00       		.byte	0
 746 00d4 11       		.uleb128 0x11
 747 00d5 01       		.uleb128 0x1
 748 00d6 31       		.uleb128 0x31
 749 00d7 13       		.uleb128 0x13
 750 00d8 00       		.byte	0
 751 00d9 00       		.byte	0
 752 00da 0F       		.uleb128 0xf
 753 00db 898201   		.uleb128 0x4109
 754 00de 01       		.byte	0x1
 755 00df 11       		.uleb128 0x11
 756 00e0 01       		.uleb128 0x1
 757 00e1 31       		.uleb128 0x31
 758 00e2 13       		.uleb128 0x13
 759 00e3 00       		.byte	0
 760 00e4 00       		.byte	0
 761 00e5 10       		.uleb128 0x10
 762 00e6 05       		.uleb128 0x5
 763 00e7 00       		.byte	0
 764 00e8 03       		.uleb128 0x3
 765 00e9 0E       		.uleb128 0xe
 766 00ea 3A       		.uleb128 0x3a
 767 00eb 0B       		.uleb128 0xb
 768 00ec 3B       		.uleb128 0x3b
ARM GAS  C:\Users\214016~1\AppData\Local\Temp\ccenL1Ln.s 			page 21


 769 00ed 05       		.uleb128 0x5
 770 00ee 49       		.uleb128 0x49
 771 00ef 13       		.uleb128 0x13
 772 00f0 02       		.uleb128 0x2
 773 00f1 17       		.uleb128 0x17
 774 00f2 00       		.byte	0
 775 00f3 00       		.byte	0
 776 00f4 11       		.uleb128 0x11
 777 00f5 34       		.uleb128 0x34
 778 00f6 00       		.byte	0
 779 00f7 03       		.uleb128 0x3
 780 00f8 0E       		.uleb128 0xe
 781 00f9 3A       		.uleb128 0x3a
 782 00fa 0B       		.uleb128 0xb
 783 00fb 3B       		.uleb128 0x3b
 784 00fc 0B       		.uleb128 0xb
 785 00fd 49       		.uleb128 0x49
 786 00fe 13       		.uleb128 0x13
 787 00ff 3F       		.uleb128 0x3f
 788 0100 19       		.uleb128 0x19
 789 0101 02       		.uleb128 0x2
 790 0102 18       		.uleb128 0x18
 791 0103 00       		.byte	0
 792 0104 00       		.byte	0
 793 0105 00       		.byte	0
 794              		.section	.debug_loc,"",%progbits
 795              	.Ldebug_loc0:
 796              	.LLST0:
 797 0000 00000000 		.4byte	.LVL0
 798 0004 10000000 		.4byte	.LVL1
 799 0008 0100     		.2byte	0x1
 800 000a 50       		.byte	0x50
 801 000b 10000000 		.4byte	.LVL1
 802 000f 1C000000 		.4byte	.LFE4
 803 0013 0400     		.2byte	0x4
 804 0015 F3       		.byte	0xf3
 805 0016 01       		.uleb128 0x1
 806 0017 50       		.byte	0x50
 807 0018 9F       		.byte	0x9f
 808 0019 00000000 		.4byte	0
 809 001d 00000000 		.4byte	0
 810              	.LLST1:
 811 0021 0A000000 		.4byte	.LVL3
 812 0025 1A000000 		.4byte	.LVL5
 813 0029 0100     		.2byte	0x1
 814 002b 53       		.byte	0x53
 815 002c 00000000 		.4byte	0
 816 0030 00000000 		.4byte	0
 817              	.LLST2:
 818 0034 00000000 		.4byte	.LVL11
 819 0038 12000000 		.4byte	.LVL12
 820 003c 0100     		.2byte	0x1
 821 003e 50       		.byte	0x50
 822 003f 12000000 		.4byte	.LVL12
 823 0043 20000000 		.4byte	.LFE5
 824 0047 0400     		.2byte	0x4
 825 0049 F3       		.byte	0xf3
ARM GAS  C:\Users\214016~1\AppData\Local\Temp\ccenL1Ln.s 			page 22


 826 004a 01       		.uleb128 0x1
 827 004b 50       		.byte	0x50
 828 004c 9F       		.byte	0x9f
 829 004d 00000000 		.4byte	0
 830 0051 00000000 		.4byte	0
 831              		.section	.debug_aranges,"",%progbits
 832 0000 54000000 		.4byte	0x54
 833 0004 0200     		.2byte	0x2
 834 0006 00000000 		.4byte	.Ldebug_info0
 835 000a 04       		.byte	0x4
 836 000b 00       		.byte	0
 837 000c 0000     		.2byte	0
 838 000e 0000     		.2byte	0
 839 0010 00000000 		.4byte	.LFB1
 840 0014 1C000000 		.4byte	.LFE1-.LFB1
 841 0018 00000000 		.4byte	.LFB3
 842 001c 1C000000 		.4byte	.LFE3-.LFB3
 843 0020 00000000 		.4byte	.LFB4
 844 0024 1C000000 		.4byte	.LFE4-.LFB4
 845 0028 00000000 		.4byte	.LFB6
 846 002c 0C000000 		.4byte	.LFE6-.LFB6
 847 0030 00000000 		.4byte	.LFB7
 848 0034 34000000 		.4byte	.LFE7-.LFB7
 849 0038 00000000 		.4byte	.LFB0
 850 003c 2C000000 		.4byte	.LFE0-.LFB0
 851 0040 00000000 		.4byte	.LFB2
 852 0044 24000000 		.4byte	.LFE2-.LFB2
 853 0048 00000000 		.4byte	.LFB5
 854 004c 20000000 		.4byte	.LFE5-.LFB5
 855 0050 00000000 		.4byte	0
 856 0054 00000000 		.4byte	0
 857              		.section	.debug_ranges,"",%progbits
 858              	.Ldebug_ranges0:
 859 0000 00000000 		.4byte	.LFB1
 860 0004 1C000000 		.4byte	.LFE1
 861 0008 00000000 		.4byte	.LFB3
 862 000c 1C000000 		.4byte	.LFE3
 863 0010 00000000 		.4byte	.LFB4
 864 0014 1C000000 		.4byte	.LFE4
 865 0018 00000000 		.4byte	.LFB6
 866 001c 0C000000 		.4byte	.LFE6
 867 0020 00000000 		.4byte	.LFB7
 868 0024 34000000 		.4byte	.LFE7
 869 0028 00000000 		.4byte	.LFB0
 870 002c 2C000000 		.4byte	.LFE0
 871 0030 00000000 		.4byte	.LFB2
 872 0034 24000000 		.4byte	.LFE2
 873 0038 00000000 		.4byte	.LFB5
 874 003c 20000000 		.4byte	.LFE5
 875 0040 00000000 		.4byte	0
 876 0044 00000000 		.4byte	0
 877              		.section	.debug_line,"",%progbits
 878              	.Ldebug_line0:
 879 0000 EB000000 		.section	.debug_str,"MS",%progbits,1
 879      02004B00 
 879      00000201 
 879      FB0E0D00 
ARM GAS  C:\Users\214016~1\AppData\Local\Temp\ccenL1Ln.s 			page 23


 879      01010101 
 880              	.LASF17:
 881 0000 4F534331 		.ascii	"OSC1_IDAC8_2_SetValue\000"
 881      5F494441 
 881      43385F32 
 881      5F536574 
 881      56616C75 
 882              	.LASF20:
 883 0016 4F534331 		.ascii	"OSC1_IDAC8_2_DacTrim\000"
 883      5F494441 
 883      43385F32 
 883      5F446163 
 883      5472696D 
 884              	.LASF19:
 885 002b 76616C75 		.ascii	"value\000"
 885      6500
 886              	.LASF26:
 887 0031 2E5C4765 		.ascii	".\\Generated_Source\\PSoC5\\OSC1_IDAC8_2.c\000"
 887      6E657261 
 887      7465645F 
 887      536F7572 
 887      63655C50 
 888              	.LASF23:
 889 0059 4F534331 		.ascii	"OSC1_IDAC8_2_SetRange\000"
 889      5F494441 
 889      43385F32 
 889      5F536574 
 889      52616E67 
 890              	.LASF9:
 891 006f 666C6F61 		.ascii	"float\000"
 891      7400
 892              	.LASF21:
 893 0075 4F534331 		.ascii	"OSC1_IDAC8_2_Init\000"
 893      5F494441 
 893      43385F32 
 893      5F496E69 
 893      7400
 894              	.LASF1:
 895 0087 756E7369 		.ascii	"unsigned char\000"
 895      676E6564 
 895      20636861 
 895      7200
 896              	.LASF13:
 897 0095 72656738 		.ascii	"reg8\000"
 897      00
 898              	.LASF5:
 899 009a 6C6F6E67 		.ascii	"long unsigned int\000"
 899      20756E73 
 899      69676E65 
 899      6420696E 
 899      7400
 900              	.LASF3:
 901 00ac 73686F72 		.ascii	"short unsigned int\000"
 901      7420756E 
 901      7369676E 
 901      65642069 
 901      6E7400
ARM GAS  C:\Users\214016~1\AppData\Local\Temp\ccenL1Ln.s 			page 24


 902              	.LASF15:
 903 00bf 4F534331 		.ascii	"OSC1_IDAC8_2_Stop\000"
 903      5F494441 
 903      43385F32 
 903      5F53746F 
 903      7000
 904              	.LASF24:
 905 00d1 72616E67 		.ascii	"range\000"
 905      6500
 906              	.LASF10:
 907 00d7 646F7562 		.ascii	"double\000"
 907      6C6500
 908              	.LASF25:
 909 00de 474E5520 		.ascii	"GNU C 4.9.3 20150303 (release) [ARM/embedded-4_9-br"
 909      4320342E 
 909      392E3320 
 909      32303135 
 909      30333033 
 910 0111 616E6368 		.ascii	"anch revision 221220] -mcpu=cortex-m3 -mthumb -g -O"
 910      20726576 
 910      6973696F 
 910      6E203232 
 910      31323230 
 911 0144 67202D66 		.ascii	"g -ffunction-sections -ffat-lto-objects\000"
 911      66756E63 
 911      74696F6E 
 911      2D736563 
 911      74696F6E 
 912              	.LASF27:
 913 016c 433A5C55 		.ascii	"C:\\Users\\214016586\\Documents\\PSoC Creator\\Dual"
 913      73657273 
 913      5C323134 
 913      30313635 
 913      38365C44 
 914 019a 2D50536F 		.ascii	"-PSoC-DCO\\Dual-PSoC-DCO.cydsn\000"
 914      432D4443 
 914      4F5C4475 
 914      616C2D50 
 914      536F432D 
 915              	.LASF8:
 916 01b8 756E7369 		.ascii	"unsigned int\000"
 916      676E6564 
 916      20696E74 
 916      00
 917              	.LASF16:
 918 01c5 4F534331 		.ascii	"OSC1_IDAC8_2_SetSpeed\000"
 918      5F494441 
 918      43385F32 
 918      5F536574 
 918      53706565 
 919              	.LASF7:
 920 01db 6C6F6E67 		.ascii	"long long unsigned int\000"
 920      206C6F6E 
 920      6720756E 
 920      7369676E 
 920      65642069 
 921              	.LASF28:
ARM GAS  C:\Users\214016~1\AppData\Local\Temp\ccenL1Ln.s 			page 25


 922 01f2 6D6F6465 		.ascii	"mode\000"
 922      00
 923              	.LASF29:
 924 01f7 4F534331 		.ascii	"OSC1_IDAC8_2_initVar\000"
 924      5F494441 
 924      43385F32 
 924      5F696E69 
 924      74566172 
 925              	.LASF18:
 926 020c 73706565 		.ascii	"speed\000"
 926      6400
 927              	.LASF6:
 928 0212 6C6F6E67 		.ascii	"long long int\000"
 928      206C6F6E 
 928      6720696E 
 928      7400
 929              	.LASF11:
 930 0220 63686172 		.ascii	"char\000"
 930      00
 931              	.LASF2:
 932 0225 73686F72 		.ascii	"short int\000"
 932      7420696E 
 932      7400
 933              	.LASF12:
 934 022f 75696E74 		.ascii	"uint8\000"
 934      3800
 935              	.LASF4:
 936 0235 6C6F6E67 		.ascii	"long int\000"
 936      20696E74 
 936      00
 937              	.LASF22:
 938 023e 4F534331 		.ascii	"OSC1_IDAC8_2_Start\000"
 938      5F494441 
 938      43385F32 
 938      5F537461 
 938      727400
 939              	.LASF0:
 940 0251 7369676E 		.ascii	"signed char\000"
 940      65642063 
 940      68617200 
 941              	.LASF14:
 942 025d 4F534331 		.ascii	"OSC1_IDAC8_2_Enable\000"
 942      5F494441 
 942      43385F32 
 942      5F456E61 
 942      626C6500 
 943              		.ident	"GCC: (GNU Tools for ARM Embedded Processors) 4.9.3 20150303 (release) [ARM/embedded-4_9-br
