ARM GAS  C:\Users\214016~1\AppData\Local\Temp\cckcbhJk.s 			page 1


   1              		.syntax unified
   2              		.cpu cortex-m3
   3              		.fpu softvfp
   4              		.eabi_attribute 20, 1
   5              		.eabi_attribute 21, 1
   6              		.eabi_attribute 23, 3
   7              		.eabi_attribute 24, 1
   8              		.eabi_attribute 25, 1
   9              		.eabi_attribute 26, 1
  10              		.eabi_attribute 30, 1
  11              		.eabi_attribute 34, 1
  12              		.eabi_attribute 18, 4
  13              		.thumb
  14              		.file	"OSC1_IDAC8_SAW.c"
  15              		.text
  16              	.Ltext0:
  17              		.cfi_sections	.debug_frame
  18              		.section	.text.OSC1_IDAC8_SAW_Enable,"ax",%progbits
  19              		.align	2
  20              		.global	OSC1_IDAC8_SAW_Enable
  21              		.thumb
  22              		.thumb_func
  23              		.type	OSC1_IDAC8_SAW_Enable, %function
  24              	OSC1_IDAC8_SAW_Enable:
  25              	.LFB1:
  26              		.file 1 ".\\Generated_Source\\PSoC5\\OSC1_IDAC8_SAW.c"
   1:.\Generated_Source\PSoC5/OSC1_IDAC8_SAW.c **** /*******************************************************************************
   2:.\Generated_Source\PSoC5/OSC1_IDAC8_SAW.c **** * File Name: OSC1_IDAC8_SAW.c
   3:.\Generated_Source\PSoC5/OSC1_IDAC8_SAW.c **** * Version 2.0
   4:.\Generated_Source\PSoC5/OSC1_IDAC8_SAW.c **** *
   5:.\Generated_Source\PSoC5/OSC1_IDAC8_SAW.c **** * Description:
   6:.\Generated_Source\PSoC5/OSC1_IDAC8_SAW.c **** *  This file provides the source code to the API for the 8-bit Current 
   7:.\Generated_Source\PSoC5/OSC1_IDAC8_SAW.c **** *  DAC (IDAC8) User Module.
   8:.\Generated_Source\PSoC5/OSC1_IDAC8_SAW.c **** *
   9:.\Generated_Source\PSoC5/OSC1_IDAC8_SAW.c **** * Note:
  10:.\Generated_Source\PSoC5/OSC1_IDAC8_SAW.c **** *  None
  11:.\Generated_Source\PSoC5/OSC1_IDAC8_SAW.c **** *
  12:.\Generated_Source\PSoC5/OSC1_IDAC8_SAW.c **** ********************************************************************************
  13:.\Generated_Source\PSoC5/OSC1_IDAC8_SAW.c **** * Copyright 2008-2012, Cypress Semiconductor Corporation.  All rights reserved.
  14:.\Generated_Source\PSoC5/OSC1_IDAC8_SAW.c **** * You may use this file only in accordance with the license, terms, conditions, 
  15:.\Generated_Source\PSoC5/OSC1_IDAC8_SAW.c **** * disclaimers, and limitations in the end user license agreement accompanying 
  16:.\Generated_Source\PSoC5/OSC1_IDAC8_SAW.c **** * the software package with which this file was provided.
  17:.\Generated_Source\PSoC5/OSC1_IDAC8_SAW.c **** *******************************************************************************/
  18:.\Generated_Source\PSoC5/OSC1_IDAC8_SAW.c **** 
  19:.\Generated_Source\PSoC5/OSC1_IDAC8_SAW.c **** #include "cytypes.h"
  20:.\Generated_Source\PSoC5/OSC1_IDAC8_SAW.c **** #include "OSC1_IDAC8_SAW.h"   
  21:.\Generated_Source\PSoC5/OSC1_IDAC8_SAW.c **** 
  22:.\Generated_Source\PSoC5/OSC1_IDAC8_SAW.c **** #if (CY_PSOC5A)
  23:.\Generated_Source\PSoC5/OSC1_IDAC8_SAW.c ****     #include <CyLib.h>
  24:.\Generated_Source\PSoC5/OSC1_IDAC8_SAW.c **** #endif /* CY_PSOC5A */
  25:.\Generated_Source\PSoC5/OSC1_IDAC8_SAW.c **** 
  26:.\Generated_Source\PSoC5/OSC1_IDAC8_SAW.c **** 
  27:.\Generated_Source\PSoC5/OSC1_IDAC8_SAW.c **** uint8 OSC1_IDAC8_SAW_initVar = 0u;
  28:.\Generated_Source\PSoC5/OSC1_IDAC8_SAW.c **** 
  29:.\Generated_Source\PSoC5/OSC1_IDAC8_SAW.c **** 
  30:.\Generated_Source\PSoC5/OSC1_IDAC8_SAW.c **** #if (CY_PSOC5A)
  31:.\Generated_Source\PSoC5/OSC1_IDAC8_SAW.c ****     static OSC1_IDAC8_SAW_LOWPOWER_BACKUP_STRUCT  OSC1_IDAC8_SAW_lowPowerBackup;
ARM GAS  C:\Users\214016~1\AppData\Local\Temp\cckcbhJk.s 			page 2


  32:.\Generated_Source\PSoC5/OSC1_IDAC8_SAW.c **** #endif /* CY_PSOC5A */
  33:.\Generated_Source\PSoC5/OSC1_IDAC8_SAW.c **** 
  34:.\Generated_Source\PSoC5/OSC1_IDAC8_SAW.c **** /* Variable to decide whether or not to restore control register in Enable()
  35:.\Generated_Source\PSoC5/OSC1_IDAC8_SAW.c ****    API. This valid only for PSoC5A */
  36:.\Generated_Source\PSoC5/OSC1_IDAC8_SAW.c **** #if (CY_PSOC5A)
  37:.\Generated_Source\PSoC5/OSC1_IDAC8_SAW.c ****     static uint8 OSC1_IDAC8_SAW_restoreReg = 0u;
  38:.\Generated_Source\PSoC5/OSC1_IDAC8_SAW.c **** #endif /* CY_PSOC5A */
  39:.\Generated_Source\PSoC5/OSC1_IDAC8_SAW.c **** 
  40:.\Generated_Source\PSoC5/OSC1_IDAC8_SAW.c **** 
  41:.\Generated_Source\PSoC5/OSC1_IDAC8_SAW.c **** /*******************************************************************************
  42:.\Generated_Source\PSoC5/OSC1_IDAC8_SAW.c **** * Function Name: OSC1_IDAC8_SAW_Init
  43:.\Generated_Source\PSoC5/OSC1_IDAC8_SAW.c **** ********************************************************************************
  44:.\Generated_Source\PSoC5/OSC1_IDAC8_SAW.c **** * Summary:
  45:.\Generated_Source\PSoC5/OSC1_IDAC8_SAW.c **** *  Initialize to the schematic state.
  46:.\Generated_Source\PSoC5/OSC1_IDAC8_SAW.c **** * 
  47:.\Generated_Source\PSoC5/OSC1_IDAC8_SAW.c **** * Parameters:
  48:.\Generated_Source\PSoC5/OSC1_IDAC8_SAW.c **** *  void:
  49:.\Generated_Source\PSoC5/OSC1_IDAC8_SAW.c **** *
  50:.\Generated_Source\PSoC5/OSC1_IDAC8_SAW.c **** * Return:
  51:.\Generated_Source\PSoC5/OSC1_IDAC8_SAW.c **** *  (void)
  52:.\Generated_Source\PSoC5/OSC1_IDAC8_SAW.c **** *
  53:.\Generated_Source\PSoC5/OSC1_IDAC8_SAW.c **** * Theory:
  54:.\Generated_Source\PSoC5/OSC1_IDAC8_SAW.c **** *
  55:.\Generated_Source\PSoC5/OSC1_IDAC8_SAW.c **** * Side Effects:
  56:.\Generated_Source\PSoC5/OSC1_IDAC8_SAW.c **** *
  57:.\Generated_Source\PSoC5/OSC1_IDAC8_SAW.c **** *******************************************************************************/
  58:.\Generated_Source\PSoC5/OSC1_IDAC8_SAW.c **** void OSC1_IDAC8_SAW_Init(void) 
  59:.\Generated_Source\PSoC5/OSC1_IDAC8_SAW.c **** {
  60:.\Generated_Source\PSoC5/OSC1_IDAC8_SAW.c ****     OSC1_IDAC8_SAW_CR0 = (OSC1_IDAC8_SAW_MODE_I | OSC1_IDAC8_SAW_DEFAULT_RANGE );
  61:.\Generated_Source\PSoC5/OSC1_IDAC8_SAW.c **** 
  62:.\Generated_Source\PSoC5/OSC1_IDAC8_SAW.c ****     /* Set default data source */
  63:.\Generated_Source\PSoC5/OSC1_IDAC8_SAW.c ****     #if(OSC1_IDAC8_SAW_DEFAULT_DATA_SRC != 0u )    
  64:.\Generated_Source\PSoC5/OSC1_IDAC8_SAW.c ****         OSC1_IDAC8_SAW_CR1 = (OSC1_IDAC8_SAW_DEFAULT_CNTL | OSC1_IDAC8_SAW_DACBUS_ENABLE);
  65:.\Generated_Source\PSoC5/OSC1_IDAC8_SAW.c ****     #else
  66:.\Generated_Source\PSoC5/OSC1_IDAC8_SAW.c ****         OSC1_IDAC8_SAW_CR1 = (OSC1_IDAC8_SAW_DEFAULT_CNTL | OSC1_IDAC8_SAW_DACBUS_DISABLE);
  67:.\Generated_Source\PSoC5/OSC1_IDAC8_SAW.c ****     #endif /* (OSC1_IDAC8_SAW_DEFAULT_DATA_SRC != 0u ) */
  68:.\Generated_Source\PSoC5/OSC1_IDAC8_SAW.c ****     
  69:.\Generated_Source\PSoC5/OSC1_IDAC8_SAW.c ****     /*Controls polarity from UDB Control*/
  70:.\Generated_Source\PSoC5/OSC1_IDAC8_SAW.c ****     #if(OSC1_IDAC8_SAW_DEFAULT_POLARITY == OSC1_IDAC8_SAW_HARDWARE_CONTROLLED)
  71:.\Generated_Source\PSoC5/OSC1_IDAC8_SAW.c ****         OSC1_IDAC8_SAW_CR1 |= OSC1_IDAC8_SAW_IDIR_SRC_UDB;
  72:.\Generated_Source\PSoC5/OSC1_IDAC8_SAW.c ****     #else
  73:.\Generated_Source\PSoC5/OSC1_IDAC8_SAW.c ****         OSC1_IDAC8_SAW_CR1 |= OSC1_IDAC8_SAW_DEFAULT_POLARITY;
  74:.\Generated_Source\PSoC5/OSC1_IDAC8_SAW.c ****     #endif/* (OSC1_IDAC8_SAW_DEFAULT_POLARITY == OSC1_IDAC8_SAW_HARDWARE_CONTROLLED) */
  75:.\Generated_Source\PSoC5/OSC1_IDAC8_SAW.c ****     /*Controls Current Source from UDB Control*/
  76:.\Generated_Source\PSoC5/OSC1_IDAC8_SAW.c ****     #if(OSC1_IDAC8_SAW_HARDWARE_ENABLE != 0u ) 
  77:.\Generated_Source\PSoC5/OSC1_IDAC8_SAW.c ****         OSC1_IDAC8_SAW_CR1 |= OSC1_IDAC8_SAW_IDIR_CTL_UDB;
  78:.\Generated_Source\PSoC5/OSC1_IDAC8_SAW.c ****     #endif /* (OSC1_IDAC8_SAW_HARDWARE_ENABLE != 0u ) */ 
  79:.\Generated_Source\PSoC5/OSC1_IDAC8_SAW.c ****     
  80:.\Generated_Source\PSoC5/OSC1_IDAC8_SAW.c ****     /* Set default strobe mode */
  81:.\Generated_Source\PSoC5/OSC1_IDAC8_SAW.c ****     #if(OSC1_IDAC8_SAW_DEFAULT_STRB != 0u)
  82:.\Generated_Source\PSoC5/OSC1_IDAC8_SAW.c ****         OSC1_IDAC8_SAW_Strobe |= OSC1_IDAC8_SAW_STRB_EN;
  83:.\Generated_Source\PSoC5/OSC1_IDAC8_SAW.c ****     #endif /* (OSC1_IDAC8_SAW_DEFAULT_STRB != 0u) */
  84:.\Generated_Source\PSoC5/OSC1_IDAC8_SAW.c ****     
  85:.\Generated_Source\PSoC5/OSC1_IDAC8_SAW.c ****     /* Set default speed */
  86:.\Generated_Source\PSoC5/OSC1_IDAC8_SAW.c ****     OSC1_IDAC8_SAW_SetSpeed(OSC1_IDAC8_SAW_DEFAULT_SPEED);
  87:.\Generated_Source\PSoC5/OSC1_IDAC8_SAW.c ****     
  88:.\Generated_Source\PSoC5/OSC1_IDAC8_SAW.c ****     /* Set proper DAC trim */
ARM GAS  C:\Users\214016~1\AppData\Local\Temp\cckcbhJk.s 			page 3


  89:.\Generated_Source\PSoC5/OSC1_IDAC8_SAW.c ****     OSC1_IDAC8_SAW_DacTrim();
  90:.\Generated_Source\PSoC5/OSC1_IDAC8_SAW.c ****     
  91:.\Generated_Source\PSoC5/OSC1_IDAC8_SAW.c **** }
  92:.\Generated_Source\PSoC5/OSC1_IDAC8_SAW.c **** 
  93:.\Generated_Source\PSoC5/OSC1_IDAC8_SAW.c **** 
  94:.\Generated_Source\PSoC5/OSC1_IDAC8_SAW.c **** /*******************************************************************************
  95:.\Generated_Source\PSoC5/OSC1_IDAC8_SAW.c **** * Function Name: OSC1_IDAC8_SAW_Enable
  96:.\Generated_Source\PSoC5/OSC1_IDAC8_SAW.c **** ********************************************************************************
  97:.\Generated_Source\PSoC5/OSC1_IDAC8_SAW.c **** * Summary:
  98:.\Generated_Source\PSoC5/OSC1_IDAC8_SAW.c **** *  Enable the IDAC8
  99:.\Generated_Source\PSoC5/OSC1_IDAC8_SAW.c **** * 
 100:.\Generated_Source\PSoC5/OSC1_IDAC8_SAW.c **** * Parameters:
 101:.\Generated_Source\PSoC5/OSC1_IDAC8_SAW.c **** *  void:
 102:.\Generated_Source\PSoC5/OSC1_IDAC8_SAW.c **** *
 103:.\Generated_Source\PSoC5/OSC1_IDAC8_SAW.c **** * Return:
 104:.\Generated_Source\PSoC5/OSC1_IDAC8_SAW.c **** *  (void)
 105:.\Generated_Source\PSoC5/OSC1_IDAC8_SAW.c **** *
 106:.\Generated_Source\PSoC5/OSC1_IDAC8_SAW.c **** * Theory:
 107:.\Generated_Source\PSoC5/OSC1_IDAC8_SAW.c **** *
 108:.\Generated_Source\PSoC5/OSC1_IDAC8_SAW.c **** * Side Effects:
 109:.\Generated_Source\PSoC5/OSC1_IDAC8_SAW.c **** *
 110:.\Generated_Source\PSoC5/OSC1_IDAC8_SAW.c **** *******************************************************************************/
 111:.\Generated_Source\PSoC5/OSC1_IDAC8_SAW.c **** void OSC1_IDAC8_SAW_Enable(void) 
 112:.\Generated_Source\PSoC5/OSC1_IDAC8_SAW.c **** {
  27              		.loc 1 112 0
  28              		.cfi_startproc
  29              		@ args = 0, pretend = 0, frame = 0
  30              		@ frame_needed = 0, uses_anonymous_args = 0
  31              		@ link register save eliminated.
 113:.\Generated_Source\PSoC5/OSC1_IDAC8_SAW.c ****     OSC1_IDAC8_SAW_PWRMGR |= OSC1_IDAC8_SAW_ACT_PWR_EN;
  32              		.loc 1 113 0
  33 0000 054A     		ldr	r2, .L2
  34 0002 1378     		ldrb	r3, [r2]	@ zero_extendqisi2
  35 0004 43F00803 		orr	r3, r3, #8
  36 0008 1370     		strb	r3, [r2]
 114:.\Generated_Source\PSoC5/OSC1_IDAC8_SAW.c ****     OSC1_IDAC8_SAW_STBY_PWRMGR |= OSC1_IDAC8_SAW_STBY_PWR_EN;
  37              		.loc 1 114 0
  38 000a 1032     		adds	r2, r2, #16
  39 000c 1378     		ldrb	r3, [r2]	@ zero_extendqisi2
  40 000e 43F00803 		orr	r3, r3, #8
  41 0012 1370     		strb	r3, [r2]
  42 0014 7047     		bx	lr
  43              	.L3:
  44 0016 00BF     		.align	2
  45              	.L2:
  46 0018 A8430040 		.word	1073759144
  47              		.cfi_endproc
  48              	.LFE1:
  49              		.size	OSC1_IDAC8_SAW_Enable, .-OSC1_IDAC8_SAW_Enable
  50              		.section	.text.OSC1_IDAC8_SAW_Stop,"ax",%progbits
  51              		.align	2
  52              		.global	OSC1_IDAC8_SAW_Stop
  53              		.thumb
  54              		.thumb_func
  55              		.type	OSC1_IDAC8_SAW_Stop, %function
  56              	OSC1_IDAC8_SAW_Stop:
  57              	.LFB3:
ARM GAS  C:\Users\214016~1\AppData\Local\Temp\cckcbhJk.s 			page 4


 115:.\Generated_Source\PSoC5/OSC1_IDAC8_SAW.c **** 
 116:.\Generated_Source\PSoC5/OSC1_IDAC8_SAW.c ****     /* This is to restore the value of register CR0 which is saved 
 117:.\Generated_Source\PSoC5/OSC1_IDAC8_SAW.c ****       in prior to the modification in stop() API */
 118:.\Generated_Source\PSoC5/OSC1_IDAC8_SAW.c ****     #if (CY_PSOC5A)
 119:.\Generated_Source\PSoC5/OSC1_IDAC8_SAW.c ****         if(OSC1_IDAC8_SAW_restoreReg == 1u)
 120:.\Generated_Source\PSoC5/OSC1_IDAC8_SAW.c ****         {
 121:.\Generated_Source\PSoC5/OSC1_IDAC8_SAW.c ****             OSC1_IDAC8_SAW_CR0 = OSC1_IDAC8_SAW_lowPowerBackup.DACCR0Reg;
 122:.\Generated_Source\PSoC5/OSC1_IDAC8_SAW.c **** 
 123:.\Generated_Source\PSoC5/OSC1_IDAC8_SAW.c ****             /* Clear the flag */
 124:.\Generated_Source\PSoC5/OSC1_IDAC8_SAW.c ****             OSC1_IDAC8_SAW_restoreReg = 0u;
 125:.\Generated_Source\PSoC5/OSC1_IDAC8_SAW.c ****         }
 126:.\Generated_Source\PSoC5/OSC1_IDAC8_SAW.c ****     #endif /* CY_PSOC5A */
 127:.\Generated_Source\PSoC5/OSC1_IDAC8_SAW.c **** }
 128:.\Generated_Source\PSoC5/OSC1_IDAC8_SAW.c **** 
 129:.\Generated_Source\PSoC5/OSC1_IDAC8_SAW.c **** 
 130:.\Generated_Source\PSoC5/OSC1_IDAC8_SAW.c **** /*******************************************************************************
 131:.\Generated_Source\PSoC5/OSC1_IDAC8_SAW.c **** * Function Name: OSC1_IDAC8_SAW_Start
 132:.\Generated_Source\PSoC5/OSC1_IDAC8_SAW.c **** ********************************************************************************
 133:.\Generated_Source\PSoC5/OSC1_IDAC8_SAW.c **** * Summary:
 134:.\Generated_Source\PSoC5/OSC1_IDAC8_SAW.c **** *  Set power level then turn on IDAC8.
 135:.\Generated_Source\PSoC5/OSC1_IDAC8_SAW.c **** *
 136:.\Generated_Source\PSoC5/OSC1_IDAC8_SAW.c **** * Parameters:  
 137:.\Generated_Source\PSoC5/OSC1_IDAC8_SAW.c **** *  power: Sets power level between off (0) and (3) high power
 138:.\Generated_Source\PSoC5/OSC1_IDAC8_SAW.c **** *
 139:.\Generated_Source\PSoC5/OSC1_IDAC8_SAW.c **** * Return:
 140:.\Generated_Source\PSoC5/OSC1_IDAC8_SAW.c **** *  (void)
 141:.\Generated_Source\PSoC5/OSC1_IDAC8_SAW.c **** *
 142:.\Generated_Source\PSoC5/OSC1_IDAC8_SAW.c **** * Global variables:
 143:.\Generated_Source\PSoC5/OSC1_IDAC8_SAW.c **** *  OSC1_IDAC8_SAW_initVar: Is modified when this function is called for 
 144:.\Generated_Source\PSoC5/OSC1_IDAC8_SAW.c **** *   the first time. Is used to ensure that initialization happens only once.
 145:.\Generated_Source\PSoC5/OSC1_IDAC8_SAW.c **** *
 146:.\Generated_Source\PSoC5/OSC1_IDAC8_SAW.c **** *******************************************************************************/
 147:.\Generated_Source\PSoC5/OSC1_IDAC8_SAW.c **** void OSC1_IDAC8_SAW_Start(void) 
 148:.\Generated_Source\PSoC5/OSC1_IDAC8_SAW.c **** {
 149:.\Generated_Source\PSoC5/OSC1_IDAC8_SAW.c ****     /* Hardware initiazation only needs to occur the first time */
 150:.\Generated_Source\PSoC5/OSC1_IDAC8_SAW.c ****     if ( OSC1_IDAC8_SAW_initVar == 0u)  
 151:.\Generated_Source\PSoC5/OSC1_IDAC8_SAW.c ****     {
 152:.\Generated_Source\PSoC5/OSC1_IDAC8_SAW.c ****         OSC1_IDAC8_SAW_Init();
 153:.\Generated_Source\PSoC5/OSC1_IDAC8_SAW.c ****         
 154:.\Generated_Source\PSoC5/OSC1_IDAC8_SAW.c ****         OSC1_IDAC8_SAW_initVar = 1u;
 155:.\Generated_Source\PSoC5/OSC1_IDAC8_SAW.c ****     }
 156:.\Generated_Source\PSoC5/OSC1_IDAC8_SAW.c ****    
 157:.\Generated_Source\PSoC5/OSC1_IDAC8_SAW.c ****     /* Enable power to DAC */
 158:.\Generated_Source\PSoC5/OSC1_IDAC8_SAW.c ****     OSC1_IDAC8_SAW_Enable();
 159:.\Generated_Source\PSoC5/OSC1_IDAC8_SAW.c **** 
 160:.\Generated_Source\PSoC5/OSC1_IDAC8_SAW.c ****     /* Set default value */
 161:.\Generated_Source\PSoC5/OSC1_IDAC8_SAW.c ****     OSC1_IDAC8_SAW_SetValue(OSC1_IDAC8_SAW_DEFAULT_DATA);
 162:.\Generated_Source\PSoC5/OSC1_IDAC8_SAW.c **** 
 163:.\Generated_Source\PSoC5/OSC1_IDAC8_SAW.c **** }
 164:.\Generated_Source\PSoC5/OSC1_IDAC8_SAW.c **** 
 165:.\Generated_Source\PSoC5/OSC1_IDAC8_SAW.c **** 
 166:.\Generated_Source\PSoC5/OSC1_IDAC8_SAW.c **** /*******************************************************************************
 167:.\Generated_Source\PSoC5/OSC1_IDAC8_SAW.c **** * Function Name: OSC1_IDAC8_SAW_Stop
 168:.\Generated_Source\PSoC5/OSC1_IDAC8_SAW.c **** ********************************************************************************
 169:.\Generated_Source\PSoC5/OSC1_IDAC8_SAW.c **** * Summary:
 170:.\Generated_Source\PSoC5/OSC1_IDAC8_SAW.c **** *  Powers down IDAC8 to lowest power state.
 171:.\Generated_Source\PSoC5/OSC1_IDAC8_SAW.c **** *
ARM GAS  C:\Users\214016~1\AppData\Local\Temp\cckcbhJk.s 			page 5


 172:.\Generated_Source\PSoC5/OSC1_IDAC8_SAW.c **** * Parameters:
 173:.\Generated_Source\PSoC5/OSC1_IDAC8_SAW.c **** *  (void)
 174:.\Generated_Source\PSoC5/OSC1_IDAC8_SAW.c **** *
 175:.\Generated_Source\PSoC5/OSC1_IDAC8_SAW.c **** * Return:
 176:.\Generated_Source\PSoC5/OSC1_IDAC8_SAW.c **** *  (void)
 177:.\Generated_Source\PSoC5/OSC1_IDAC8_SAW.c **** *
 178:.\Generated_Source\PSoC5/OSC1_IDAC8_SAW.c **** * Theory:
 179:.\Generated_Source\PSoC5/OSC1_IDAC8_SAW.c **** *
 180:.\Generated_Source\PSoC5/OSC1_IDAC8_SAW.c **** * Side Effects:
 181:.\Generated_Source\PSoC5/OSC1_IDAC8_SAW.c **** *
 182:.\Generated_Source\PSoC5/OSC1_IDAC8_SAW.c **** *******************************************************************************/
 183:.\Generated_Source\PSoC5/OSC1_IDAC8_SAW.c **** void OSC1_IDAC8_SAW_Stop(void) 
 184:.\Generated_Source\PSoC5/OSC1_IDAC8_SAW.c **** {
  58              		.loc 1 184 0
  59              		.cfi_startproc
  60              		@ args = 0, pretend = 0, frame = 0
  61              		@ frame_needed = 0, uses_anonymous_args = 0
  62              		@ link register save eliminated.
 185:.\Generated_Source\PSoC5/OSC1_IDAC8_SAW.c ****     /* Disble power to DAC */
 186:.\Generated_Source\PSoC5/OSC1_IDAC8_SAW.c ****     OSC1_IDAC8_SAW_PWRMGR &= (uint8)(~OSC1_IDAC8_SAW_ACT_PWR_EN);
  63              		.loc 1 186 0
  64 0000 054A     		ldr	r2, .L5
  65 0002 1378     		ldrb	r3, [r2]	@ zero_extendqisi2
  66 0004 03F0F703 		and	r3, r3, #247
  67 0008 1370     		strb	r3, [r2]
 187:.\Generated_Source\PSoC5/OSC1_IDAC8_SAW.c ****     OSC1_IDAC8_SAW_STBY_PWRMGR &= (uint8)(~OSC1_IDAC8_SAW_STBY_PWR_EN);
  68              		.loc 1 187 0
  69 000a 1032     		adds	r2, r2, #16
  70 000c 1378     		ldrb	r3, [r2]	@ zero_extendqisi2
  71 000e 03F0F703 		and	r3, r3, #247
  72 0012 1370     		strb	r3, [r2]
  73 0014 7047     		bx	lr
  74              	.L6:
  75 0016 00BF     		.align	2
  76              	.L5:
  77 0018 A8430040 		.word	1073759144
  78              		.cfi_endproc
  79              	.LFE3:
  80              		.size	OSC1_IDAC8_SAW_Stop, .-OSC1_IDAC8_SAW_Stop
  81              		.section	.text.OSC1_IDAC8_SAW_SetSpeed,"ax",%progbits
  82              		.align	2
  83              		.global	OSC1_IDAC8_SAW_SetSpeed
  84              		.thumb
  85              		.thumb_func
  86              		.type	OSC1_IDAC8_SAW_SetSpeed, %function
  87              	OSC1_IDAC8_SAW_SetSpeed:
  88              	.LFB4:
 188:.\Generated_Source\PSoC5/OSC1_IDAC8_SAW.c ****     
 189:.\Generated_Source\PSoC5/OSC1_IDAC8_SAW.c ****     #if (CY_PSOC5A)
 190:.\Generated_Source\PSoC5/OSC1_IDAC8_SAW.c ****     
 191:.\Generated_Source\PSoC5/OSC1_IDAC8_SAW.c ****         /* Set the global variable  */
 192:.\Generated_Source\PSoC5/OSC1_IDAC8_SAW.c ****         OSC1_IDAC8_SAW_restoreReg = 1u;
 193:.\Generated_Source\PSoC5/OSC1_IDAC8_SAW.c **** 
 194:.\Generated_Source\PSoC5/OSC1_IDAC8_SAW.c ****         /* Save the control register and then Clear it. */
 195:.\Generated_Source\PSoC5/OSC1_IDAC8_SAW.c ****         OSC1_IDAC8_SAW_lowPowerBackup.DACCR0Reg = OSC1_IDAC8_SAW_CR0;
 196:.\Generated_Source\PSoC5/OSC1_IDAC8_SAW.c ****         OSC1_IDAC8_SAW_CR0 = (OSC1_IDAC8_SAW_MODE_I | OSC1_IDAC8_SAW_RANGE_3 | OSC1_IDAC8_SAW_HS_HI
 197:.\Generated_Source\PSoC5/OSC1_IDAC8_SAW.c ****     #endif /* CY_PSOC5A */
ARM GAS  C:\Users\214016~1\AppData\Local\Temp\cckcbhJk.s 			page 6


 198:.\Generated_Source\PSoC5/OSC1_IDAC8_SAW.c **** }
 199:.\Generated_Source\PSoC5/OSC1_IDAC8_SAW.c **** 
 200:.\Generated_Source\PSoC5/OSC1_IDAC8_SAW.c **** 
 201:.\Generated_Source\PSoC5/OSC1_IDAC8_SAW.c **** /*******************************************************************************
 202:.\Generated_Source\PSoC5/OSC1_IDAC8_SAW.c **** * Function Name: OSC1_IDAC8_SAW_SetSpeed
 203:.\Generated_Source\PSoC5/OSC1_IDAC8_SAW.c **** ********************************************************************************
 204:.\Generated_Source\PSoC5/OSC1_IDAC8_SAW.c **** * Summary:
 205:.\Generated_Source\PSoC5/OSC1_IDAC8_SAW.c **** *  Set DAC speed
 206:.\Generated_Source\PSoC5/OSC1_IDAC8_SAW.c **** *
 207:.\Generated_Source\PSoC5/OSC1_IDAC8_SAW.c **** * Parameters:
 208:.\Generated_Source\PSoC5/OSC1_IDAC8_SAW.c **** *  power: Sets speed value
 209:.\Generated_Source\PSoC5/OSC1_IDAC8_SAW.c **** *
 210:.\Generated_Source\PSoC5/OSC1_IDAC8_SAW.c **** * Return:
 211:.\Generated_Source\PSoC5/OSC1_IDAC8_SAW.c **** *  (void)
 212:.\Generated_Source\PSoC5/OSC1_IDAC8_SAW.c **** *
 213:.\Generated_Source\PSoC5/OSC1_IDAC8_SAW.c **** * Theory:
 214:.\Generated_Source\PSoC5/OSC1_IDAC8_SAW.c **** *
 215:.\Generated_Source\PSoC5/OSC1_IDAC8_SAW.c **** * Side Effects:
 216:.\Generated_Source\PSoC5/OSC1_IDAC8_SAW.c **** *
 217:.\Generated_Source\PSoC5/OSC1_IDAC8_SAW.c **** *******************************************************************************/
 218:.\Generated_Source\PSoC5/OSC1_IDAC8_SAW.c **** void OSC1_IDAC8_SAW_SetSpeed(uint8 speed) 
 219:.\Generated_Source\PSoC5/OSC1_IDAC8_SAW.c **** {
  89              		.loc 1 219 0
  90              		.cfi_startproc
  91              		@ args = 0, pretend = 0, frame = 0
  92              		@ frame_needed = 0, uses_anonymous_args = 0
  93              		@ link register save eliminated.
  94              	.LVL0:
 220:.\Generated_Source\PSoC5/OSC1_IDAC8_SAW.c ****     /* Clear power mask then write in new value */
 221:.\Generated_Source\PSoC5/OSC1_IDAC8_SAW.c ****     OSC1_IDAC8_SAW_CR0 &= (uint8)(~OSC1_IDAC8_SAW_HS_MASK);
  95              		.loc 1 221 0
  96 0000 054B     		ldr	r3, .L8
  97 0002 1A78     		ldrb	r2, [r3]	@ zero_extendqisi2
  98 0004 02F0FD02 		and	r2, r2, #253
  99 0008 1A70     		strb	r2, [r3]
 222:.\Generated_Source\PSoC5/OSC1_IDAC8_SAW.c ****     OSC1_IDAC8_SAW_CR0 |=  ( speed & OSC1_IDAC8_SAW_HS_MASK);
 100              		.loc 1 222 0
 101 000a 1A78     		ldrb	r2, [r3]	@ zero_extendqisi2
 102 000c 00F00200 		and	r0, r0, #2
 103              	.LVL1:
 104 0010 1043     		orrs	r0, r0, r2
 105 0012 1870     		strb	r0, [r3]
 106 0014 7047     		bx	lr
 107              	.L9:
 108 0016 00BF     		.align	2
 109              	.L8:
 110 0018 2C580040 		.word	1073764396
 111              		.cfi_endproc
 112              	.LFE4:
 113              		.size	OSC1_IDAC8_SAW_SetSpeed, .-OSC1_IDAC8_SAW_SetSpeed
 114              		.section	.text.OSC1_IDAC8_SAW_SetValue,"ax",%progbits
 115              		.align	2
 116              		.global	OSC1_IDAC8_SAW_SetValue
 117              		.thumb
 118              		.thumb_func
 119              		.type	OSC1_IDAC8_SAW_SetValue, %function
 120              	OSC1_IDAC8_SAW_SetValue:
ARM GAS  C:\Users\214016~1\AppData\Local\Temp\cckcbhJk.s 			page 7


 121              	.LFB7:
 223:.\Generated_Source\PSoC5/OSC1_IDAC8_SAW.c **** }
 224:.\Generated_Source\PSoC5/OSC1_IDAC8_SAW.c **** 
 225:.\Generated_Source\PSoC5/OSC1_IDAC8_SAW.c **** 
 226:.\Generated_Source\PSoC5/OSC1_IDAC8_SAW.c **** /*******************************************************************************
 227:.\Generated_Source\PSoC5/OSC1_IDAC8_SAW.c **** * Function Name: OSC1_IDAC8_SAW_SetPolarity
 228:.\Generated_Source\PSoC5/OSC1_IDAC8_SAW.c **** ********************************************************************************
 229:.\Generated_Source\PSoC5/OSC1_IDAC8_SAW.c **** * Summary:
 230:.\Generated_Source\PSoC5/OSC1_IDAC8_SAW.c **** *  Sets IDAC to Sink or Source current.
 231:.\Generated_Source\PSoC5/OSC1_IDAC8_SAW.c **** *  
 232:.\Generated_Source\PSoC5/OSC1_IDAC8_SAW.c **** * Parameters:
 233:.\Generated_Source\PSoC5/OSC1_IDAC8_SAW.c **** *  Polarity: Sets the IDAC to Sink or Source 
 234:.\Generated_Source\PSoC5/OSC1_IDAC8_SAW.c **** *  0x00 - Source
 235:.\Generated_Source\PSoC5/OSC1_IDAC8_SAW.c **** *  0x04 - Sink
 236:.\Generated_Source\PSoC5/OSC1_IDAC8_SAW.c **** *
 237:.\Generated_Source\PSoC5/OSC1_IDAC8_SAW.c **** * Return:
 238:.\Generated_Source\PSoC5/OSC1_IDAC8_SAW.c **** *  (void)
 239:.\Generated_Source\PSoC5/OSC1_IDAC8_SAW.c **** *
 240:.\Generated_Source\PSoC5/OSC1_IDAC8_SAW.c **** * Theory:
 241:.\Generated_Source\PSoC5/OSC1_IDAC8_SAW.c **** *
 242:.\Generated_Source\PSoC5/OSC1_IDAC8_SAW.c **** * Side Effects:
 243:.\Generated_Source\PSoC5/OSC1_IDAC8_SAW.c **** *
 244:.\Generated_Source\PSoC5/OSC1_IDAC8_SAW.c **** *******************************************************************************/
 245:.\Generated_Source\PSoC5/OSC1_IDAC8_SAW.c **** #if(OSC1_IDAC8_SAW_DEFAULT_POLARITY != OSC1_IDAC8_SAW_HARDWARE_CONTROLLED)
 246:.\Generated_Source\PSoC5/OSC1_IDAC8_SAW.c ****     void OSC1_IDAC8_SAW_SetPolarity(uint8 polarity) 
 247:.\Generated_Source\PSoC5/OSC1_IDAC8_SAW.c ****     {
 248:.\Generated_Source\PSoC5/OSC1_IDAC8_SAW.c ****         OSC1_IDAC8_SAW_CR1 &= (uint8)(~OSC1_IDAC8_SAW_IDIR_MASK);                /* clear polarity 
 249:.\Generated_Source\PSoC5/OSC1_IDAC8_SAW.c ****         OSC1_IDAC8_SAW_CR1 |= (polarity & OSC1_IDAC8_SAW_IDIR_MASK);             /* set new value *
 250:.\Generated_Source\PSoC5/OSC1_IDAC8_SAW.c ****     
 251:.\Generated_Source\PSoC5/OSC1_IDAC8_SAW.c ****         OSC1_IDAC8_SAW_DacTrim();
 252:.\Generated_Source\PSoC5/OSC1_IDAC8_SAW.c ****     }
 253:.\Generated_Source\PSoC5/OSC1_IDAC8_SAW.c **** #endif/*(OSC1_IDAC8_SAW_DEFAULT_POLARITY != OSC1_IDAC8_SAW_HARDWARE_CONTROLLED)*/
 254:.\Generated_Source\PSoC5/OSC1_IDAC8_SAW.c **** 
 255:.\Generated_Source\PSoC5/OSC1_IDAC8_SAW.c **** 
 256:.\Generated_Source\PSoC5/OSC1_IDAC8_SAW.c **** /*******************************************************************************
 257:.\Generated_Source\PSoC5/OSC1_IDAC8_SAW.c **** * Function Name: OSC1_IDAC8_SAW_SetRange
 258:.\Generated_Source\PSoC5/OSC1_IDAC8_SAW.c **** ********************************************************************************
 259:.\Generated_Source\PSoC5/OSC1_IDAC8_SAW.c **** * Summary:
 260:.\Generated_Source\PSoC5/OSC1_IDAC8_SAW.c **** *  Set current range
 261:.\Generated_Source\PSoC5/OSC1_IDAC8_SAW.c **** *
 262:.\Generated_Source\PSoC5/OSC1_IDAC8_SAW.c **** * Parameters:
 263:.\Generated_Source\PSoC5/OSC1_IDAC8_SAW.c **** *  Range: Sets on of four valid ranges.
 264:.\Generated_Source\PSoC5/OSC1_IDAC8_SAW.c **** *
 265:.\Generated_Source\PSoC5/OSC1_IDAC8_SAW.c **** * Return:
 266:.\Generated_Source\PSoC5/OSC1_IDAC8_SAW.c **** *  (void)
 267:.\Generated_Source\PSoC5/OSC1_IDAC8_SAW.c **** *
 268:.\Generated_Source\PSoC5/OSC1_IDAC8_SAW.c **** * Theory:
 269:.\Generated_Source\PSoC5/OSC1_IDAC8_SAW.c **** *
 270:.\Generated_Source\PSoC5/OSC1_IDAC8_SAW.c **** * Side Effects:
 271:.\Generated_Source\PSoC5/OSC1_IDAC8_SAW.c **** *
 272:.\Generated_Source\PSoC5/OSC1_IDAC8_SAW.c **** *******************************************************************************/
 273:.\Generated_Source\PSoC5/OSC1_IDAC8_SAW.c **** void OSC1_IDAC8_SAW_SetRange(uint8 range) 
 274:.\Generated_Source\PSoC5/OSC1_IDAC8_SAW.c **** {
 275:.\Generated_Source\PSoC5/OSC1_IDAC8_SAW.c ****     OSC1_IDAC8_SAW_CR0 &= (uint8)(~OSC1_IDAC8_SAW_RANGE_MASK);       /* Clear existing mode */
 276:.\Generated_Source\PSoC5/OSC1_IDAC8_SAW.c ****     OSC1_IDAC8_SAW_CR0 |= ( range & OSC1_IDAC8_SAW_RANGE_MASK );     /*  Set Range  */
 277:.\Generated_Source\PSoC5/OSC1_IDAC8_SAW.c ****     OSC1_IDAC8_SAW_DacTrim();
 278:.\Generated_Source\PSoC5/OSC1_IDAC8_SAW.c **** }
ARM GAS  C:\Users\214016~1\AppData\Local\Temp\cckcbhJk.s 			page 8


 279:.\Generated_Source\PSoC5/OSC1_IDAC8_SAW.c **** 
 280:.\Generated_Source\PSoC5/OSC1_IDAC8_SAW.c **** 
 281:.\Generated_Source\PSoC5/OSC1_IDAC8_SAW.c **** /*******************************************************************************
 282:.\Generated_Source\PSoC5/OSC1_IDAC8_SAW.c **** * Function Name: OSC1_IDAC8_SAW_SetValue
 283:.\Generated_Source\PSoC5/OSC1_IDAC8_SAW.c **** ********************************************************************************
 284:.\Generated_Source\PSoC5/OSC1_IDAC8_SAW.c **** * Summary:
 285:.\Generated_Source\PSoC5/OSC1_IDAC8_SAW.c **** *  Set DAC value
 286:.\Generated_Source\PSoC5/OSC1_IDAC8_SAW.c **** *
 287:.\Generated_Source\PSoC5/OSC1_IDAC8_SAW.c **** * Parameters:
 288:.\Generated_Source\PSoC5/OSC1_IDAC8_SAW.c **** *  value: Sets DAC value between 0 and 255.
 289:.\Generated_Source\PSoC5/OSC1_IDAC8_SAW.c **** *
 290:.\Generated_Source\PSoC5/OSC1_IDAC8_SAW.c **** * Return:
 291:.\Generated_Source\PSoC5/OSC1_IDAC8_SAW.c **** *  (void)
 292:.\Generated_Source\PSoC5/OSC1_IDAC8_SAW.c **** *
 293:.\Generated_Source\PSoC5/OSC1_IDAC8_SAW.c **** * Theory:
 294:.\Generated_Source\PSoC5/OSC1_IDAC8_SAW.c **** *
 295:.\Generated_Source\PSoC5/OSC1_IDAC8_SAW.c **** * Side Effects:
 296:.\Generated_Source\PSoC5/OSC1_IDAC8_SAW.c **** *
 297:.\Generated_Source\PSoC5/OSC1_IDAC8_SAW.c **** *******************************************************************************/
 298:.\Generated_Source\PSoC5/OSC1_IDAC8_SAW.c **** void OSC1_IDAC8_SAW_SetValue(uint8 value) 
 299:.\Generated_Source\PSoC5/OSC1_IDAC8_SAW.c **** {
 122              		.loc 1 299 0
 123              		.cfi_startproc
 124              		@ args = 0, pretend = 0, frame = 0
 125              		@ frame_needed = 0, uses_anonymous_args = 0
 126              		@ link register save eliminated.
 127              	.LVL2:
 300:.\Generated_Source\PSoC5/OSC1_IDAC8_SAW.c **** 
 301:.\Generated_Source\PSoC5/OSC1_IDAC8_SAW.c ****     #if (CY_PSOC5A)
 302:.\Generated_Source\PSoC5/OSC1_IDAC8_SAW.c ****         uint8 OSC1_IDAC8_SAW_intrStatus = CyEnterCriticalSection();
 303:.\Generated_Source\PSoC5/OSC1_IDAC8_SAW.c ****     #endif /* CY_PSOC5A */
 304:.\Generated_Source\PSoC5/OSC1_IDAC8_SAW.c **** 
 305:.\Generated_Source\PSoC5/OSC1_IDAC8_SAW.c ****     OSC1_IDAC8_SAW_Data = value;         /*  Set Value  */
 128              		.loc 1 305 0
 129 0000 014B     		ldr	r3, .L11
 130 0002 1870     		strb	r0, [r3]
 131 0004 7047     		bx	lr
 132              	.L12:
 133 0006 00BF     		.align	2
 134              	.L11:
 135 0008 835B0040 		.word	1073765251
 136              		.cfi_endproc
 137              	.LFE7:
 138              		.size	OSC1_IDAC8_SAW_SetValue, .-OSC1_IDAC8_SAW_SetValue
 139              		.section	.text.OSC1_IDAC8_SAW_DacTrim,"ax",%progbits
 140              		.align	2
 141              		.global	OSC1_IDAC8_SAW_DacTrim
 142              		.thumb
 143              		.thumb_func
 144              		.type	OSC1_IDAC8_SAW_DacTrim, %function
 145              	OSC1_IDAC8_SAW_DacTrim:
 146              	.LFB8:
 306:.\Generated_Source\PSoC5/OSC1_IDAC8_SAW.c ****     
 307:.\Generated_Source\PSoC5/OSC1_IDAC8_SAW.c ****     /* PSOC5A silicons require a double write */
 308:.\Generated_Source\PSoC5/OSC1_IDAC8_SAW.c ****     #if (CY_PSOC5A)
 309:.\Generated_Source\PSoC5/OSC1_IDAC8_SAW.c ****         OSC1_IDAC8_SAW_Data = value;
 310:.\Generated_Source\PSoC5/OSC1_IDAC8_SAW.c ****         CyExitCriticalSection(OSC1_IDAC8_SAW_intrStatus);
ARM GAS  C:\Users\214016~1\AppData\Local\Temp\cckcbhJk.s 			page 9


 311:.\Generated_Source\PSoC5/OSC1_IDAC8_SAW.c ****     #endif /* CY_PSOC5A */
 312:.\Generated_Source\PSoC5/OSC1_IDAC8_SAW.c **** }
 313:.\Generated_Source\PSoC5/OSC1_IDAC8_SAW.c **** 
 314:.\Generated_Source\PSoC5/OSC1_IDAC8_SAW.c **** 
 315:.\Generated_Source\PSoC5/OSC1_IDAC8_SAW.c **** /*******************************************************************************
 316:.\Generated_Source\PSoC5/OSC1_IDAC8_SAW.c **** * Function Name: OSC1_IDAC8_SAW_DacTrim
 317:.\Generated_Source\PSoC5/OSC1_IDAC8_SAW.c **** ********************************************************************************
 318:.\Generated_Source\PSoC5/OSC1_IDAC8_SAW.c **** * Summary:
 319:.\Generated_Source\PSoC5/OSC1_IDAC8_SAW.c **** *  Set the trim value for the given range.
 320:.\Generated_Source\PSoC5/OSC1_IDAC8_SAW.c **** *
 321:.\Generated_Source\PSoC5/OSC1_IDAC8_SAW.c **** * Parameters:
 322:.\Generated_Source\PSoC5/OSC1_IDAC8_SAW.c **** *  None
 323:.\Generated_Source\PSoC5/OSC1_IDAC8_SAW.c **** *
 324:.\Generated_Source\PSoC5/OSC1_IDAC8_SAW.c **** * Return:
 325:.\Generated_Source\PSoC5/OSC1_IDAC8_SAW.c **** *  (void) 
 326:.\Generated_Source\PSoC5/OSC1_IDAC8_SAW.c **** *
 327:.\Generated_Source\PSoC5/OSC1_IDAC8_SAW.c **** * Theory:
 328:.\Generated_Source\PSoC5/OSC1_IDAC8_SAW.c **** *  Trim values for the IDAC blocks are stored in the "Customer Table" area in 
 329:.\Generated_Source\PSoC5/OSC1_IDAC8_SAW.c **** *  Row 1 of the Hidden Flash.  There are 8 bytes of trim data for each 
 330:.\Generated_Source\PSoC5/OSC1_IDAC8_SAW.c **** *  IDAC block.
 331:.\Generated_Source\PSoC5/OSC1_IDAC8_SAW.c **** *  The values are:
 332:.\Generated_Source\PSoC5/OSC1_IDAC8_SAW.c **** *       I Gain offset, min range, Sourcing
 333:.\Generated_Source\PSoC5/OSC1_IDAC8_SAW.c **** *       I Gain offset, min range, Sinking
 334:.\Generated_Source\PSoC5/OSC1_IDAC8_SAW.c **** *       I Gain offset, med range, Sourcing
 335:.\Generated_Source\PSoC5/OSC1_IDAC8_SAW.c **** *       I Gain offset, med range, Sinking
 336:.\Generated_Source\PSoC5/OSC1_IDAC8_SAW.c **** *       I Gain offset, max range, Sourcing
 337:.\Generated_Source\PSoC5/OSC1_IDAC8_SAW.c **** *       I Gain offset, max range, Sinking
 338:.\Generated_Source\PSoC5/OSC1_IDAC8_SAW.c **** *       V Gain offset, 1V range
 339:.\Generated_Source\PSoC5/OSC1_IDAC8_SAW.c **** *       V Gain offset, 4V range
 340:.\Generated_Source\PSoC5/OSC1_IDAC8_SAW.c **** *
 341:.\Generated_Source\PSoC5/OSC1_IDAC8_SAW.c **** * Side Effects:
 342:.\Generated_Source\PSoC5/OSC1_IDAC8_SAW.c **** *
 343:.\Generated_Source\PSoC5/OSC1_IDAC8_SAW.c **** *******************************************************************************/
 344:.\Generated_Source\PSoC5/OSC1_IDAC8_SAW.c **** void OSC1_IDAC8_SAW_DacTrim(void) 
 345:.\Generated_Source\PSoC5/OSC1_IDAC8_SAW.c **** {
 147              		.loc 1 345 0
 148              		.cfi_startproc
 149              		@ args = 0, pretend = 0, frame = 0
 150              		@ frame_needed = 0, uses_anonymous_args = 0
 151              		@ link register save eliminated.
 346:.\Generated_Source\PSoC5/OSC1_IDAC8_SAW.c ****     uint8 mode;
 347:.\Generated_Source\PSoC5/OSC1_IDAC8_SAW.c **** 
 348:.\Generated_Source\PSoC5/OSC1_IDAC8_SAW.c ****     mode = ((OSC1_IDAC8_SAW_CR0 & OSC1_IDAC8_SAW_RANGE_MASK) >> 1u);
 152              		.loc 1 348 0
 153 0000 094B     		ldr	r3, .L15
 154 0002 1B78     		ldrb	r3, [r3]	@ zero_extendqisi2
 155 0004 03F00C03 		and	r3, r3, #12
 156 0008 5B08     		lsrs	r3, r3, #1
 157              	.LVL3:
 349:.\Generated_Source\PSoC5/OSC1_IDAC8_SAW.c ****     
 350:.\Generated_Source\PSoC5/OSC1_IDAC8_SAW.c ****     if((OSC1_IDAC8_SAW_IDIR_MASK & OSC1_IDAC8_SAW_CR1) == OSC1_IDAC8_SAW_IDIR_SINK)
 158              		.loc 1 350 0
 159 000a 084A     		ldr	r2, .L15+4
 160 000c 1278     		ldrb	r2, [r2]	@ zero_extendqisi2
 161 000e 12F0040F 		tst	r2, #4
 162 0012 00D0     		beq	.L14
 351:.\Generated_Source\PSoC5/OSC1_IDAC8_SAW.c ****     {
ARM GAS  C:\Users\214016~1\AppData\Local\Temp\cckcbhJk.s 			page 10


 352:.\Generated_Source\PSoC5/OSC1_IDAC8_SAW.c ****         mode++;
 163              		.loc 1 352 0
 164 0014 0133     		adds	r3, r3, #1
 165              	.LVL4:
 166              	.L14:
 353:.\Generated_Source\PSoC5/OSC1_IDAC8_SAW.c ****     }
 354:.\Generated_Source\PSoC5/OSC1_IDAC8_SAW.c **** 
 355:.\Generated_Source\PSoC5/OSC1_IDAC8_SAW.c ****     OSC1_IDAC8_SAW_TR = CY_GET_XTND_REG8((uint8 *)(OSC1_IDAC8_SAW_DAC_TRIM_BASE + mode));
 167              		.loc 1 355 0
 168 0016 03F19243 		add	r3, r3, #1224736768
 169              	.LVL5:
 170 001a 93F83831 		ldrb	r3, [r3, #312]	@ zero_extendqisi2
 171 001e DBB2     		uxtb	r3, r3
 172 0020 034A     		ldr	r2, .L15+8
 173 0022 1370     		strb	r3, [r2]
 174 0024 7047     		bx	lr
 175              	.L16:
 176 0026 00BF     		.align	2
 177              	.L15:
 178 0028 2C580040 		.word	1073764396
 179 002c 2D580040 		.word	1073764397
 180 0030 0B460040 		.word	1073759755
 181              		.cfi_endproc
 182              	.LFE8:
 183              		.size	OSC1_IDAC8_SAW_DacTrim, .-OSC1_IDAC8_SAW_DacTrim
 184              		.section	.text.OSC1_IDAC8_SAW_Init,"ax",%progbits
 185              		.align	2
 186              		.global	OSC1_IDAC8_SAW_Init
 187              		.thumb
 188              		.thumb_func
 189              		.type	OSC1_IDAC8_SAW_Init, %function
 190              	OSC1_IDAC8_SAW_Init:
 191              	.LFB0:
  59:.\Generated_Source\PSoC5/OSC1_IDAC8_SAW.c ****     OSC1_IDAC8_SAW_CR0 = (OSC1_IDAC8_SAW_MODE_I | OSC1_IDAC8_SAW_DEFAULT_RANGE );
 192              		.loc 1 59 0
 193              		.cfi_startproc
 194              		@ args = 0, pretend = 0, frame = 0
 195              		@ frame_needed = 0, uses_anonymous_args = 0
 196 0000 08B5     		push	{r3, lr}
 197              		.cfi_def_cfa_offset 8
 198              		.cfi_offset 3, -8
 199              		.cfi_offset 14, -4
  60:.\Generated_Source\PSoC5/OSC1_IDAC8_SAW.c **** 
 200              		.loc 1 60 0
 201 0002 1822     		movs	r2, #24
 202 0004 084B     		ldr	r3, .L19
 203 0006 1A70     		strb	r2, [r3]
  66:.\Generated_Source\PSoC5/OSC1_IDAC8_SAW.c ****     #endif /* (OSC1_IDAC8_SAW_DEFAULT_DATA_SRC != 0u ) */
 204              		.loc 1 66 0
 205 0008 0133     		adds	r3, r3, #1
 206 000a 0020     		movs	r0, #0
 207 000c 1870     		strb	r0, [r3]
  73:.\Generated_Source\PSoC5/OSC1_IDAC8_SAW.c ****     #endif/* (OSC1_IDAC8_SAW_DEFAULT_POLARITY == OSC1_IDAC8_SAW_HARDWARE_CONTROLLED) */
 208              		.loc 1 73 0
 209 000e 1A78     		ldrb	r2, [r3]	@ zero_extendqisi2
 210 0010 D2B2     		uxtb	r2, r2
 211 0012 1A70     		strb	r2, [r3]
ARM GAS  C:\Users\214016~1\AppData\Local\Temp\cckcbhJk.s 			page 11


  77:.\Generated_Source\PSoC5/OSC1_IDAC8_SAW.c ****     #endif /* (OSC1_IDAC8_SAW_HARDWARE_ENABLE != 0u ) */ 
 212              		.loc 1 77 0
 213 0014 1A78     		ldrb	r2, [r3]	@ zero_extendqisi2
 214 0016 42F00202 		orr	r2, r2, #2
 215 001a 1A70     		strb	r2, [r3]
  86:.\Generated_Source\PSoC5/OSC1_IDAC8_SAW.c ****     
 216              		.loc 1 86 0
 217 001c FFF7FEFF 		bl	OSC1_IDAC8_SAW_SetSpeed
 218              	.LVL6:
  89:.\Generated_Source\PSoC5/OSC1_IDAC8_SAW.c ****     
 219              		.loc 1 89 0
 220 0020 FFF7FEFF 		bl	OSC1_IDAC8_SAW_DacTrim
 221              	.LVL7:
 222 0024 08BD     		pop	{r3, pc}
 223              	.L20:
 224 0026 00BF     		.align	2
 225              	.L19:
 226 0028 2C580040 		.word	1073764396
 227              		.cfi_endproc
 228              	.LFE0:
 229              		.size	OSC1_IDAC8_SAW_Init, .-OSC1_IDAC8_SAW_Init
 230              		.section	.text.OSC1_IDAC8_SAW_Start,"ax",%progbits
 231              		.align	2
 232              		.global	OSC1_IDAC8_SAW_Start
 233              		.thumb
 234              		.thumb_func
 235              		.type	OSC1_IDAC8_SAW_Start, %function
 236              	OSC1_IDAC8_SAW_Start:
 237              	.LFB2:
 148:.\Generated_Source\PSoC5/OSC1_IDAC8_SAW.c ****     /* Hardware initiazation only needs to occur the first time */
 238              		.loc 1 148 0
 239              		.cfi_startproc
 240              		@ args = 0, pretend = 0, frame = 0
 241              		@ frame_needed = 0, uses_anonymous_args = 0
 242 0000 08B5     		push	{r3, lr}
 243              		.cfi_def_cfa_offset 8
 244              		.cfi_offset 3, -8
 245              		.cfi_offset 14, -4
 150:.\Generated_Source\PSoC5/OSC1_IDAC8_SAW.c ****     {
 246              		.loc 1 150 0
 247 0002 074B     		ldr	r3, .L24
 248 0004 1B78     		ldrb	r3, [r3]	@ zero_extendqisi2
 249 0006 23B9     		cbnz	r3, .L22
 152:.\Generated_Source\PSoC5/OSC1_IDAC8_SAW.c ****         
 250              		.loc 1 152 0
 251 0008 FFF7FEFF 		bl	OSC1_IDAC8_SAW_Init
 252              	.LVL8:
 154:.\Generated_Source\PSoC5/OSC1_IDAC8_SAW.c ****     }
 253              		.loc 1 154 0
 254 000c 0122     		movs	r2, #1
 255 000e 044B     		ldr	r3, .L24
 256 0010 1A70     		strb	r2, [r3]
 257              	.L22:
 158:.\Generated_Source\PSoC5/OSC1_IDAC8_SAW.c **** 
 258              		.loc 1 158 0
 259 0012 FFF7FEFF 		bl	OSC1_IDAC8_SAW_Enable
 260              	.LVL9:
ARM GAS  C:\Users\214016~1\AppData\Local\Temp\cckcbhJk.s 			page 12


 161:.\Generated_Source\PSoC5/OSC1_IDAC8_SAW.c **** 
 261              		.loc 1 161 0
 262 0016 7820     		movs	r0, #120
 263 0018 FFF7FEFF 		bl	OSC1_IDAC8_SAW_SetValue
 264              	.LVL10:
 265 001c 08BD     		pop	{r3, pc}
 266              	.L25:
 267 001e 00BF     		.align	2
 268              	.L24:
 269 0020 00000000 		.word	.LANCHOR0
 270              		.cfi_endproc
 271              	.LFE2:
 272              		.size	OSC1_IDAC8_SAW_Start, .-OSC1_IDAC8_SAW_Start
 273              		.section	.text.OSC1_IDAC8_SAW_SetPolarity,"ax",%progbits
 274              		.align	2
 275              		.global	OSC1_IDAC8_SAW_SetPolarity
 276              		.thumb
 277              		.thumb_func
 278              		.type	OSC1_IDAC8_SAW_SetPolarity, %function
 279              	OSC1_IDAC8_SAW_SetPolarity:
 280              	.LFB5:
 247:.\Generated_Source\PSoC5/OSC1_IDAC8_SAW.c ****         OSC1_IDAC8_SAW_CR1 &= (uint8)(~OSC1_IDAC8_SAW_IDIR_MASK);                /* clear polarity 
 281              		.loc 1 247 0
 282              		.cfi_startproc
 283              		@ args = 0, pretend = 0, frame = 0
 284              		@ frame_needed = 0, uses_anonymous_args = 0
 285              	.LVL11:
 286 0000 08B5     		push	{r3, lr}
 287              		.cfi_def_cfa_offset 8
 288              		.cfi_offset 3, -8
 289              		.cfi_offset 14, -4
 248:.\Generated_Source\PSoC5/OSC1_IDAC8_SAW.c ****         OSC1_IDAC8_SAW_CR1 |= (polarity & OSC1_IDAC8_SAW_IDIR_MASK);             /* set new value *
 290              		.loc 1 248 0
 291 0002 064B     		ldr	r3, .L28
 292 0004 1A78     		ldrb	r2, [r3]	@ zero_extendqisi2
 293 0006 02F0FB02 		and	r2, r2, #251
 294 000a 1A70     		strb	r2, [r3]
 249:.\Generated_Source\PSoC5/OSC1_IDAC8_SAW.c ****     
 295              		.loc 1 249 0
 296 000c 1A78     		ldrb	r2, [r3]	@ zero_extendqisi2
 297 000e 00F00400 		and	r0, r0, #4
 298              	.LVL12:
 299 0012 1043     		orrs	r0, r0, r2
 300 0014 1870     		strb	r0, [r3]
 251:.\Generated_Source\PSoC5/OSC1_IDAC8_SAW.c ****     }
 301              		.loc 1 251 0
 302 0016 FFF7FEFF 		bl	OSC1_IDAC8_SAW_DacTrim
 303              	.LVL13:
 304 001a 08BD     		pop	{r3, pc}
 305              	.L29:
 306              		.align	2
 307              	.L28:
 308 001c 2D580040 		.word	1073764397
 309              		.cfi_endproc
 310              	.LFE5:
 311              		.size	OSC1_IDAC8_SAW_SetPolarity, .-OSC1_IDAC8_SAW_SetPolarity
 312              		.section	.text.OSC1_IDAC8_SAW_SetRange,"ax",%progbits
ARM GAS  C:\Users\214016~1\AppData\Local\Temp\cckcbhJk.s 			page 13


 313              		.align	2
 314              		.global	OSC1_IDAC8_SAW_SetRange
 315              		.thumb
 316              		.thumb_func
 317              		.type	OSC1_IDAC8_SAW_SetRange, %function
 318              	OSC1_IDAC8_SAW_SetRange:
 319              	.LFB6:
 274:.\Generated_Source\PSoC5/OSC1_IDAC8_SAW.c ****     OSC1_IDAC8_SAW_CR0 &= (uint8)(~OSC1_IDAC8_SAW_RANGE_MASK);       /* Clear existing mode */
 320              		.loc 1 274 0
 321              		.cfi_startproc
 322              		@ args = 0, pretend = 0, frame = 0
 323              		@ frame_needed = 0, uses_anonymous_args = 0
 324              	.LVL14:
 325 0000 08B5     		push	{r3, lr}
 326              		.cfi_def_cfa_offset 8
 327              		.cfi_offset 3, -8
 328              		.cfi_offset 14, -4
 275:.\Generated_Source\PSoC5/OSC1_IDAC8_SAW.c ****     OSC1_IDAC8_SAW_CR0 |= ( range & OSC1_IDAC8_SAW_RANGE_MASK );     /*  Set Range  */
 329              		.loc 1 275 0
 330 0002 064B     		ldr	r3, .L32
 331 0004 1A78     		ldrb	r2, [r3]	@ zero_extendqisi2
 332 0006 02F0F302 		and	r2, r2, #243
 333 000a 1A70     		strb	r2, [r3]
 276:.\Generated_Source\PSoC5/OSC1_IDAC8_SAW.c ****     OSC1_IDAC8_SAW_DacTrim();
 334              		.loc 1 276 0
 335 000c 1A78     		ldrb	r2, [r3]	@ zero_extendqisi2
 336 000e 00F00C00 		and	r0, r0, #12
 337              	.LVL15:
 338 0012 1043     		orrs	r0, r0, r2
 339 0014 1870     		strb	r0, [r3]
 277:.\Generated_Source\PSoC5/OSC1_IDAC8_SAW.c **** }
 340              		.loc 1 277 0
 341 0016 FFF7FEFF 		bl	OSC1_IDAC8_SAW_DacTrim
 342              	.LVL16:
 343 001a 08BD     		pop	{r3, pc}
 344              	.L33:
 345              		.align	2
 346              	.L32:
 347 001c 2C580040 		.word	1073764396
 348              		.cfi_endproc
 349              	.LFE6:
 350              		.size	OSC1_IDAC8_SAW_SetRange, .-OSC1_IDAC8_SAW_SetRange
 351              		.global	OSC1_IDAC8_SAW_initVar
 352              		.bss
 353              		.set	.LANCHOR0,. + 0
 354              		.type	OSC1_IDAC8_SAW_initVar, %object
 355              		.size	OSC1_IDAC8_SAW_initVar, 1
 356              	OSC1_IDAC8_SAW_initVar:
 357 0000 00       		.space	1
 358              		.text
 359              	.Letext0:
 360              		.file 2 ".\\Generated_Source\\PSoC5\\cytypes.h"
 361              		.section	.debug_info,"",%progbits
 362              	.Ldebug_info0:
 363 0000 06020000 		.4byte	0x206
 364 0004 0400     		.2byte	0x4
 365 0006 00000000 		.4byte	.Ldebug_abbrev0
ARM GAS  C:\Users\214016~1\AppData\Local\Temp\cckcbhJk.s 			page 14


 366 000a 04       		.byte	0x4
 367 000b 01       		.uleb128 0x1
 368 000c 8E010000 		.4byte	.LASF27
 369 0010 01       		.byte	0x1
 370 0011 2F020000 		.4byte	.LASF28
 371 0015 25010000 		.4byte	.LASF29
 372 0019 00000000 		.4byte	.Ldebug_ranges0+0
 373 001d 00000000 		.4byte	0
 374 0021 00000000 		.4byte	.Ldebug_line0
 375 0025 02       		.uleb128 0x2
 376 0026 01       		.byte	0x1
 377 0027 06       		.byte	0x6
 378 0028 EF000000 		.4byte	.LASF0
 379 002c 02       		.uleb128 0x2
 380 002d 01       		.byte	0x1
 381 002e 08       		.byte	0x8
 382 002f D8000000 		.4byte	.LASF1
 383 0033 02       		.uleb128 0x2
 384 0034 02       		.byte	0x2
 385 0035 05       		.byte	0x5
 386 0036 16000000 		.4byte	.LASF2
 387 003a 02       		.uleb128 0x2
 388 003b 02       		.byte	0x2
 389 003c 07       		.byte	0x7
 390 003d 1C020000 		.4byte	.LASF3
 391 0041 02       		.uleb128 0x2
 392 0042 04       		.byte	0x4
 393 0043 05       		.byte	0x5
 394 0044 9D000000 		.4byte	.LASF4
 395 0048 02       		.uleb128 0x2
 396 0049 04       		.byte	0x4
 397 004a 07       		.byte	0x7
 398 004b 5E020000 		.4byte	.LASF5
 399 004f 02       		.uleb128 0x2
 400 0050 08       		.byte	0x8
 401 0051 05       		.byte	0x5
 402 0052 66000000 		.4byte	.LASF6
 403 0056 02       		.uleb128 0x2
 404 0057 08       		.byte	0x8
 405 0058 07       		.byte	0x7
 406 0059 FB000000 		.4byte	.LASF7
 407 005d 03       		.uleb128 0x3
 408 005e 04       		.byte	0x4
 409 005f 05       		.byte	0x5
 410 0060 696E7400 		.ascii	"int\000"
 411 0064 02       		.uleb128 0x2
 412 0065 04       		.byte	0x4
 413 0066 07       		.byte	0x7
 414 0067 12010000 		.4byte	.LASF8
 415 006b 04       		.uleb128 0x4
 416 006c 43000000 		.4byte	.LASF12
 417 0070 02       		.byte	0x2
 418 0071 3801     		.2byte	0x138
 419 0073 2C000000 		.4byte	0x2c
 420 0077 02       		.uleb128 0x2
 421 0078 04       		.byte	0x4
 422 0079 04       		.byte	0x4
ARM GAS  C:\Users\214016~1\AppData\Local\Temp\cckcbhJk.s 			page 15


 423 007a 60000000 		.4byte	.LASF9
 424 007e 02       		.uleb128 0x2
 425 007f 08       		.byte	0x8
 426 0080 04       		.byte	0x4
 427 0081 70020000 		.4byte	.LASF10
 428 0085 02       		.uleb128 0x2
 429 0086 01       		.byte	0x1
 430 0087 08       		.byte	0x8
 431 0088 89010000 		.4byte	.LASF11
 432 008c 04       		.uleb128 0x4
 433 008d 59020000 		.4byte	.LASF13
 434 0091 02       		.byte	0x2
 435 0092 E201     		.2byte	0x1e2
 436 0094 98000000 		.4byte	0x98
 437 0098 05       		.uleb128 0x5
 438 0099 6B000000 		.4byte	0x6b
 439 009d 06       		.uleb128 0x6
 440 009e 00000000 		.4byte	.LASF14
 441 00a2 01       		.byte	0x1
 442 00a3 6F       		.byte	0x6f
 443 00a4 00000000 		.4byte	.LFB1
 444 00a8 1C000000 		.4byte	.LFE1-.LFB1
 445 00ac 01       		.uleb128 0x1
 446 00ad 9C       		.byte	0x9c
 447 00ae 06       		.uleb128 0x6
 448 00af 77020000 		.4byte	.LASF15
 449 00b3 01       		.byte	0x1
 450 00b4 B7       		.byte	0xb7
 451 00b5 00000000 		.4byte	.LFB3
 452 00b9 1C000000 		.4byte	.LFE3-.LFB3
 453 00bd 01       		.uleb128 0x1
 454 00be 9C       		.byte	0x9c
 455 00bf 07       		.uleb128 0x7
 456 00c0 91020000 		.4byte	.LASF16
 457 00c4 01       		.byte	0x1
 458 00c5 DA       		.byte	0xda
 459 00c6 00000000 		.4byte	.LFB4
 460 00ca 1C000000 		.4byte	.LFE4-.LFB4
 461 00ce 01       		.uleb128 0x1
 462 00cf 9C       		.byte	0x9c
 463 00d0 E4000000 		.4byte	0xe4
 464 00d4 08       		.uleb128 0x8
 465 00d5 1F010000 		.4byte	.LASF18
 466 00d9 01       		.byte	0x1
 467 00da DA       		.byte	0xda
 468 00db 6B000000 		.4byte	0x6b
 469 00df 00000000 		.4byte	.LLST0
 470 00e3 00       		.byte	0
 471 00e4 09       		.uleb128 0x9
 472 00e5 71010000 		.4byte	.LASF17
 473 00e9 01       		.byte	0x1
 474 00ea 2A01     		.2byte	0x12a
 475 00ec 00000000 		.4byte	.LFB7
 476 00f0 0C000000 		.4byte	.LFE7-.LFB7
 477 00f4 01       		.uleb128 0x1
 478 00f5 9C       		.byte	0x9c
 479 00f6 09010000 		.4byte	0x109
ARM GAS  C:\Users\214016~1\AppData\Local\Temp\cckcbhJk.s 			page 16


 480 00fa 0A       		.uleb128 0xa
 481 00fb 25000000 		.4byte	.LASF19
 482 00ff 01       		.byte	0x1
 483 0100 2A01     		.2byte	0x12a
 484 0102 6B000000 		.4byte	0x6b
 485 0106 01       		.uleb128 0x1
 486 0107 50       		.byte	0x50
 487 0108 00       		.byte	0
 488 0109 09       		.uleb128 0x9
 489 010a C1000000 		.4byte	.LASF20
 490 010e 01       		.byte	0x1
 491 010f 5801     		.2byte	0x158
 492 0111 00000000 		.4byte	.LFB8
 493 0115 34000000 		.4byte	.LFE8-.LFB8
 494 0119 01       		.uleb128 0x1
 495 011a 9C       		.byte	0x9c
 496 011b 30010000 		.4byte	0x130
 497 011f 0B       		.uleb128 0xb
 498 0120 20000000 		.4byte	.LASF30
 499 0124 01       		.byte	0x1
 500 0125 5A01     		.2byte	0x15a
 501 0127 6B000000 		.4byte	0x6b
 502 012b 21000000 		.4byte	.LLST1
 503 012f 00       		.byte	0
 504 0130 07       		.uleb128 0x7
 505 0131 74000000 		.4byte	.LASF21
 506 0135 01       		.byte	0x1
 507 0136 3A       		.byte	0x3a
 508 0137 00000000 		.4byte	.LFB0
 509 013b 2C000000 		.4byte	.LFE0-.LFB0
 510 013f 01       		.uleb128 0x1
 511 0140 9C       		.byte	0x9c
 512 0141 62010000 		.4byte	0x162
 513 0145 0C       		.uleb128 0xc
 514 0146 20000000 		.4byte	.LVL6
 515 014a BF000000 		.4byte	0xbf
 516 014e 58010000 		.4byte	0x158
 517 0152 0D       		.uleb128 0xd
 518 0153 01       		.uleb128 0x1
 519 0154 50       		.byte	0x50
 520 0155 01       		.uleb128 0x1
 521 0156 30       		.byte	0x30
 522 0157 00       		.byte	0
 523 0158 0E       		.uleb128 0xe
 524 0159 24000000 		.4byte	.LVL7
 525 015d 09010000 		.4byte	0x109
 526 0161 00       		.byte	0
 527 0162 07       		.uleb128 0x7
 528 0163 88000000 		.4byte	.LASF22
 529 0167 01       		.byte	0x1
 530 0168 93       		.byte	0x93
 531 0169 00000000 		.4byte	.LFB2
 532 016d 24000000 		.4byte	.LFE2-.LFB2
 533 0171 01       		.uleb128 0x1
 534 0172 9C       		.byte	0x9c
 535 0173 9A010000 		.4byte	0x19a
 536 0177 0E       		.uleb128 0xe
ARM GAS  C:\Users\214016~1\AppData\Local\Temp\cckcbhJk.s 			page 17


 537 0178 0C000000 		.4byte	.LVL8
 538 017c 30010000 		.4byte	0x130
 539 0180 0E       		.uleb128 0xe
 540 0181 16000000 		.4byte	.LVL9
 541 0185 9D000000 		.4byte	0x9d
 542 0189 0F       		.uleb128 0xf
 543 018a 1C000000 		.4byte	.LVL10
 544 018e E4000000 		.4byte	0xe4
 545 0192 0D       		.uleb128 0xd
 546 0193 01       		.uleb128 0x1
 547 0194 50       		.byte	0x50
 548 0195 02       		.uleb128 0x2
 549 0196 08       		.byte	0x8
 550 0197 78       		.byte	0x78
 551 0198 00       		.byte	0
 552 0199 00       		.byte	0
 553 019a 07       		.uleb128 0x7
 554 019b A6000000 		.4byte	.LASF23
 555 019f 01       		.byte	0x1
 556 01a0 F6       		.byte	0xf6
 557 01a1 00000000 		.4byte	.LFB5
 558 01a5 20000000 		.4byte	.LFE5-.LFB5
 559 01a9 01       		.uleb128 0x1
 560 01aa 9C       		.byte	0x9c
 561 01ab C8010000 		.4byte	0x1c8
 562 01af 08       		.uleb128 0x8
 563 01b0 E6000000 		.4byte	.LASF24
 564 01b4 01       		.byte	0x1
 565 01b5 F6       		.byte	0xf6
 566 01b6 6B000000 		.4byte	0x6b
 567 01ba 34000000 		.4byte	.LLST2
 568 01be 0E       		.uleb128 0xe
 569 01bf 1A000000 		.4byte	.LVL13
 570 01c3 09010000 		.4byte	0x109
 571 01c7 00       		.byte	0
 572 01c8 09       		.uleb128 0x9
 573 01c9 2B000000 		.4byte	.LASF25
 574 01cd 01       		.byte	0x1
 575 01ce 1101     		.2byte	0x111
 576 01d0 00000000 		.4byte	.LFB6
 577 01d4 20000000 		.4byte	.LFE6-.LFB6
 578 01d8 01       		.uleb128 0x1
 579 01d9 9C       		.byte	0x9c
 580 01da F8010000 		.4byte	0x1f8
 581 01de 10       		.uleb128 0x10
 582 01df 8B020000 		.4byte	.LASF26
 583 01e3 01       		.byte	0x1
 584 01e4 1101     		.2byte	0x111
 585 01e6 6B000000 		.4byte	0x6b
 586 01ea 55000000 		.4byte	.LLST3
 587 01ee 0E       		.uleb128 0xe
 588 01ef 1A000000 		.4byte	.LVL16
 589 01f3 09010000 		.4byte	0x109
 590 01f7 00       		.byte	0
 591 01f8 11       		.uleb128 0x11
 592 01f9 49000000 		.4byte	.LASF31
 593 01fd 01       		.byte	0x1
ARM GAS  C:\Users\214016~1\AppData\Local\Temp\cckcbhJk.s 			page 18


 594 01fe 1B       		.byte	0x1b
 595 01ff 6B000000 		.4byte	0x6b
 596 0203 05       		.uleb128 0x5
 597 0204 03       		.byte	0x3
 598 0205 00000000 		.4byte	OSC1_IDAC8_SAW_initVar
 599 0209 00       		.byte	0
 600              		.section	.debug_abbrev,"",%progbits
 601              	.Ldebug_abbrev0:
 602 0000 01       		.uleb128 0x1
 603 0001 11       		.uleb128 0x11
 604 0002 01       		.byte	0x1
 605 0003 25       		.uleb128 0x25
 606 0004 0E       		.uleb128 0xe
 607 0005 13       		.uleb128 0x13
 608 0006 0B       		.uleb128 0xb
 609 0007 03       		.uleb128 0x3
 610 0008 0E       		.uleb128 0xe
 611 0009 1B       		.uleb128 0x1b
 612 000a 0E       		.uleb128 0xe
 613 000b 55       		.uleb128 0x55
 614 000c 17       		.uleb128 0x17
 615 000d 11       		.uleb128 0x11
 616 000e 01       		.uleb128 0x1
 617 000f 10       		.uleb128 0x10
 618 0010 17       		.uleb128 0x17
 619 0011 00       		.byte	0
 620 0012 00       		.byte	0
 621 0013 02       		.uleb128 0x2
 622 0014 24       		.uleb128 0x24
 623 0015 00       		.byte	0
 624 0016 0B       		.uleb128 0xb
 625 0017 0B       		.uleb128 0xb
 626 0018 3E       		.uleb128 0x3e
 627 0019 0B       		.uleb128 0xb
 628 001a 03       		.uleb128 0x3
 629 001b 0E       		.uleb128 0xe
 630 001c 00       		.byte	0
 631 001d 00       		.byte	0
 632 001e 03       		.uleb128 0x3
 633 001f 24       		.uleb128 0x24
 634 0020 00       		.byte	0
 635 0021 0B       		.uleb128 0xb
 636 0022 0B       		.uleb128 0xb
 637 0023 3E       		.uleb128 0x3e
 638 0024 0B       		.uleb128 0xb
 639 0025 03       		.uleb128 0x3
 640 0026 08       		.uleb128 0x8
 641 0027 00       		.byte	0
 642 0028 00       		.byte	0
 643 0029 04       		.uleb128 0x4
 644 002a 16       		.uleb128 0x16
 645 002b 00       		.byte	0
 646 002c 03       		.uleb128 0x3
 647 002d 0E       		.uleb128 0xe
 648 002e 3A       		.uleb128 0x3a
 649 002f 0B       		.uleb128 0xb
 650 0030 3B       		.uleb128 0x3b
ARM GAS  C:\Users\214016~1\AppData\Local\Temp\cckcbhJk.s 			page 19


 651 0031 05       		.uleb128 0x5
 652 0032 49       		.uleb128 0x49
 653 0033 13       		.uleb128 0x13
 654 0034 00       		.byte	0
 655 0035 00       		.byte	0
 656 0036 05       		.uleb128 0x5
 657 0037 35       		.uleb128 0x35
 658 0038 00       		.byte	0
 659 0039 49       		.uleb128 0x49
 660 003a 13       		.uleb128 0x13
 661 003b 00       		.byte	0
 662 003c 00       		.byte	0
 663 003d 06       		.uleb128 0x6
 664 003e 2E       		.uleb128 0x2e
 665 003f 00       		.byte	0
 666 0040 3F       		.uleb128 0x3f
 667 0041 19       		.uleb128 0x19
 668 0042 03       		.uleb128 0x3
 669 0043 0E       		.uleb128 0xe
 670 0044 3A       		.uleb128 0x3a
 671 0045 0B       		.uleb128 0xb
 672 0046 3B       		.uleb128 0x3b
 673 0047 0B       		.uleb128 0xb
 674 0048 27       		.uleb128 0x27
 675 0049 19       		.uleb128 0x19
 676 004a 11       		.uleb128 0x11
 677 004b 01       		.uleb128 0x1
 678 004c 12       		.uleb128 0x12
 679 004d 06       		.uleb128 0x6
 680 004e 40       		.uleb128 0x40
 681 004f 18       		.uleb128 0x18
 682 0050 9742     		.uleb128 0x2117
 683 0052 19       		.uleb128 0x19
 684 0053 00       		.byte	0
 685 0054 00       		.byte	0
 686 0055 07       		.uleb128 0x7
 687 0056 2E       		.uleb128 0x2e
 688 0057 01       		.byte	0x1
 689 0058 3F       		.uleb128 0x3f
 690 0059 19       		.uleb128 0x19
 691 005a 03       		.uleb128 0x3
 692 005b 0E       		.uleb128 0xe
 693 005c 3A       		.uleb128 0x3a
 694 005d 0B       		.uleb128 0xb
 695 005e 3B       		.uleb128 0x3b
 696 005f 0B       		.uleb128 0xb
 697 0060 27       		.uleb128 0x27
 698 0061 19       		.uleb128 0x19
 699 0062 11       		.uleb128 0x11
 700 0063 01       		.uleb128 0x1
 701 0064 12       		.uleb128 0x12
 702 0065 06       		.uleb128 0x6
 703 0066 40       		.uleb128 0x40
 704 0067 18       		.uleb128 0x18
 705 0068 9742     		.uleb128 0x2117
 706 006a 19       		.uleb128 0x19
 707 006b 01       		.uleb128 0x1
ARM GAS  C:\Users\214016~1\AppData\Local\Temp\cckcbhJk.s 			page 20


 708 006c 13       		.uleb128 0x13
 709 006d 00       		.byte	0
 710 006e 00       		.byte	0
 711 006f 08       		.uleb128 0x8
 712 0070 05       		.uleb128 0x5
 713 0071 00       		.byte	0
 714 0072 03       		.uleb128 0x3
 715 0073 0E       		.uleb128 0xe
 716 0074 3A       		.uleb128 0x3a
 717 0075 0B       		.uleb128 0xb
 718 0076 3B       		.uleb128 0x3b
 719 0077 0B       		.uleb128 0xb
 720 0078 49       		.uleb128 0x49
 721 0079 13       		.uleb128 0x13
 722 007a 02       		.uleb128 0x2
 723 007b 17       		.uleb128 0x17
 724 007c 00       		.byte	0
 725 007d 00       		.byte	0
 726 007e 09       		.uleb128 0x9
 727 007f 2E       		.uleb128 0x2e
 728 0080 01       		.byte	0x1
 729 0081 3F       		.uleb128 0x3f
 730 0082 19       		.uleb128 0x19
 731 0083 03       		.uleb128 0x3
 732 0084 0E       		.uleb128 0xe
 733 0085 3A       		.uleb128 0x3a
 734 0086 0B       		.uleb128 0xb
 735 0087 3B       		.uleb128 0x3b
 736 0088 05       		.uleb128 0x5
 737 0089 27       		.uleb128 0x27
 738 008a 19       		.uleb128 0x19
 739 008b 11       		.uleb128 0x11
 740 008c 01       		.uleb128 0x1
 741 008d 12       		.uleb128 0x12
 742 008e 06       		.uleb128 0x6
 743 008f 40       		.uleb128 0x40
 744 0090 18       		.uleb128 0x18
 745 0091 9742     		.uleb128 0x2117
 746 0093 19       		.uleb128 0x19
 747 0094 01       		.uleb128 0x1
 748 0095 13       		.uleb128 0x13
 749 0096 00       		.byte	0
 750 0097 00       		.byte	0
 751 0098 0A       		.uleb128 0xa
 752 0099 05       		.uleb128 0x5
 753 009a 00       		.byte	0
 754 009b 03       		.uleb128 0x3
 755 009c 0E       		.uleb128 0xe
 756 009d 3A       		.uleb128 0x3a
 757 009e 0B       		.uleb128 0xb
 758 009f 3B       		.uleb128 0x3b
 759 00a0 05       		.uleb128 0x5
 760 00a1 49       		.uleb128 0x49
 761 00a2 13       		.uleb128 0x13
 762 00a3 02       		.uleb128 0x2
 763 00a4 18       		.uleb128 0x18
 764 00a5 00       		.byte	0
ARM GAS  C:\Users\214016~1\AppData\Local\Temp\cckcbhJk.s 			page 21


 765 00a6 00       		.byte	0
 766 00a7 0B       		.uleb128 0xb
 767 00a8 34       		.uleb128 0x34
 768 00a9 00       		.byte	0
 769 00aa 03       		.uleb128 0x3
 770 00ab 0E       		.uleb128 0xe
 771 00ac 3A       		.uleb128 0x3a
 772 00ad 0B       		.uleb128 0xb
 773 00ae 3B       		.uleb128 0x3b
 774 00af 05       		.uleb128 0x5
 775 00b0 49       		.uleb128 0x49
 776 00b1 13       		.uleb128 0x13
 777 00b2 02       		.uleb128 0x2
 778 00b3 17       		.uleb128 0x17
 779 00b4 00       		.byte	0
 780 00b5 00       		.byte	0
 781 00b6 0C       		.uleb128 0xc
 782 00b7 898201   		.uleb128 0x4109
 783 00ba 01       		.byte	0x1
 784 00bb 11       		.uleb128 0x11
 785 00bc 01       		.uleb128 0x1
 786 00bd 31       		.uleb128 0x31
 787 00be 13       		.uleb128 0x13
 788 00bf 01       		.uleb128 0x1
 789 00c0 13       		.uleb128 0x13
 790 00c1 00       		.byte	0
 791 00c2 00       		.byte	0
 792 00c3 0D       		.uleb128 0xd
 793 00c4 8A8201   		.uleb128 0x410a
 794 00c7 00       		.byte	0
 795 00c8 02       		.uleb128 0x2
 796 00c9 18       		.uleb128 0x18
 797 00ca 9142     		.uleb128 0x2111
 798 00cc 18       		.uleb128 0x18
 799 00cd 00       		.byte	0
 800 00ce 00       		.byte	0
 801 00cf 0E       		.uleb128 0xe
 802 00d0 898201   		.uleb128 0x4109
 803 00d3 00       		.byte	0
 804 00d4 11       		.uleb128 0x11
 805 00d5 01       		.uleb128 0x1
 806 00d6 31       		.uleb128 0x31
 807 00d7 13       		.uleb128 0x13
 808 00d8 00       		.byte	0
 809 00d9 00       		.byte	0
 810 00da 0F       		.uleb128 0xf
 811 00db 898201   		.uleb128 0x4109
 812 00de 01       		.byte	0x1
 813 00df 11       		.uleb128 0x11
 814 00e0 01       		.uleb128 0x1
 815 00e1 31       		.uleb128 0x31
 816 00e2 13       		.uleb128 0x13
 817 00e3 00       		.byte	0
 818 00e4 00       		.byte	0
 819 00e5 10       		.uleb128 0x10
 820 00e6 05       		.uleb128 0x5
 821 00e7 00       		.byte	0
ARM GAS  C:\Users\214016~1\AppData\Local\Temp\cckcbhJk.s 			page 22


 822 00e8 03       		.uleb128 0x3
 823 00e9 0E       		.uleb128 0xe
 824 00ea 3A       		.uleb128 0x3a
 825 00eb 0B       		.uleb128 0xb
 826 00ec 3B       		.uleb128 0x3b
 827 00ed 05       		.uleb128 0x5
 828 00ee 49       		.uleb128 0x49
 829 00ef 13       		.uleb128 0x13
 830 00f0 02       		.uleb128 0x2
 831 00f1 17       		.uleb128 0x17
 832 00f2 00       		.byte	0
 833 00f3 00       		.byte	0
 834 00f4 11       		.uleb128 0x11
 835 00f5 34       		.uleb128 0x34
 836 00f6 00       		.byte	0
 837 00f7 03       		.uleb128 0x3
 838 00f8 0E       		.uleb128 0xe
 839 00f9 3A       		.uleb128 0x3a
 840 00fa 0B       		.uleb128 0xb
 841 00fb 3B       		.uleb128 0x3b
 842 00fc 0B       		.uleb128 0xb
 843 00fd 49       		.uleb128 0x49
 844 00fe 13       		.uleb128 0x13
 845 00ff 3F       		.uleb128 0x3f
 846 0100 19       		.uleb128 0x19
 847 0101 02       		.uleb128 0x2
 848 0102 18       		.uleb128 0x18
 849 0103 00       		.byte	0
 850 0104 00       		.byte	0
 851 0105 00       		.byte	0
 852              		.section	.debug_loc,"",%progbits
 853              	.Ldebug_loc0:
 854              	.LLST0:
 855 0000 00000000 		.4byte	.LVL0
 856 0004 10000000 		.4byte	.LVL1
 857 0008 0100     		.2byte	0x1
 858 000a 50       		.byte	0x50
 859 000b 10000000 		.4byte	.LVL1
 860 000f 1C000000 		.4byte	.LFE4
 861 0013 0400     		.2byte	0x4
 862 0015 F3       		.byte	0xf3
 863 0016 01       		.uleb128 0x1
 864 0017 50       		.byte	0x50
 865 0018 9F       		.byte	0x9f
 866 0019 00000000 		.4byte	0
 867 001d 00000000 		.4byte	0
 868              	.LLST1:
 869 0021 0A000000 		.4byte	.LVL3
 870 0025 1A000000 		.4byte	.LVL5
 871 0029 0100     		.2byte	0x1
 872 002b 53       		.byte	0x53
 873 002c 00000000 		.4byte	0
 874 0030 00000000 		.4byte	0
 875              	.LLST2:
 876 0034 00000000 		.4byte	.LVL11
 877 0038 12000000 		.4byte	.LVL12
 878 003c 0100     		.2byte	0x1
ARM GAS  C:\Users\214016~1\AppData\Local\Temp\cckcbhJk.s 			page 23


 879 003e 50       		.byte	0x50
 880 003f 12000000 		.4byte	.LVL12
 881 0043 20000000 		.4byte	.LFE5
 882 0047 0400     		.2byte	0x4
 883 0049 F3       		.byte	0xf3
 884 004a 01       		.uleb128 0x1
 885 004b 50       		.byte	0x50
 886 004c 9F       		.byte	0x9f
 887 004d 00000000 		.4byte	0
 888 0051 00000000 		.4byte	0
 889              	.LLST3:
 890 0055 00000000 		.4byte	.LVL14
 891 0059 12000000 		.4byte	.LVL15
 892 005d 0100     		.2byte	0x1
 893 005f 50       		.byte	0x50
 894 0060 12000000 		.4byte	.LVL15
 895 0064 20000000 		.4byte	.LFE6
 896 0068 0400     		.2byte	0x4
 897 006a F3       		.byte	0xf3
 898 006b 01       		.uleb128 0x1
 899 006c 50       		.byte	0x50
 900 006d 9F       		.byte	0x9f
 901 006e 00000000 		.4byte	0
 902 0072 00000000 		.4byte	0
 903              		.section	.debug_aranges,"",%progbits
 904 0000 5C000000 		.4byte	0x5c
 905 0004 0200     		.2byte	0x2
 906 0006 00000000 		.4byte	.Ldebug_info0
 907 000a 04       		.byte	0x4
 908 000b 00       		.byte	0
 909 000c 0000     		.2byte	0
 910 000e 0000     		.2byte	0
 911 0010 00000000 		.4byte	.LFB1
 912 0014 1C000000 		.4byte	.LFE1-.LFB1
 913 0018 00000000 		.4byte	.LFB3
 914 001c 1C000000 		.4byte	.LFE3-.LFB3
 915 0020 00000000 		.4byte	.LFB4
 916 0024 1C000000 		.4byte	.LFE4-.LFB4
 917 0028 00000000 		.4byte	.LFB7
 918 002c 0C000000 		.4byte	.LFE7-.LFB7
 919 0030 00000000 		.4byte	.LFB8
 920 0034 34000000 		.4byte	.LFE8-.LFB8
 921 0038 00000000 		.4byte	.LFB0
 922 003c 2C000000 		.4byte	.LFE0-.LFB0
 923 0040 00000000 		.4byte	.LFB2
 924 0044 24000000 		.4byte	.LFE2-.LFB2
 925 0048 00000000 		.4byte	.LFB5
 926 004c 20000000 		.4byte	.LFE5-.LFB5
 927 0050 00000000 		.4byte	.LFB6
 928 0054 20000000 		.4byte	.LFE6-.LFB6
 929 0058 00000000 		.4byte	0
 930 005c 00000000 		.4byte	0
 931              		.section	.debug_ranges,"",%progbits
 932              	.Ldebug_ranges0:
 933 0000 00000000 		.4byte	.LFB1
 934 0004 1C000000 		.4byte	.LFE1
 935 0008 00000000 		.4byte	.LFB3
ARM GAS  C:\Users\214016~1\AppData\Local\Temp\cckcbhJk.s 			page 24


 936 000c 1C000000 		.4byte	.LFE3
 937 0010 00000000 		.4byte	.LFB4
 938 0014 1C000000 		.4byte	.LFE4
 939 0018 00000000 		.4byte	.LFB7
 940 001c 0C000000 		.4byte	.LFE7
 941 0020 00000000 		.4byte	.LFB8
 942 0024 34000000 		.4byte	.LFE8
 943 0028 00000000 		.4byte	.LFB0
 944 002c 2C000000 		.4byte	.LFE0
 945 0030 00000000 		.4byte	.LFB2
 946 0034 24000000 		.4byte	.LFE2
 947 0038 00000000 		.4byte	.LFB5
 948 003c 20000000 		.4byte	.LFE5
 949 0040 00000000 		.4byte	.LFB6
 950 0044 20000000 		.4byte	.LFE6
 951 0048 00000000 		.4byte	0
 952 004c 00000000 		.4byte	0
 953              		.section	.debug_line,"",%progbits
 954              	.Ldebug_line0:
 955 0000 00010000 		.section	.debug_str,"MS",%progbits,1
 955      02004D00 
 955      00000201 
 955      FB0E0D00 
 955      01010101 
 956              	.LASF14:
 957 0000 4F534331 		.ascii	"OSC1_IDAC8_SAW_Enable\000"
 957      5F494441 
 957      43385F53 
 957      41575F45 
 957      6E61626C 
 958              	.LASF2:
 959 0016 73686F72 		.ascii	"short int\000"
 959      7420696E 
 959      7400
 960              	.LASF30:
 961 0020 6D6F6465 		.ascii	"mode\000"
 961      00
 962              	.LASF19:
 963 0025 76616C75 		.ascii	"value\000"
 963      6500
 964              	.LASF25:
 965 002b 4F534331 		.ascii	"OSC1_IDAC8_SAW_SetRange\000"
 965      5F494441 
 965      43385F53 
 965      41575F53 
 965      65745261 
 966              	.LASF12:
 967 0043 75696E74 		.ascii	"uint8\000"
 967      3800
 968              	.LASF31:
 969 0049 4F534331 		.ascii	"OSC1_IDAC8_SAW_initVar\000"
 969      5F494441 
 969      43385F53 
 969      41575F69 
 969      6E697456 
 970              	.LASF9:
 971 0060 666C6F61 		.ascii	"float\000"
ARM GAS  C:\Users\214016~1\AppData\Local\Temp\cckcbhJk.s 			page 25


 971      7400
 972              	.LASF6:
 973 0066 6C6F6E67 		.ascii	"long long int\000"
 973      206C6F6E 
 973      6720696E 
 973      7400
 974              	.LASF21:
 975 0074 4F534331 		.ascii	"OSC1_IDAC8_SAW_Init\000"
 975      5F494441 
 975      43385F53 
 975      41575F49 
 975      6E697400 
 976              	.LASF22:
 977 0088 4F534331 		.ascii	"OSC1_IDAC8_SAW_Start\000"
 977      5F494441 
 977      43385F53 
 977      41575F53 
 977      74617274 
 978              	.LASF4:
 979 009d 6C6F6E67 		.ascii	"long int\000"
 979      20696E74 
 979      00
 980              	.LASF23:
 981 00a6 4F534331 		.ascii	"OSC1_IDAC8_SAW_SetPolarity\000"
 981      5F494441 
 981      43385F53 
 981      41575F53 
 981      6574506F 
 982              	.LASF20:
 983 00c1 4F534331 		.ascii	"OSC1_IDAC8_SAW_DacTrim\000"
 983      5F494441 
 983      43385F53 
 983      41575F44 
 983      61635472 
 984              	.LASF1:
 985 00d8 756E7369 		.ascii	"unsigned char\000"
 985      676E6564 
 985      20636861 
 985      7200
 986              	.LASF24:
 987 00e6 706F6C61 		.ascii	"polarity\000"
 987      72697479 
 987      00
 988              	.LASF0:
 989 00ef 7369676E 		.ascii	"signed char\000"
 989      65642063 
 989      68617200 
 990              	.LASF7:
 991 00fb 6C6F6E67 		.ascii	"long long unsigned int\000"
 991      206C6F6E 
 991      6720756E 
 991      7369676E 
 991      65642069 
 992              	.LASF8:
 993 0112 756E7369 		.ascii	"unsigned int\000"
 993      676E6564 
 993      20696E74 
ARM GAS  C:\Users\214016~1\AppData\Local\Temp\cckcbhJk.s 			page 26


 993      00
 994              	.LASF18:
 995 011f 73706565 		.ascii	"speed\000"
 995      6400
 996              	.LASF29:
 997 0125 433A5C55 		.ascii	"C:\\Users\\214016586\\Documents\\PSoC Creator\\Dual"
 997      73657273 
 997      5C323134 
 997      30313635 
 997      38365C44 
 998 0153 2D50536F 		.ascii	"-PSoC-DCO\\Dual-PSoC-DCO.cydsn\000"
 998      432D4443 
 998      4F5C4475 
 998      616C2D50 
 998      536F432D 
 999              	.LASF17:
 1000 0171 4F534331 		.ascii	"OSC1_IDAC8_SAW_SetValue\000"
 1000      5F494441 
 1000      43385F53 
 1000      41575F53 
 1000      65745661 
 1001              	.LASF11:
 1002 0189 63686172 		.ascii	"char\000"
 1002      00
 1003              	.LASF27:
 1004 018e 474E5520 		.ascii	"GNU C 4.9.3 20150303 (release) [ARM/embedded-4_9-br"
 1004      4320342E 
 1004      392E3320 
 1004      32303135 
 1004      30333033 
 1005 01c1 616E6368 		.ascii	"anch revision 221220] -mcpu=cortex-m3 -mthumb -g -O"
 1005      20726576 
 1005      6973696F 
 1005      6E203232 
 1005      31323230 
 1006 01f4 67202D66 		.ascii	"g -ffunction-sections -ffat-lto-objects\000"
 1006      66756E63 
 1006      74696F6E 
 1006      2D736563 
 1006      74696F6E 
 1007              	.LASF3:
 1008 021c 73686F72 		.ascii	"short unsigned int\000"
 1008      7420756E 
 1008      7369676E 
 1008      65642069 
 1008      6E7400
 1009              	.LASF28:
 1010 022f 2E5C4765 		.ascii	".\\Generated_Source\\PSoC5\\OSC1_IDAC8_SAW.c\000"
 1010      6E657261 
 1010      7465645F 
 1010      536F7572 
 1010      63655C50 
 1011              	.LASF13:
 1012 0259 72656738 		.ascii	"reg8\000"
 1012      00
 1013              	.LASF5:
 1014 025e 6C6F6E67 		.ascii	"long unsigned int\000"
ARM GAS  C:\Users\214016~1\AppData\Local\Temp\cckcbhJk.s 			page 27


 1014      20756E73 
 1014      69676E65 
 1014      6420696E 
 1014      7400
 1015              	.LASF10:
 1016 0270 646F7562 		.ascii	"double\000"
 1016      6C6500
 1017              	.LASF15:
 1018 0277 4F534331 		.ascii	"OSC1_IDAC8_SAW_Stop\000"
 1018      5F494441 
 1018      43385F53 
 1018      41575F53 
 1018      746F7000 
 1019              	.LASF26:
 1020 028b 72616E67 		.ascii	"range\000"
 1020      6500
 1021              	.LASF16:
 1022 0291 4F534331 		.ascii	"OSC1_IDAC8_SAW_SetSpeed\000"
 1022      5F494441 
 1022      43385F53 
 1022      41575F53 
 1022      65745370 
 1023              		.ident	"GCC: (GNU Tools for ARM Embedded Processors) 4.9.3 20150303 (release) [ARM/embedded-4_9-br
