ARM GAS  C:\Users\214016~1\AppData\Local\Temp\ccY2pdEA.s 			page 1


   1              		.syntax unified
   2              		.cpu cortex-m3
   3              		.fpu softvfp
   4              		.eabi_attribute 20, 1
   5              		.eabi_attribute 21, 1
   6              		.eabi_attribute 23, 3
   7              		.eabi_attribute 24, 1
   8              		.eabi_attribute 25, 1
   9              		.eabi_attribute 26, 1
  10              		.eabi_attribute 30, 1
  11              		.eabi_attribute 34, 1
  12              		.eabi_attribute 18, 4
  13              		.thumb
  14              		.file	"OSC1_Inverter.c"
  15              		.text
  16              	.Ltext0:
  17              		.cfi_sections	.debug_frame
  18              		.section	.text.OSC1_Inverter_Enable,"ax",%progbits
  19              		.align	2
  20              		.global	OSC1_Inverter_Enable
  21              		.thumb
  22              		.thumb_func
  23              		.type	OSC1_Inverter_Enable, %function
  24              	OSC1_Inverter_Enable:
  25              	.LFB1:
  26              		.file 1 ".\\Generated_Source\\PSoC5\\OSC1_Inverter.c"
   1:.\Generated_Source\PSoC5/OSC1_Inverter.c **** /*******************************************************************************
   2:.\Generated_Source\PSoC5/OSC1_Inverter.c **** * File Name: OSC1_Inverter.c
   3:.\Generated_Source\PSoC5/OSC1_Inverter.c **** * Version 2.0
   4:.\Generated_Source\PSoC5/OSC1_Inverter.c **** *
   5:.\Generated_Source\PSoC5/OSC1_Inverter.c **** * Description:
   6:.\Generated_Source\PSoC5/OSC1_Inverter.c **** *  This file provides the source code to the API for the inverting PGA 
   7:.\Generated_Source\PSoC5/OSC1_Inverter.c **** *  Component.
   8:.\Generated_Source\PSoC5/OSC1_Inverter.c **** *
   9:.\Generated_Source\PSoC5/OSC1_Inverter.c **** * Note:
  10:.\Generated_Source\PSoC5/OSC1_Inverter.c **** *  None
  11:.\Generated_Source\PSoC5/OSC1_Inverter.c **** *
  12:.\Generated_Source\PSoC5/OSC1_Inverter.c **** ********************************************************************************
  13:.\Generated_Source\PSoC5/OSC1_Inverter.c **** * Copyright 2008-2012, Cypress Semiconductor Corporation.  All rights reserved.
  14:.\Generated_Source\PSoC5/OSC1_Inverter.c **** * You may use this file only in accordance with the license, terms, conditions, 
  15:.\Generated_Source\PSoC5/OSC1_Inverter.c **** * disclaimers, and limitations in the end user license agreement accompanying 
  16:.\Generated_Source\PSoC5/OSC1_Inverter.c **** * the software package with which this file was provided.
  17:.\Generated_Source\PSoC5/OSC1_Inverter.c **** *******************************************************************************/
  18:.\Generated_Source\PSoC5/OSC1_Inverter.c **** 
  19:.\Generated_Source\PSoC5/OSC1_Inverter.c **** #include "OSC1_Inverter.h"
  20:.\Generated_Source\PSoC5/OSC1_Inverter.c **** 
  21:.\Generated_Source\PSoC5/OSC1_Inverter.c **** #if (!CY_PSOC5A)
  22:.\Generated_Source\PSoC5/OSC1_Inverter.c ****     #if (CYDEV_VARIABLE_VDDA == 1u)
  23:.\Generated_Source\PSoC5/OSC1_Inverter.c ****         #include "CyScBoostClk.h"
  24:.\Generated_Source\PSoC5/OSC1_Inverter.c ****     #endif /* (CYDEV_VARIABLE_VDDA == 1u) */
  25:.\Generated_Source\PSoC5/OSC1_Inverter.c **** #endif /* (!CY_PSOC5A) */
  26:.\Generated_Source\PSoC5/OSC1_Inverter.c **** 
  27:.\Generated_Source\PSoC5/OSC1_Inverter.c **** #if (CY_PSOC5A)
  28:.\Generated_Source\PSoC5/OSC1_Inverter.c ****     static OSC1_Inverter_BACKUP_STRUCT  OSC1_Inverter_P5backup;
  29:.\Generated_Source\PSoC5/OSC1_Inverter.c **** #endif /* (CY_PSOC5A) */
  30:.\Generated_Source\PSoC5/OSC1_Inverter.c **** 
  31:.\Generated_Source\PSoC5/OSC1_Inverter.c **** uint8 OSC1_Inverter_initVar = 0u;
ARM GAS  C:\Users\214016~1\AppData\Local\Temp\ccY2pdEA.s 			page 2


  32:.\Generated_Source\PSoC5/OSC1_Inverter.c **** 
  33:.\Generated_Source\PSoC5/OSC1_Inverter.c **** 
  34:.\Generated_Source\PSoC5/OSC1_Inverter.c **** 
  35:.\Generated_Source\PSoC5/OSC1_Inverter.c **** /*******************************************************************************   
  36:.\Generated_Source\PSoC5/OSC1_Inverter.c **** * Function Name: OSC1_Inverter_Init
  37:.\Generated_Source\PSoC5/OSC1_Inverter.c **** ********************************************************************************
  38:.\Generated_Source\PSoC5/OSC1_Inverter.c **** *
  39:.\Generated_Source\PSoC5/OSC1_Inverter.c **** * Summary:
  40:.\Generated_Source\PSoC5/OSC1_Inverter.c **** *  Initialize component's parameters to the parameters set by user in the 
  41:.\Generated_Source\PSoC5/OSC1_Inverter.c **** *  customizer of the component placed onto schematic. Usually called in 
  42:.\Generated_Source\PSoC5/OSC1_Inverter.c **** *  OSC1_Inverter_Start().
  43:.\Generated_Source\PSoC5/OSC1_Inverter.c **** *
  44:.\Generated_Source\PSoC5/OSC1_Inverter.c **** * Parameters:
  45:.\Generated_Source\PSoC5/OSC1_Inverter.c **** *  void
  46:.\Generated_Source\PSoC5/OSC1_Inverter.c **** *
  47:.\Generated_Source\PSoC5/OSC1_Inverter.c **** * Return:
  48:.\Generated_Source\PSoC5/OSC1_Inverter.c **** *  void
  49:.\Generated_Source\PSoC5/OSC1_Inverter.c **** *
  50:.\Generated_Source\PSoC5/OSC1_Inverter.c **** *******************************************************************************/
  51:.\Generated_Source\PSoC5/OSC1_Inverter.c **** void OSC1_Inverter_Init(void) 
  52:.\Generated_Source\PSoC5/OSC1_Inverter.c **** {
  53:.\Generated_Source\PSoC5/OSC1_Inverter.c ****     /* Set PGA mode */
  54:.\Generated_Source\PSoC5/OSC1_Inverter.c ****     OSC1_Inverter_CR0_REG = OSC1_Inverter_MODE_PGA;
  55:.\Generated_Source\PSoC5/OSC1_Inverter.c **** 
  56:.\Generated_Source\PSoC5/OSC1_Inverter.c ****     /* Set inverting PGA mode  and reference mode */
  57:.\Generated_Source\PSoC5/OSC1_Inverter.c ****     OSC1_Inverter_CR1_REG &= (uint8)(~OSC1_Inverter_PGA_INV);
  58:.\Generated_Source\PSoC5/OSC1_Inverter.c **** 
  59:.\Generated_Source\PSoC5/OSC1_Inverter.c ****     /* Set gain and compensation */
  60:.\Generated_Source\PSoC5/OSC1_Inverter.c ****     OSC1_Inverter_SetGain(OSC1_Inverter_DEFAULT_GAIN);
  61:.\Generated_Source\PSoC5/OSC1_Inverter.c **** 
  62:.\Generated_Source\PSoC5/OSC1_Inverter.c ****     /* Set power */
  63:.\Generated_Source\PSoC5/OSC1_Inverter.c ****     OSC1_Inverter_SetPower(OSC1_Inverter_DEFAULT_POWER);
  64:.\Generated_Source\PSoC5/OSC1_Inverter.c **** }
  65:.\Generated_Source\PSoC5/OSC1_Inverter.c **** 
  66:.\Generated_Source\PSoC5/OSC1_Inverter.c **** 
  67:.\Generated_Source\PSoC5/OSC1_Inverter.c **** /*******************************************************************************   
  68:.\Generated_Source\PSoC5/OSC1_Inverter.c **** * Function Name: OSC1_Inverter_Enable
  69:.\Generated_Source\PSoC5/OSC1_Inverter.c **** ********************************************************************************
  70:.\Generated_Source\PSoC5/OSC1_Inverter.c **** *
  71:.\Generated_Source\PSoC5/OSC1_Inverter.c **** * Summary:
  72:.\Generated_Source\PSoC5/OSC1_Inverter.c **** *  Enables the inverting PGA block operation
  73:.\Generated_Source\PSoC5/OSC1_Inverter.c **** *
  74:.\Generated_Source\PSoC5/OSC1_Inverter.c **** * Parameters:
  75:.\Generated_Source\PSoC5/OSC1_Inverter.c **** *  void
  76:.\Generated_Source\PSoC5/OSC1_Inverter.c **** *
  77:.\Generated_Source\PSoC5/OSC1_Inverter.c **** * Return:
  78:.\Generated_Source\PSoC5/OSC1_Inverter.c **** *  void
  79:.\Generated_Source\PSoC5/OSC1_Inverter.c **** *
  80:.\Generated_Source\PSoC5/OSC1_Inverter.c **** *******************************************************************************/
  81:.\Generated_Source\PSoC5/OSC1_Inverter.c **** void OSC1_Inverter_Enable(void) 
  82:.\Generated_Source\PSoC5/OSC1_Inverter.c **** {
  27              		.loc 1 82 0
  28              		.cfi_startproc
  29              		@ args = 0, pretend = 0, frame = 0
  30              		@ frame_needed = 0, uses_anonymous_args = 0
  31              		@ link register save eliminated.
  83:.\Generated_Source\PSoC5/OSC1_Inverter.c ****     /* This is to restore the value of register CR1 and CR2 which is saved 
ARM GAS  C:\Users\214016~1\AppData\Local\Temp\ccY2pdEA.s 			page 3


  84:.\Generated_Source\PSoC5/OSC1_Inverter.c ****       in prior to the modifications in stop() API */
  85:.\Generated_Source\PSoC5/OSC1_Inverter.c ****     #if (CY_PSOC5A)
  86:.\Generated_Source\PSoC5/OSC1_Inverter.c ****         if(OSC1_Inverter_P5backup.enableState == 1u)
  87:.\Generated_Source\PSoC5/OSC1_Inverter.c ****         {
  88:.\Generated_Source\PSoC5/OSC1_Inverter.c ****             OSC1_Inverter_CR1_REG = OSC1_Inverter_P5backup.scCR1Reg;
  89:.\Generated_Source\PSoC5/OSC1_Inverter.c ****             OSC1_Inverter_CR2_REG = OSC1_Inverter_P5backup.scCR2Reg;
  90:.\Generated_Source\PSoC5/OSC1_Inverter.c ****             OSC1_Inverter_P5backup.enableState = 0u;
  91:.\Generated_Source\PSoC5/OSC1_Inverter.c ****         }
  92:.\Generated_Source\PSoC5/OSC1_Inverter.c ****     #endif /* CY_PSOC5A */
  93:.\Generated_Source\PSoC5/OSC1_Inverter.c ****     
  94:.\Generated_Source\PSoC5/OSC1_Inverter.c ****     /* Enable power to the Amp in Active mode */
  95:.\Generated_Source\PSoC5/OSC1_Inverter.c ****     OSC1_Inverter_PM_ACT_CFG_REG |= OSC1_Inverter_ACT_PWR_EN;
  32              		.loc 1 95 0
  33 0000 084A     		ldr	r2, .L2
  34 0002 1378     		ldrb	r3, [r2]	@ zero_extendqisi2
  35 0004 43F00103 		orr	r3, r3, #1
  36 0008 1370     		strb	r3, [r2]
  96:.\Generated_Source\PSoC5/OSC1_Inverter.c **** 
  97:.\Generated_Source\PSoC5/OSC1_Inverter.c ****     /* Enable power to the Amp in Alternative active mode  */
  98:.\Generated_Source\PSoC5/OSC1_Inverter.c ****     OSC1_Inverter_PM_STBY_CFG_REG |= OSC1_Inverter_STBY_PWR_EN;
  37              		.loc 1 98 0
  38 000a 1032     		adds	r2, r2, #16
  39 000c 1378     		ldrb	r3, [r2]	@ zero_extendqisi2
  40 000e 43F00103 		orr	r3, r3, #1
  41 0012 1370     		strb	r3, [r2]
  99:.\Generated_Source\PSoC5/OSC1_Inverter.c ****     
 100:.\Generated_Source\PSoC5/OSC1_Inverter.c ****     OSC1_Inverter_PUMP_CR1_REG |= OSC1_Inverter_PUMP_CR1_SC_CLKSEL;
  42              		.loc 1 100 0
  43 0014 02F5A552 		add	r2, r2, #5280
  44 0018 1E32     		adds	r2, r2, #30
  45 001a 1378     		ldrb	r3, [r2]	@ zero_extendqisi2
  46 001c 43F08003 		orr	r3, r3, #128
  47 0020 1370     		strb	r3, [r2]
  48 0022 7047     		bx	lr
  49              	.L3:
  50              		.align	2
  51              	.L2:
  52 0024 A9430040 		.word	1073759145
  53              		.cfi_endproc
  54              	.LFE1:
  55              		.size	OSC1_Inverter_Enable, .-OSC1_Inverter_Enable
  56              		.section	.text.OSC1_Inverter_Stop,"ax",%progbits
  57              		.align	2
  58              		.global	OSC1_Inverter_Stop
  59              		.thumb
  60              		.thumb_func
  61              		.type	OSC1_Inverter_Stop, %function
  62              	OSC1_Inverter_Stop:
  63              	.LFB3:
 101:.\Generated_Source\PSoC5/OSC1_Inverter.c ****     
 102:.\Generated_Source\PSoC5/OSC1_Inverter.c ****     #if (!CY_PSOC5A)
 103:.\Generated_Source\PSoC5/OSC1_Inverter.c ****         #if (CYDEV_VARIABLE_VDDA == 1u)
 104:.\Generated_Source\PSoC5/OSC1_Inverter.c ****             if(CyScPumpEnabled == 1u)
 105:.\Generated_Source\PSoC5/OSC1_Inverter.c ****             {
 106:.\Generated_Source\PSoC5/OSC1_Inverter.c ****                 OSC1_Inverter_BSTCLK_REG &= (uint8)(~OSC1_Inverter_BST_CLK_INDEX_MASK);
 107:.\Generated_Source\PSoC5/OSC1_Inverter.c ****                 OSC1_Inverter_BSTCLK_REG |= OSC1_Inverter_BST_CLK_EN | CyScBoostClk__INDEX;
 108:.\Generated_Source\PSoC5/OSC1_Inverter.c ****                 OSC1_Inverter_SC_MISC_REG |= OSC1_Inverter_PUMP_FORCE;
ARM GAS  C:\Users\214016~1\AppData\Local\Temp\ccY2pdEA.s 			page 4


 109:.\Generated_Source\PSoC5/OSC1_Inverter.c ****                 CyScBoostClk_Start();
 110:.\Generated_Source\PSoC5/OSC1_Inverter.c ****             }
 111:.\Generated_Source\PSoC5/OSC1_Inverter.c ****             else
 112:.\Generated_Source\PSoC5/OSC1_Inverter.c ****             {
 113:.\Generated_Source\PSoC5/OSC1_Inverter.c ****                 OSC1_Inverter_BSTCLK_REG &= (uint8)(~OSC1_Inverter_BST_CLK_EN);
 114:.\Generated_Source\PSoC5/OSC1_Inverter.c ****                 OSC1_Inverter_SC_MISC_REG &= (uint8)(~OSC1_Inverter_PUMP_FORCE);
 115:.\Generated_Source\PSoC5/OSC1_Inverter.c ****             }
 116:.\Generated_Source\PSoC5/OSC1_Inverter.c ****         #endif /* (CYDEV_VARIABLE_VDDA == 1u) */
 117:.\Generated_Source\PSoC5/OSC1_Inverter.c ****     #endif /* (!CY_PSOC5A) */
 118:.\Generated_Source\PSoC5/OSC1_Inverter.c **** }
 119:.\Generated_Source\PSoC5/OSC1_Inverter.c **** 
 120:.\Generated_Source\PSoC5/OSC1_Inverter.c **** 
 121:.\Generated_Source\PSoC5/OSC1_Inverter.c **** /*******************************************************************************
 122:.\Generated_Source\PSoC5/OSC1_Inverter.c **** * Function Name: OSC1_Inverter_Start
 123:.\Generated_Source\PSoC5/OSC1_Inverter.c **** ********************************************************************************
 124:.\Generated_Source\PSoC5/OSC1_Inverter.c **** *
 125:.\Generated_Source\PSoC5/OSC1_Inverter.c **** * Summary:
 126:.\Generated_Source\PSoC5/OSC1_Inverter.c **** *  The start function initializes the inverting PGA with the default values,
 127:.\Generated_Source\PSoC5/OSC1_Inverter.c **** *  and sets the power to the given level.A power level of 0, is the same as
 128:.\Generated_Source\PSoC5/OSC1_Inverter.c **** *  executing the stop function.
 129:.\Generated_Source\PSoC5/OSC1_Inverter.c **** *
 130:.\Generated_Source\PSoC5/OSC1_Inverter.c **** * Parameters:
 131:.\Generated_Source\PSoC5/OSC1_Inverter.c **** *  void
 132:.\Generated_Source\PSoC5/OSC1_Inverter.c **** *
 133:.\Generated_Source\PSoC5/OSC1_Inverter.c **** * Return:
 134:.\Generated_Source\PSoC5/OSC1_Inverter.c **** *  void
 135:.\Generated_Source\PSoC5/OSC1_Inverter.c **** *
 136:.\Generated_Source\PSoC5/OSC1_Inverter.c **** * Theory:
 137:.\Generated_Source\PSoC5/OSC1_Inverter.c **** *  This function modifies the global variable OSC1_Inverter_initVar: which 
 138:.\Generated_Source\PSoC5/OSC1_Inverter.c **** *  defines where component's configuration are taken from the customizer 
 139:.\Generated_Source\PSoC5/OSC1_Inverter.c **** *  (equals 0) or parameters changed by API will be used instead (equals 1).
 140:.\Generated_Source\PSoC5/OSC1_Inverter.c **** *
 141:.\Generated_Source\PSoC5/OSC1_Inverter.c **** *******************************************************************************/
 142:.\Generated_Source\PSoC5/OSC1_Inverter.c **** void OSC1_Inverter_Start(void) 
 143:.\Generated_Source\PSoC5/OSC1_Inverter.c **** {
 144:.\Generated_Source\PSoC5/OSC1_Inverter.c **** 
 145:.\Generated_Source\PSoC5/OSC1_Inverter.c ****     if(OSC1_Inverter_initVar == 0u)
 146:.\Generated_Source\PSoC5/OSC1_Inverter.c ****     {
 147:.\Generated_Source\PSoC5/OSC1_Inverter.c ****         OSC1_Inverter_initVar = 1u;
 148:.\Generated_Source\PSoC5/OSC1_Inverter.c ****         OSC1_Inverter_Init();
 149:.\Generated_Source\PSoC5/OSC1_Inverter.c ****     }
 150:.\Generated_Source\PSoC5/OSC1_Inverter.c ****     
 151:.\Generated_Source\PSoC5/OSC1_Inverter.c ****     OSC1_Inverter_Enable();
 152:.\Generated_Source\PSoC5/OSC1_Inverter.c **** }
 153:.\Generated_Source\PSoC5/OSC1_Inverter.c **** 
 154:.\Generated_Source\PSoC5/OSC1_Inverter.c **** 
 155:.\Generated_Source\PSoC5/OSC1_Inverter.c **** /*******************************************************************************
 156:.\Generated_Source\PSoC5/OSC1_Inverter.c **** * Function Name: OSC1_Inverter_Stop
 157:.\Generated_Source\PSoC5/OSC1_Inverter.c **** ********************************************************************************
 158:.\Generated_Source\PSoC5/OSC1_Inverter.c **** *
 159:.\Generated_Source\PSoC5/OSC1_Inverter.c **** * Summary:
 160:.\Generated_Source\PSoC5/OSC1_Inverter.c **** *  Powers down amplifier to lowest power state.
 161:.\Generated_Source\PSoC5/OSC1_Inverter.c **** *
 162:.\Generated_Source\PSoC5/OSC1_Inverter.c **** * Parameters:
 163:.\Generated_Source\PSoC5/OSC1_Inverter.c **** *  void
 164:.\Generated_Source\PSoC5/OSC1_Inverter.c **** *
 165:.\Generated_Source\PSoC5/OSC1_Inverter.c **** * Return:
ARM GAS  C:\Users\214016~1\AppData\Local\Temp\ccY2pdEA.s 			page 5


 166:.\Generated_Source\PSoC5/OSC1_Inverter.c **** *  void 
 167:.\Generated_Source\PSoC5/OSC1_Inverter.c **** *
 168:.\Generated_Source\PSoC5/OSC1_Inverter.c **** *******************************************************************************/
 169:.\Generated_Source\PSoC5/OSC1_Inverter.c **** void OSC1_Inverter_Stop(void) 
 170:.\Generated_Source\PSoC5/OSC1_Inverter.c **** {
  64              		.loc 1 170 0
  65              		.cfi_startproc
  66              		@ args = 0, pretend = 0, frame = 0
  67              		@ frame_needed = 0, uses_anonymous_args = 0
  68              		@ link register save eliminated.
 171:.\Generated_Source\PSoC5/OSC1_Inverter.c ****     /* Disble power to the Amp in Active mode*/
 172:.\Generated_Source\PSoC5/OSC1_Inverter.c ****     OSC1_Inverter_PM_ACT_CFG_REG &= (uint8)(~OSC1_Inverter_ACT_PWR_EN);
  69              		.loc 1 172 0
  70 0000 054A     		ldr	r2, .L5
  71 0002 1378     		ldrb	r3, [r2]	@ zero_extendqisi2
  72 0004 03F0FE03 		and	r3, r3, #254
  73 0008 1370     		strb	r3, [r2]
 173:.\Generated_Source\PSoC5/OSC1_Inverter.c **** 
 174:.\Generated_Source\PSoC5/OSC1_Inverter.c ****     /* Disble power to the Amp in Alternative active mode*/
 175:.\Generated_Source\PSoC5/OSC1_Inverter.c ****     OSC1_Inverter_PM_STBY_CFG_REG &= (uint8)(~OSC1_Inverter_STBY_PWR_EN);
  74              		.loc 1 175 0
  75 000a 1032     		adds	r2, r2, #16
  76 000c 1378     		ldrb	r3, [r2]	@ zero_extendqisi2
  77 000e 03F0FE03 		and	r3, r3, #254
  78 0012 1370     		strb	r3, [r2]
  79 0014 7047     		bx	lr
  80              	.L6:
  81 0016 00BF     		.align	2
  82              	.L5:
  83 0018 A9430040 		.word	1073759145
  84              		.cfi_endproc
  85              	.LFE3:
  86              		.size	OSC1_Inverter_Stop, .-OSC1_Inverter_Stop
  87              		.section	.text.OSC1_Inverter_SetPower,"ax",%progbits
  88              		.align	2
  89              		.global	OSC1_Inverter_SetPower
  90              		.thumb
  91              		.thumb_func
  92              		.type	OSC1_Inverter_SetPower, %function
  93              	OSC1_Inverter_SetPower:
  94              	.LFB4:
 176:.\Generated_Source\PSoC5/OSC1_Inverter.c **** 
 177:.\Generated_Source\PSoC5/OSC1_Inverter.c ****     #if (!CY_PSOC5A)
 178:.\Generated_Source\PSoC5/OSC1_Inverter.c ****         #if (CYDEV_VARIABLE_VDDA == 1u)
 179:.\Generated_Source\PSoC5/OSC1_Inverter.c ****             OSC1_Inverter_BSTCLK_REG &= (uint8)(~OSC1_Inverter_BST_CLK_EN);
 180:.\Generated_Source\PSoC5/OSC1_Inverter.c ****             /* Disable pumps only if there aren't any SC block in use */
 181:.\Generated_Source\PSoC5/OSC1_Inverter.c ****             if ((OSC1_Inverter_PM_ACT_CFG_REG & OSC1_Inverter_PM_ACT_CFG_MASK) == 0u)
 182:.\Generated_Source\PSoC5/OSC1_Inverter.c ****             {
 183:.\Generated_Source\PSoC5/OSC1_Inverter.c ****                 OSC1_Inverter_SC_MISC_REG &= (uint8)(~OSC1_Inverter_PUMP_FORCE);
 184:.\Generated_Source\PSoC5/OSC1_Inverter.c ****                 OSC1_Inverter_PUMP_CR1_REG &= (uint8)(~OSC1_Inverter_PUMP_CR1_SC_CLKSEL);
 185:.\Generated_Source\PSoC5/OSC1_Inverter.c ****                 CyScBoostClk_Stop();
 186:.\Generated_Source\PSoC5/OSC1_Inverter.c ****             }
 187:.\Generated_Source\PSoC5/OSC1_Inverter.c ****         #endif /* CYDEV_VARIABLE_VDDA == 1u */
 188:.\Generated_Source\PSoC5/OSC1_Inverter.c ****     #endif /* (CY_PSOC3 || CY_PSOC5LP) */
 189:.\Generated_Source\PSoC5/OSC1_Inverter.c ****     
 190:.\Generated_Source\PSoC5/OSC1_Inverter.c ****     /* This sets PGA in zero current mode and output routes are valid */
 191:.\Generated_Source\PSoC5/OSC1_Inverter.c ****     #if (CY_PSOC5A)
ARM GAS  C:\Users\214016~1\AppData\Local\Temp\ccY2pdEA.s 			page 6


 192:.\Generated_Source\PSoC5/OSC1_Inverter.c ****         OSC1_Inverter_P5backup.scCR1Reg = OSC1_Inverter_CR1_REG;
 193:.\Generated_Source\PSoC5/OSC1_Inverter.c ****         OSC1_Inverter_P5backup.scCR2Reg = OSC1_Inverter_CR2_REG;
 194:.\Generated_Source\PSoC5/OSC1_Inverter.c ****         OSC1_Inverter_CR1_REG = 0x00u;
 195:.\Generated_Source\PSoC5/OSC1_Inverter.c ****         OSC1_Inverter_CR2_REG = 0x00u;
 196:.\Generated_Source\PSoC5/OSC1_Inverter.c ****         OSC1_Inverter_P5backup.enableState = 1u;
 197:.\Generated_Source\PSoC5/OSC1_Inverter.c ****     #endif /* CY_PSOC5A */
 198:.\Generated_Source\PSoC5/OSC1_Inverter.c **** }
 199:.\Generated_Source\PSoC5/OSC1_Inverter.c **** 
 200:.\Generated_Source\PSoC5/OSC1_Inverter.c **** 
 201:.\Generated_Source\PSoC5/OSC1_Inverter.c **** /*******************************************************************************
 202:.\Generated_Source\PSoC5/OSC1_Inverter.c **** * Function Name: OSC1_Inverter_SetPower
 203:.\Generated_Source\PSoC5/OSC1_Inverter.c **** ********************************************************************************
 204:.\Generated_Source\PSoC5/OSC1_Inverter.c **** *
 205:.\Generated_Source\PSoC5/OSC1_Inverter.c **** * Summary:
 206:.\Generated_Source\PSoC5/OSC1_Inverter.c **** *  Set the power of the inverting PGA
 207:.\Generated_Source\PSoC5/OSC1_Inverter.c **** *
 208:.\Generated_Source\PSoC5/OSC1_Inverter.c **** * Parameters:
 209:.\Generated_Source\PSoC5/OSC1_Inverter.c **** *  power:  Sets power level between (0) and (3) high power
 210:.\Generated_Source\PSoC5/OSC1_Inverter.c **** *
 211:.\Generated_Source\PSoC5/OSC1_Inverter.c **** * Return:
 212:.\Generated_Source\PSoC5/OSC1_Inverter.c **** *  void 
 213:.\Generated_Source\PSoC5/OSC1_Inverter.c **** *
 214:.\Generated_Source\PSoC5/OSC1_Inverter.c **** *******************************************************************************/
 215:.\Generated_Source\PSoC5/OSC1_Inverter.c **** void OSC1_Inverter_SetPower(uint8 power) 
 216:.\Generated_Source\PSoC5/OSC1_Inverter.c **** {
  95              		.loc 1 216 0
  96              		.cfi_startproc
  97              		@ args = 0, pretend = 0, frame = 0
  98              		@ frame_needed = 0, uses_anonymous_args = 0
  99              		@ link register save eliminated.
 100              	.LVL0:
 217:.\Generated_Source\PSoC5/OSC1_Inverter.c ****     uint8 tmpCR;
 218:.\Generated_Source\PSoC5/OSC1_Inverter.c **** 
 219:.\Generated_Source\PSoC5/OSC1_Inverter.c ****     tmpCR = OSC1_Inverter_CR1_REG & (uint8)(~OSC1_Inverter_DRIVE_MASK);
 101              		.loc 1 219 0
 102 0000 044A     		ldr	r2, .L8
 103 0002 1378     		ldrb	r3, [r2]	@ zero_extendqisi2
 104 0004 03F0FC03 		and	r3, r3, #252
 105              	.LVL1:
 220:.\Generated_Source\PSoC5/OSC1_Inverter.c ****     tmpCR |= (power & OSC1_Inverter_DRIVE_MASK);
 106              		.loc 1 220 0
 107 0008 00F00300 		and	r0, r0, #3
 108              	.LVL2:
 109 000c 1843     		orrs	r0, r0, r3
 110              	.LVL3:
 221:.\Generated_Source\PSoC5/OSC1_Inverter.c ****     OSC1_Inverter_CR1_REG = tmpCR;
 111              		.loc 1 221 0
 112 000e 1070     		strb	r0, [r2]
 113 0010 7047     		bx	lr
 114              	.L9:
 115 0012 00BF     		.align	2
 116              	.L8:
 117 0014 01580040 		.word	1073764353
 118              		.cfi_endproc
 119              	.LFE4:
 120              		.size	OSC1_Inverter_SetPower, .-OSC1_Inverter_SetPower
 121              		.section	.text.OSC1_Inverter_SetGain,"ax",%progbits
ARM GAS  C:\Users\214016~1\AppData\Local\Temp\ccY2pdEA.s 			page 7


 122              		.align	2
 123              		.global	OSC1_Inverter_SetGain
 124              		.thumb
 125              		.thumb_func
 126              		.type	OSC1_Inverter_SetGain, %function
 127              	OSC1_Inverter_SetGain:
 128              	.LFB5:
 222:.\Generated_Source\PSoC5/OSC1_Inverter.c **** }
 223:.\Generated_Source\PSoC5/OSC1_Inverter.c **** 
 224:.\Generated_Source\PSoC5/OSC1_Inverter.c **** 
 225:.\Generated_Source\PSoC5/OSC1_Inverter.c **** /*******************************************************************************
 226:.\Generated_Source\PSoC5/OSC1_Inverter.c **** * Function Name: OSC1_Inverter_SetGain
 227:.\Generated_Source\PSoC5/OSC1_Inverter.c **** ********************************************************************************
 228:.\Generated_Source\PSoC5/OSC1_Inverter.c **** *
 229:.\Generated_Source\PSoC5/OSC1_Inverter.c **** * Summary:
 230:.\Generated_Source\PSoC5/OSC1_Inverter.c **** *  This function sets values of the input and feedback resistors to set a 
 231:.\Generated_Source\PSoC5/OSC1_Inverter.c **** *  specific gain of the amplifier.
 232:.\Generated_Source\PSoC5/OSC1_Inverter.c **** *
 233:.\Generated_Source\PSoC5/OSC1_Inverter.c **** * Parameters:
 234:.\Generated_Source\PSoC5/OSC1_Inverter.c **** *  gain: Sets gain of amplifier.
 235:.\Generated_Source\PSoC5/OSC1_Inverter.c **** *
 236:.\Generated_Source\PSoC5/OSC1_Inverter.c **** * Return:
 237:.\Generated_Source\PSoC5/OSC1_Inverter.c **** *  void
 238:.\Generated_Source\PSoC5/OSC1_Inverter.c **** *
 239:.\Generated_Source\PSoC5/OSC1_Inverter.c **** *******************************************************************************/
 240:.\Generated_Source\PSoC5/OSC1_Inverter.c **** void OSC1_Inverter_SetGain(uint8 gain) 
 241:.\Generated_Source\PSoC5/OSC1_Inverter.c **** {
 129              		.loc 1 241 0
 130              		.cfi_startproc
 131              		@ args = 0, pretend = 0, frame = 24
 132              		@ frame_needed = 0, uses_anonymous_args = 0
 133              		@ link register save eliminated.
 134              	.LVL4:
 135 0000 10B4     		push	{r4}
 136              		.cfi_def_cfa_offset 4
 137              		.cfi_offset 4, -4
 138 0002 87B0     		sub	sp, sp, #28
 139              		.cfi_def_cfa_offset 32
 140 0004 0446     		mov	r4, r0
 242:.\Generated_Source\PSoC5/OSC1_Inverter.c ****     /* Constant array for gain settings */
 243:.\Generated_Source\PSoC5/OSC1_Inverter.c ****     const uint8 OSC1_Inverter_GainArray[9] = { 
 141              		.loc 1 243 0
 142 0006 194B     		ldr	r3, .L13
 143 0008 03AA     		add	r2, sp, #12
 144 000a 1868     		ldr	r0, [r3]	@ unaligned
 145              	.LVL5:
 146 000c 5968     		ldr	r1, [r3, #4]	@ unaligned
 147 000e 03C2     		stmia	r2!, {r0, r1}
 148 0010 197A     		ldrb	r1, [r3, #8]	@ zero_extendqisi2
 149 0012 1170     		strb	r1, [r2]
 244:.\Generated_Source\PSoC5/OSC1_Inverter.c ****         (OSC1_Inverter_PGA_INV_GAIN_01 | OSC1_Inverter_BIAS_LOW), /* G=-1  */
 245:.\Generated_Source\PSoC5/OSC1_Inverter.c ****         (OSC1_Inverter_PGA_INV_GAIN_03 | OSC1_Inverter_BIAS_LOW), /* G=-3  */
 246:.\Generated_Source\PSoC5/OSC1_Inverter.c ****         (OSC1_Inverter_PGA_INV_GAIN_07 | OSC1_Inverter_BIAS_LOW), /* G=-7  */
 247:.\Generated_Source\PSoC5/OSC1_Inverter.c ****         (OSC1_Inverter_PGA_INV_GAIN_15 | OSC1_Inverter_BIAS_LOW), /* G=-15 */
 248:.\Generated_Source\PSoC5/OSC1_Inverter.c ****         (OSC1_Inverter_PGA_INV_GAIN_22 | OSC1_Inverter_BIAS_LOW), /* G=-22 */
 249:.\Generated_Source\PSoC5/OSC1_Inverter.c ****         (OSC1_Inverter_PGA_INV_GAIN_24 | OSC1_Inverter_BIAS_LOW), /* G=-24 */
 250:.\Generated_Source\PSoC5/OSC1_Inverter.c ****         (OSC1_Inverter_PGA_INV_GAIN_31 | OSC1_Inverter_BIAS_LOW), /* G=-31 */
ARM GAS  C:\Users\214016~1\AppData\Local\Temp\ccY2pdEA.s 			page 8


 251:.\Generated_Source\PSoC5/OSC1_Inverter.c ****         (OSC1_Inverter_PGA_INV_GAIN_47 | OSC1_Inverter_BIAS_LOW), /* G=-47 */
 252:.\Generated_Source\PSoC5/OSC1_Inverter.c ****         (OSC1_Inverter_PGA_INV_GAIN_49 | OSC1_Inverter_BIAS_LOW)  /* G=-49 */
 253:.\Generated_Source\PSoC5/OSC1_Inverter.c ****     };
 254:.\Generated_Source\PSoC5/OSC1_Inverter.c **** 
 255:.\Generated_Source\PSoC5/OSC1_Inverter.c ****     /* Constant array for gain compenstion settings */
 256:.\Generated_Source\PSoC5/OSC1_Inverter.c ****     const uint8 OSC1_Inverter_GainComp[9] = { 
 150              		.loc 1 256 0
 151 0014 6A46     		mov	r2, sp
 152 0016 53F80C0F 		ldr	r0, [r3, #12]!	@ unaligned
 153 001a 5968     		ldr	r1, [r3, #4]	@ unaligned
 154 001c 03C2     		stmia	r2!, {r0, r1}
 155 001e 1B7A     		ldrb	r3, [r3, #8]	@ zero_extendqisi2
 156 0020 1370     		strb	r3, [r2]
 257:.\Generated_Source\PSoC5/OSC1_Inverter.c ****         ( OSC1_Inverter_COMP_4P35PF  | (uint8)( OSC1_Inverter_REDC_00 >> 2 )), /* G=-1  */
 258:.\Generated_Source\PSoC5/OSC1_Inverter.c ****         ( OSC1_Inverter_COMP_4P35PF  | (uint8)( OSC1_Inverter_REDC_01 >> 2 )), /* G=-3  */
 259:.\Generated_Source\PSoC5/OSC1_Inverter.c ****         ( OSC1_Inverter_COMP_3P0PF   | (uint8)( OSC1_Inverter_REDC_01 >> 2 )), /* G=-7  */
 260:.\Generated_Source\PSoC5/OSC1_Inverter.c ****         ( OSC1_Inverter_COMP_3P0PF   | (uint8)( OSC1_Inverter_REDC_01 >> 2 )), /* G=-15 */
 261:.\Generated_Source\PSoC5/OSC1_Inverter.c ****         ( OSC1_Inverter_COMP_3P6PF   | (uint8)( OSC1_Inverter_REDC_01 >> 2 )), /* G=-22 */
 262:.\Generated_Source\PSoC5/OSC1_Inverter.c ****         ( OSC1_Inverter_COMP_3P0PF   | (uint8)( OSC1_Inverter_REDC_10 >> 2 )), /* G=-24 */
 263:.\Generated_Source\PSoC5/OSC1_Inverter.c ****         ( OSC1_Inverter_COMP_3P6PF   | (uint8)( OSC1_Inverter_REDC_11 >> 2 )), /* G=-31 */
 264:.\Generated_Source\PSoC5/OSC1_Inverter.c ****         ( OSC1_Inverter_COMP_3P6PF   | (uint8)( OSC1_Inverter_REDC_00 >> 2 )), /* G=-47 */
 265:.\Generated_Source\PSoC5/OSC1_Inverter.c ****         ( OSC1_Inverter_COMP_3P6PF   | (uint8)( OSC1_Inverter_REDC_00 >> 2 ))  /* G=-49 */
 266:.\Generated_Source\PSoC5/OSC1_Inverter.c ****     };
 267:.\Generated_Source\PSoC5/OSC1_Inverter.c ****     
 268:.\Generated_Source\PSoC5/OSC1_Inverter.c ****     
 269:.\Generated_Source\PSoC5/OSC1_Inverter.c ****     /* Only set new gain if it is a valid gain */
 270:.\Generated_Source\PSoC5/OSC1_Inverter.c ****     if( gain <= OSC1_Inverter_GAIN_MAX)
 157              		.loc 1 270 0
 158 0022 082C     		cmp	r4, #8
 159 0024 1ED8     		bhi	.L10
 271:.\Generated_Source\PSoC5/OSC1_Inverter.c ****     {
 272:.\Generated_Source\PSoC5/OSC1_Inverter.c ****         /* Clear resistors, redc, and bias */
 273:.\Generated_Source\PSoC5/OSC1_Inverter.c ****         OSC1_Inverter_CR2_REG &= (uint8)(~(OSC1_Inverter_RVAL_MASK | OSC1_Inverter_R20_40B_MASK | 
 160              		.loc 1 273 0
 161 0026 1249     		ldr	r1, .L13+4
 162 0028 0B78     		ldrb	r3, [r1]	@ zero_extendqisi2
 163 002a 03F08003 		and	r3, r3, #128
 164 002e DBB2     		uxtb	r3, r3
 165 0030 0B70     		strb	r3, [r1]
 274:.\Generated_Source\PSoC5/OSC1_Inverter.c ****                                       OSC1_Inverter_REDC_MASK | OSC1_Inverter_BIAS_MASK ));
 275:.\Generated_Source\PSoC5/OSC1_Inverter.c **** 
 276:.\Generated_Source\PSoC5/OSC1_Inverter.c ****         /* Set gain value resistors, redc comp, and bias */
 277:.\Generated_Source\PSoC5/OSC1_Inverter.c ****         OSC1_Inverter_CR2_REG |= (OSC1_Inverter_GainArray[gain] |
 166              		.loc 1 277 0
 167 0032 0878     		ldrb	r0, [r1]	@ zero_extendqisi2
 168 0034 06AB     		add	r3, sp, #24
 169 0036 1C44     		add	r4, r4, r3
 170 0038 14F80C3C 		ldrb	r3, [r4, #-12]	@ zero_extendqisi2
 278:.\Generated_Source\PSoC5/OSC1_Inverter.c ****                                 ( (uint8)(OSC1_Inverter_GainComp[gain] << 2 ) & OSC1_Inverter_REDC_
 171              		.loc 1 278 0
 172 003c 14F8182C 		ldrb	r2, [r4, #-24]	@ zero_extendqisi2
 173 0040 9200     		lsls	r2, r2, #2
 277:.\Generated_Source\PSoC5/OSC1_Inverter.c ****                                 ( (uint8)(OSC1_Inverter_GainComp[gain] << 2 ) & OSC1_Inverter_REDC_
 174              		.loc 1 277 0
 175 0042 02F00C02 		and	r2, r2, #12
 176 0046 1343     		orrs	r3, r3, r2
 177 0048 0343     		orrs	r3, r3, r0
ARM GAS  C:\Users\214016~1\AppData\Local\Temp\ccY2pdEA.s 			page 9


 178 004a 0B70     		strb	r3, [r1]
 279:.\Generated_Source\PSoC5/OSC1_Inverter.c **** 
 280:.\Generated_Source\PSoC5/OSC1_Inverter.c ****         /* Clear sc_comp  */
 281:.\Generated_Source\PSoC5/OSC1_Inverter.c ****         OSC1_Inverter_CR1_REG &= (uint8)(~OSC1_Inverter_COMP_MASK);
 179              		.loc 1 281 0
 180 004c 094A     		ldr	r2, .L13+8
 181 004e 1378     		ldrb	r3, [r2]	@ zero_extendqisi2
 182 0050 03F0F303 		and	r3, r3, #243
 183 0054 1370     		strb	r3, [r2]
 282:.\Generated_Source\PSoC5/OSC1_Inverter.c **** 
 283:.\Generated_Source\PSoC5/OSC1_Inverter.c ****         /* Set sc_comp  */
 284:.\Generated_Source\PSoC5/OSC1_Inverter.c ****         OSC1_Inverter_CR1_REG |= ( OSC1_Inverter_GainComp[gain] | OSC1_Inverter_COMP_MASK );
 184              		.loc 1 284 0
 185 0056 1178     		ldrb	r1, [r2]	@ zero_extendqisi2
 186 0058 14F8183C 		ldrb	r3, [r4, #-24]	@ zero_extendqisi2
 187 005c 0B43     		orrs	r3, r3, r1
 188 005e 43F00C03 		orr	r3, r3, #12
 189 0062 1370     		strb	r3, [r2]
 190              	.L10:
 285:.\Generated_Source\PSoC5/OSC1_Inverter.c ****     }
 286:.\Generated_Source\PSoC5/OSC1_Inverter.c **** }
 191              		.loc 1 286 0
 192 0064 07B0     		add	sp, sp, #28
 193              		.cfi_def_cfa_offset 4
 194              		@ sp needed
 195 0066 5DF8044B 		ldr	r4, [sp], #4
 196              		.cfi_restore 4
 197              		.cfi_def_cfa_offset 0
 198 006a 7047     		bx	lr
 199              	.L14:
 200              		.align	2
 201              	.L13:
 202 006c 00000000 		.word	.LANCHOR0
 203 0070 02580040 		.word	1073764354
 204 0074 01580040 		.word	1073764353
 205              		.cfi_endproc
 206              	.LFE5:
 207              		.size	OSC1_Inverter_SetGain, .-OSC1_Inverter_SetGain
 208              		.section	.text.OSC1_Inverter_Init,"ax",%progbits
 209              		.align	2
 210              		.global	OSC1_Inverter_Init
 211              		.thumb
 212              		.thumb_func
 213              		.type	OSC1_Inverter_Init, %function
 214              	OSC1_Inverter_Init:
 215              	.LFB0:
  52:.\Generated_Source\PSoC5/OSC1_Inverter.c ****     /* Set PGA mode */
 216              		.loc 1 52 0
 217              		.cfi_startproc
 218              		@ args = 0, pretend = 0, frame = 0
 219              		@ frame_needed = 0, uses_anonymous_args = 0
 220 0000 08B5     		push	{r3, lr}
 221              		.cfi_def_cfa_offset 8
 222              		.cfi_offset 3, -8
 223              		.cfi_offset 14, -4
  54:.\Generated_Source\PSoC5/OSC1_Inverter.c **** 
 224              		.loc 1 54 0
ARM GAS  C:\Users\214016~1\AppData\Local\Temp\ccY2pdEA.s 			page 10


 225 0002 0C22     		movs	r2, #12
 226 0004 064B     		ldr	r3, .L17
 227 0006 1A70     		strb	r2, [r3]
  57:.\Generated_Source\PSoC5/OSC1_Inverter.c **** 
 228              		.loc 1 57 0
 229 0008 064A     		ldr	r2, .L17+4
 230 000a 1378     		ldrb	r3, [r2]	@ zero_extendqisi2
 231 000c DBB2     		uxtb	r3, r3
 232 000e 1370     		strb	r3, [r2]
  60:.\Generated_Source\PSoC5/OSC1_Inverter.c **** 
 233              		.loc 1 60 0
 234 0010 0020     		movs	r0, #0
 235 0012 FFF7FEFF 		bl	OSC1_Inverter_SetGain
 236              	.LVL6:
  63:.\Generated_Source\PSoC5/OSC1_Inverter.c **** }
 237              		.loc 1 63 0
 238 0016 0120     		movs	r0, #1
 239 0018 FFF7FEFF 		bl	OSC1_Inverter_SetPower
 240              	.LVL7:
 241 001c 08BD     		pop	{r3, pc}
 242              	.L18:
 243 001e 00BF     		.align	2
 244              	.L17:
 245 0020 00580040 		.word	1073764352
 246 0024 01580040 		.word	1073764353
 247              		.cfi_endproc
 248              	.LFE0:
 249              		.size	OSC1_Inverter_Init, .-OSC1_Inverter_Init
 250              		.section	.text.OSC1_Inverter_Start,"ax",%progbits
 251              		.align	2
 252              		.global	OSC1_Inverter_Start
 253              		.thumb
 254              		.thumb_func
 255              		.type	OSC1_Inverter_Start, %function
 256              	OSC1_Inverter_Start:
 257              	.LFB2:
 143:.\Generated_Source\PSoC5/OSC1_Inverter.c **** 
 258              		.loc 1 143 0
 259              		.cfi_startproc
 260              		@ args = 0, pretend = 0, frame = 0
 261              		@ frame_needed = 0, uses_anonymous_args = 0
 262 0000 08B5     		push	{r3, lr}
 263              		.cfi_def_cfa_offset 8
 264              		.cfi_offset 3, -8
 265              		.cfi_offset 14, -4
 145:.\Generated_Source\PSoC5/OSC1_Inverter.c ****     {
 266              		.loc 1 145 0
 267 0002 054B     		ldr	r3, .L22
 268 0004 1B78     		ldrb	r3, [r3]	@ zero_extendqisi2
 269 0006 23B9     		cbnz	r3, .L20
 147:.\Generated_Source\PSoC5/OSC1_Inverter.c ****         OSC1_Inverter_Init();
 270              		.loc 1 147 0
 271 0008 0122     		movs	r2, #1
 272 000a 034B     		ldr	r3, .L22
 273 000c 1A70     		strb	r2, [r3]
 148:.\Generated_Source\PSoC5/OSC1_Inverter.c ****     }
 274              		.loc 1 148 0
ARM GAS  C:\Users\214016~1\AppData\Local\Temp\ccY2pdEA.s 			page 11


 275 000e FFF7FEFF 		bl	OSC1_Inverter_Init
 276              	.LVL8:
 277              	.L20:
 151:.\Generated_Source\PSoC5/OSC1_Inverter.c **** }
 278              		.loc 1 151 0
 279 0012 FFF7FEFF 		bl	OSC1_Inverter_Enable
 280              	.LVL9:
 281 0016 08BD     		pop	{r3, pc}
 282              	.L23:
 283              		.align	2
 284              	.L22:
 285 0018 00000000 		.word	.LANCHOR1
 286              		.cfi_endproc
 287              	.LFE2:
 288              		.size	OSC1_Inverter_Start, .-OSC1_Inverter_Start
 289              		.global	OSC1_Inverter_initVar
 290              		.section	.rodata
 291              		.align	2
 292              		.set	.LANCHOR0,. + 0
 293              	.LC0:
 294 0000 11       		.byte	17
 295 0001 21       		.byte	33
 296 0002 31       		.byte	49
 297 0003 41       		.byte	65
 298 0004 51       		.byte	81
 299 0005 71       		.byte	113
 300 0006 53       		.byte	83
 301 0007 63       		.byte	99
 302 0008 73       		.byte	115
 303 0009 000000   		.space	3
 304              	.LC1:
 305 000c 08       		.byte	8
 306 000d 09       		.byte	9
 307 000e 01       		.byte	1
 308 000f 01       		.byte	1
 309 0010 05       		.byte	5
 310 0011 02       		.byte	2
 311 0012 07       		.byte	7
 312 0013 04       		.byte	4
 313 0014 04       		.byte	4
 314 0015 000000   		.bss
 315              		.set	.LANCHOR1,. + 0
 316              		.type	OSC1_Inverter_initVar, %object
 317              		.size	OSC1_Inverter_initVar, 1
 318              	OSC1_Inverter_initVar:
 319 0000 00       		.space	1
 320              		.text
 321              	.Letext0:
 322              		.file 2 ".\\Generated_Source\\PSoC5\\cytypes.h"
 323              		.section	.debug_info,"",%progbits
 324              	.Ldebug_info0:
 325 0000 C4010000 		.4byte	0x1c4
 326 0004 0400     		.2byte	0x4
 327 0006 00000000 		.4byte	.Ldebug_abbrev0
 328 000a 04       		.byte	0x4
 329 000b 01       		.uleb128 0x1
 330 000c 4D010000 		.4byte	.LASF26
ARM GAS  C:\Users\214016~1\AppData\Local\Temp\ccY2pdEA.s 			page 12


 331 0010 01       		.byte	0x1
 332 0011 16000000 		.4byte	.LASF27
 333 0015 9F000000 		.4byte	.LASF28
 334 0019 00000000 		.4byte	.Ldebug_ranges0+0
 335 001d 00000000 		.4byte	0
 336 0021 00000000 		.4byte	.Ldebug_line0
 337 0025 02       		.uleb128 0x2
 338 0026 01       		.byte	0x1
 339 0027 06       		.byte	0x6
 340 0028 4C020000 		.4byte	.LASF0
 341 002c 02       		.uleb128 0x2
 342 002d 01       		.byte	0x1
 343 002e 08       		.byte	0x8
 344 002f 38010000 		.4byte	.LASF1
 345 0033 02       		.uleb128 0x2
 346 0034 02       		.byte	0x2
 347 0035 05       		.byte	0x5
 348 0036 39020000 		.4byte	.LASF2
 349 003a 02       		.uleb128 0x2
 350 003b 02       		.byte	0x2
 351 003c 07       		.byte	0x7
 352 003d 5C000000 		.4byte	.LASF3
 353 0041 02       		.uleb128 0x2
 354 0042 04       		.byte	0x4
 355 0043 05       		.byte	0x5
 356 0044 43020000 		.4byte	.LASF4
 357 0048 02       		.uleb128 0x2
 358 0049 04       		.byte	0x4
 359 004a 07       		.byte	0x7
 360 004b F5000000 		.4byte	.LASF5
 361 004f 02       		.uleb128 0x2
 362 0050 08       		.byte	0x8
 363 0051 05       		.byte	0x5
 364 0052 26020000 		.4byte	.LASF6
 365 0056 02       		.uleb128 0x2
 366 0057 08       		.byte	0x8
 367 0058 07       		.byte	0x7
 368 0059 E8010000 		.4byte	.LASF7
 369 005d 03       		.uleb128 0x3
 370 005e 04       		.byte	0x4
 371 005f 05       		.byte	0x5
 372 0060 696E7400 		.ascii	"int\000"
 373 0064 02       		.uleb128 0x2
 374 0065 04       		.byte	0x4
 375 0066 07       		.byte	0x7
 376 0067 DB010000 		.4byte	.LASF8
 377 006b 04       		.uleb128 0x4
 378 006c 07010000 		.4byte	.LASF12
 379 0070 02       		.byte	0x2
 380 0071 3801     		.2byte	0x138
 381 0073 2C000000 		.4byte	0x2c
 382 0077 02       		.uleb128 0x2
 383 0078 04       		.byte	0x4
 384 0079 04       		.byte	0x4
 385 007a D7000000 		.4byte	.LASF9
 386 007e 02       		.uleb128 0x2
 387 007f 08       		.byte	0x8
ARM GAS  C:\Users\214016~1\AppData\Local\Temp\ccY2pdEA.s 			page 13


 388 0080 04       		.byte	0x4
 389 0081 46010000 		.4byte	.LASF10
 390 0085 02       		.uleb128 0x2
 391 0086 01       		.byte	0x1
 392 0087 08       		.byte	0x8
 393 0088 34020000 		.4byte	.LASF11
 394 008c 04       		.uleb128 0x4
 395 008d F0000000 		.4byte	.LASF13
 396 0091 02       		.byte	0x2
 397 0092 E201     		.2byte	0x1e2
 398 0094 98000000 		.4byte	0x98
 399 0098 05       		.uleb128 0x5
 400 0099 6B000000 		.4byte	0x6b
 401 009d 02       		.uleb128 0x2
 402 009e 04       		.byte	0x4
 403 009f 07       		.byte	0x7
 404 00a0 17020000 		.4byte	.LASF14
 405 00a4 06       		.uleb128 0x6
 406 00a5 0D010000 		.4byte	.LASF15
 407 00a9 01       		.byte	0x1
 408 00aa 51       		.byte	0x51
 409 00ab 00000000 		.4byte	.LFB1
 410 00af 28000000 		.4byte	.LFE1-.LFB1
 411 00b3 01       		.uleb128 0x1
 412 00b4 9C       		.byte	0x9c
 413 00b5 06       		.uleb128 0x6
 414 00b6 DD000000 		.4byte	.LASF16
 415 00ba 01       		.byte	0x1
 416 00bb A9       		.byte	0xa9
 417 00bc 00000000 		.4byte	.LFB3
 418 00c0 1C000000 		.4byte	.LFE3-.LFB3
 419 00c4 01       		.uleb128 0x1
 420 00c5 9C       		.byte	0x9c
 421 00c6 07       		.uleb128 0x7
 422 00c7 88000000 		.4byte	.LASF17
 423 00cb 01       		.byte	0x1
 424 00cc D7       		.byte	0xd7
 425 00cd 00000000 		.4byte	.LFB4
 426 00d1 18000000 		.4byte	.LFE4-.LFB4
 427 00d5 01       		.uleb128 0x1
 428 00d6 9C       		.byte	0x9c
 429 00d7 FA000000 		.4byte	0xfa
 430 00db 08       		.uleb128 0x8
 431 00dc 20020000 		.4byte	.LASF19
 432 00e0 01       		.byte	0x1
 433 00e1 D7       		.byte	0xd7
 434 00e2 6B000000 		.4byte	0x6b
 435 00e6 00000000 		.4byte	.LLST0
 436 00ea 09       		.uleb128 0x9
 437 00eb 3F000000 		.4byte	.LASF21
 438 00ef 01       		.byte	0x1
 439 00f0 D9       		.byte	0xd9
 440 00f1 6B000000 		.4byte	0x6b
 441 00f5 21000000 		.4byte	.LLST1
 442 00f9 00       		.byte	0
 443 00fa 07       		.uleb128 0x7
 444 00fb 22010000 		.4byte	.LASF18
ARM GAS  C:\Users\214016~1\AppData\Local\Temp\ccY2pdEA.s 			page 14


 445 00ff 01       		.byte	0x1
 446 0100 F0       		.byte	0xf0
 447 0101 00000000 		.4byte	.LFB5
 448 0105 78000000 		.4byte	.LFE5-.LFB5
 449 0109 01       		.uleb128 0x1
 450 010a 9C       		.byte	0x9c
 451 010b 3C010000 		.4byte	0x13c
 452 010f 08       		.uleb128 0x8
 453 0110 83000000 		.4byte	.LASF20
 454 0114 01       		.byte	0x1
 455 0115 F0       		.byte	0xf0
 456 0116 6B000000 		.4byte	0x6b
 457 011a 3F000000 		.4byte	.LLST2
 458 011e 0A       		.uleb128 0xa
 459 011f FF010000 		.4byte	.LASF22
 460 0123 01       		.byte	0x1
 461 0124 F3       		.byte	0xf3
 462 0125 4C010000 		.4byte	0x14c
 463 0129 02       		.uleb128 0x2
 464 012a 91       		.byte	0x91
 465 012b 6C       		.sleb128 -20
 466 012c 0B       		.uleb128 0xb
 467 012d 45000000 		.4byte	.LASF23
 468 0131 01       		.byte	0x1
 469 0132 0001     		.2byte	0x100
 470 0134 51010000 		.4byte	0x151
 471 0138 02       		.uleb128 0x2
 472 0139 91       		.byte	0x91
 473 013a 60       		.sleb128 -32
 474 013b 00       		.byte	0
 475 013c 0C       		.uleb128 0xc
 476 013d 6B000000 		.4byte	0x6b
 477 0141 4C010000 		.4byte	0x14c
 478 0145 0D       		.uleb128 0xd
 479 0146 9D000000 		.4byte	0x9d
 480 014a 08       		.byte	0x8
 481 014b 00       		.byte	0
 482 014c 0E       		.uleb128 0xe
 483 014d 3C010000 		.4byte	0x13c
 484 0151 0E       		.uleb128 0xe
 485 0152 3C010000 		.4byte	0x13c
 486 0156 07       		.uleb128 0x7
 487 0157 58020000 		.4byte	.LASF24
 488 015b 01       		.byte	0x1
 489 015c 33       		.byte	0x33
 490 015d 00000000 		.4byte	.LFB0
 491 0161 28000000 		.4byte	.LFE0-.LFB0
 492 0165 01       		.uleb128 0x1
 493 0166 9C       		.byte	0x9c
 494 0167 8E010000 		.4byte	0x18e
 495 016b 0F       		.uleb128 0xf
 496 016c 16000000 		.4byte	.LVL6
 497 0170 FA000000 		.4byte	0xfa
 498 0174 7E010000 		.4byte	0x17e
 499 0178 10       		.uleb128 0x10
 500 0179 01       		.uleb128 0x1
 501 017a 50       		.byte	0x50
ARM GAS  C:\Users\214016~1\AppData\Local\Temp\ccY2pdEA.s 			page 15


 502 017b 01       		.uleb128 0x1
 503 017c 30       		.byte	0x30
 504 017d 00       		.byte	0
 505 017e 11       		.uleb128 0x11
 506 017f 1C000000 		.4byte	.LVL7
 507 0183 C6000000 		.4byte	0xc6
 508 0187 10       		.uleb128 0x10
 509 0188 01       		.uleb128 0x1
 510 0189 50       		.byte	0x50
 511 018a 01       		.uleb128 0x1
 512 018b 31       		.byte	0x31
 513 018c 00       		.byte	0
 514 018d 00       		.byte	0
 515 018e 07       		.uleb128 0x7
 516 018f 6F000000 		.4byte	.LASF25
 517 0193 01       		.byte	0x1
 518 0194 8E       		.byte	0x8e
 519 0195 00000000 		.4byte	.LFB2
 520 0199 1C000000 		.4byte	.LFE2-.LFB2
 521 019d 01       		.uleb128 0x1
 522 019e 9C       		.byte	0x9c
 523 019f B6010000 		.4byte	0x1b6
 524 01a3 12       		.uleb128 0x12
 525 01a4 12000000 		.4byte	.LVL8
 526 01a8 56010000 		.4byte	0x156
 527 01ac 12       		.uleb128 0x12
 528 01ad 16000000 		.4byte	.LVL9
 529 01b1 A4000000 		.4byte	0xa4
 530 01b5 00       		.byte	0
 531 01b6 13       		.uleb128 0x13
 532 01b7 00000000 		.4byte	.LASF29
 533 01bb 01       		.byte	0x1
 534 01bc 1F       		.byte	0x1f
 535 01bd 6B000000 		.4byte	0x6b
 536 01c1 05       		.uleb128 0x5
 537 01c2 03       		.byte	0x3
 538 01c3 00000000 		.4byte	OSC1_Inverter_initVar
 539 01c7 00       		.byte	0
 540              		.section	.debug_abbrev,"",%progbits
 541              	.Ldebug_abbrev0:
 542 0000 01       		.uleb128 0x1
 543 0001 11       		.uleb128 0x11
 544 0002 01       		.byte	0x1
 545 0003 25       		.uleb128 0x25
 546 0004 0E       		.uleb128 0xe
 547 0005 13       		.uleb128 0x13
 548 0006 0B       		.uleb128 0xb
 549 0007 03       		.uleb128 0x3
 550 0008 0E       		.uleb128 0xe
 551 0009 1B       		.uleb128 0x1b
 552 000a 0E       		.uleb128 0xe
 553 000b 55       		.uleb128 0x55
 554 000c 17       		.uleb128 0x17
 555 000d 11       		.uleb128 0x11
 556 000e 01       		.uleb128 0x1
 557 000f 10       		.uleb128 0x10
 558 0010 17       		.uleb128 0x17
ARM GAS  C:\Users\214016~1\AppData\Local\Temp\ccY2pdEA.s 			page 16


 559 0011 00       		.byte	0
 560 0012 00       		.byte	0
 561 0013 02       		.uleb128 0x2
 562 0014 24       		.uleb128 0x24
 563 0015 00       		.byte	0
 564 0016 0B       		.uleb128 0xb
 565 0017 0B       		.uleb128 0xb
 566 0018 3E       		.uleb128 0x3e
 567 0019 0B       		.uleb128 0xb
 568 001a 03       		.uleb128 0x3
 569 001b 0E       		.uleb128 0xe
 570 001c 00       		.byte	0
 571 001d 00       		.byte	0
 572 001e 03       		.uleb128 0x3
 573 001f 24       		.uleb128 0x24
 574 0020 00       		.byte	0
 575 0021 0B       		.uleb128 0xb
 576 0022 0B       		.uleb128 0xb
 577 0023 3E       		.uleb128 0x3e
 578 0024 0B       		.uleb128 0xb
 579 0025 03       		.uleb128 0x3
 580 0026 08       		.uleb128 0x8
 581 0027 00       		.byte	0
 582 0028 00       		.byte	0
 583 0029 04       		.uleb128 0x4
 584 002a 16       		.uleb128 0x16
 585 002b 00       		.byte	0
 586 002c 03       		.uleb128 0x3
 587 002d 0E       		.uleb128 0xe
 588 002e 3A       		.uleb128 0x3a
 589 002f 0B       		.uleb128 0xb
 590 0030 3B       		.uleb128 0x3b
 591 0031 05       		.uleb128 0x5
 592 0032 49       		.uleb128 0x49
 593 0033 13       		.uleb128 0x13
 594 0034 00       		.byte	0
 595 0035 00       		.byte	0
 596 0036 05       		.uleb128 0x5
 597 0037 35       		.uleb128 0x35
 598 0038 00       		.byte	0
 599 0039 49       		.uleb128 0x49
 600 003a 13       		.uleb128 0x13
 601 003b 00       		.byte	0
 602 003c 00       		.byte	0
 603 003d 06       		.uleb128 0x6
 604 003e 2E       		.uleb128 0x2e
 605 003f 00       		.byte	0
 606 0040 3F       		.uleb128 0x3f
 607 0041 19       		.uleb128 0x19
 608 0042 03       		.uleb128 0x3
 609 0043 0E       		.uleb128 0xe
 610 0044 3A       		.uleb128 0x3a
 611 0045 0B       		.uleb128 0xb
 612 0046 3B       		.uleb128 0x3b
 613 0047 0B       		.uleb128 0xb
 614 0048 27       		.uleb128 0x27
 615 0049 19       		.uleb128 0x19
ARM GAS  C:\Users\214016~1\AppData\Local\Temp\ccY2pdEA.s 			page 17


 616 004a 11       		.uleb128 0x11
 617 004b 01       		.uleb128 0x1
 618 004c 12       		.uleb128 0x12
 619 004d 06       		.uleb128 0x6
 620 004e 40       		.uleb128 0x40
 621 004f 18       		.uleb128 0x18
 622 0050 9742     		.uleb128 0x2117
 623 0052 19       		.uleb128 0x19
 624 0053 00       		.byte	0
 625 0054 00       		.byte	0
 626 0055 07       		.uleb128 0x7
 627 0056 2E       		.uleb128 0x2e
 628 0057 01       		.byte	0x1
 629 0058 3F       		.uleb128 0x3f
 630 0059 19       		.uleb128 0x19
 631 005a 03       		.uleb128 0x3
 632 005b 0E       		.uleb128 0xe
 633 005c 3A       		.uleb128 0x3a
 634 005d 0B       		.uleb128 0xb
 635 005e 3B       		.uleb128 0x3b
 636 005f 0B       		.uleb128 0xb
 637 0060 27       		.uleb128 0x27
 638 0061 19       		.uleb128 0x19
 639 0062 11       		.uleb128 0x11
 640 0063 01       		.uleb128 0x1
 641 0064 12       		.uleb128 0x12
 642 0065 06       		.uleb128 0x6
 643 0066 40       		.uleb128 0x40
 644 0067 18       		.uleb128 0x18
 645 0068 9742     		.uleb128 0x2117
 646 006a 19       		.uleb128 0x19
 647 006b 01       		.uleb128 0x1
 648 006c 13       		.uleb128 0x13
 649 006d 00       		.byte	0
 650 006e 00       		.byte	0
 651 006f 08       		.uleb128 0x8
 652 0070 05       		.uleb128 0x5
 653 0071 00       		.byte	0
 654 0072 03       		.uleb128 0x3
 655 0073 0E       		.uleb128 0xe
 656 0074 3A       		.uleb128 0x3a
 657 0075 0B       		.uleb128 0xb
 658 0076 3B       		.uleb128 0x3b
 659 0077 0B       		.uleb128 0xb
 660 0078 49       		.uleb128 0x49
 661 0079 13       		.uleb128 0x13
 662 007a 02       		.uleb128 0x2
 663 007b 17       		.uleb128 0x17
 664 007c 00       		.byte	0
 665 007d 00       		.byte	0
 666 007e 09       		.uleb128 0x9
 667 007f 34       		.uleb128 0x34
 668 0080 00       		.byte	0
 669 0081 03       		.uleb128 0x3
 670 0082 0E       		.uleb128 0xe
 671 0083 3A       		.uleb128 0x3a
 672 0084 0B       		.uleb128 0xb
ARM GAS  C:\Users\214016~1\AppData\Local\Temp\ccY2pdEA.s 			page 18


 673 0085 3B       		.uleb128 0x3b
 674 0086 0B       		.uleb128 0xb
 675 0087 49       		.uleb128 0x49
 676 0088 13       		.uleb128 0x13
 677 0089 02       		.uleb128 0x2
 678 008a 17       		.uleb128 0x17
 679 008b 00       		.byte	0
 680 008c 00       		.byte	0
 681 008d 0A       		.uleb128 0xa
 682 008e 34       		.uleb128 0x34
 683 008f 00       		.byte	0
 684 0090 03       		.uleb128 0x3
 685 0091 0E       		.uleb128 0xe
 686 0092 3A       		.uleb128 0x3a
 687 0093 0B       		.uleb128 0xb
 688 0094 3B       		.uleb128 0x3b
 689 0095 0B       		.uleb128 0xb
 690 0096 49       		.uleb128 0x49
 691 0097 13       		.uleb128 0x13
 692 0098 02       		.uleb128 0x2
 693 0099 18       		.uleb128 0x18
 694 009a 00       		.byte	0
 695 009b 00       		.byte	0
 696 009c 0B       		.uleb128 0xb
 697 009d 34       		.uleb128 0x34
 698 009e 00       		.byte	0
 699 009f 03       		.uleb128 0x3
 700 00a0 0E       		.uleb128 0xe
 701 00a1 3A       		.uleb128 0x3a
 702 00a2 0B       		.uleb128 0xb
 703 00a3 3B       		.uleb128 0x3b
 704 00a4 05       		.uleb128 0x5
 705 00a5 49       		.uleb128 0x49
 706 00a6 13       		.uleb128 0x13
 707 00a7 02       		.uleb128 0x2
 708 00a8 18       		.uleb128 0x18
 709 00a9 00       		.byte	0
 710 00aa 00       		.byte	0
 711 00ab 0C       		.uleb128 0xc
 712 00ac 01       		.uleb128 0x1
 713 00ad 01       		.byte	0x1
 714 00ae 49       		.uleb128 0x49
 715 00af 13       		.uleb128 0x13
 716 00b0 01       		.uleb128 0x1
 717 00b1 13       		.uleb128 0x13
 718 00b2 00       		.byte	0
 719 00b3 00       		.byte	0
 720 00b4 0D       		.uleb128 0xd
 721 00b5 21       		.uleb128 0x21
 722 00b6 00       		.byte	0
 723 00b7 49       		.uleb128 0x49
 724 00b8 13       		.uleb128 0x13
 725 00b9 2F       		.uleb128 0x2f
 726 00ba 0B       		.uleb128 0xb
 727 00bb 00       		.byte	0
 728 00bc 00       		.byte	0
 729 00bd 0E       		.uleb128 0xe
ARM GAS  C:\Users\214016~1\AppData\Local\Temp\ccY2pdEA.s 			page 19


 730 00be 26       		.uleb128 0x26
 731 00bf 00       		.byte	0
 732 00c0 49       		.uleb128 0x49
 733 00c1 13       		.uleb128 0x13
 734 00c2 00       		.byte	0
 735 00c3 00       		.byte	0
 736 00c4 0F       		.uleb128 0xf
 737 00c5 898201   		.uleb128 0x4109
 738 00c8 01       		.byte	0x1
 739 00c9 11       		.uleb128 0x11
 740 00ca 01       		.uleb128 0x1
 741 00cb 31       		.uleb128 0x31
 742 00cc 13       		.uleb128 0x13
 743 00cd 01       		.uleb128 0x1
 744 00ce 13       		.uleb128 0x13
 745 00cf 00       		.byte	0
 746 00d0 00       		.byte	0
 747 00d1 10       		.uleb128 0x10
 748 00d2 8A8201   		.uleb128 0x410a
 749 00d5 00       		.byte	0
 750 00d6 02       		.uleb128 0x2
 751 00d7 18       		.uleb128 0x18
 752 00d8 9142     		.uleb128 0x2111
 753 00da 18       		.uleb128 0x18
 754 00db 00       		.byte	0
 755 00dc 00       		.byte	0
 756 00dd 11       		.uleb128 0x11
 757 00de 898201   		.uleb128 0x4109
 758 00e1 01       		.byte	0x1
 759 00e2 11       		.uleb128 0x11
 760 00e3 01       		.uleb128 0x1
 761 00e4 31       		.uleb128 0x31
 762 00e5 13       		.uleb128 0x13
 763 00e6 00       		.byte	0
 764 00e7 00       		.byte	0
 765 00e8 12       		.uleb128 0x12
 766 00e9 898201   		.uleb128 0x4109
 767 00ec 00       		.byte	0
 768 00ed 11       		.uleb128 0x11
 769 00ee 01       		.uleb128 0x1
 770 00ef 31       		.uleb128 0x31
 771 00f0 13       		.uleb128 0x13
 772 00f1 00       		.byte	0
 773 00f2 00       		.byte	0
 774 00f3 13       		.uleb128 0x13
 775 00f4 34       		.uleb128 0x34
 776 00f5 00       		.byte	0
 777 00f6 03       		.uleb128 0x3
 778 00f7 0E       		.uleb128 0xe
 779 00f8 3A       		.uleb128 0x3a
 780 00f9 0B       		.uleb128 0xb
 781 00fa 3B       		.uleb128 0x3b
 782 00fb 0B       		.uleb128 0xb
 783 00fc 49       		.uleb128 0x49
 784 00fd 13       		.uleb128 0x13
 785 00fe 3F       		.uleb128 0x3f
 786 00ff 19       		.uleb128 0x19
ARM GAS  C:\Users\214016~1\AppData\Local\Temp\ccY2pdEA.s 			page 20


 787 0100 02       		.uleb128 0x2
 788 0101 18       		.uleb128 0x18
 789 0102 00       		.byte	0
 790 0103 00       		.byte	0
 791 0104 00       		.byte	0
 792              		.section	.debug_loc,"",%progbits
 793              	.Ldebug_loc0:
 794              	.LLST0:
 795 0000 00000000 		.4byte	.LVL0
 796 0004 0C000000 		.4byte	.LVL2
 797 0008 0100     		.2byte	0x1
 798 000a 50       		.byte	0x50
 799 000b 0C000000 		.4byte	.LVL2
 800 000f 18000000 		.4byte	.LFE4
 801 0013 0400     		.2byte	0x4
 802 0015 F3       		.byte	0xf3
 803 0016 01       		.uleb128 0x1
 804 0017 50       		.byte	0x50
 805 0018 9F       		.byte	0x9f
 806 0019 00000000 		.4byte	0
 807 001d 00000000 		.4byte	0
 808              	.LLST1:
 809 0021 08000000 		.4byte	.LVL1
 810 0025 0E000000 		.4byte	.LVL3
 811 0029 0100     		.2byte	0x1
 812 002b 53       		.byte	0x53
 813 002c 0E000000 		.4byte	.LVL3
 814 0030 18000000 		.4byte	.LFE4
 815 0034 0100     		.2byte	0x1
 816 0036 50       		.byte	0x50
 817 0037 00000000 		.4byte	0
 818 003b 00000000 		.4byte	0
 819              	.LLST2:
 820 003f 00000000 		.4byte	.LVL4
 821 0043 0C000000 		.4byte	.LVL5
 822 0047 0100     		.2byte	0x1
 823 0049 50       		.byte	0x50
 824 004a 0C000000 		.4byte	.LVL5
 825 004e 78000000 		.4byte	.LFE5
 826 0052 0400     		.2byte	0x4
 827 0054 F3       		.byte	0xf3
 828 0055 01       		.uleb128 0x1
 829 0056 50       		.byte	0x50
 830 0057 9F       		.byte	0x9f
 831 0058 00000000 		.4byte	0
 832 005c 00000000 		.4byte	0
 833              		.section	.debug_aranges,"",%progbits
 834 0000 44000000 		.4byte	0x44
 835 0004 0200     		.2byte	0x2
 836 0006 00000000 		.4byte	.Ldebug_info0
 837 000a 04       		.byte	0x4
 838 000b 00       		.byte	0
 839 000c 0000     		.2byte	0
 840 000e 0000     		.2byte	0
 841 0010 00000000 		.4byte	.LFB1
 842 0014 28000000 		.4byte	.LFE1-.LFB1
 843 0018 00000000 		.4byte	.LFB3
ARM GAS  C:\Users\214016~1\AppData\Local\Temp\ccY2pdEA.s 			page 21


 844 001c 1C000000 		.4byte	.LFE3-.LFB3
 845 0020 00000000 		.4byte	.LFB4
 846 0024 18000000 		.4byte	.LFE4-.LFB4
 847 0028 00000000 		.4byte	.LFB5
 848 002c 78000000 		.4byte	.LFE5-.LFB5
 849 0030 00000000 		.4byte	.LFB0
 850 0034 28000000 		.4byte	.LFE0-.LFB0
 851 0038 00000000 		.4byte	.LFB2
 852 003c 1C000000 		.4byte	.LFE2-.LFB2
 853 0040 00000000 		.4byte	0
 854 0044 00000000 		.4byte	0
 855              		.section	.debug_ranges,"",%progbits
 856              	.Ldebug_ranges0:
 857 0000 00000000 		.4byte	.LFB1
 858 0004 28000000 		.4byte	.LFE1
 859 0008 00000000 		.4byte	.LFB3
 860 000c 1C000000 		.4byte	.LFE3
 861 0010 00000000 		.4byte	.LFB4
 862 0014 18000000 		.4byte	.LFE4
 863 0018 00000000 		.4byte	.LFB5
 864 001c 78000000 		.4byte	.LFE5
 865 0020 00000000 		.4byte	.LFB0
 866 0024 28000000 		.4byte	.LFE0
 867 0028 00000000 		.4byte	.LFB2
 868 002c 1C000000 		.4byte	.LFE2
 869 0030 00000000 		.4byte	0
 870 0034 00000000 		.4byte	0
 871              		.section	.debug_line,"",%progbits
 872              	.Ldebug_line0:
 873 0000 D1000000 		.section	.debug_str,"MS",%progbits,1
 873      02004C00 
 873      00000201 
 873      FB0E0D00 
 873      01010101 
 874              	.LASF29:
 875 0000 4F534331 		.ascii	"OSC1_Inverter_initVar\000"
 875      5F496E76 
 875      65727465 
 875      725F696E 
 875      69745661 
 876              	.LASF27:
 877 0016 2E5C4765 		.ascii	".\\Generated_Source\\PSoC5\\OSC1_Inverter.c\000"
 877      6E657261 
 877      7465645F 
 877      536F7572 
 877      63655C50 
 878              	.LASF21:
 879 003f 746D7043 		.ascii	"tmpCR\000"
 879      5200
 880              	.LASF23:
 881 0045 4F534331 		.ascii	"OSC1_Inverter_GainComp\000"
 881      5F496E76 
 881      65727465 
 881      725F4761 
 881      696E436F 
 882              	.LASF3:
 883 005c 73686F72 		.ascii	"short unsigned int\000"
ARM GAS  C:\Users\214016~1\AppData\Local\Temp\ccY2pdEA.s 			page 22


 883      7420756E 
 883      7369676E 
 883      65642069 
 883      6E7400
 884              	.LASF25:
 885 006f 4F534331 		.ascii	"OSC1_Inverter_Start\000"
 885      5F496E76 
 885      65727465 
 885      725F5374 
 885      61727400 
 886              	.LASF20:
 887 0083 6761696E 		.ascii	"gain\000"
 887      00
 888              	.LASF17:
 889 0088 4F534331 		.ascii	"OSC1_Inverter_SetPower\000"
 889      5F496E76 
 889      65727465 
 889      725F5365 
 889      74506F77 
 890              	.LASF28:
 891 009f 433A5C55 		.ascii	"C:\\Users\\214016586\\Documents\\PSoC Creator\\DCO\\"
 891      73657273 
 891      5C323134 
 891      30313635 
 891      38365C44 
 892 00cd 44434F2E 		.ascii	"DCO.cydsn\000"
 892      63796473 
 892      6E00
 893              	.LASF9:
 894 00d7 666C6F61 		.ascii	"float\000"
 894      7400
 895              	.LASF16:
 896 00dd 4F534331 		.ascii	"OSC1_Inverter_Stop\000"
 896      5F496E76 
 896      65727465 
 896      725F5374 
 896      6F7000
 897              	.LASF13:
 898 00f0 72656738 		.ascii	"reg8\000"
 898      00
 899              	.LASF5:
 900 00f5 6C6F6E67 		.ascii	"long unsigned int\000"
 900      20756E73 
 900      69676E65 
 900      6420696E 
 900      7400
 901              	.LASF12:
 902 0107 75696E74 		.ascii	"uint8\000"
 902      3800
 903              	.LASF15:
 904 010d 4F534331 		.ascii	"OSC1_Inverter_Enable\000"
 904      5F496E76 
 904      65727465 
 904      725F456E 
 904      61626C65 
 905              	.LASF18:
 906 0122 4F534331 		.ascii	"OSC1_Inverter_SetGain\000"
ARM GAS  C:\Users\214016~1\AppData\Local\Temp\ccY2pdEA.s 			page 23


 906      5F496E76 
 906      65727465 
 906      725F5365 
 906      74476169 
 907              	.LASF1:
 908 0138 756E7369 		.ascii	"unsigned char\000"
 908      676E6564 
 908      20636861 
 908      7200
 909              	.LASF10:
 910 0146 646F7562 		.ascii	"double\000"
 910      6C6500
 911              	.LASF26:
 912 014d 474E5520 		.ascii	"GNU C 4.9.3 20150303 (release) [ARM/embedded-4_9-br"
 912      4320342E 
 912      392E3320 
 912      32303135 
 912      30333033 
 913 0180 616E6368 		.ascii	"anch revision 221220] -mcpu=cortex-m3 -mthumb -g -O"
 913      20726576 
 913      6973696F 
 913      6E203232 
 913      31323230 
 914 01b3 67202D66 		.ascii	"g -ffunction-sections -ffat-lto-objects\000"
 914      66756E63 
 914      74696F6E 
 914      2D736563 
 914      74696F6E 
 915              	.LASF8:
 916 01db 756E7369 		.ascii	"unsigned int\000"
 916      676E6564 
 916      20696E74 
 916      00
 917              	.LASF7:
 918 01e8 6C6F6E67 		.ascii	"long long unsigned int\000"
 918      206C6F6E 
 918      6720756E 
 918      7369676E 
 918      65642069 
 919              	.LASF22:
 920 01ff 4F534331 		.ascii	"OSC1_Inverter_GainArray\000"
 920      5F496E76 
 920      65727465 
 920      725F4761 
 920      696E4172 
 921              	.LASF14:
 922 0217 73697A65 		.ascii	"sizetype\000"
 922      74797065 
 922      00
 923              	.LASF19:
 924 0220 706F7765 		.ascii	"power\000"
 924      7200
 925              	.LASF6:
 926 0226 6C6F6E67 		.ascii	"long long int\000"
 926      206C6F6E 
 926      6720696E 
 926      7400
ARM GAS  C:\Users\214016~1\AppData\Local\Temp\ccY2pdEA.s 			page 24


 927              	.LASF11:
 928 0234 63686172 		.ascii	"char\000"
 928      00
 929              	.LASF2:
 930 0239 73686F72 		.ascii	"short int\000"
 930      7420696E 
 930      7400
 931              	.LASF4:
 932 0243 6C6F6E67 		.ascii	"long int\000"
 932      20696E74 
 932      00
 933              	.LASF0:
 934 024c 7369676E 		.ascii	"signed char\000"
 934      65642063 
 934      68617200 
 935              	.LASF24:
 936 0258 4F534331 		.ascii	"OSC1_Inverter_Init\000"
 936      5F496E76 
 936      65727465 
 936      725F496E 
 936      697400
 937              		.ident	"GCC: (GNU Tools for ARM Embedded Processors) 4.9.3 20150303 (release) [ARM/embedded-4_9-br
