#***************************************************************************

#sjplacer

#Version:            1.1

#Build Date:         Oct  1 2015 13:46:59

#File Generated:     Jun 23 2016 14:22:25

#Purpose:            

#Copyright (C) 2010-2011 by Softjin Technologies Pvt Ltd. All rights reserved.

#***************************************************************************

Executing : C:\Program Files (x86)\Cypress\PSoC Creator\3.3\PSoC Creator\bin/sjplacer.exe --proj-name Dual-PSoC-DCO --netlist-vh2 Dual-PSoC-DCO_p.vh2 --arch-file C:\Program Files (x86)\Cypress\PSoC Creator\3.3\PSoC Creator\dev/arch/p35_udb4x6.ark --rrg-file C:\Program Files (x86)\Cypress\PSoC Creator\3.3\PSoC Creator\dev/psoc5/psoc5lp/route_arch-rrg.cydata --irq-file C:\Program Files (x86)\Cypress\PSoC Creator\3.3\PSoC Creator\dev/psoc5/psoc5lp/irqconn.cydata --drq-file C:\Program Files (x86)\Cypress\PSoC Creator\3.3\PSoC Creator\dev/psoc5/psoc5lp/dmaconn.cydata --dsi-conn-file C:\Program Files (x86)\Cypress\PSoC Creator\3.3\PSoC Creator\dev/psoc5/psoc5lp/dsiconn.cydata --pins-file pins_68-QFN.xml --lib-file Dual-PSoC-DCO_p.lib --sdc-file Dual-PSoC-DCO.sdc --io-pcf Dual-PSoC-DCO.pci --outdir .

		Softjin Techologies Placer, Version 1.1

Build Date : Oct  1 2015	13:44:59

D2004: Option and Settings Summary
=============================================================
Netlist vh2 file          - Dual-PSoC-DCO_p.vh2
Architecture file         - C:\Program Files (x86)\Cypress\PSoC Creator\3.3\PSoC Creator\dev/arch/p35_udb4x6.ark
Package                   - 
Defparam file             - 
SDC file                  - Dual-PSoC-DCO.sdc
Output directory          - .
Timing library            - Dual-PSoC-DCO_p.lib
IO Placement file         - Dual-PSoC-DCO.pci

D2050: Starting reading inputs for placer
=============================================================
D2065: Reading netlist file : "Dual-PSoC-DCO_p.vh2"
D2065: Reading arch file : "C:\Program Files (x86)\Cypress\PSoC Creator\3.3\PSoC Creator\dev/arch/p35_udb4x6.ark"
D2051: Reading of inputs for placer completed successfully

D2053: Starting placement of the design
=============================================================

Phase 2
Phase 3

Design Statistics after Packing
    Number of Combinational MCs 	:	20
    Number of Sequential MCs    	:	160
    Number of DPs               	:	8
    Number of Controls          	:	6
    Number of Status            	:	4
    Number of SyncCells         	:	4
    Number of count7cells       	:	2

Device Utilization Summary after Packing
    Macrocells                  :	180/192
    UDBS                        :	24/24
    IOs                         :	36/72


D2088: Phase 3, elapsed time : 0.0 (sec)

Phase 4
D2088: Phase 4, elapsed time : 0.0 (sec)

Phase 5
D2088: Phase 5, elapsed time : 0.0 (sec)

Phase 6

######################################################################
Placement Timing Summary

The timing summary is based on estimated routing delays after
placement. For final timing report, please carry out the timing
analysis after routing.
======================================================================

######################################################################
                     Clock Summary 
======================================================================
Number of clocks: 19
Clock: ADC_DelSig_1_Ext_CP_Clk | Frequency: N/A       | Target:  75.0 MHz
Clock: ADC_DelSig_1_Ext_CP_Clk(routed) | Frequency: N/A       | Target:  75.0 MHz
Clock: ADC_DelSig_1_theACLK | Frequency: N/A       | Target:   3.1 MHz
Clock: ADC_DelSig_1_theACLK(fixed-function) | Frequency: N/A       | Target:   3.1 MHz
Clock: Clock_1              | Frequency: 123.4 MHz | Target:   0.1 MHz
Clock: Clock_2              | Frequency: 115.5 MHz | Target:   0.1 MHz
Clock: Clock_3              | Frequency: N/A       | Target:   0.1 MHz
Clock: Clock_3(routed)      | Frequency:  84.5 MHz | Target:   0.1 MHz
Clock: CyBUS_CLK            | Frequency:  35.7 MHz | Target:  75.0 MHz
Clock: CyBUS_CLK(routed)    | Frequency:  84.5 MHz | Target:  75.0 MHz
Clock: CyILO                | Frequency: N/A       | Target:   0.1 MHz
Clock: CyIMO                | Frequency: N/A       | Target:  24.0 MHz
Clock: CyMASTER_CLK         | Frequency: N/A       | Target:  75.0 MHz
Clock: CyPLL_OUT            | Frequency: N/A       | Target:  75.0 MHz
Clock: OSC1_ADC_SAR_IntClock | Frequency:  30.4 MHz | Target:   1.6 MHz
Clock: OSC1_ADC_SAR_IntClock(routed) | Frequency: N/A       | Target:   1.6 MHz
Clock: OSC2_ADC_SAR_IntClock | Frequency:  27.4 MHz | Target:   1.6 MHz
Clock: OSC2_ADC_SAR_IntClock(routed) | Frequency: N/A       | Target:   1.6 MHz
Clock: \ADC_DelSig_1:DSM\/dec_clock | Frequency: N/A       | Target:   0.1 MHz

======================================================================
                     End of Clock Summary
######################################################################

D2088: Phase 6, elapsed time : 0.3 (sec)

Phase 7
######################################################################
                     Clock Summary 
======================================================================
Number of clocks: 19
Clock: ADC_DelSig_1_Ext_CP_Clk | Frequency: N/A       | Target:  75.0 MHz
Clock: ADC_DelSig_1_Ext_CP_Clk(routed) | Frequency: N/A       | Target:  75.0 MHz
Clock: ADC_DelSig_1_theACLK | Frequency: N/A       | Target:   3.1 MHz
Clock: ADC_DelSig_1_theACLK(fixed-function) | Frequency: N/A       | Target:   3.1 MHz
Clock: Clock_1              | Frequency: 114.7 MHz | Target:   0.1 MHz
Clock: Clock_2              | Frequency: 114.7 MHz | Target:   0.1 MHz
Clock: Clock_3              | Frequency: N/A       | Target:   0.1 MHz
Clock: Clock_3(routed)      | Frequency:  70.6 MHz | Target:   0.1 MHz
Clock: CyBUS_CLK            | Frequency:  36.0 MHz | Target:  75.0 MHz
Clock: CyBUS_CLK(routed)    | Frequency:  70.6 MHz | Target:  75.0 MHz
Clock: CyILO                | Frequency: N/A       | Target:   0.1 MHz
Clock: CyIMO                | Frequency: N/A       | Target:  24.0 MHz
Clock: CyMASTER_CLK         | Frequency: N/A       | Target:  75.0 MHz
Clock: CyPLL_OUT            | Frequency: N/A       | Target:  75.0 MHz
Clock: OSC1_ADC_SAR_IntClock | Frequency:  35.0 MHz | Target:   1.6 MHz
Clock: OSC1_ADC_SAR_IntClock(routed) | Frequency: N/A       | Target:   1.6 MHz
Clock: OSC2_ADC_SAR_IntClock | Frequency:  27.3 MHz | Target:   1.6 MHz
Clock: OSC2_ADC_SAR_IntClock(routed) | Frequency: N/A       | Target:   1.6 MHz
Clock: \ADC_DelSig_1:DSM\/dec_clock | Frequency: N/A       | Target:   0.1 MHz

======================================================================
                     End of Clock Summary
######################################################################
D2088: Phase 7, elapsed time : 1.1 (sec)

Final Design Statistics
    Number of Combinational MCs 	:	20
    Number of Sequential MCs    	:	160
    Number of DPs               	:	8
    Number of Controls          	:	6
    Number of Status            	:	4
    Number of SyncCells         	:	4
    Number of count7cells       	:	2
    Number of IOs       	:	36

Device Utilization Summary
    Macrocells                  :	180/192
    IOs                         :	36/72



######################################################################
Placement Timing Summary

The timing summary is based on estimated routing delays after
placement. For final timing report, please carry out the timing
analysis after routing.
======================================================================


######################################################################
                     Clock Summary 
======================================================================
Number of clocks: 19
Clock: ADC_DelSig_1_Ext_CP_Clk | Frequency: N/A       | Target:  75.0 MHz
Clock: ADC_DelSig_1_Ext_CP_Clk(routed) | Frequency: N/A       | Target:  75.0 MHz
Clock: ADC_DelSig_1_theACLK | Frequency: N/A       | Target:   3.1 MHz
Clock: ADC_DelSig_1_theACLK(fixed-function) | Frequency: N/A       | Target:   3.1 MHz
Clock: Clock_1              | Frequency: 114.7 MHz | Target:   0.1 MHz
Clock: Clock_2              | Frequency: 114.7 MHz | Target:   0.1 MHz
Clock: Clock_3              | Frequency: N/A       | Target:   0.1 MHz
Clock: Clock_3(routed)      | Frequency:  70.6 MHz | Target:   0.1 MHz
Clock: CyBUS_CLK            | Frequency:  36.0 MHz | Target:  75.0 MHz
Clock: CyBUS_CLK(routed)    | Frequency:  70.6 MHz | Target:  75.0 MHz
Clock: CyILO                | Frequency: N/A       | Target:   0.1 MHz
Clock: CyIMO                | Frequency: N/A       | Target:  24.0 MHz
Clock: CyMASTER_CLK         | Frequency: N/A       | Target:  75.0 MHz
Clock: CyPLL_OUT            | Frequency: N/A       | Target:  75.0 MHz
Clock: OSC1_ADC_SAR_IntClock | Frequency:  35.0 MHz | Target:   1.6 MHz
Clock: OSC1_ADC_SAR_IntClock(routed) | Frequency: N/A       | Target:   1.6 MHz
Clock: OSC2_ADC_SAR_IntClock | Frequency:  27.3 MHz | Target:   1.6 MHz
Clock: OSC2_ADC_SAR_IntClock(routed) | Frequency: N/A       | Target:   1.6 MHz
Clock: \ADC_DelSig_1:DSM\/dec_clock | Frequency: N/A       | Target:   0.1 MHz

======================================================================
                     End of Clock Summary
######################################################################

Phase 6

######################################################################
Placement Timing Summary

The timing summary is based on estimated routing delays after
placement. For final timing report, please carry out the timing
analysis after routing.
======================================================================

######################################################################
                     Clock Summary 
======================================================================
Number of clocks: 19
Clock: ADC_DelSig_1_Ext_CP_Clk | Frequency: N/A       | Target:  75.0 MHz
Clock: ADC_DelSig_1_Ext_CP_Clk(routed) | Frequency: N/A       | Target:  75.0 MHz
Clock: ADC_DelSig_1_theACLK | Frequency: N/A       | Target:   3.1 MHz
Clock: ADC_DelSig_1_theACLK(fixed-function) | Frequency: N/A       | Target:   3.1 MHz
Clock: Clock_1              | Frequency: 123.4 MHz | Target:   0.1 MHz
Clock: Clock_2              | Frequency: 115.5 MHz | Target:   0.1 MHz
Clock: Clock_3              | Frequency: N/A       | Target:   0.1 MHz
Clock: Clock_3(routed)      | Frequency:  84.5 MHz | Target:   0.1 MHz
Clock: CyBUS_CLK            | Frequency:  35.7 MHz | Target:  75.0 MHz
Clock: CyBUS_CLK(routed)    | Frequency:  84.5 MHz | Target:  75.0 MHz
Clock: CyILO                | Frequency: N/A       | Target:   0.1 MHz
Clock: CyIMO                | Frequency: N/A       | Target:  24.0 MHz
Clock: CyMASTER_CLK         | Frequency: N/A       | Target:  75.0 MHz
Clock: CyPLL_OUT            | Frequency: N/A       | Target:  75.0 MHz
Clock: OSC1_ADC_SAR_IntClock | Frequency:  27.6 MHz | Target:   1.6 MHz
Clock: OSC1_ADC_SAR_IntClock(routed) | Frequency: N/A       | Target:   1.6 MHz
Clock: OSC2_ADC_SAR_IntClock | Frequency:  27.7 MHz | Target:   1.6 MHz
Clock: OSC2_ADC_SAR_IntClock(routed) | Frequency: N/A       | Target:   1.6 MHz
Clock: \ADC_DelSig_1:DSM\/dec_clock | Frequency: N/A       | Target:   0.1 MHz

======================================================================
                     End of Clock Summary
######################################################################

D2088: Phase 6, elapsed time : 0.2 (sec)

Phase 7
######################################################################
                     Clock Summary 
======================================================================
Number of clocks: 19
Clock: ADC_DelSig_1_Ext_CP_Clk | Frequency: N/A       | Target:  75.0 MHz
Clock: ADC_DelSig_1_Ext_CP_Clk(routed) | Frequency: N/A       | Target:  75.0 MHz
Clock: ADC_DelSig_1_theACLK | Frequency: N/A       | Target:   3.1 MHz
Clock: ADC_DelSig_1_theACLK(fixed-function) | Frequency: N/A       | Target:   3.1 MHz
Clock: Clock_1              | Frequency: 114.7 MHz | Target:   0.1 MHz
Clock: Clock_2              | Frequency: 114.7 MHz | Target:   0.1 MHz
Clock: Clock_3              | Frequency: N/A       | Target:   0.1 MHz
Clock: Clock_3(routed)      | Frequency:  79.9 MHz | Target:   0.1 MHz
Clock: CyBUS_CLK            | Frequency:  36.0 MHz | Target:  75.0 MHz
Clock: CyBUS_CLK(routed)    | Frequency:  79.9 MHz | Target:  75.0 MHz
Clock: CyILO                | Frequency: N/A       | Target:   0.1 MHz
Clock: CyIMO                | Frequency: N/A       | Target:  24.0 MHz
Clock: CyMASTER_CLK         | Frequency: N/A       | Target:  75.0 MHz
Clock: CyPLL_OUT            | Frequency: N/A       | Target:  75.0 MHz
Clock: OSC1_ADC_SAR_IntClock | Frequency:  25.7 MHz | Target:   1.6 MHz
Clock: OSC1_ADC_SAR_IntClock(routed) | Frequency: N/A       | Target:   1.6 MHz
Clock: OSC2_ADC_SAR_IntClock | Frequency:  32.0 MHz | Target:   1.6 MHz
Clock: OSC2_ADC_SAR_IntClock(routed) | Frequency: N/A       | Target:   1.6 MHz
Clock: \ADC_DelSig_1:DSM\/dec_clock | Frequency: N/A       | Target:   0.1 MHz

======================================================================
                     End of Clock Summary
######################################################################
D2088: Phase 7, elapsed time : 5.5 (sec)

Final Design Statistics
    Number of Combinational MCs 	:	20
    Number of Sequential MCs    	:	160
    Number of DPs               	:	8
    Number of Controls          	:	6
    Number of Status            	:	4
    Number of SyncCells         	:	4
    Number of count7cells       	:	2
    Number of IOs       	:	36

Device Utilization Summary
    Macrocells                  :	180/192
    IOs                         :	36/72



######################################################################
Placement Timing Summary

The timing summary is based on estimated routing delays after
placement. For final timing report, please carry out the timing
analysis after routing.
======================================================================


######################################################################
                     Clock Summary 
======================================================================
Number of clocks: 19
Clock: ADC_DelSig_1_Ext_CP_Clk | Frequency: N/A       | Target:  75.0 MHz
Clock: ADC_DelSig_1_Ext_CP_Clk(routed) | Frequency: N/A       | Target:  75.0 MHz
Clock: ADC_DelSig_1_theACLK | Frequency: N/A       | Target:   3.1 MHz
Clock: ADC_DelSig_1_theACLK(fixed-function) | Frequency: N/A       | Target:   3.1 MHz
Clock: Clock_1              | Frequency: 101.8 MHz | Target:   0.1 MHz
Clock: Clock_2              | Frequency: 104.8 MHz | Target:   0.1 MHz
Clock: Clock_3              | Frequency: N/A       | Target:   0.1 MHz
Clock: Clock_3(routed)      | Frequency:  79.9 MHz | Target:   0.1 MHz
Clock: CyBUS_CLK            | Frequency:  36.4 MHz | Target:  75.0 MHz
Clock: CyBUS_CLK(routed)    | Frequency:  79.9 MHz | Target:  75.0 MHz
Clock: CyILO                | Frequency: N/A       | Target:   0.1 MHz
Clock: CyIMO                | Frequency: N/A       | Target:  24.0 MHz
Clock: CyMASTER_CLK         | Frequency: N/A       | Target:  75.0 MHz
Clock: CyPLL_OUT            | Frequency: N/A       | Target:  75.0 MHz
Clock: OSC1_ADC_SAR_IntClock | Frequency:  30.9 MHz | Target:   1.6 MHz
Clock: OSC1_ADC_SAR_IntClock(routed) | Frequency: N/A       | Target:   1.6 MHz
Clock: OSC2_ADC_SAR_IntClock | Frequency:  30.4 MHz | Target:   1.6 MHz
Clock: OSC2_ADC_SAR_IntClock(routed) | Frequency: N/A       | Target:   1.6 MHz
Clock: \ADC_DelSig_1:DSM\/dec_clock | Frequency: N/A       | Target:   0.1 MHz

======================================================================
                     End of Clock Summary
######################################################################

Phase 8
D2088: Phase 8, elapsed time : 0.0 (sec)

D2054: Placement of the design completed successfully

I2076: Total run-time: 8.2 sec.

